[2023-08-26T17:26:46.413-0300] {processor.py:157} INFO - Started process (PID=24135) to work on /Users/luishmq/.pyenv/versions/3.8.13/envs/air_flow/lib/python3.8/site-packages/airflow/example_dags/example_params_ui_tutorial.py
[2023-08-26T17:26:46.413-0300] {processor.py:829} INFO - Processing file /Users/luishmq/.pyenv/versions/3.8.13/envs/air_flow/lib/python3.8/site-packages/airflow/example_dags/example_params_ui_tutorial.py for tasks to queue
[2023-08-26T17:26:46.413-0300] {logging_mixin.py:151} INFO - [2023-08-26T17:26:46.413-0300] {dagbag.py:539} INFO - Filling up the DagBag from /Users/luishmq/.pyenv/versions/3.8.13/envs/air_flow/lib/python3.8/site-packages/airflow/example_dags/example_params_ui_tutorial.py
[2023-08-26T17:26:46.458-0300] {processor.py:839} INFO - DAG(s) dict_keys(['example_params_ui_tutorial']) retrieved from /Users/luishmq/.pyenv/versions/3.8.13/envs/air_flow/lib/python3.8/site-packages/airflow/example_dags/example_params_ui_tutorial.py
[2023-08-26T17:26:46.723-0300] {logging_mixin.py:151} INFO - [2023-08-26T17:26:46.723-0300] {manager.py:501} INFO - Created Permission View: can edit on DAG:example_params_ui_tutorial
[2023-08-26T17:26:46.726-0300] {logging_mixin.py:151} INFO - [2023-08-26T17:26:46.726-0300] {manager.py:501} INFO - Created Permission View: can read on DAG:example_params_ui_tutorial
[2023-08-26T17:26:46.728-0300] {logging_mixin.py:151} INFO - [2023-08-26T17:26:46.728-0300] {manager.py:501} INFO - Created Permission View: can delete on DAG:example_params_ui_tutorial
[2023-08-26T17:26:46.733-0300] {logging_mixin.py:151} INFO - [2023-08-26T17:26:46.733-0300] {dag.py:2907} INFO - Sync 1 DAGs
[2023-08-26T17:26:46.736-0300] {logging_mixin.py:151} INFO - [2023-08-26T17:26:46.736-0300] {dag.py:2929} INFO - Creating ORM DAG for example_params_ui_tutorial
[2023-08-26T17:26:46.736-0300] {logging_mixin.py:151} INFO - [2023-08-26T17:26:46.736-0300] {dag.py:3677} INFO - Setting next_dagrun for example_params_ui_tutorial to None, run_after=None
[2023-08-26T17:26:46.742-0300] {processor.py:179} INFO - Processing /Users/luishmq/.pyenv/versions/3.8.13/envs/air_flow/lib/python3.8/site-packages/airflow/example_dags/example_params_ui_tutorial.py took 0.330 seconds
[2023-08-26T17:28:03.070-0300] {processor.py:157} INFO - Started process (PID=24312) to work on /Users/luishmq/.pyenv/versions/3.8.13/envs/air_flow/lib/python3.8/site-packages/airflow/example_dags/example_params_ui_tutorial.py
[2023-08-26T17:28:03.070-0300] {processor.py:829} INFO - Processing file /Users/luishmq/.pyenv/versions/3.8.13/envs/air_flow/lib/python3.8/site-packages/airflow/example_dags/example_params_ui_tutorial.py for tasks to queue
[2023-08-26T17:28:03.071-0300] {logging_mixin.py:151} INFO - [2023-08-26T17:28:03.071-0300] {dagbag.py:539} INFO - Filling up the DagBag from /Users/luishmq/.pyenv/versions/3.8.13/envs/air_flow/lib/python3.8/site-packages/airflow/example_dags/example_params_ui_tutorial.py
[2023-08-26T17:28:03.121-0300] {processor.py:839} INFO - DAG(s) dict_keys(['example_params_ui_tutorial']) retrieved from /Users/luishmq/.pyenv/versions/3.8.13/envs/air_flow/lib/python3.8/site-packages/airflow/example_dags/example_params_ui_tutorial.py
[2023-08-26T17:28:03.186-0300] {logging_mixin.py:151} INFO - [2023-08-26T17:28:03.186-0300] {dag.py:2907} INFO - Sync 1 DAGs
[2023-08-26T17:28:03.189-0300] {logging_mixin.py:151} INFO - [2023-08-26T17:28:03.189-0300] {dag.py:3677} INFO - Setting next_dagrun for example_params_ui_tutorial to None, run_after=None
[2023-08-26T17:28:03.196-0300] {processor.py:179} INFO - Processing /Users/luishmq/.pyenv/versions/3.8.13/envs/air_flow/lib/python3.8/site-packages/airflow/example_dags/example_params_ui_tutorial.py took 0.127 seconds
[2023-08-26T17:29:34.967-0300] {processor.py:157} INFO - Started process (PID=24518) to work on /Users/luishmq/.pyenv/versions/3.8.13/envs/air_flow/lib/python3.8/site-packages/airflow/example_dags/example_params_ui_tutorial.py
[2023-08-26T17:29:34.968-0300] {processor.py:829} INFO - Processing file /Users/luishmq/.pyenv/versions/3.8.13/envs/air_flow/lib/python3.8/site-packages/airflow/example_dags/example_params_ui_tutorial.py for tasks to queue
[2023-08-26T17:29:34.968-0300] {logging_mixin.py:151} INFO - [2023-08-26T17:29:34.968-0300] {dagbag.py:539} INFO - Filling up the DagBag from /Users/luishmq/.pyenv/versions/3.8.13/envs/air_flow/lib/python3.8/site-packages/airflow/example_dags/example_params_ui_tutorial.py
[2023-08-26T17:29:35.013-0300] {processor.py:839} INFO - DAG(s) dict_keys(['example_params_ui_tutorial']) retrieved from /Users/luishmq/.pyenv/versions/3.8.13/envs/air_flow/lib/python3.8/site-packages/airflow/example_dags/example_params_ui_tutorial.py
[2023-08-26T17:29:35.078-0300] {logging_mixin.py:151} INFO - [2023-08-26T17:29:35.078-0300] {dag.py:2907} INFO - Sync 1 DAGs
[2023-08-26T17:29:35.082-0300] {logging_mixin.py:151} INFO - [2023-08-26T17:29:35.082-0300] {dag.py:3677} INFO - Setting next_dagrun for example_params_ui_tutorial to None, run_after=None
[2023-08-26T17:29:35.089-0300] {processor.py:179} INFO - Processing /Users/luishmq/.pyenv/versions/3.8.13/envs/air_flow/lib/python3.8/site-packages/airflow/example_dags/example_params_ui_tutorial.py took 0.122 seconds
[2023-08-26T17:31:07.967-0300] {processor.py:157} INFO - Started process (PID=24866) to work on /Users/luishmq/.pyenv/versions/3.8.13/envs/air_flow/lib/python3.8/site-packages/airflow/example_dags/example_params_ui_tutorial.py
[2023-08-26T17:31:07.967-0300] {processor.py:829} INFO - Processing file /Users/luishmq/.pyenv/versions/3.8.13/envs/air_flow/lib/python3.8/site-packages/airflow/example_dags/example_params_ui_tutorial.py for tasks to queue
[2023-08-26T17:31:07.967-0300] {logging_mixin.py:151} INFO - [2023-08-26T17:31:07.967-0300] {dagbag.py:539} INFO - Filling up the DagBag from /Users/luishmq/.pyenv/versions/3.8.13/envs/air_flow/lib/python3.8/site-packages/airflow/example_dags/example_params_ui_tutorial.py
[2023-08-26T17:31:08.015-0300] {processor.py:839} INFO - DAG(s) dict_keys(['example_params_ui_tutorial']) retrieved from /Users/luishmq/.pyenv/versions/3.8.13/envs/air_flow/lib/python3.8/site-packages/airflow/example_dags/example_params_ui_tutorial.py
[2023-08-26T17:31:08.082-0300] {logging_mixin.py:151} INFO - [2023-08-26T17:31:08.082-0300] {dag.py:2907} INFO - Sync 1 DAGs
[2023-08-26T17:31:08.085-0300] {logging_mixin.py:151} INFO - [2023-08-26T17:31:08.085-0300] {dag.py:3677} INFO - Setting next_dagrun for example_params_ui_tutorial to None, run_after=None
[2023-08-26T17:31:08.092-0300] {processor.py:179} INFO - Processing /Users/luishmq/.pyenv/versions/3.8.13/envs/air_flow/lib/python3.8/site-packages/airflow/example_dags/example_params_ui_tutorial.py took 0.126 seconds
[2023-08-26T17:36:20.750-0300] {processor.py:157} INFO - Started process (PID=25536) to work on /Users/luishmq/.pyenv/versions/3.8.13/envs/air_flow/lib/python3.8/site-packages/airflow/example_dags/example_params_ui_tutorial.py
[2023-08-26T17:36:20.750-0300] {processor.py:829} INFO - Processing file /Users/luishmq/.pyenv/versions/3.8.13/envs/air_flow/lib/python3.8/site-packages/airflow/example_dags/example_params_ui_tutorial.py for tasks to queue
[2023-08-26T17:36:20.750-0300] {logging_mixin.py:151} INFO - [2023-08-26T17:36:20.750-0300] {dagbag.py:539} INFO - Filling up the DagBag from /Users/luishmq/.pyenv/versions/3.8.13/envs/air_flow/lib/python3.8/site-packages/airflow/example_dags/example_params_ui_tutorial.py
[2023-08-26T17:36:20.794-0300] {processor.py:839} INFO - DAG(s) dict_keys(['example_params_ui_tutorial']) retrieved from /Users/luishmq/.pyenv/versions/3.8.13/envs/air_flow/lib/python3.8/site-packages/airflow/example_dags/example_params_ui_tutorial.py
[2023-08-26T17:36:20.858-0300] {logging_mixin.py:151} INFO - [2023-08-26T17:36:20.858-0300] {dag.py:2907} INFO - Sync 1 DAGs
[2023-08-26T17:36:20.861-0300] {logging_mixin.py:151} INFO - [2023-08-26T17:36:20.861-0300] {dag.py:3677} INFO - Setting next_dagrun for example_params_ui_tutorial to None, run_after=None
[2023-08-26T17:36:20.868-0300] {processor.py:179} INFO - Processing /Users/luishmq/.pyenv/versions/3.8.13/envs/air_flow/lib/python3.8/site-packages/airflow/example_dags/example_params_ui_tutorial.py took 0.119 seconds
[2023-08-26T17:45:27.077-0300] {processor.py:157} INFO - Started process (PID=26449) to work on /Users/luishmq/.pyenv/versions/3.8.13/envs/air_flow/lib/python3.8/site-packages/airflow/example_dags/example_params_ui_tutorial.py
[2023-08-26T17:45:27.078-0300] {processor.py:829} INFO - Processing file /Users/luishmq/.pyenv/versions/3.8.13/envs/air_flow/lib/python3.8/site-packages/airflow/example_dags/example_params_ui_tutorial.py for tasks to queue
[2023-08-26T17:45:27.078-0300] {logging_mixin.py:151} INFO - [2023-08-26T17:45:27.078-0300] {dagbag.py:539} INFO - Filling up the DagBag from /Users/luishmq/.pyenv/versions/3.8.13/envs/air_flow/lib/python3.8/site-packages/airflow/example_dags/example_params_ui_tutorial.py
[2023-08-26T17:45:27.124-0300] {processor.py:839} INFO - DAG(s) dict_keys(['example_params_ui_tutorial']) retrieved from /Users/luishmq/.pyenv/versions/3.8.13/envs/air_flow/lib/python3.8/site-packages/airflow/example_dags/example_params_ui_tutorial.py
[2023-08-26T17:45:27.188-0300] {logging_mixin.py:151} INFO - [2023-08-26T17:45:27.188-0300] {dag.py:2907} INFO - Sync 1 DAGs
[2023-08-26T17:45:27.191-0300] {logging_mixin.py:151} INFO - [2023-08-26T17:45:27.191-0300] {dag.py:3677} INFO - Setting next_dagrun for example_params_ui_tutorial to None, run_after=None
[2023-08-26T17:45:27.198-0300] {processor.py:179} INFO - Processing /Users/luishmq/.pyenv/versions/3.8.13/envs/air_flow/lib/python3.8/site-packages/airflow/example_dags/example_params_ui_tutorial.py took 0.121 seconds
