[2023-08-26T17:27:10.374-0300] {processor.py:157} INFO - Started process (PID=24187) to work on /Users/luishmq/.pyenv/versions/3.8.13/envs/air_flow/lib/python3.8/site-packages/airflow/example_dags/example_branch_python_dop_operator_3.py
[2023-08-26T17:27:10.374-0300] {processor.py:829} INFO - Processing file /Users/luishmq/.pyenv/versions/3.8.13/envs/air_flow/lib/python3.8/site-packages/airflow/example_dags/example_branch_python_dop_operator_3.py for tasks to queue
[2023-08-26T17:27:10.375-0300] {logging_mixin.py:151} INFO - [2023-08-26T17:27:10.374-0300] {dagbag.py:539} INFO - Filling up the DagBag from /Users/luishmq/.pyenv/versions/3.8.13/envs/air_flow/lib/python3.8/site-packages/airflow/example_dags/example_branch_python_dop_operator_3.py
[2023-08-26T17:27:10.395-0300] {processor.py:839} INFO - DAG(s) dict_keys(['example_branch_dop_operator_v3']) retrieved from /Users/luishmq/.pyenv/versions/3.8.13/envs/air_flow/lib/python3.8/site-packages/airflow/example_dags/example_branch_python_dop_operator_3.py
[2023-08-26T17:27:10.661-0300] {logging_mixin.py:151} INFO - [2023-08-26T17:27:10.661-0300] {manager.py:501} INFO - Created Permission View: can delete on DAG:example_branch_dop_operator_v3
[2023-08-26T17:27:10.664-0300] {logging_mixin.py:151} INFO - [2023-08-26T17:27:10.664-0300] {manager.py:501} INFO - Created Permission View: can read on DAG:example_branch_dop_operator_v3
[2023-08-26T17:27:10.666-0300] {logging_mixin.py:151} INFO - [2023-08-26T17:27:10.666-0300] {manager.py:501} INFO - Created Permission View: can edit on DAG:example_branch_dop_operator_v3
[2023-08-26T17:27:10.670-0300] {logging_mixin.py:151} INFO - [2023-08-26T17:27:10.670-0300] {dag.py:2907} INFO - Sync 1 DAGs
[2023-08-26T17:27:10.674-0300] {logging_mixin.py:151} INFO - [2023-08-26T17:27:10.674-0300] {dag.py:2929} INFO - Creating ORM DAG for example_branch_dop_operator_v3
[2023-08-26T17:27:10.679-0300] {logging_mixin.py:151} INFO - [2023-08-26T17:27:10.679-0300] {dag.py:3677} INFO - Setting next_dagrun for example_branch_dop_operator_v3 to 2023-08-26T20:26:00+00:00, run_after=2023-08-26T20:27:00+00:00
[2023-08-26T17:27:10.686-0300] {processor.py:179} INFO - Processing /Users/luishmq/.pyenv/versions/3.8.13/envs/air_flow/lib/python3.8/site-packages/airflow/example_dags/example_branch_python_dop_operator_3.py took 0.312 seconds
[2023-08-26T17:28:42.493-0300] {processor.py:157} INFO - Started process (PID=24399) to work on /Users/luishmq/.pyenv/versions/3.8.13/envs/air_flow/lib/python3.8/site-packages/airflow/example_dags/example_branch_python_dop_operator_3.py
[2023-08-26T17:28:42.494-0300] {processor.py:829} INFO - Processing file /Users/luishmq/.pyenv/versions/3.8.13/envs/air_flow/lib/python3.8/site-packages/airflow/example_dags/example_branch_python_dop_operator_3.py for tasks to queue
[2023-08-26T17:28:42.494-0300] {logging_mixin.py:151} INFO - [2023-08-26T17:28:42.494-0300] {dagbag.py:539} INFO - Filling up the DagBag from /Users/luishmq/.pyenv/versions/3.8.13/envs/air_flow/lib/python3.8/site-packages/airflow/example_dags/example_branch_python_dop_operator_3.py
[2023-08-26T17:28:42.520-0300] {processor.py:839} INFO - DAG(s) dict_keys(['example_branch_dop_operator_v3']) retrieved from /Users/luishmq/.pyenv/versions/3.8.13/envs/air_flow/lib/python3.8/site-packages/airflow/example_dags/example_branch_python_dop_operator_3.py
[2023-08-26T17:28:42.596-0300] {logging_mixin.py:151} INFO - [2023-08-26T17:28:42.596-0300] {dag.py:2907} INFO - Sync 1 DAGs
[2023-08-26T17:28:42.606-0300] {logging_mixin.py:151} INFO - [2023-08-26T17:28:42.606-0300] {dag.py:3677} INFO - Setting next_dagrun for example_branch_dop_operator_v3 to 2023-08-26T20:27:00+00:00, run_after=2023-08-26T20:28:00+00:00
[2023-08-26T17:28:42.614-0300] {processor.py:179} INFO - Processing /Users/luishmq/.pyenv/versions/3.8.13/envs/air_flow/lib/python3.8/site-packages/airflow/example_dags/example_branch_python_dop_operator_3.py took 0.122 seconds
[2023-08-26T17:30:12.736-0300] {processor.py:157} INFO - Started process (PID=24603) to work on /Users/luishmq/.pyenv/versions/3.8.13/envs/air_flow/lib/python3.8/site-packages/airflow/example_dags/example_branch_python_dop_operator_3.py
[2023-08-26T17:30:12.737-0300] {processor.py:829} INFO - Processing file /Users/luishmq/.pyenv/versions/3.8.13/envs/air_flow/lib/python3.8/site-packages/airflow/example_dags/example_branch_python_dop_operator_3.py for tasks to queue
[2023-08-26T17:30:12.737-0300] {logging_mixin.py:151} INFO - [2023-08-26T17:30:12.737-0300] {dagbag.py:539} INFO - Filling up the DagBag from /Users/luishmq/.pyenv/versions/3.8.13/envs/air_flow/lib/python3.8/site-packages/airflow/example_dags/example_branch_python_dop_operator_3.py
[2023-08-26T17:30:12.758-0300] {processor.py:839} INFO - DAG(s) dict_keys(['example_branch_dop_operator_v3']) retrieved from /Users/luishmq/.pyenv/versions/3.8.13/envs/air_flow/lib/python3.8/site-packages/airflow/example_dags/example_branch_python_dop_operator_3.py
[2023-08-26T17:30:12.826-0300] {logging_mixin.py:151} INFO - [2023-08-26T17:30:12.826-0300] {dag.py:2907} INFO - Sync 1 DAGs
[2023-08-26T17:30:12.835-0300] {logging_mixin.py:151} INFO - [2023-08-26T17:30:12.835-0300] {dag.py:3677} INFO - Setting next_dagrun for example_branch_dop_operator_v3 to 2023-08-26T20:29:00+00:00, run_after=2023-08-26T20:30:00+00:00
[2023-08-26T17:30:12.842-0300] {processor.py:179} INFO - Processing /Users/luishmq/.pyenv/versions/3.8.13/envs/air_flow/lib/python3.8/site-packages/airflow/example_dags/example_branch_python_dop_operator_3.py took 0.106 seconds
[2023-08-26T17:32:05.270-0300] {processor.py:157} INFO - Started process (PID=25116) to work on /Users/luishmq/.pyenv/versions/3.8.13/envs/air_flow/lib/python3.8/site-packages/airflow/example_dags/example_branch_python_dop_operator_3.py
[2023-08-26T17:32:05.271-0300] {processor.py:829} INFO - Processing file /Users/luishmq/.pyenv/versions/3.8.13/envs/air_flow/lib/python3.8/site-packages/airflow/example_dags/example_branch_python_dop_operator_3.py for tasks to queue
[2023-08-26T17:32:05.271-0300] {logging_mixin.py:151} INFO - [2023-08-26T17:32:05.271-0300] {dagbag.py:539} INFO - Filling up the DagBag from /Users/luishmq/.pyenv/versions/3.8.13/envs/air_flow/lib/python3.8/site-packages/airflow/example_dags/example_branch_python_dop_operator_3.py
[2023-08-26T17:32:05.292-0300] {processor.py:839} INFO - DAG(s) dict_keys(['example_branch_dop_operator_v3']) retrieved from /Users/luishmq/.pyenv/versions/3.8.13/envs/air_flow/lib/python3.8/site-packages/airflow/example_dags/example_branch_python_dop_operator_3.py
[2023-08-26T17:32:05.360-0300] {logging_mixin.py:151} INFO - [2023-08-26T17:32:05.360-0300] {dag.py:2907} INFO - Sync 1 DAGs
[2023-08-26T17:32:05.369-0300] {logging_mixin.py:151} INFO - [2023-08-26T17:32:05.369-0300] {dag.py:3677} INFO - Setting next_dagrun for example_branch_dop_operator_v3 to 2023-08-26T20:31:00+00:00, run_after=2023-08-26T20:32:00+00:00
[2023-08-26T17:32:05.376-0300] {processor.py:179} INFO - Processing /Users/luishmq/.pyenv/versions/3.8.13/envs/air_flow/lib/python3.8/site-packages/airflow/example_dags/example_branch_python_dop_operator_3.py took 0.107 seconds
[2023-08-26T17:47:00.868-0300] {processor.py:157} INFO - Started process (PID=26605) to work on /Users/luishmq/.pyenv/versions/3.8.13/envs/air_flow/lib/python3.8/site-packages/airflow/example_dags/example_branch_python_dop_operator_3.py
[2023-08-26T17:47:00.869-0300] {processor.py:829} INFO - Processing file /Users/luishmq/.pyenv/versions/3.8.13/envs/air_flow/lib/python3.8/site-packages/airflow/example_dags/example_branch_python_dop_operator_3.py for tasks to queue
[2023-08-26T17:47:00.869-0300] {logging_mixin.py:151} INFO - [2023-08-26T17:47:00.869-0300] {dagbag.py:539} INFO - Filling up the DagBag from /Users/luishmq/.pyenv/versions/3.8.13/envs/air_flow/lib/python3.8/site-packages/airflow/example_dags/example_branch_python_dop_operator_3.py
[2023-08-26T17:47:00.891-0300] {processor.py:839} INFO - DAG(s) dict_keys(['example_branch_dop_operator_v3']) retrieved from /Users/luishmq/.pyenv/versions/3.8.13/envs/air_flow/lib/python3.8/site-packages/airflow/example_dags/example_branch_python_dop_operator_3.py
[2023-08-26T17:47:00.960-0300] {logging_mixin.py:151} INFO - [2023-08-26T17:47:00.960-0300] {dag.py:2907} INFO - Sync 1 DAGs
[2023-08-26T17:47:00.969-0300] {logging_mixin.py:151} INFO - [2023-08-26T17:47:00.969-0300] {dag.py:3677} INFO - Setting next_dagrun for example_branch_dop_operator_v3 to 2023-08-26T20:46:00+00:00, run_after=2023-08-26T20:47:00+00:00
[2023-08-26T17:47:00.976-0300] {processor.py:179} INFO - Processing /Users/luishmq/.pyenv/versions/3.8.13/envs/air_flow/lib/python3.8/site-packages/airflow/example_dags/example_branch_python_dop_operator_3.py took 0.108 seconds
