[2023-08-26T17:26:53.420-0300] {processor.py:157} INFO - Started process (PID=24153) to work on /Users/luishmq/.pyenv/versions/3.8.13/envs/air_flow/lib/python3.8/site-packages/airflow/example_dags/example_latest_only_with_trigger.py
[2023-08-26T17:26:53.421-0300] {processor.py:829} INFO - Processing file /Users/luishmq/.pyenv/versions/3.8.13/envs/air_flow/lib/python3.8/site-packages/airflow/example_dags/example_latest_only_with_trigger.py for tasks to queue
[2023-08-26T17:26:53.421-0300] {logging_mixin.py:151} INFO - [2023-08-26T17:26:53.421-0300] {dagbag.py:539} INFO - Filling up the DagBag from /Users/luishmq/.pyenv/versions/3.8.13/envs/air_flow/lib/python3.8/site-packages/airflow/example_dags/example_latest_only_with_trigger.py
[2023-08-26T17:26:53.430-0300] {processor.py:839} INFO - DAG(s) dict_keys(['latest_only_with_trigger']) retrieved from /Users/luishmq/.pyenv/versions/3.8.13/envs/air_flow/lib/python3.8/site-packages/airflow/example_dags/example_latest_only_with_trigger.py
[2023-08-26T17:26:53.715-0300] {logging_mixin.py:151} INFO - [2023-08-26T17:26:53.715-0300] {manager.py:501} INFO - Created Permission View: can read on DAG:latest_only_with_trigger
[2023-08-26T17:26:53.719-0300] {logging_mixin.py:151} INFO - [2023-08-26T17:26:53.718-0300] {manager.py:501} INFO - Created Permission View: can edit on DAG:latest_only_with_trigger
[2023-08-26T17:26:53.721-0300] {logging_mixin.py:151} INFO - [2023-08-26T17:26:53.721-0300] {manager.py:501} INFO - Created Permission View: can delete on DAG:latest_only_with_trigger
[2023-08-26T17:26:53.725-0300] {logging_mixin.py:151} INFO - [2023-08-26T17:26:53.725-0300] {dag.py:2907} INFO - Sync 1 DAGs
[2023-08-26T17:26:53.728-0300] {logging_mixin.py:151} INFO - [2023-08-26T17:26:53.728-0300] {dag.py:2929} INFO - Creating ORM DAG for latest_only_with_trigger
[2023-08-26T17:26:53.731-0300] {logging_mixin.py:151} INFO - [2023-08-26T17:26:53.731-0300] {dag.py:3677} INFO - Setting next_dagrun for latest_only_with_trigger to 2023-08-26T16:26:53.731354+00:00, run_after=2023-08-26T20:26:53.731354+00:00
[2023-08-26T17:26:53.737-0300] {processor.py:179} INFO - Processing /Users/luishmq/.pyenv/versions/3.8.13/envs/air_flow/lib/python3.8/site-packages/airflow/example_dags/example_latest_only_with_trigger.py took 0.318 seconds
[2023-08-26T17:28:26.606-0300] {processor.py:157} INFO - Started process (PID=24366) to work on /Users/luishmq/.pyenv/versions/3.8.13/envs/air_flow/lib/python3.8/site-packages/airflow/example_dags/example_latest_only_with_trigger.py
[2023-08-26T17:28:26.607-0300] {processor.py:829} INFO - Processing file /Users/luishmq/.pyenv/versions/3.8.13/envs/air_flow/lib/python3.8/site-packages/airflow/example_dags/example_latest_only_with_trigger.py for tasks to queue
[2023-08-26T17:28:26.607-0300] {logging_mixin.py:151} INFO - [2023-08-26T17:28:26.607-0300] {dagbag.py:539} INFO - Filling up the DagBag from /Users/luishmq/.pyenv/versions/3.8.13/envs/air_flow/lib/python3.8/site-packages/airflow/example_dags/example_latest_only_with_trigger.py
[2023-08-26T17:28:26.615-0300] {processor.py:839} INFO - DAG(s) dict_keys(['latest_only_with_trigger']) retrieved from /Users/luishmq/.pyenv/versions/3.8.13/envs/air_flow/lib/python3.8/site-packages/airflow/example_dags/example_latest_only_with_trigger.py
[2023-08-26T17:28:26.684-0300] {logging_mixin.py:151} INFO - [2023-08-26T17:28:26.684-0300] {dag.py:2907} INFO - Sync 1 DAGs
[2023-08-26T17:28:26.690-0300] {logging_mixin.py:151} INFO - [2023-08-26T17:28:26.690-0300] {dag.py:3677} INFO - Setting next_dagrun for latest_only_with_trigger to 2023-08-26T16:28:26.690771+00:00, run_after=2023-08-26T20:28:26.690771+00:00
[2023-08-26T17:28:26.697-0300] {processor.py:179} INFO - Processing /Users/luishmq/.pyenv/versions/3.8.13/envs/air_flow/lib/python3.8/site-packages/airflow/example_dags/example_latest_only_with_trigger.py took 0.091 seconds
[2023-08-26T17:29:58.086-0300] {processor.py:157} INFO - Started process (PID=24570) to work on /Users/luishmq/.pyenv/versions/3.8.13/envs/air_flow/lib/python3.8/site-packages/airflow/example_dags/example_latest_only_with_trigger.py
[2023-08-26T17:29:58.087-0300] {processor.py:829} INFO - Processing file /Users/luishmq/.pyenv/versions/3.8.13/envs/air_flow/lib/python3.8/site-packages/airflow/example_dags/example_latest_only_with_trigger.py for tasks to queue
[2023-08-26T17:29:58.087-0300] {logging_mixin.py:151} INFO - [2023-08-26T17:29:58.087-0300] {dagbag.py:539} INFO - Filling up the DagBag from /Users/luishmq/.pyenv/versions/3.8.13/envs/air_flow/lib/python3.8/site-packages/airflow/example_dags/example_latest_only_with_trigger.py
[2023-08-26T17:29:58.095-0300] {processor.py:839} INFO - DAG(s) dict_keys(['latest_only_with_trigger']) retrieved from /Users/luishmq/.pyenv/versions/3.8.13/envs/air_flow/lib/python3.8/site-packages/airflow/example_dags/example_latest_only_with_trigger.py
[2023-08-26T17:29:58.164-0300] {logging_mixin.py:151} INFO - [2023-08-26T17:29:58.164-0300] {dag.py:2907} INFO - Sync 1 DAGs
[2023-08-26T17:29:58.170-0300] {logging_mixin.py:151} INFO - [2023-08-26T17:29:58.170-0300] {dag.py:3677} INFO - Setting next_dagrun for latest_only_with_trigger to 2023-08-26T16:29:58.170394+00:00, run_after=2023-08-26T20:29:58.170394+00:00
[2023-08-26T17:29:58.177-0300] {processor.py:179} INFO - Processing /Users/luishmq/.pyenv/versions/3.8.13/envs/air_flow/lib/python3.8/site-packages/airflow/example_dags/example_latest_only_with_trigger.py took 0.091 seconds
[2023-08-26T17:31:51.003-0300] {processor.py:157} INFO - Started process (PID=25084) to work on /Users/luishmq/.pyenv/versions/3.8.13/envs/air_flow/lib/python3.8/site-packages/airflow/example_dags/example_latest_only_with_trigger.py
[2023-08-26T17:31:51.004-0300] {processor.py:829} INFO - Processing file /Users/luishmq/.pyenv/versions/3.8.13/envs/air_flow/lib/python3.8/site-packages/airflow/example_dags/example_latest_only_with_trigger.py for tasks to queue
[2023-08-26T17:31:51.005-0300] {logging_mixin.py:151} INFO - [2023-08-26T17:31:51.005-0300] {dagbag.py:539} INFO - Filling up the DagBag from /Users/luishmq/.pyenv/versions/3.8.13/envs/air_flow/lib/python3.8/site-packages/airflow/example_dags/example_latest_only_with_trigger.py
[2023-08-26T17:31:51.013-0300] {processor.py:839} INFO - DAG(s) dict_keys(['latest_only_with_trigger']) retrieved from /Users/luishmq/.pyenv/versions/3.8.13/envs/air_flow/lib/python3.8/site-packages/airflow/example_dags/example_latest_only_with_trigger.py
[2023-08-26T17:31:51.082-0300] {logging_mixin.py:151} INFO - [2023-08-26T17:31:51.081-0300] {dag.py:2907} INFO - Sync 1 DAGs
[2023-08-26T17:31:51.088-0300] {logging_mixin.py:151} INFO - [2023-08-26T17:31:51.088-0300] {dag.py:3677} INFO - Setting next_dagrun for latest_only_with_trigger to 2023-08-26T16:31:51.088186+00:00, run_after=2023-08-26T20:31:51.088186+00:00
[2023-08-26T17:31:51.095-0300] {processor.py:179} INFO - Processing /Users/luishmq/.pyenv/versions/3.8.13/envs/air_flow/lib/python3.8/site-packages/airflow/example_dags/example_latest_only_with_trigger.py took 0.092 seconds
[2023-08-26T17:45:33.890-0300] {processor.py:157} INFO - Started process (PID=26463) to work on /Users/luishmq/.pyenv/versions/3.8.13/envs/air_flow/lib/python3.8/site-packages/airflow/example_dags/example_latest_only_with_trigger.py
[2023-08-26T17:45:33.891-0300] {processor.py:829} INFO - Processing file /Users/luishmq/.pyenv/versions/3.8.13/envs/air_flow/lib/python3.8/site-packages/airflow/example_dags/example_latest_only_with_trigger.py for tasks to queue
[2023-08-26T17:45:33.892-0300] {logging_mixin.py:151} INFO - [2023-08-26T17:45:33.892-0300] {dagbag.py:539} INFO - Filling up the DagBag from /Users/luishmq/.pyenv/versions/3.8.13/envs/air_flow/lib/python3.8/site-packages/airflow/example_dags/example_latest_only_with_trigger.py
[2023-08-26T17:45:33.900-0300] {processor.py:839} INFO - DAG(s) dict_keys(['latest_only_with_trigger']) retrieved from /Users/luishmq/.pyenv/versions/3.8.13/envs/air_flow/lib/python3.8/site-packages/airflow/example_dags/example_latest_only_with_trigger.py
[2023-08-26T17:45:33.977-0300] {logging_mixin.py:151} INFO - [2023-08-26T17:45:33.976-0300] {dag.py:2907} INFO - Sync 1 DAGs
[2023-08-26T17:45:33.984-0300] {logging_mixin.py:151} INFO - [2023-08-26T17:45:33.984-0300] {dag.py:3677} INFO - Setting next_dagrun for latest_only_with_trigger to 2023-08-26T16:45:33.984454+00:00, run_after=2023-08-26T20:45:33.984454+00:00
[2023-08-26T17:45:33.992-0300] {processor.py:179} INFO - Processing /Users/luishmq/.pyenv/versions/3.8.13/envs/air_flow/lib/python3.8/site-packages/airflow/example_dags/example_latest_only_with_trigger.py took 0.102 seconds
