[2023-08-26T17:27:17.420-0300] {processor.py:157} INFO - Started process (PID=24205) to work on /Users/luishmq/.pyenv/versions/3.8.13/envs/air_flow/lib/python3.8/site-packages/airflow/example_dags/example_branch_day_of_week_operator.py
[2023-08-26T17:27:17.420-0300] {processor.py:829} INFO - Processing file /Users/luishmq/.pyenv/versions/3.8.13/envs/air_flow/lib/python3.8/site-packages/airflow/example_dags/example_branch_day_of_week_operator.py for tasks to queue
[2023-08-26T17:27:17.420-0300] {logging_mixin.py:151} INFO - [2023-08-26T17:27:17.420-0300] {dagbag.py:539} INFO - Filling up the DagBag from /Users/luishmq/.pyenv/versions/3.8.13/envs/air_flow/lib/python3.8/site-packages/airflow/example_dags/example_branch_day_of_week_operator.py
[2023-08-26T17:27:17.429-0300] {processor.py:839} INFO - DAG(s) dict_keys(['example_weekday_branch_operator']) retrieved from /Users/luishmq/.pyenv/versions/3.8.13/envs/air_flow/lib/python3.8/site-packages/airflow/example_dags/example_branch_day_of_week_operator.py
[2023-08-26T17:27:17.702-0300] {logging_mixin.py:151} INFO - [2023-08-26T17:27:17.702-0300] {manager.py:501} INFO - Created Permission View: can edit on DAG:example_weekday_branch_operator
[2023-08-26T17:27:17.705-0300] {logging_mixin.py:151} INFO - [2023-08-26T17:27:17.705-0300] {manager.py:501} INFO - Created Permission View: can read on DAG:example_weekday_branch_operator
[2023-08-26T17:27:17.707-0300] {logging_mixin.py:151} INFO - [2023-08-26T17:27:17.707-0300] {manager.py:501} INFO - Created Permission View: can delete on DAG:example_weekday_branch_operator
[2023-08-26T17:27:17.711-0300] {logging_mixin.py:151} INFO - [2023-08-26T17:27:17.711-0300] {dag.py:2907} INFO - Sync 1 DAGs
[2023-08-26T17:27:17.714-0300] {logging_mixin.py:151} INFO - [2023-08-26T17:27:17.714-0300] {dag.py:2929} INFO - Creating ORM DAG for example_weekday_branch_operator
[2023-08-26T17:27:17.718-0300] {logging_mixin.py:151} INFO - [2023-08-26T17:27:17.718-0300] {dag.py:3677} INFO - Setting next_dagrun for example_weekday_branch_operator to 2023-08-25T00:00:00+00:00, run_after=2023-08-26T00:00:00+00:00
[2023-08-26T17:27:17.724-0300] {processor.py:179} INFO - Processing /Users/luishmq/.pyenv/versions/3.8.13/envs/air_flow/lib/python3.8/site-packages/airflow/example_dags/example_branch_day_of_week_operator.py took 0.305 seconds
[2023-08-26T17:28:49.420-0300] {processor.py:157} INFO - Started process (PID=24413) to work on /Users/luishmq/.pyenv/versions/3.8.13/envs/air_flow/lib/python3.8/site-packages/airflow/example_dags/example_branch_day_of_week_operator.py
[2023-08-26T17:28:49.421-0300] {processor.py:829} INFO - Processing file /Users/luishmq/.pyenv/versions/3.8.13/envs/air_flow/lib/python3.8/site-packages/airflow/example_dags/example_branch_day_of_week_operator.py for tasks to queue
[2023-08-26T17:28:49.422-0300] {logging_mixin.py:151} INFO - [2023-08-26T17:28:49.422-0300] {dagbag.py:539} INFO - Filling up the DagBag from /Users/luishmq/.pyenv/versions/3.8.13/envs/air_flow/lib/python3.8/site-packages/airflow/example_dags/example_branch_day_of_week_operator.py
[2023-08-26T17:28:49.431-0300] {processor.py:839} INFO - DAG(s) dict_keys(['example_weekday_branch_operator']) retrieved from /Users/luishmq/.pyenv/versions/3.8.13/envs/air_flow/lib/python3.8/site-packages/airflow/example_dags/example_branch_day_of_week_operator.py
[2023-08-26T17:28:49.500-0300] {logging_mixin.py:151} INFO - [2023-08-26T17:28:49.500-0300] {dag.py:2907} INFO - Sync 1 DAGs
[2023-08-26T17:28:49.507-0300] {logging_mixin.py:151} INFO - [2023-08-26T17:28:49.507-0300] {dag.py:3677} INFO - Setting next_dagrun for example_weekday_branch_operator to 2023-08-25T00:00:00+00:00, run_after=2023-08-26T00:00:00+00:00
[2023-08-26T17:28:49.513-0300] {processor.py:179} INFO - Processing /Users/luishmq/.pyenv/versions/3.8.13/envs/air_flow/lib/python3.8/site-packages/airflow/example_dags/example_branch_day_of_week_operator.py took 0.093 seconds
[2023-08-26T17:30:19.617-0300] {processor.py:157} INFO - Started process (PID=24618) to work on /Users/luishmq/.pyenv/versions/3.8.13/envs/air_flow/lib/python3.8/site-packages/airflow/example_dags/example_branch_day_of_week_operator.py
[2023-08-26T17:30:19.618-0300] {processor.py:829} INFO - Processing file /Users/luishmq/.pyenv/versions/3.8.13/envs/air_flow/lib/python3.8/site-packages/airflow/example_dags/example_branch_day_of_week_operator.py for tasks to queue
[2023-08-26T17:30:19.618-0300] {logging_mixin.py:151} INFO - [2023-08-26T17:30:19.618-0300] {dagbag.py:539} INFO - Filling up the DagBag from /Users/luishmq/.pyenv/versions/3.8.13/envs/air_flow/lib/python3.8/site-packages/airflow/example_dags/example_branch_day_of_week_operator.py
[2023-08-26T17:30:19.627-0300] {processor.py:839} INFO - DAG(s) dict_keys(['example_weekday_branch_operator']) retrieved from /Users/luishmq/.pyenv/versions/3.8.13/envs/air_flow/lib/python3.8/site-packages/airflow/example_dags/example_branch_day_of_week_operator.py
[2023-08-26T17:30:19.696-0300] {logging_mixin.py:151} INFO - [2023-08-26T17:30:19.695-0300] {dag.py:2907} INFO - Sync 1 DAGs
[2023-08-26T17:30:19.702-0300] {logging_mixin.py:151} INFO - [2023-08-26T17:30:19.702-0300] {dag.py:3677} INFO - Setting next_dagrun for example_weekday_branch_operator to 2023-08-25T00:00:00+00:00, run_after=2023-08-26T00:00:00+00:00
[2023-08-26T17:30:19.709-0300] {processor.py:179} INFO - Processing /Users/luishmq/.pyenv/versions/3.8.13/envs/air_flow/lib/python3.8/site-packages/airflow/example_dags/example_branch_day_of_week_operator.py took 0.092 seconds
[2023-08-26T17:32:10.960-0300] {processor.py:157} INFO - Started process (PID=25131) to work on /Users/luishmq/.pyenv/versions/3.8.13/envs/air_flow/lib/python3.8/site-packages/airflow/example_dags/example_branch_day_of_week_operator.py
[2023-08-26T17:32:10.961-0300] {processor.py:829} INFO - Processing file /Users/luishmq/.pyenv/versions/3.8.13/envs/air_flow/lib/python3.8/site-packages/airflow/example_dags/example_branch_day_of_week_operator.py for tasks to queue
[2023-08-26T17:32:10.962-0300] {logging_mixin.py:151} INFO - [2023-08-26T17:32:10.961-0300] {dagbag.py:539} INFO - Filling up the DagBag from /Users/luishmq/.pyenv/versions/3.8.13/envs/air_flow/lib/python3.8/site-packages/airflow/example_dags/example_branch_day_of_week_operator.py
[2023-08-26T17:32:10.970-0300] {processor.py:839} INFO - DAG(s) dict_keys(['example_weekday_branch_operator']) retrieved from /Users/luishmq/.pyenv/versions/3.8.13/envs/air_flow/lib/python3.8/site-packages/airflow/example_dags/example_branch_day_of_week_operator.py
[2023-08-26T17:32:11.039-0300] {logging_mixin.py:151} INFO - [2023-08-26T17:32:11.038-0300] {dag.py:2907} INFO - Sync 1 DAGs
[2023-08-26T17:32:11.046-0300] {logging_mixin.py:151} INFO - [2023-08-26T17:32:11.046-0300] {dag.py:3677} INFO - Setting next_dagrun for example_weekday_branch_operator to 2023-08-25T00:00:00+00:00, run_after=2023-08-26T00:00:00+00:00
[2023-08-26T17:32:11.053-0300] {processor.py:179} INFO - Processing /Users/luishmq/.pyenv/versions/3.8.13/envs/air_flow/lib/python3.8/site-packages/airflow/example_dags/example_branch_day_of_week_operator.py took 0.093 seconds
[2023-08-26T17:47:19.751-0300] {processor.py:157} INFO - Started process (PID=26772) to work on /Users/luishmq/.pyenv/versions/3.8.13/envs/air_flow/lib/python3.8/site-packages/airflow/example_dags/example_branch_day_of_week_operator.py
[2023-08-26T17:47:19.752-0300] {processor.py:829} INFO - Processing file /Users/luishmq/.pyenv/versions/3.8.13/envs/air_flow/lib/python3.8/site-packages/airflow/example_dags/example_branch_day_of_week_operator.py for tasks to queue
[2023-08-26T17:47:19.752-0300] {logging_mixin.py:151} INFO - [2023-08-26T17:47:19.752-0300] {dagbag.py:539} INFO - Filling up the DagBag from /Users/luishmq/.pyenv/versions/3.8.13/envs/air_flow/lib/python3.8/site-packages/airflow/example_dags/example_branch_day_of_week_operator.py
[2023-08-26T17:47:19.760-0300] {processor.py:839} INFO - DAG(s) dict_keys(['example_weekday_branch_operator']) retrieved from /Users/luishmq/.pyenv/versions/3.8.13/envs/air_flow/lib/python3.8/site-packages/airflow/example_dags/example_branch_day_of_week_operator.py
[2023-08-26T17:47:19.829-0300] {logging_mixin.py:151} INFO - [2023-08-26T17:47:19.829-0300] {dag.py:2907} INFO - Sync 1 DAGs
[2023-08-26T17:47:19.836-0300] {logging_mixin.py:151} INFO - [2023-08-26T17:47:19.835-0300] {dag.py:3677} INFO - Setting next_dagrun for example_weekday_branch_operator to 2023-08-25T00:00:00+00:00, run_after=2023-08-26T00:00:00+00:00
[2023-08-26T17:47:19.842-0300] {processor.py:179} INFO - Processing /Users/luishmq/.pyenv/versions/3.8.13/envs/air_flow/lib/python3.8/site-packages/airflow/example_dags/example_branch_day_of_week_operator.py took 0.092 seconds
