[2023-08-26T17:26:22.621-0300] {processor.py:157} INFO - Started process (PID=24085) to work on /Users/luishmq/.pyenv/versions/3.8.13/envs/air_flow/lib/python3.8/site-packages/airflow/example_dags/example_task_group_decorator.py
[2023-08-26T17:26:22.621-0300] {processor.py:829} INFO - Processing file /Users/luishmq/.pyenv/versions/3.8.13/envs/air_flow/lib/python3.8/site-packages/airflow/example_dags/example_task_group_decorator.py for tasks to queue
[2023-08-26T17:26:22.621-0300] {logging_mixin.py:151} INFO - [2023-08-26T17:26:22.621-0300] {dagbag.py:539} INFO - Filling up the DagBag from /Users/luishmq/.pyenv/versions/3.8.13/envs/air_flow/lib/python3.8/site-packages/airflow/example_dags/example_task_group_decorator.py
[2023-08-26T17:26:22.644-0300] {processor.py:839} INFO - DAG(s) dict_keys(['example_task_group_decorator']) retrieved from /Users/luishmq/.pyenv/versions/3.8.13/envs/air_flow/lib/python3.8/site-packages/airflow/example_dags/example_task_group_decorator.py
[2023-08-26T17:26:22.933-0300] {logging_mixin.py:151} INFO - [2023-08-26T17:26:22.933-0300] {manager.py:501} INFO - Created Permission View: can edit on DAG:example_task_group_decorator
[2023-08-26T17:26:22.937-0300] {logging_mixin.py:151} INFO - [2023-08-26T17:26:22.937-0300] {manager.py:501} INFO - Created Permission View: can read on DAG:example_task_group_decorator
[2023-08-26T17:26:22.939-0300] {logging_mixin.py:151} INFO - [2023-08-26T17:26:22.939-0300] {manager.py:501} INFO - Created Permission View: can delete on DAG:example_task_group_decorator
[2023-08-26T17:26:22.944-0300] {logging_mixin.py:151} INFO - [2023-08-26T17:26:22.944-0300] {dag.py:2907} INFO - Sync 1 DAGs
[2023-08-26T17:26:22.949-0300] {logging_mixin.py:151} INFO - [2023-08-26T17:26:22.949-0300] {dag.py:2929} INFO - Creating ORM DAG for example_task_group_decorator
[2023-08-26T17:26:22.953-0300] {logging_mixin.py:151} INFO - [2023-08-26T17:26:22.953-0300] {dag.py:3677} INFO - Setting next_dagrun for example_task_group_decorator to 2023-08-25T20:26:22.953168+00:00, run_after=2023-08-26T20:26:22.953168+00:00
[2023-08-26T17:26:22.959-0300] {processor.py:179} INFO - Processing /Users/luishmq/.pyenv/versions/3.8.13/envs/air_flow/lib/python3.8/site-packages/airflow/example_dags/example_task_group_decorator.py took 0.339 seconds
[2023-08-26T17:27:43.361-0300] {processor.py:157} INFO - Started process (PID=24267) to work on /Users/luishmq/.pyenv/versions/3.8.13/envs/air_flow/lib/python3.8/site-packages/airflow/example_dags/example_task_group_decorator.py
[2023-08-26T17:27:43.362-0300] {processor.py:829} INFO - Processing file /Users/luishmq/.pyenv/versions/3.8.13/envs/air_flow/lib/python3.8/site-packages/airflow/example_dags/example_task_group_decorator.py for tasks to queue
[2023-08-26T17:27:43.362-0300] {logging_mixin.py:151} INFO - [2023-08-26T17:27:43.362-0300] {dagbag.py:539} INFO - Filling up the DagBag from /Users/luishmq/.pyenv/versions/3.8.13/envs/air_flow/lib/python3.8/site-packages/airflow/example_dags/example_task_group_decorator.py
[2023-08-26T17:27:43.384-0300] {processor.py:839} INFO - DAG(s) dict_keys(['example_task_group_decorator']) retrieved from /Users/luishmq/.pyenv/versions/3.8.13/envs/air_flow/lib/python3.8/site-packages/airflow/example_dags/example_task_group_decorator.py
[2023-08-26T17:27:43.451-0300] {logging_mixin.py:151} INFO - [2023-08-26T17:27:43.451-0300] {dag.py:2907} INFO - Sync 1 DAGs
[2023-08-26T17:27:43.458-0300] {logging_mixin.py:151} INFO - [2023-08-26T17:27:43.458-0300] {dag.py:3677} INFO - Setting next_dagrun for example_task_group_decorator to 2023-08-25T20:27:43.458393+00:00, run_after=2023-08-26T20:27:43.458393+00:00
[2023-08-26T17:27:43.465-0300] {processor.py:179} INFO - Processing /Users/luishmq/.pyenv/versions/3.8.13/envs/air_flow/lib/python3.8/site-packages/airflow/example_dags/example_task_group_decorator.py took 0.104 seconds
[2023-08-26T17:29:14.038-0300] {processor.py:157} INFO - Started process (PID=24470) to work on /Users/luishmq/.pyenv/versions/3.8.13/envs/air_flow/lib/python3.8/site-packages/airflow/example_dags/example_task_group_decorator.py
[2023-08-26T17:29:14.039-0300] {processor.py:829} INFO - Processing file /Users/luishmq/.pyenv/versions/3.8.13/envs/air_flow/lib/python3.8/site-packages/airflow/example_dags/example_task_group_decorator.py for tasks to queue
[2023-08-26T17:29:14.039-0300] {logging_mixin.py:151} INFO - [2023-08-26T17:29:14.039-0300] {dagbag.py:539} INFO - Filling up the DagBag from /Users/luishmq/.pyenv/versions/3.8.13/envs/air_flow/lib/python3.8/site-packages/airflow/example_dags/example_task_group_decorator.py
[2023-08-26T17:29:14.060-0300] {processor.py:839} INFO - DAG(s) dict_keys(['example_task_group_decorator']) retrieved from /Users/luishmq/.pyenv/versions/3.8.13/envs/air_flow/lib/python3.8/site-packages/airflow/example_dags/example_task_group_decorator.py
[2023-08-26T17:29:14.130-0300] {logging_mixin.py:151} INFO - [2023-08-26T17:29:14.130-0300] {dag.py:2907} INFO - Sync 1 DAGs
[2023-08-26T17:29:14.137-0300] {logging_mixin.py:151} INFO - [2023-08-26T17:29:14.137-0300] {dag.py:3677} INFO - Setting next_dagrun for example_task_group_decorator to 2023-08-25T20:29:14.137183+00:00, run_after=2023-08-26T20:29:14.137183+00:00
[2023-08-26T17:29:14.144-0300] {processor.py:179} INFO - Processing /Users/luishmq/.pyenv/versions/3.8.13/envs/air_flow/lib/python3.8/site-packages/airflow/example_dags/example_task_group_decorator.py took 0.106 seconds
[2023-08-26T17:30:46.941-0300] {processor.py:157} INFO - Started process (PID=24676) to work on /Users/luishmq/.pyenv/versions/3.8.13/envs/air_flow/lib/python3.8/site-packages/airflow/example_dags/example_task_group_decorator.py
[2023-08-26T17:30:46.942-0300] {processor.py:829} INFO - Processing file /Users/luishmq/.pyenv/versions/3.8.13/envs/air_flow/lib/python3.8/site-packages/airflow/example_dags/example_task_group_decorator.py for tasks to queue
[2023-08-26T17:30:46.942-0300] {logging_mixin.py:151} INFO - [2023-08-26T17:30:46.942-0300] {dagbag.py:539} INFO - Filling up the DagBag from /Users/luishmq/.pyenv/versions/3.8.13/envs/air_flow/lib/python3.8/site-packages/airflow/example_dags/example_task_group_decorator.py
[2023-08-26T17:30:46.966-0300] {processor.py:839} INFO - DAG(s) dict_keys(['example_task_group_decorator']) retrieved from /Users/luishmq/.pyenv/versions/3.8.13/envs/air_flow/lib/python3.8/site-packages/airflow/example_dags/example_task_group_decorator.py
[2023-08-26T17:30:47.037-0300] {logging_mixin.py:151} INFO - [2023-08-26T17:30:47.037-0300] {dag.py:2907} INFO - Sync 1 DAGs
[2023-08-26T17:30:47.044-0300] {logging_mixin.py:151} INFO - [2023-08-26T17:30:47.044-0300] {dag.py:3677} INFO - Setting next_dagrun for example_task_group_decorator to 2023-08-25T20:30:47.044078+00:00, run_after=2023-08-26T20:30:47.044078+00:00
[2023-08-26T17:30:47.051-0300] {processor.py:179} INFO - Processing /Users/luishmq/.pyenv/versions/3.8.13/envs/air_flow/lib/python3.8/site-packages/airflow/example_dags/example_task_group_decorator.py took 0.110 seconds
[2023-08-26T17:32:34.376-0300] {processor.py:157} INFO - Started process (PID=25182) to work on /Users/luishmq/.pyenv/versions/3.8.13/envs/air_flow/lib/python3.8/site-packages/airflow/example_dags/example_task_group_decorator.py
[2023-08-26T17:32:34.376-0300] {processor.py:829} INFO - Processing file /Users/luishmq/.pyenv/versions/3.8.13/envs/air_flow/lib/python3.8/site-packages/airflow/example_dags/example_task_group_decorator.py for tasks to queue
[2023-08-26T17:32:34.377-0300] {logging_mixin.py:151} INFO - [2023-08-26T17:32:34.377-0300] {dagbag.py:539} INFO - Filling up the DagBag from /Users/luishmq/.pyenv/versions/3.8.13/envs/air_flow/lib/python3.8/site-packages/airflow/example_dags/example_task_group_decorator.py
[2023-08-26T17:32:34.399-0300] {processor.py:839} INFO - DAG(s) dict_keys(['example_task_group_decorator']) retrieved from /Users/luishmq/.pyenv/versions/3.8.13/envs/air_flow/lib/python3.8/site-packages/airflow/example_dags/example_task_group_decorator.py
[2023-08-26T17:32:34.470-0300] {logging_mixin.py:151} INFO - [2023-08-26T17:32:34.470-0300] {dag.py:2907} INFO - Sync 1 DAGs
[2023-08-26T17:32:34.477-0300] {logging_mixin.py:151} INFO - [2023-08-26T17:32:34.477-0300] {dag.py:3677} INFO - Setting next_dagrun for example_task_group_decorator to 2023-08-25T20:32:34.476974+00:00, run_after=2023-08-26T20:32:34.476974+00:00
[2023-08-26T17:32:34.483-0300] {processor.py:179} INFO - Processing /Users/luishmq/.pyenv/versions/3.8.13/envs/air_flow/lib/python3.8/site-packages/airflow/example_dags/example_task_group_decorator.py took 0.108 seconds
[2023-08-26T17:43:35.557-0300] {processor.py:157} INFO - Started process (PID=26262) to work on /Users/luishmq/.pyenv/versions/3.8.13/envs/air_flow/lib/python3.8/site-packages/airflow/example_dags/example_task_group_decorator.py
[2023-08-26T17:43:35.557-0300] {processor.py:829} INFO - Processing file /Users/luishmq/.pyenv/versions/3.8.13/envs/air_flow/lib/python3.8/site-packages/airflow/example_dags/example_task_group_decorator.py for tasks to queue
[2023-08-26T17:43:35.557-0300] {logging_mixin.py:151} INFO - [2023-08-26T17:43:35.557-0300] {dagbag.py:539} INFO - Filling up the DagBag from /Users/luishmq/.pyenv/versions/3.8.13/envs/air_flow/lib/python3.8/site-packages/airflow/example_dags/example_task_group_decorator.py
[2023-08-26T17:43:35.578-0300] {processor.py:839} INFO - DAG(s) dict_keys(['example_task_group_decorator']) retrieved from /Users/luishmq/.pyenv/versions/3.8.13/envs/air_flow/lib/python3.8/site-packages/airflow/example_dags/example_task_group_decorator.py
[2023-08-26T17:43:35.647-0300] {logging_mixin.py:151} INFO - [2023-08-26T17:43:35.647-0300] {dag.py:2907} INFO - Sync 1 DAGs
[2023-08-26T17:43:35.654-0300] {logging_mixin.py:151} INFO - [2023-08-26T17:43:35.654-0300] {dag.py:3677} INFO - Setting next_dagrun for example_task_group_decorator to 2023-08-25T20:43:35.654187+00:00, run_after=2023-08-26T20:43:35.654187+00:00
[2023-08-26T17:43:35.661-0300] {processor.py:179} INFO - Processing /Users/luishmq/.pyenv/versions/3.8.13/envs/air_flow/lib/python3.8/site-packages/airflow/example_dags/example_task_group_decorator.py took 0.105 seconds
[2023-08-26T17:53:06.362-0300] {processor.py:157} INFO - Started process (PID=27741) to work on /Users/luishmq/.pyenv/versions/3.8.13/envs/air_flow/lib/python3.8/site-packages/airflow/example_dags/example_task_group_decorator.py
[2023-08-26T17:53:06.362-0300] {processor.py:829} INFO - Processing file /Users/luishmq/.pyenv/versions/3.8.13/envs/air_flow/lib/python3.8/site-packages/airflow/example_dags/example_task_group_decorator.py for tasks to queue
[2023-08-26T17:53:06.362-0300] {logging_mixin.py:151} INFO - [2023-08-26T17:53:06.362-0300] {dagbag.py:539} INFO - Filling up the DagBag from /Users/luishmq/.pyenv/versions/3.8.13/envs/air_flow/lib/python3.8/site-packages/airflow/example_dags/example_task_group_decorator.py
[2023-08-26T17:53:06.384-0300] {processor.py:839} INFO - DAG(s) dict_keys(['example_task_group_decorator']) retrieved from /Users/luishmq/.pyenv/versions/3.8.13/envs/air_flow/lib/python3.8/site-packages/airflow/example_dags/example_task_group_decorator.py
[2023-08-26T17:53:06.452-0300] {logging_mixin.py:151} INFO - [2023-08-26T17:53:06.452-0300] {dag.py:2907} INFO - Sync 1 DAGs
[2023-08-26T17:53:06.458-0300] {logging_mixin.py:151} INFO - [2023-08-26T17:53:06.458-0300] {dag.py:3677} INFO - Setting next_dagrun for example_task_group_decorator to 2023-08-25T20:53:06.458643+00:00, run_after=2023-08-26T20:53:06.458643+00:00
[2023-08-26T17:53:06.465-0300] {processor.py:179} INFO - Processing /Users/luishmq/.pyenv/versions/3.8.13/envs/air_flow/lib/python3.8/site-packages/airflow/example_dags/example_task_group_decorator.py took 0.104 seconds
