[2023-08-26T17:26:26.619-0300] {processor.py:157} INFO - Started process (PID=24093) to work on /Users/luishmq/.pyenv/versions/3.8.13/envs/air_flow/lib/python3.8/site-packages/airflow/example_dags/example_subdag_operator.py
[2023-08-26T17:26:26.619-0300] {processor.py:829} INFO - Processing file /Users/luishmq/.pyenv/versions/3.8.13/envs/air_flow/lib/python3.8/site-packages/airflow/example_dags/example_subdag_operator.py for tasks to queue
[2023-08-26T17:26:26.620-0300] {logging_mixin.py:151} INFO - [2023-08-26T17:26:26.620-0300] {dagbag.py:539} INFO - Filling up the DagBag from /Users/luishmq/.pyenv/versions/3.8.13/envs/air_flow/lib/python3.8/site-packages/airflow/example_dags/example_subdag_operator.py
[2023-08-26T17:26:26.675-0300] {processor.py:839} INFO - DAG(s) dict_keys(['example_subdag_operator.section-1', 'example_subdag_operator.section-2', 'example_subdag_operator']) retrieved from /Users/luishmq/.pyenv/versions/3.8.13/envs/air_flow/lib/python3.8/site-packages/airflow/example_dags/example_subdag_operator.py
[2023-08-26T17:26:26.901-0300] {logging_mixin.py:151} INFO - [2023-08-26T17:26:26.901-0300] {manager.py:501} INFO - Created Permission View: can edit on DAG:example_subdag_operator
[2023-08-26T17:26:26.904-0300] {logging_mixin.py:151} INFO - [2023-08-26T17:26:26.904-0300] {manager.py:501} INFO - Created Permission View: can read on DAG:example_subdag_operator
[2023-08-26T17:26:26.906-0300] {logging_mixin.py:151} INFO - [2023-08-26T17:26:26.906-0300] {manager.py:501} INFO - Created Permission View: can delete on DAG:example_subdag_operator
[2023-08-26T17:26:26.910-0300] {logging_mixin.py:151} INFO - [2023-08-26T17:26:26.910-0300] {dag.py:2907} INFO - Sync 3 DAGs
[2023-08-26T17:26:26.913-0300] {logging_mixin.py:151} INFO - [2023-08-26T17:26:26.913-0300] {dag.py:2929} INFO - Creating ORM DAG for example_subdag_operator.section-1
[2023-08-26T17:26:26.914-0300] {logging_mixin.py:151} INFO - [2023-08-26T17:26:26.914-0300] {dag.py:2929} INFO - Creating ORM DAG for example_subdag_operator
[2023-08-26T17:26:26.914-0300] {logging_mixin.py:151} INFO - [2023-08-26T17:26:26.914-0300] {dag.py:2929} INFO - Creating ORM DAG for example_subdag_operator.section-2
[2023-08-26T17:26:26.917-0300] {logging_mixin.py:151} INFO - [2023-08-26T17:26:26.916-0300] {dag.py:3677} INFO - Setting next_dagrun for example_subdag_operator to 2022-01-01T00:00:00+00:00, run_after=2022-01-01T00:00:00+00:00
[2023-08-26T17:26:26.917-0300] {logging_mixin.py:151} INFO - [2023-08-26T17:26:26.917-0300] {dag.py:3677} INFO - Setting next_dagrun for example_subdag_operator.section-1 to None, run_after=None
[2023-08-26T17:26:26.917-0300] {logging_mixin.py:151} INFO - [2023-08-26T17:26:26.917-0300] {dag.py:3677} INFO - Setting next_dagrun for example_subdag_operator.section-2 to None, run_after=None
[2023-08-26T17:26:26.920-0300] {logging_mixin.py:151} INFO - [2023-08-26T17:26:26.920-0300] {dag.py:2907} INFO - Sync 2 DAGs
[2023-08-26T17:26:26.921-0300] {logging_mixin.py:151} INFO - [2023-08-26T17:26:26.921-0300] {dag.py:3677} INFO - Setting next_dagrun for example_subdag_operator.section-1 to None, run_after=None
[2023-08-26T17:26:26.922-0300] {logging_mixin.py:151} INFO - [2023-08-26T17:26:26.922-0300] {dag.py:3677} INFO - Setting next_dagrun for example_subdag_operator.section-2 to None, run_after=None
[2023-08-26T17:26:26.927-0300] {processor.py:179} INFO - Processing /Users/luishmq/.pyenv/versions/3.8.13/envs/air_flow/lib/python3.8/site-packages/airflow/example_dags/example_subdag_operator.py took 0.308 seconds
[2023-08-26T17:27:46.774-0300] {processor.py:157} INFO - Started process (PID=24274) to work on /Users/luishmq/.pyenv/versions/3.8.13/envs/air_flow/lib/python3.8/site-packages/airflow/example_dags/example_subdag_operator.py
[2023-08-26T17:27:46.775-0300] {processor.py:829} INFO - Processing file /Users/luishmq/.pyenv/versions/3.8.13/envs/air_flow/lib/python3.8/site-packages/airflow/example_dags/example_subdag_operator.py for tasks to queue
[2023-08-26T17:27:46.775-0300] {logging_mixin.py:151} INFO - [2023-08-26T17:27:46.775-0300] {dagbag.py:539} INFO - Filling up the DagBag from /Users/luishmq/.pyenv/versions/3.8.13/envs/air_flow/lib/python3.8/site-packages/airflow/example_dags/example_subdag_operator.py
[2023-08-26T17:27:46.830-0300] {processor.py:839} INFO - DAG(s) dict_keys(['example_subdag_operator.section-1', 'example_subdag_operator.section-2', 'example_subdag_operator']) retrieved from /Users/luishmq/.pyenv/versions/3.8.13/envs/air_flow/lib/python3.8/site-packages/airflow/example_dags/example_subdag_operator.py
[2023-08-26T17:27:46.860-0300] {logging_mixin.py:151} INFO - [2023-08-26T17:27:46.860-0300] {dag.py:2907} INFO - Sync 3 DAGs
[2023-08-26T17:27:46.867-0300] {logging_mixin.py:151} INFO - [2023-08-26T17:27:46.866-0300] {dag.py:3677} INFO - Setting next_dagrun for example_subdag_operator to 2022-01-01T00:00:00+00:00, run_after=2022-01-01T00:00:00+00:00
[2023-08-26T17:27:46.867-0300] {logging_mixin.py:151} INFO - [2023-08-26T17:27:46.867-0300] {dag.py:3677} INFO - Setting next_dagrun for example_subdag_operator.section-1 to None, run_after=None
[2023-08-26T17:27:46.868-0300] {logging_mixin.py:151} INFO - [2023-08-26T17:27:46.868-0300] {dag.py:3677} INFO - Setting next_dagrun for example_subdag_operator.section-2 to None, run_after=None
[2023-08-26T17:27:46.870-0300] {logging_mixin.py:151} INFO - [2023-08-26T17:27:46.870-0300] {dag.py:2907} INFO - Sync 2 DAGs
[2023-08-26T17:27:46.871-0300] {logging_mixin.py:151} INFO - [2023-08-26T17:27:46.871-0300] {dag.py:3677} INFO - Setting next_dagrun for example_subdag_operator.section-1 to None, run_after=None
[2023-08-26T17:27:46.871-0300] {logging_mixin.py:151} INFO - [2023-08-26T17:27:46.871-0300] {dag.py:3677} INFO - Setting next_dagrun for example_subdag_operator.section-2 to None, run_after=None
[2023-08-26T17:27:46.876-0300] {processor.py:179} INFO - Processing /Users/luishmq/.pyenv/versions/3.8.13/envs/air_flow/lib/python3.8/site-packages/airflow/example_dags/example_subdag_operator.py took 0.102 seconds
[2023-08-26T17:29:17.276-0300] {processor.py:157} INFO - Started process (PID=24477) to work on /Users/luishmq/.pyenv/versions/3.8.13/envs/air_flow/lib/python3.8/site-packages/airflow/example_dags/example_subdag_operator.py
[2023-08-26T17:29:17.277-0300] {processor.py:829} INFO - Processing file /Users/luishmq/.pyenv/versions/3.8.13/envs/air_flow/lib/python3.8/site-packages/airflow/example_dags/example_subdag_operator.py for tasks to queue
[2023-08-26T17:29:17.278-0300] {logging_mixin.py:151} INFO - [2023-08-26T17:29:17.278-0300] {dagbag.py:539} INFO - Filling up the DagBag from /Users/luishmq/.pyenv/versions/3.8.13/envs/air_flow/lib/python3.8/site-packages/airflow/example_dags/example_subdag_operator.py
[2023-08-26T17:29:17.338-0300] {processor.py:839} INFO - DAG(s) dict_keys(['example_subdag_operator.section-1', 'example_subdag_operator.section-2', 'example_subdag_operator']) retrieved from /Users/luishmq/.pyenv/versions/3.8.13/envs/air_flow/lib/python3.8/site-packages/airflow/example_dags/example_subdag_operator.py
[2023-08-26T17:29:17.370-0300] {logging_mixin.py:151} INFO - [2023-08-26T17:29:17.370-0300] {dag.py:2907} INFO - Sync 3 DAGs
[2023-08-26T17:29:17.377-0300] {logging_mixin.py:151} INFO - [2023-08-26T17:29:17.377-0300] {dag.py:3677} INFO - Setting next_dagrun for example_subdag_operator to 2022-01-01T00:00:00+00:00, run_after=2022-01-01T00:00:00+00:00
[2023-08-26T17:29:17.378-0300] {logging_mixin.py:151} INFO - [2023-08-26T17:29:17.378-0300] {dag.py:3677} INFO - Setting next_dagrun for example_subdag_operator.section-1 to None, run_after=None
[2023-08-26T17:29:17.378-0300] {logging_mixin.py:151} INFO - [2023-08-26T17:29:17.378-0300] {dag.py:3677} INFO - Setting next_dagrun for example_subdag_operator.section-2 to None, run_after=None
[2023-08-26T17:29:17.381-0300] {logging_mixin.py:151} INFO - [2023-08-26T17:29:17.381-0300] {dag.py:2907} INFO - Sync 2 DAGs
[2023-08-26T17:29:17.382-0300] {logging_mixin.py:151} INFO - [2023-08-26T17:29:17.382-0300] {dag.py:3677} INFO - Setting next_dagrun for example_subdag_operator.section-1 to None, run_after=None
[2023-08-26T17:29:17.382-0300] {logging_mixin.py:151} INFO - [2023-08-26T17:29:17.382-0300] {dag.py:3677} INFO - Setting next_dagrun for example_subdag_operator.section-2 to None, run_after=None
[2023-08-26T17:29:17.387-0300] {processor.py:179} INFO - Processing /Users/luishmq/.pyenv/versions/3.8.13/envs/air_flow/lib/python3.8/site-packages/airflow/example_dags/example_subdag_operator.py took 0.111 seconds
[2023-08-26T17:30:50.388-0300] {processor.py:157} INFO - Started process (PID=24683) to work on /Users/luishmq/.pyenv/versions/3.8.13/envs/air_flow/lib/python3.8/site-packages/airflow/example_dags/example_subdag_operator.py
[2023-08-26T17:30:50.389-0300] {processor.py:829} INFO - Processing file /Users/luishmq/.pyenv/versions/3.8.13/envs/air_flow/lib/python3.8/site-packages/airflow/example_dags/example_subdag_operator.py for tasks to queue
[2023-08-26T17:30:50.389-0300] {logging_mixin.py:151} INFO - [2023-08-26T17:30:50.389-0300] {dagbag.py:539} INFO - Filling up the DagBag from /Users/luishmq/.pyenv/versions/3.8.13/envs/air_flow/lib/python3.8/site-packages/airflow/example_dags/example_subdag_operator.py
[2023-08-26T17:30:50.446-0300] {processor.py:839} INFO - DAG(s) dict_keys(['example_subdag_operator.section-1', 'example_subdag_operator.section-2', 'example_subdag_operator']) retrieved from /Users/luishmq/.pyenv/versions/3.8.13/envs/air_flow/lib/python3.8/site-packages/airflow/example_dags/example_subdag_operator.py
[2023-08-26T17:30:50.480-0300] {logging_mixin.py:151} INFO - [2023-08-26T17:30:50.480-0300] {dag.py:2907} INFO - Sync 3 DAGs
[2023-08-26T17:30:50.487-0300] {logging_mixin.py:151} INFO - [2023-08-26T17:30:50.487-0300] {dag.py:3677} INFO - Setting next_dagrun for example_subdag_operator to 2022-01-01T00:00:00+00:00, run_after=2022-01-01T00:00:00+00:00
[2023-08-26T17:30:50.488-0300] {logging_mixin.py:151} INFO - [2023-08-26T17:30:50.488-0300] {dag.py:3677} INFO - Setting next_dagrun for example_subdag_operator.section-1 to None, run_after=None
[2023-08-26T17:30:50.488-0300] {logging_mixin.py:151} INFO - [2023-08-26T17:30:50.488-0300] {dag.py:3677} INFO - Setting next_dagrun for example_subdag_operator.section-2 to None, run_after=None
[2023-08-26T17:30:50.490-0300] {logging_mixin.py:151} INFO - [2023-08-26T17:30:50.490-0300] {dag.py:2907} INFO - Sync 2 DAGs
[2023-08-26T17:30:50.491-0300] {logging_mixin.py:151} INFO - [2023-08-26T17:30:50.491-0300] {dag.py:3677} INFO - Setting next_dagrun for example_subdag_operator.section-1 to None, run_after=None
[2023-08-26T17:30:50.491-0300] {logging_mixin.py:151} INFO - [2023-08-26T17:30:50.491-0300] {dag.py:3677} INFO - Setting next_dagrun for example_subdag_operator.section-2 to None, run_after=None
[2023-08-26T17:30:50.496-0300] {processor.py:179} INFO - Processing /Users/luishmq/.pyenv/versions/3.8.13/envs/air_flow/lib/python3.8/site-packages/airflow/example_dags/example_subdag_operator.py took 0.108 seconds
[2023-08-26T17:32:44.106-0300] {processor.py:157} INFO - Started process (PID=25200) to work on /Users/luishmq/.pyenv/versions/3.8.13/envs/air_flow/lib/python3.8/site-packages/airflow/example_dags/example_subdag_operator.py
[2023-08-26T17:32:44.106-0300] {processor.py:829} INFO - Processing file /Users/luishmq/.pyenv/versions/3.8.13/envs/air_flow/lib/python3.8/site-packages/airflow/example_dags/example_subdag_operator.py for tasks to queue
[2023-08-26T17:32:44.107-0300] {logging_mixin.py:151} INFO - [2023-08-26T17:32:44.107-0300] {dagbag.py:539} INFO - Filling up the DagBag from /Users/luishmq/.pyenv/versions/3.8.13/envs/air_flow/lib/python3.8/site-packages/airflow/example_dags/example_subdag_operator.py
[2023-08-26T17:32:44.165-0300] {processor.py:839} INFO - DAG(s) dict_keys(['example_subdag_operator.section-1', 'example_subdag_operator.section-2', 'example_subdag_operator']) retrieved from /Users/luishmq/.pyenv/versions/3.8.13/envs/air_flow/lib/python3.8/site-packages/airflow/example_dags/example_subdag_operator.py
[2023-08-26T17:32:44.199-0300] {logging_mixin.py:151} INFO - [2023-08-26T17:32:44.198-0300] {dag.py:2907} INFO - Sync 3 DAGs
[2023-08-26T17:32:44.205-0300] {logging_mixin.py:151} INFO - [2023-08-26T17:32:44.205-0300] {dag.py:3677} INFO - Setting next_dagrun for example_subdag_operator to 2022-01-01T00:00:00+00:00, run_after=2022-01-01T00:00:00+00:00
[2023-08-26T17:32:44.206-0300] {logging_mixin.py:151} INFO - [2023-08-26T17:32:44.206-0300] {dag.py:3677} INFO - Setting next_dagrun for example_subdag_operator.section-1 to None, run_after=None
[2023-08-26T17:32:44.206-0300] {logging_mixin.py:151} INFO - [2023-08-26T17:32:44.206-0300] {dag.py:3677} INFO - Setting next_dagrun for example_subdag_operator.section-2 to None, run_after=None
[2023-08-26T17:32:44.209-0300] {logging_mixin.py:151} INFO - [2023-08-26T17:32:44.208-0300] {dag.py:2907} INFO - Sync 2 DAGs
[2023-08-26T17:32:44.210-0300] {logging_mixin.py:151} INFO - [2023-08-26T17:32:44.210-0300] {dag.py:3677} INFO - Setting next_dagrun for example_subdag_operator.section-1 to None, run_after=None
[2023-08-26T17:32:44.210-0300] {logging_mixin.py:151} INFO - [2023-08-26T17:32:44.210-0300] {dag.py:3677} INFO - Setting next_dagrun for example_subdag_operator.section-2 to None, run_after=None
[2023-08-26T17:32:44.214-0300] {processor.py:179} INFO - Processing /Users/luishmq/.pyenv/versions/3.8.13/envs/air_flow/lib/python3.8/site-packages/airflow/example_dags/example_subdag_operator.py took 0.109 seconds
[2023-08-26T17:43:49.577-0300] {processor.py:157} INFO - Started process (PID=26288) to work on /Users/luishmq/.pyenv/versions/3.8.13/envs/air_flow/lib/python3.8/site-packages/airflow/example_dags/example_subdag_operator.py
[2023-08-26T17:43:49.577-0300] {processor.py:829} INFO - Processing file /Users/luishmq/.pyenv/versions/3.8.13/envs/air_flow/lib/python3.8/site-packages/airflow/example_dags/example_subdag_operator.py for tasks to queue
[2023-08-26T17:43:49.578-0300] {logging_mixin.py:151} INFO - [2023-08-26T17:43:49.578-0300] {dagbag.py:539} INFO - Filling up the DagBag from /Users/luishmq/.pyenv/versions/3.8.13/envs/air_flow/lib/python3.8/site-packages/airflow/example_dags/example_subdag_operator.py
[2023-08-26T17:43:49.657-0300] {processor.py:839} INFO - DAG(s) dict_keys(['example_subdag_operator.section-1', 'example_subdag_operator.section-2', 'example_subdag_operator']) retrieved from /Users/luishmq/.pyenv/versions/3.8.13/envs/air_flow/lib/python3.8/site-packages/airflow/example_dags/example_subdag_operator.py
[2023-08-26T17:43:49.702-0300] {logging_mixin.py:151} INFO - [2023-08-26T17:43:49.702-0300] {dag.py:2907} INFO - Sync 3 DAGs
[2023-08-26T17:43:49.710-0300] {logging_mixin.py:151} INFO - [2023-08-26T17:43:49.710-0300] {dag.py:3677} INFO - Setting next_dagrun for example_subdag_operator to 2022-01-01T00:00:00+00:00, run_after=2022-01-01T00:00:00+00:00
[2023-08-26T17:43:49.714-0300] {logging_mixin.py:151} INFO - [2023-08-26T17:43:49.714-0300] {dag.py:3677} INFO - Setting next_dagrun for example_subdag_operator.section-1 to None, run_after=None
[2023-08-26T17:43:49.716-0300] {logging_mixin.py:151} INFO - [2023-08-26T17:43:49.716-0300] {dag.py:3677} INFO - Setting next_dagrun for example_subdag_operator.section-2 to None, run_after=None
[2023-08-26T17:43:49.722-0300] {logging_mixin.py:151} INFO - [2023-08-26T17:43:49.722-0300] {dag.py:2907} INFO - Sync 2 DAGs
[2023-08-26T17:43:49.724-0300] {logging_mixin.py:151} INFO - [2023-08-26T17:43:49.724-0300] {dag.py:3677} INFO - Setting next_dagrun for example_subdag_operator.section-1 to None, run_after=None
[2023-08-26T17:43:49.724-0300] {logging_mixin.py:151} INFO - [2023-08-26T17:43:49.724-0300] {dag.py:3677} INFO - Setting next_dagrun for example_subdag_operator.section-2 to None, run_after=None
[2023-08-26T17:43:49.732-0300] {processor.py:179} INFO - Processing /Users/luishmq/.pyenv/versions/3.8.13/envs/air_flow/lib/python3.8/site-packages/airflow/example_dags/example_subdag_operator.py took 0.156 seconds
[2023-08-26T17:53:34.182-0300] {processor.py:157} INFO - Started process (PID=27785) to work on /Users/luishmq/.pyenv/versions/3.8.13/envs/air_flow/lib/python3.8/site-packages/airflow/example_dags/example_subdag_operator.py
[2023-08-26T17:53:34.183-0300] {processor.py:829} INFO - Processing file /Users/luishmq/.pyenv/versions/3.8.13/envs/air_flow/lib/python3.8/site-packages/airflow/example_dags/example_subdag_operator.py for tasks to queue
[2023-08-26T17:53:34.183-0300] {logging_mixin.py:151} INFO - [2023-08-26T17:53:34.183-0300] {dagbag.py:539} INFO - Filling up the DagBag from /Users/luishmq/.pyenv/versions/3.8.13/envs/air_flow/lib/python3.8/site-packages/airflow/example_dags/example_subdag_operator.py
[2023-08-26T17:53:34.239-0300] {processor.py:839} INFO - DAG(s) dict_keys(['example_subdag_operator.section-1', 'example_subdag_operator.section-2', 'example_subdag_operator']) retrieved from /Users/luishmq/.pyenv/versions/3.8.13/envs/air_flow/lib/python3.8/site-packages/airflow/example_dags/example_subdag_operator.py
[2023-08-26T17:53:34.270-0300] {logging_mixin.py:151} INFO - [2023-08-26T17:53:34.269-0300] {dag.py:2907} INFO - Sync 3 DAGs
[2023-08-26T17:53:34.276-0300] {logging_mixin.py:151} INFO - [2023-08-26T17:53:34.276-0300] {dag.py:3677} INFO - Setting next_dagrun for example_subdag_operator to 2022-01-01T00:00:00+00:00, run_after=2022-01-01T00:00:00+00:00
[2023-08-26T17:53:34.277-0300] {logging_mixin.py:151} INFO - [2023-08-26T17:53:34.277-0300] {dag.py:3677} INFO - Setting next_dagrun for example_subdag_operator.section-1 to None, run_after=None
[2023-08-26T17:53:34.277-0300] {logging_mixin.py:151} INFO - [2023-08-26T17:53:34.277-0300] {dag.py:3677} INFO - Setting next_dagrun for example_subdag_operator.section-2 to None, run_after=None
[2023-08-26T17:53:34.280-0300] {logging_mixin.py:151} INFO - [2023-08-26T17:53:34.280-0300] {dag.py:2907} INFO - Sync 2 DAGs
[2023-08-26T17:53:34.281-0300] {logging_mixin.py:151} INFO - [2023-08-26T17:53:34.281-0300] {dag.py:3677} INFO - Setting next_dagrun for example_subdag_operator.section-1 to None, run_after=None
[2023-08-26T17:53:34.281-0300] {logging_mixin.py:151} INFO - [2023-08-26T17:53:34.281-0300] {dag.py:3677} INFO - Setting next_dagrun for example_subdag_operator.section-2 to None, run_after=None
[2023-08-26T17:53:34.286-0300] {processor.py:179} INFO - Processing /Users/luishmq/.pyenv/versions/3.8.13/envs/air_flow/lib/python3.8/site-packages/airflow/example_dags/example_subdag_operator.py took 0.104 seconds
