[2023-08-26T17:27:04.430-0300] {processor.py:157} INFO - Started process (PID=24175) to work on /Users/luishmq/.pyenv/versions/3.8.13/envs/air_flow/lib/python3.8/site-packages/airflow/example_dags/example_datasets.py
[2023-08-26T17:27:04.430-0300] {processor.py:829} INFO - Processing file /Users/luishmq/.pyenv/versions/3.8.13/envs/air_flow/lib/python3.8/site-packages/airflow/example_dags/example_datasets.py for tasks to queue
[2023-08-26T17:27:04.430-0300] {logging_mixin.py:151} INFO - [2023-08-26T17:27:04.430-0300] {dagbag.py:539} INFO - Filling up the DagBag from /Users/luishmq/.pyenv/versions/3.8.13/envs/air_flow/lib/python3.8/site-packages/airflow/example_dags/example_datasets.py
[2023-08-26T17:27:04.440-0300] {processor.py:839} INFO - DAG(s) dict_keys(['dataset_produces_1', 'dataset_consumes_1', 'dataset_consumes_1_and_2', 'dataset_consumes_unknown_never_scheduled', 'dataset_produces_2', 'dataset_consumes_1_never_scheduled']) retrieved from /Users/luishmq/.pyenv/versions/3.8.13/envs/air_flow/lib/python3.8/site-packages/airflow/example_dags/example_datasets.py
[2023-08-26T17:27:04.711-0300] {logging_mixin.py:151} INFO - [2023-08-26T17:27:04.710-0300] {manager.py:501} INFO - Created Permission View: can edit on DAG:dataset_produces_1
[2023-08-26T17:27:04.714-0300] {logging_mixin.py:151} INFO - [2023-08-26T17:27:04.714-0300] {manager.py:501} INFO - Created Permission View: can read on DAG:dataset_produces_1
[2023-08-26T17:27:04.716-0300] {logging_mixin.py:151} INFO - [2023-08-26T17:27:04.716-0300] {manager.py:501} INFO - Created Permission View: can delete on DAG:dataset_produces_1
[2023-08-26T17:27:04.723-0300] {logging_mixin.py:151} INFO - [2023-08-26T17:27:04.723-0300] {manager.py:501} INFO - Created Permission View: can edit on DAG:dataset_consumes_1
[2023-08-26T17:27:04.725-0300] {logging_mixin.py:151} INFO - [2023-08-26T17:27:04.725-0300] {manager.py:501} INFO - Created Permission View: can read on DAG:dataset_consumes_1
[2023-08-26T17:27:04.727-0300] {logging_mixin.py:151} INFO - [2023-08-26T17:27:04.727-0300] {manager.py:501} INFO - Created Permission View: can delete on DAG:dataset_consumes_1
[2023-08-26T17:27:04.732-0300] {logging_mixin.py:151} INFO - [2023-08-26T17:27:04.732-0300] {manager.py:501} INFO - Created Permission View: can edit on DAG:dataset_consumes_1_and_2
[2023-08-26T17:27:04.734-0300] {logging_mixin.py:151} INFO - [2023-08-26T17:27:04.734-0300] {manager.py:501} INFO - Created Permission View: can read on DAG:dataset_consumes_1_and_2
[2023-08-26T17:27:04.735-0300] {logging_mixin.py:151} INFO - [2023-08-26T17:27:04.735-0300] {manager.py:501} INFO - Created Permission View: can delete on DAG:dataset_consumes_1_and_2
[2023-08-26T17:27:04.740-0300] {logging_mixin.py:151} INFO - [2023-08-26T17:27:04.740-0300] {manager.py:501} INFO - Created Permission View: can edit on DAG:dataset_consumes_unknown_never_scheduled
[2023-08-26T17:27:04.742-0300] {logging_mixin.py:151} INFO - [2023-08-26T17:27:04.742-0300] {manager.py:501} INFO - Created Permission View: can read on DAG:dataset_consumes_unknown_never_scheduled
[2023-08-26T17:27:04.744-0300] {logging_mixin.py:151} INFO - [2023-08-26T17:27:04.744-0300] {manager.py:501} INFO - Created Permission View: can delete on DAG:dataset_consumes_unknown_never_scheduled
[2023-08-26T17:27:04.749-0300] {logging_mixin.py:151} INFO - [2023-08-26T17:27:04.749-0300] {manager.py:501} INFO - Created Permission View: can edit on DAG:dataset_produces_2
[2023-08-26T17:27:04.750-0300] {logging_mixin.py:151} INFO - [2023-08-26T17:27:04.750-0300] {manager.py:501} INFO - Created Permission View: can read on DAG:dataset_produces_2
[2023-08-26T17:27:04.752-0300] {logging_mixin.py:151} INFO - [2023-08-26T17:27:04.752-0300] {manager.py:501} INFO - Created Permission View: can delete on DAG:dataset_produces_2
[2023-08-26T17:27:04.757-0300] {logging_mixin.py:151} INFO - [2023-08-26T17:27:04.757-0300] {manager.py:501} INFO - Created Permission View: can edit on DAG:dataset_consumes_1_never_scheduled
[2023-08-26T17:27:04.759-0300] {logging_mixin.py:151} INFO - [2023-08-26T17:27:04.759-0300] {manager.py:501} INFO - Created Permission View: can read on DAG:dataset_consumes_1_never_scheduled
[2023-08-26T17:27:04.761-0300] {logging_mixin.py:151} INFO - [2023-08-26T17:27:04.761-0300] {manager.py:501} INFO - Created Permission View: can delete on DAG:dataset_consumes_1_never_scheduled
[2023-08-26T17:27:04.762-0300] {logging_mixin.py:151} INFO - [2023-08-26T17:27:04.762-0300] {dag.py:2907} INFO - Sync 6 DAGs
[2023-08-26T17:27:04.766-0300] {logging_mixin.py:151} INFO - [2023-08-26T17:27:04.766-0300] {dag.py:2929} INFO - Creating ORM DAG for dataset_produces_2
[2023-08-26T17:27:04.766-0300] {logging_mixin.py:151} INFO - [2023-08-26T17:27:04.766-0300] {dag.py:2929} INFO - Creating ORM DAG for dataset_produces_1
[2023-08-26T17:27:04.766-0300] {logging_mixin.py:151} INFO - [2023-08-26T17:27:04.766-0300] {dag.py:2929} INFO - Creating ORM DAG for dataset_consumes_unknown_never_scheduled
[2023-08-26T17:27:04.766-0300] {logging_mixin.py:151} INFO - [2023-08-26T17:27:04.766-0300] {dag.py:2929} INFO - Creating ORM DAG for dataset_consumes_1_never_scheduled
[2023-08-26T17:27:04.766-0300] {logging_mixin.py:151} INFO - [2023-08-26T17:27:04.766-0300] {dag.py:2929} INFO - Creating ORM DAG for dataset_consumes_1_and_2
[2023-08-26T17:27:04.766-0300] {logging_mixin.py:151} INFO - [2023-08-26T17:27:04.766-0300] {dag.py:2929} INFO - Creating ORM DAG for dataset_consumes_1
[2023-08-26T17:27:04.769-0300] {logging_mixin.py:151} INFO - [2023-08-26T17:27:04.769-0300] {dag.py:3677} INFO - Setting next_dagrun for dataset_consumes_1 to None, run_after=None
[2023-08-26T17:27:04.770-0300] {logging_mixin.py:151} INFO - [2023-08-26T17:27:04.769-0300] {dag.py:3677} INFO - Setting next_dagrun for dataset_consumes_1_and_2 to None, run_after=None
[2023-08-26T17:27:04.770-0300] {logging_mixin.py:151} INFO - [2023-08-26T17:27:04.770-0300] {dag.py:3677} INFO - Setting next_dagrun for dataset_consumes_1_never_scheduled to None, run_after=None
[2023-08-26T17:27:04.770-0300] {logging_mixin.py:151} INFO - [2023-08-26T17:27:04.770-0300] {dag.py:3677} INFO - Setting next_dagrun for dataset_consumes_unknown_never_scheduled to None, run_after=None
[2023-08-26T17:27:04.771-0300] {logging_mixin.py:151} INFO - [2023-08-26T17:27:04.771-0300] {dag.py:3677} INFO - Setting next_dagrun for dataset_produces_1 to 2023-08-25T00:00:00+00:00, run_after=2023-08-26T00:00:00+00:00
[2023-08-26T17:27:04.771-0300] {logging_mixin.py:151} INFO - [2023-08-26T17:27:04.771-0300] {dag.py:3677} INFO - Setting next_dagrun for dataset_produces_2 to None, run_after=None
[2023-08-26T17:27:04.782-0300] {processor.py:179} INFO - Processing /Users/luishmq/.pyenv/versions/3.8.13/envs/air_flow/lib/python3.8/site-packages/airflow/example_dags/example_datasets.py took 0.352 seconds
[2023-08-26T17:28:36.903-0300] {processor.py:157} INFO - Started process (PID=24388) to work on /Users/luishmq/.pyenv/versions/3.8.13/envs/air_flow/lib/python3.8/site-packages/airflow/example_dags/example_datasets.py
[2023-08-26T17:28:36.904-0300] {processor.py:829} INFO - Processing file /Users/luishmq/.pyenv/versions/3.8.13/envs/air_flow/lib/python3.8/site-packages/airflow/example_dags/example_datasets.py for tasks to queue
[2023-08-26T17:28:36.904-0300] {logging_mixin.py:151} INFO - [2023-08-26T17:28:36.904-0300] {dagbag.py:539} INFO - Filling up the DagBag from /Users/luishmq/.pyenv/versions/3.8.13/envs/air_flow/lib/python3.8/site-packages/airflow/example_dags/example_datasets.py
[2023-08-26T17:28:36.915-0300] {processor.py:839} INFO - DAG(s) dict_keys(['dataset_consumes_1_and_2', 'dataset_produces_2', 'dataset_consumes_1_never_scheduled', 'dataset_produces_1', 'dataset_consumes_1', 'dataset_consumes_unknown_never_scheduled']) retrieved from /Users/luishmq/.pyenv/versions/3.8.13/envs/air_flow/lib/python3.8/site-packages/airflow/example_dags/example_datasets.py
[2023-08-26T17:28:36.996-0300] {logging_mixin.py:151} INFO - [2023-08-26T17:28:36.995-0300] {dag.py:2907} INFO - Sync 6 DAGs
[2023-08-26T17:28:37.003-0300] {logging_mixin.py:151} INFO - [2023-08-26T17:28:37.002-0300] {dag.py:3677} INFO - Setting next_dagrun for dataset_consumes_1 to None, run_after=None
[2023-08-26T17:28:37.004-0300] {logging_mixin.py:151} INFO - [2023-08-26T17:28:37.004-0300] {dag.py:3677} INFO - Setting next_dagrun for dataset_consumes_1_and_2 to None, run_after=None
[2023-08-26T17:28:37.004-0300] {logging_mixin.py:151} INFO - [2023-08-26T17:28:37.004-0300] {dag.py:3677} INFO - Setting next_dagrun for dataset_consumes_1_never_scheduled to None, run_after=None
[2023-08-26T17:28:37.004-0300] {logging_mixin.py:151} INFO - [2023-08-26T17:28:37.004-0300] {dag.py:3677} INFO - Setting next_dagrun for dataset_consumes_unknown_never_scheduled to None, run_after=None
[2023-08-26T17:28:37.005-0300] {logging_mixin.py:151} INFO - [2023-08-26T17:28:37.005-0300] {dag.py:3677} INFO - Setting next_dagrun for dataset_produces_1 to 2023-08-25T00:00:00+00:00, run_after=2023-08-26T00:00:00+00:00
[2023-08-26T17:28:37.006-0300] {logging_mixin.py:151} INFO - [2023-08-26T17:28:37.005-0300] {dag.py:3677} INFO - Setting next_dagrun for dataset_produces_2 to None, run_after=None
[2023-08-26T17:28:37.016-0300] {processor.py:179} INFO - Processing /Users/luishmq/.pyenv/versions/3.8.13/envs/air_flow/lib/python3.8/site-packages/airflow/example_dags/example_datasets.py took 0.113 seconds
[2023-08-26T17:30:07.235-0300] {processor.py:157} INFO - Started process (PID=24592) to work on /Users/luishmq/.pyenv/versions/3.8.13/envs/air_flow/lib/python3.8/site-packages/airflow/example_dags/example_datasets.py
[2023-08-26T17:30:07.236-0300] {processor.py:829} INFO - Processing file /Users/luishmq/.pyenv/versions/3.8.13/envs/air_flow/lib/python3.8/site-packages/airflow/example_dags/example_datasets.py for tasks to queue
[2023-08-26T17:30:07.236-0300] {logging_mixin.py:151} INFO - [2023-08-26T17:30:07.236-0300] {dagbag.py:539} INFO - Filling up the DagBag from /Users/luishmq/.pyenv/versions/3.8.13/envs/air_flow/lib/python3.8/site-packages/airflow/example_dags/example_datasets.py
[2023-08-26T17:30:07.246-0300] {processor.py:839} INFO - DAG(s) dict_keys(['dataset_consumes_1', 'dataset_consumes_1_never_scheduled', 'dataset_consumes_unknown_never_scheduled', 'dataset_produces_2', 'dataset_consumes_1_and_2', 'dataset_produces_1']) retrieved from /Users/luishmq/.pyenv/versions/3.8.13/envs/air_flow/lib/python3.8/site-packages/airflow/example_dags/example_datasets.py
[2023-08-26T17:30:07.321-0300] {logging_mixin.py:151} INFO - [2023-08-26T17:30:07.321-0300] {dag.py:2907} INFO - Sync 6 DAGs
[2023-08-26T17:30:07.328-0300] {logging_mixin.py:151} INFO - [2023-08-26T17:30:07.327-0300] {dag.py:3677} INFO - Setting next_dagrun for dataset_consumes_1 to None, run_after=None
[2023-08-26T17:30:07.329-0300] {logging_mixin.py:151} INFO - [2023-08-26T17:30:07.329-0300] {dag.py:3677} INFO - Setting next_dagrun for dataset_consumes_1_and_2 to None, run_after=None
[2023-08-26T17:30:07.329-0300] {logging_mixin.py:151} INFO - [2023-08-26T17:30:07.329-0300] {dag.py:3677} INFO - Setting next_dagrun for dataset_consumes_1_never_scheduled to None, run_after=None
[2023-08-26T17:30:07.329-0300] {logging_mixin.py:151} INFO - [2023-08-26T17:30:07.329-0300] {dag.py:3677} INFO - Setting next_dagrun for dataset_consumes_unknown_never_scheduled to None, run_after=None
[2023-08-26T17:30:07.330-0300] {logging_mixin.py:151} INFO - [2023-08-26T17:30:07.330-0300] {dag.py:3677} INFO - Setting next_dagrun for dataset_produces_1 to 2023-08-25T00:00:00+00:00, run_after=2023-08-26T00:00:00+00:00
[2023-08-26T17:30:07.330-0300] {logging_mixin.py:151} INFO - [2023-08-26T17:30:07.330-0300] {dag.py:3677} INFO - Setting next_dagrun for dataset_produces_2 to None, run_after=None
[2023-08-26T17:30:07.341-0300] {processor.py:179} INFO - Processing /Users/luishmq/.pyenv/versions/3.8.13/envs/air_flow/lib/python3.8/site-packages/airflow/example_dags/example_datasets.py took 0.106 seconds
[2023-08-26T17:32:00.513-0300] {processor.py:157} INFO - Started process (PID=25105) to work on /Users/luishmq/.pyenv/versions/3.8.13/envs/air_flow/lib/python3.8/site-packages/airflow/example_dags/example_datasets.py
[2023-08-26T17:32:00.514-0300] {processor.py:829} INFO - Processing file /Users/luishmq/.pyenv/versions/3.8.13/envs/air_flow/lib/python3.8/site-packages/airflow/example_dags/example_datasets.py for tasks to queue
[2023-08-26T17:32:00.514-0300] {logging_mixin.py:151} INFO - [2023-08-26T17:32:00.514-0300] {dagbag.py:539} INFO - Filling up the DagBag from /Users/luishmq/.pyenv/versions/3.8.13/envs/air_flow/lib/python3.8/site-packages/airflow/example_dags/example_datasets.py
[2023-08-26T17:32:00.523-0300] {processor.py:839} INFO - DAG(s) dict_keys(['dataset_produces_1', 'dataset_consumes_unknown_never_scheduled', 'dataset_consumes_1', 'dataset_consumes_1_never_scheduled', 'dataset_consumes_1_and_2', 'dataset_produces_2']) retrieved from /Users/luishmq/.pyenv/versions/3.8.13/envs/air_flow/lib/python3.8/site-packages/airflow/example_dags/example_datasets.py
[2023-08-26T17:32:00.596-0300] {logging_mixin.py:151} INFO - [2023-08-26T17:32:00.596-0300] {dag.py:2907} INFO - Sync 6 DAGs
[2023-08-26T17:32:00.603-0300] {logging_mixin.py:151} INFO - [2023-08-26T17:32:00.603-0300] {dag.py:3677} INFO - Setting next_dagrun for dataset_consumes_1 to None, run_after=None
[2023-08-26T17:32:00.604-0300] {logging_mixin.py:151} INFO - [2023-08-26T17:32:00.604-0300] {dag.py:3677} INFO - Setting next_dagrun for dataset_consumes_1_and_2 to None, run_after=None
[2023-08-26T17:32:00.604-0300] {logging_mixin.py:151} INFO - [2023-08-26T17:32:00.604-0300] {dag.py:3677} INFO - Setting next_dagrun for dataset_consumes_1_never_scheduled to None, run_after=None
[2023-08-26T17:32:00.604-0300] {logging_mixin.py:151} INFO - [2023-08-26T17:32:00.604-0300] {dag.py:3677} INFO - Setting next_dagrun for dataset_consumes_unknown_never_scheduled to None, run_after=None
[2023-08-26T17:32:00.605-0300] {logging_mixin.py:151} INFO - [2023-08-26T17:32:00.605-0300] {dag.py:3677} INFO - Setting next_dagrun for dataset_produces_1 to 2023-08-25T00:00:00+00:00, run_after=2023-08-26T00:00:00+00:00
[2023-08-26T17:32:00.606-0300] {logging_mixin.py:151} INFO - [2023-08-26T17:32:00.606-0300] {dag.py:3677} INFO - Setting next_dagrun for dataset_produces_2 to None, run_after=None
[2023-08-26T17:32:00.616-0300] {processor.py:179} INFO - Processing /Users/luishmq/.pyenv/versions/3.8.13/envs/air_flow/lib/python3.8/site-packages/airflow/example_dags/example_datasets.py took 0.104 seconds
[2023-08-26T17:46:32.836-0300] {processor.py:157} INFO - Started process (PID=26559) to work on /Users/luishmq/.pyenv/versions/3.8.13/envs/air_flow/lib/python3.8/site-packages/airflow/example_dags/example_datasets.py
[2023-08-26T17:46:32.836-0300] {processor.py:829} INFO - Processing file /Users/luishmq/.pyenv/versions/3.8.13/envs/air_flow/lib/python3.8/site-packages/airflow/example_dags/example_datasets.py for tasks to queue
[2023-08-26T17:46:32.837-0300] {logging_mixin.py:151} INFO - [2023-08-26T17:46:32.837-0300] {dagbag.py:539} INFO - Filling up the DagBag from /Users/luishmq/.pyenv/versions/3.8.13/envs/air_flow/lib/python3.8/site-packages/airflow/example_dags/example_datasets.py
[2023-08-26T17:46:32.846-0300] {processor.py:839} INFO - DAG(s) dict_keys(['dataset_consumes_1', 'dataset_consumes_unknown_never_scheduled', 'dataset_produces_1', 'dataset_produces_2', 'dataset_consumes_1_and_2', 'dataset_consumes_1_never_scheduled']) retrieved from /Users/luishmq/.pyenv/versions/3.8.13/envs/air_flow/lib/python3.8/site-packages/airflow/example_dags/example_datasets.py
[2023-08-26T17:46:32.919-0300] {logging_mixin.py:151} INFO - [2023-08-26T17:46:32.919-0300] {dag.py:2907} INFO - Sync 6 DAGs
[2023-08-26T17:46:32.926-0300] {logging_mixin.py:151} INFO - [2023-08-26T17:46:32.926-0300] {dag.py:3677} INFO - Setting next_dagrun for dataset_consumes_1 to None, run_after=None
[2023-08-26T17:46:32.927-0300] {logging_mixin.py:151} INFO - [2023-08-26T17:46:32.927-0300] {dag.py:3677} INFO - Setting next_dagrun for dataset_consumes_1_and_2 to None, run_after=None
[2023-08-26T17:46:32.927-0300] {logging_mixin.py:151} INFO - [2023-08-26T17:46:32.927-0300] {dag.py:3677} INFO - Setting next_dagrun for dataset_consumes_1_never_scheduled to None, run_after=None
[2023-08-26T17:46:32.928-0300] {logging_mixin.py:151} INFO - [2023-08-26T17:46:32.928-0300] {dag.py:3677} INFO - Setting next_dagrun for dataset_consumes_unknown_never_scheduled to None, run_after=None
[2023-08-26T17:46:32.928-0300] {logging_mixin.py:151} INFO - [2023-08-26T17:46:32.928-0300] {dag.py:3677} INFO - Setting next_dagrun for dataset_produces_1 to 2023-08-25T00:00:00+00:00, run_after=2023-08-26T00:00:00+00:00
[2023-08-26T17:46:32.929-0300] {logging_mixin.py:151} INFO - [2023-08-26T17:46:32.929-0300] {dag.py:3677} INFO - Setting next_dagrun for dataset_produces_2 to None, run_after=None
[2023-08-26T17:46:32.940-0300] {processor.py:179} INFO - Processing /Users/luishmq/.pyenv/versions/3.8.13/envs/air_flow/lib/python3.8/site-packages/airflow/example_dags/example_datasets.py took 0.104 seconds
