[2023-08-26T17:26:48.410-0300] {processor.py:157} INFO - Started process (PID=24142) to work on /Users/luishmq/.pyenv/versions/3.8.13/envs/air_flow/lib/python3.8/site-packages/airflow/example_dags/example_params_trigger_ui.py
[2023-08-26T17:26:48.410-0300] {processor.py:829} INFO - Processing file /Users/luishmq/.pyenv/versions/3.8.13/envs/air_flow/lib/python3.8/site-packages/airflow/example_dags/example_params_trigger_ui.py for tasks to queue
[2023-08-26T17:26:48.411-0300] {logging_mixin.py:151} INFO - [2023-08-26T17:26:48.411-0300] {dagbag.py:539} INFO - Filling up the DagBag from /Users/luishmq/.pyenv/versions/3.8.13/envs/air_flow/lib/python3.8/site-packages/airflow/example_dags/example_params_trigger_ui.py
[2023-08-26T17:26:48.449-0300] {processor.py:839} INFO - DAG(s) dict_keys(['example_params_trigger_ui']) retrieved from /Users/luishmq/.pyenv/versions/3.8.13/envs/air_flow/lib/python3.8/site-packages/airflow/example_dags/example_params_trigger_ui.py
[2023-08-26T17:26:48.710-0300] {logging_mixin.py:151} INFO - [2023-08-26T17:26:48.710-0300] {manager.py:501} INFO - Created Permission View: can edit on DAG:example_params_trigger_ui
[2023-08-26T17:26:48.714-0300] {logging_mixin.py:151} INFO - [2023-08-26T17:26:48.714-0300] {manager.py:501} INFO - Created Permission View: can read on DAG:example_params_trigger_ui
[2023-08-26T17:26:48.716-0300] {logging_mixin.py:151} INFO - [2023-08-26T17:26:48.715-0300] {manager.py:501} INFO - Created Permission View: can delete on DAG:example_params_trigger_ui
[2023-08-26T17:26:48.719-0300] {logging_mixin.py:151} INFO - [2023-08-26T17:26:48.719-0300] {dag.py:2907} INFO - Sync 1 DAGs
[2023-08-26T17:26:48.723-0300] {logging_mixin.py:151} INFO - [2023-08-26T17:26:48.723-0300] {dag.py:2929} INFO - Creating ORM DAG for example_params_trigger_ui
[2023-08-26T17:26:48.723-0300] {logging_mixin.py:151} INFO - [2023-08-26T17:26:48.723-0300] {dag.py:3677} INFO - Setting next_dagrun for example_params_trigger_ui to None, run_after=None
[2023-08-26T17:26:48.729-0300] {processor.py:179} INFO - Processing /Users/luishmq/.pyenv/versions/3.8.13/envs/air_flow/lib/python3.8/site-packages/airflow/example_dags/example_params_trigger_ui.py took 0.320 seconds
[2023-08-26T17:28:04.817-0300] {processor.py:157} INFO - Started process (PID=24316) to work on /Users/luishmq/.pyenv/versions/3.8.13/envs/air_flow/lib/python3.8/site-packages/airflow/example_dags/example_params_trigger_ui.py
[2023-08-26T17:28:04.818-0300] {processor.py:829} INFO - Processing file /Users/luishmq/.pyenv/versions/3.8.13/envs/air_flow/lib/python3.8/site-packages/airflow/example_dags/example_params_trigger_ui.py for tasks to queue
[2023-08-26T17:28:04.819-0300] {logging_mixin.py:151} INFO - [2023-08-26T17:28:04.819-0300] {dagbag.py:539} INFO - Filling up the DagBag from /Users/luishmq/.pyenv/versions/3.8.13/envs/air_flow/lib/python3.8/site-packages/airflow/example_dags/example_params_trigger_ui.py
[2023-08-26T17:28:04.857-0300] {processor.py:839} INFO - DAG(s) dict_keys(['example_params_trigger_ui']) retrieved from /Users/luishmq/.pyenv/versions/3.8.13/envs/air_flow/lib/python3.8/site-packages/airflow/example_dags/example_params_trigger_ui.py
[2023-08-26T17:28:04.919-0300] {logging_mixin.py:151} INFO - [2023-08-26T17:28:04.919-0300] {dag.py:2907} INFO - Sync 1 DAGs
[2023-08-26T17:28:04.923-0300] {logging_mixin.py:151} INFO - [2023-08-26T17:28:04.923-0300] {dag.py:3677} INFO - Setting next_dagrun for example_params_trigger_ui to None, run_after=None
[2023-08-26T17:28:04.929-0300] {processor.py:179} INFO - Processing /Users/luishmq/.pyenv/versions/3.8.13/envs/air_flow/lib/python3.8/site-packages/airflow/example_dags/example_params_trigger_ui.py took 0.112 seconds
[2023-08-26T17:29:36.713-0300] {processor.py:157} INFO - Started process (PID=24522) to work on /Users/luishmq/.pyenv/versions/3.8.13/envs/air_flow/lib/python3.8/site-packages/airflow/example_dags/example_params_trigger_ui.py
[2023-08-26T17:29:36.714-0300] {processor.py:829} INFO - Processing file /Users/luishmq/.pyenv/versions/3.8.13/envs/air_flow/lib/python3.8/site-packages/airflow/example_dags/example_params_trigger_ui.py for tasks to queue
[2023-08-26T17:29:36.714-0300] {logging_mixin.py:151} INFO - [2023-08-26T17:29:36.714-0300] {dagbag.py:539} INFO - Filling up the DagBag from /Users/luishmq/.pyenv/versions/3.8.13/envs/air_flow/lib/python3.8/site-packages/airflow/example_dags/example_params_trigger_ui.py
[2023-08-26T17:29:36.754-0300] {processor.py:839} INFO - DAG(s) dict_keys(['example_params_trigger_ui']) retrieved from /Users/luishmq/.pyenv/versions/3.8.13/envs/air_flow/lib/python3.8/site-packages/airflow/example_dags/example_params_trigger_ui.py
[2023-08-26T17:29:36.815-0300] {logging_mixin.py:151} INFO - [2023-08-26T17:29:36.814-0300] {dag.py:2907} INFO - Sync 1 DAGs
[2023-08-26T17:29:36.818-0300] {logging_mixin.py:151} INFO - [2023-08-26T17:29:36.818-0300] {dag.py:3677} INFO - Setting next_dagrun for example_params_trigger_ui to None, run_after=None
[2023-08-26T17:29:36.825-0300] {processor.py:179} INFO - Processing /Users/luishmq/.pyenv/versions/3.8.13/envs/air_flow/lib/python3.8/site-packages/airflow/example_dags/example_params_trigger_ui.py took 0.113 seconds
[2023-08-26T17:31:09.683-0300] {processor.py:157} INFO - Started process (PID=24910) to work on /Users/luishmq/.pyenv/versions/3.8.13/envs/air_flow/lib/python3.8/site-packages/airflow/example_dags/example_params_trigger_ui.py
[2023-08-26T17:31:09.684-0300] {processor.py:829} INFO - Processing file /Users/luishmq/.pyenv/versions/3.8.13/envs/air_flow/lib/python3.8/site-packages/airflow/example_dags/example_params_trigger_ui.py for tasks to queue
[2023-08-26T17:31:09.684-0300] {logging_mixin.py:151} INFO - [2023-08-26T17:31:09.684-0300] {dagbag.py:539} INFO - Filling up the DagBag from /Users/luishmq/.pyenv/versions/3.8.13/envs/air_flow/lib/python3.8/site-packages/airflow/example_dags/example_params_trigger_ui.py
[2023-08-26T17:31:09.723-0300] {processor.py:839} INFO - DAG(s) dict_keys(['example_params_trigger_ui']) retrieved from /Users/luishmq/.pyenv/versions/3.8.13/envs/air_flow/lib/python3.8/site-packages/airflow/example_dags/example_params_trigger_ui.py
[2023-08-26T17:31:09.785-0300] {logging_mixin.py:151} INFO - [2023-08-26T17:31:09.784-0300] {dag.py:2907} INFO - Sync 1 DAGs
[2023-08-26T17:31:09.789-0300] {logging_mixin.py:151} INFO - [2023-08-26T17:31:09.788-0300] {dag.py:3677} INFO - Setting next_dagrun for example_params_trigger_ui to None, run_after=None
[2023-08-26T17:31:09.795-0300] {processor.py:179} INFO - Processing /Users/luishmq/.pyenv/versions/3.8.13/envs/air_flow/lib/python3.8/site-packages/airflow/example_dags/example_params_trigger_ui.py took 0.113 seconds
[2023-08-26T17:36:59.588-0300] {processor.py:157} INFO - Started process (PID=25594) to work on /Users/luishmq/.pyenv/versions/3.8.13/envs/air_flow/lib/python3.8/site-packages/airflow/example_dags/example_params_trigger_ui.py
[2023-08-26T17:36:59.589-0300] {processor.py:829} INFO - Processing file /Users/luishmq/.pyenv/versions/3.8.13/envs/air_flow/lib/python3.8/site-packages/airflow/example_dags/example_params_trigger_ui.py for tasks to queue
[2023-08-26T17:36:59.589-0300] {logging_mixin.py:151} INFO - [2023-08-26T17:36:59.589-0300] {dagbag.py:539} INFO - Filling up the DagBag from /Users/luishmq/.pyenv/versions/3.8.13/envs/air_flow/lib/python3.8/site-packages/airflow/example_dags/example_params_trigger_ui.py
[2023-08-26T17:36:59.628-0300] {processor.py:839} INFO - DAG(s) dict_keys(['example_params_trigger_ui']) retrieved from /Users/luishmq/.pyenv/versions/3.8.13/envs/air_flow/lib/python3.8/site-packages/airflow/example_dags/example_params_trigger_ui.py
[2023-08-26T17:36:59.689-0300] {logging_mixin.py:151} INFO - [2023-08-26T17:36:59.689-0300] {dag.py:2907} INFO - Sync 1 DAGs
[2023-08-26T17:36:59.693-0300] {logging_mixin.py:151} INFO - [2023-08-26T17:36:59.693-0300] {dag.py:3677} INFO - Setting next_dagrun for example_params_trigger_ui to None, run_after=None
[2023-08-26T17:36:59.700-0300] {processor.py:179} INFO - Processing /Users/luishmq/.pyenv/versions/3.8.13/envs/air_flow/lib/python3.8/site-packages/airflow/example_dags/example_params_trigger_ui.py took 0.112 seconds
[2023-08-26T17:45:28.855-0300] {processor.py:157} INFO - Started process (PID=26452) to work on /Users/luishmq/.pyenv/versions/3.8.13/envs/air_flow/lib/python3.8/site-packages/airflow/example_dags/example_params_trigger_ui.py
[2023-08-26T17:45:28.856-0300] {processor.py:829} INFO - Processing file /Users/luishmq/.pyenv/versions/3.8.13/envs/air_flow/lib/python3.8/site-packages/airflow/example_dags/example_params_trigger_ui.py for tasks to queue
[2023-08-26T17:45:28.856-0300] {logging_mixin.py:151} INFO - [2023-08-26T17:45:28.856-0300] {dagbag.py:539} INFO - Filling up the DagBag from /Users/luishmq/.pyenv/versions/3.8.13/envs/air_flow/lib/python3.8/site-packages/airflow/example_dags/example_params_trigger_ui.py
[2023-08-26T17:45:28.896-0300] {processor.py:839} INFO - DAG(s) dict_keys(['example_params_trigger_ui']) retrieved from /Users/luishmq/.pyenv/versions/3.8.13/envs/air_flow/lib/python3.8/site-packages/airflow/example_dags/example_params_trigger_ui.py
[2023-08-26T17:45:28.958-0300] {logging_mixin.py:151} INFO - [2023-08-26T17:45:28.958-0300] {dag.py:2907} INFO - Sync 1 DAGs
[2023-08-26T17:45:28.962-0300] {logging_mixin.py:151} INFO - [2023-08-26T17:45:28.962-0300] {dag.py:3677} INFO - Setting next_dagrun for example_params_trigger_ui to None, run_after=None
[2023-08-26T17:45:28.969-0300] {processor.py:179} INFO - Processing /Users/luishmq/.pyenv/versions/3.8.13/envs/air_flow/lib/python3.8/site-packages/airflow/example_dags/example_params_trigger_ui.py took 0.114 seconds
