[2023-08-26T17:27:01.203-0300] {processor.py:157} INFO - Started process (PID=24168) to work on /Users/luishmq/.pyenv/versions/3.8.13/envs/air_flow/lib/python3.8/site-packages/airflow/example_dags/example_dynamic_task_mapping_with_no_taskflow_operators.py
[2023-08-26T17:27:01.204-0300] {processor.py:829} INFO - Processing file /Users/luishmq/.pyenv/versions/3.8.13/envs/air_flow/lib/python3.8/site-packages/airflow/example_dags/example_dynamic_task_mapping_with_no_taskflow_operators.py for tasks to queue
[2023-08-26T17:27:01.204-0300] {logging_mixin.py:151} INFO - [2023-08-26T17:27:01.204-0300] {dagbag.py:539} INFO - Filling up the DagBag from /Users/luishmq/.pyenv/versions/3.8.13/envs/air_flow/lib/python3.8/site-packages/airflow/example_dags/example_dynamic_task_mapping_with_no_taskflow_operators.py
[2023-08-26T17:27:01.213-0300] {processor.py:839} INFO - DAG(s) dict_keys(['example_dynamic_task_mapping_with_no_taskflow_operators']) retrieved from /Users/luishmq/.pyenv/versions/3.8.13/envs/air_flow/lib/python3.8/site-packages/airflow/example_dags/example_dynamic_task_mapping_with_no_taskflow_operators.py
[2023-08-26T17:27:01.503-0300] {logging_mixin.py:151} INFO - [2023-08-26T17:27:01.503-0300] {manager.py:501} INFO - Created Permission View: can delete on DAG:example_dynamic_task_mapping_with_no_taskflow_operators
[2023-08-26T17:27:01.506-0300] {logging_mixin.py:151} INFO - [2023-08-26T17:27:01.506-0300] {manager.py:501} INFO - Created Permission View: can read on DAG:example_dynamic_task_mapping_with_no_taskflow_operators
[2023-08-26T17:27:01.508-0300] {logging_mixin.py:151} INFO - [2023-08-26T17:27:01.508-0300] {manager.py:501} INFO - Created Permission View: can edit on DAG:example_dynamic_task_mapping_with_no_taskflow_operators
[2023-08-26T17:27:01.512-0300] {logging_mixin.py:151} INFO - [2023-08-26T17:27:01.512-0300] {dag.py:2907} INFO - Sync 1 DAGs
[2023-08-26T17:27:01.515-0300] {logging_mixin.py:151} INFO - [2023-08-26T17:27:01.515-0300] {dag.py:2929} INFO - Creating ORM DAG for example_dynamic_task_mapping_with_no_taskflow_operators
[2023-08-26T17:27:01.518-0300] {logging_mixin.py:151} INFO - [2023-08-26T17:27:01.518-0300] {dag.py:3677} INFO - Setting next_dagrun for example_dynamic_task_mapping_with_no_taskflow_operators to 2023-08-25T20:27:01.518363+00:00, run_after=2023-08-26T20:27:01.518363+00:00
[2023-08-26T17:27:01.523-0300] {processor.py:179} INFO - Processing /Users/luishmq/.pyenv/versions/3.8.13/envs/air_flow/lib/python3.8/site-packages/airflow/example_dags/example_dynamic_task_mapping_with_no_taskflow_operators.py took 0.320 seconds
[2023-08-26T17:28:33.409-0300] {processor.py:157} INFO - Started process (PID=24380) to work on /Users/luishmq/.pyenv/versions/3.8.13/envs/air_flow/lib/python3.8/site-packages/airflow/example_dags/example_dynamic_task_mapping_with_no_taskflow_operators.py
[2023-08-26T17:28:33.410-0300] {processor.py:829} INFO - Processing file /Users/luishmq/.pyenv/versions/3.8.13/envs/air_flow/lib/python3.8/site-packages/airflow/example_dags/example_dynamic_task_mapping_with_no_taskflow_operators.py for tasks to queue
[2023-08-26T17:28:33.410-0300] {logging_mixin.py:151} INFO - [2023-08-26T17:28:33.410-0300] {dagbag.py:539} INFO - Filling up the DagBag from /Users/luishmq/.pyenv/versions/3.8.13/envs/air_flow/lib/python3.8/site-packages/airflow/example_dags/example_dynamic_task_mapping_with_no_taskflow_operators.py
[2023-08-26T17:28:33.417-0300] {processor.py:839} INFO - DAG(s) dict_keys(['example_dynamic_task_mapping_with_no_taskflow_operators']) retrieved from /Users/luishmq/.pyenv/versions/3.8.13/envs/air_flow/lib/python3.8/site-packages/airflow/example_dags/example_dynamic_task_mapping_with_no_taskflow_operators.py
[2023-08-26T17:28:33.485-0300] {logging_mixin.py:151} INFO - [2023-08-26T17:28:33.485-0300] {dag.py:2907} INFO - Sync 1 DAGs
[2023-08-26T17:28:33.492-0300] {logging_mixin.py:151} INFO - [2023-08-26T17:28:33.492-0300] {dag.py:3677} INFO - Setting next_dagrun for example_dynamic_task_mapping_with_no_taskflow_operators to 2023-08-25T20:28:33.492142+00:00, run_after=2023-08-26T20:28:33.492142+00:00
[2023-08-26T17:28:33.499-0300] {processor.py:179} INFO - Processing /Users/luishmq/.pyenv/versions/3.8.13/envs/air_flow/lib/python3.8/site-packages/airflow/example_dags/example_dynamic_task_mapping_with_no_taskflow_operators.py took 0.090 seconds
[2023-08-26T17:30:04.327-0300] {processor.py:157} INFO - Started process (PID=24585) to work on /Users/luishmq/.pyenv/versions/3.8.13/envs/air_flow/lib/python3.8/site-packages/airflow/example_dags/example_dynamic_task_mapping_with_no_taskflow_operators.py
[2023-08-26T17:30:04.328-0300] {processor.py:829} INFO - Processing file /Users/luishmq/.pyenv/versions/3.8.13/envs/air_flow/lib/python3.8/site-packages/airflow/example_dags/example_dynamic_task_mapping_with_no_taskflow_operators.py for tasks to queue
[2023-08-26T17:30:04.328-0300] {logging_mixin.py:151} INFO - [2023-08-26T17:30:04.328-0300] {dagbag.py:539} INFO - Filling up the DagBag from /Users/luishmq/.pyenv/versions/3.8.13/envs/air_flow/lib/python3.8/site-packages/airflow/example_dags/example_dynamic_task_mapping_with_no_taskflow_operators.py
[2023-08-26T17:30:04.335-0300] {processor.py:839} INFO - DAG(s) dict_keys(['example_dynamic_task_mapping_with_no_taskflow_operators']) retrieved from /Users/luishmq/.pyenv/versions/3.8.13/envs/air_flow/lib/python3.8/site-packages/airflow/example_dags/example_dynamic_task_mapping_with_no_taskflow_operators.py
[2023-08-26T17:30:04.404-0300] {logging_mixin.py:151} INFO - [2023-08-26T17:30:04.404-0300] {dag.py:2907} INFO - Sync 1 DAGs
[2023-08-26T17:30:04.410-0300] {logging_mixin.py:151} INFO - [2023-08-26T17:30:04.410-0300] {dag.py:3677} INFO - Setting next_dagrun for example_dynamic_task_mapping_with_no_taskflow_operators to 2023-08-25T20:30:04.410417+00:00, run_after=2023-08-26T20:30:04.410417+00:00
[2023-08-26T17:30:04.417-0300] {processor.py:179} INFO - Processing /Users/luishmq/.pyenv/versions/3.8.13/envs/air_flow/lib/python3.8/site-packages/airflow/example_dags/example_dynamic_task_mapping_with_no_taskflow_operators.py took 0.090 seconds
[2023-08-26T17:31:57.814-0300] {processor.py:157} INFO - Started process (PID=25098) to work on /Users/luishmq/.pyenv/versions/3.8.13/envs/air_flow/lib/python3.8/site-packages/airflow/example_dags/example_dynamic_task_mapping_with_no_taskflow_operators.py
[2023-08-26T17:31:57.815-0300] {processor.py:829} INFO - Processing file /Users/luishmq/.pyenv/versions/3.8.13/envs/air_flow/lib/python3.8/site-packages/airflow/example_dags/example_dynamic_task_mapping_with_no_taskflow_operators.py for tasks to queue
[2023-08-26T17:31:57.815-0300] {logging_mixin.py:151} INFO - [2023-08-26T17:31:57.815-0300] {dagbag.py:539} INFO - Filling up the DagBag from /Users/luishmq/.pyenv/versions/3.8.13/envs/air_flow/lib/python3.8/site-packages/airflow/example_dags/example_dynamic_task_mapping_with_no_taskflow_operators.py
[2023-08-26T17:31:57.822-0300] {processor.py:839} INFO - DAG(s) dict_keys(['example_dynamic_task_mapping_with_no_taskflow_operators']) retrieved from /Users/luishmq/.pyenv/versions/3.8.13/envs/air_flow/lib/python3.8/site-packages/airflow/example_dags/example_dynamic_task_mapping_with_no_taskflow_operators.py
[2023-08-26T17:31:57.890-0300] {logging_mixin.py:151} INFO - [2023-08-26T17:31:57.890-0300] {dag.py:2907} INFO - Sync 1 DAGs
[2023-08-26T17:31:57.897-0300] {logging_mixin.py:151} INFO - [2023-08-26T17:31:57.897-0300] {dag.py:3677} INFO - Setting next_dagrun for example_dynamic_task_mapping_with_no_taskflow_operators to 2023-08-25T20:31:57.897056+00:00, run_after=2023-08-26T20:31:57.897056+00:00
[2023-08-26T17:31:57.903-0300] {processor.py:179} INFO - Processing /Users/luishmq/.pyenv/versions/3.8.13/envs/air_flow/lib/python3.8/site-packages/airflow/example_dags/example_dynamic_task_mapping_with_no_taskflow_operators.py took 0.090 seconds
[2023-08-26T17:45:58.454-0300] {processor.py:157} INFO - Started process (PID=26505) to work on /Users/luishmq/.pyenv/versions/3.8.13/envs/air_flow/lib/python3.8/site-packages/airflow/example_dags/example_dynamic_task_mapping_with_no_taskflow_operators.py
[2023-08-26T17:45:58.455-0300] {processor.py:829} INFO - Processing file /Users/luishmq/.pyenv/versions/3.8.13/envs/air_flow/lib/python3.8/site-packages/airflow/example_dags/example_dynamic_task_mapping_with_no_taskflow_operators.py for tasks to queue
[2023-08-26T17:45:58.455-0300] {logging_mixin.py:151} INFO - [2023-08-26T17:45:58.455-0300] {dagbag.py:539} INFO - Filling up the DagBag from /Users/luishmq/.pyenv/versions/3.8.13/envs/air_flow/lib/python3.8/site-packages/airflow/example_dags/example_dynamic_task_mapping_with_no_taskflow_operators.py
[2023-08-26T17:45:58.462-0300] {processor.py:839} INFO - DAG(s) dict_keys(['example_dynamic_task_mapping_with_no_taskflow_operators']) retrieved from /Users/luishmq/.pyenv/versions/3.8.13/envs/air_flow/lib/python3.8/site-packages/airflow/example_dags/example_dynamic_task_mapping_with_no_taskflow_operators.py
[2023-08-26T17:45:58.539-0300] {logging_mixin.py:151} INFO - [2023-08-26T17:45:58.539-0300] {dag.py:2907} INFO - Sync 1 DAGs
[2023-08-26T17:45:58.545-0300] {logging_mixin.py:151} INFO - [2023-08-26T17:45:58.545-0300] {dag.py:3677} INFO - Setting next_dagrun for example_dynamic_task_mapping_with_no_taskflow_operators to 2023-08-25T20:45:58.545795+00:00, run_after=2023-08-26T20:45:58.545795+00:00
[2023-08-26T17:45:58.552-0300] {processor.py:179} INFO - Processing /Users/luishmq/.pyenv/versions/3.8.13/envs/air_flow/lib/python3.8/site-packages/airflow/example_dags/example_dynamic_task_mapping_with_no_taskflow_operators.py took 0.099 seconds
