[2023-08-26T17:26:30.550-0300] {processor.py:157} INFO - Started process (PID=24101) to work on /Users/luishmq/.pyenv/versions/3.8.13/envs/air_flow/lib/python3.8/site-packages/airflow/example_dags/example_skip_dag.py
[2023-08-26T17:26:30.550-0300] {processor.py:829} INFO - Processing file /Users/luishmq/.pyenv/versions/3.8.13/envs/air_flow/lib/python3.8/site-packages/airflow/example_dags/example_skip_dag.py for tasks to queue
[2023-08-26T17:26:30.551-0300] {logging_mixin.py:151} INFO - [2023-08-26T17:26:30.550-0300] {dagbag.py:539} INFO - Filling up the DagBag from /Users/luishmq/.pyenv/versions/3.8.13/envs/air_flow/lib/python3.8/site-packages/airflow/example_dags/example_skip_dag.py
[2023-08-26T17:26:30.558-0300] {processor.py:839} INFO - DAG(s) dict_keys(['example_skip_dag']) retrieved from /Users/luishmq/.pyenv/versions/3.8.13/envs/air_flow/lib/python3.8/site-packages/airflow/example_dags/example_skip_dag.py
[2023-08-26T17:26:30.824-0300] {logging_mixin.py:151} INFO - [2023-08-26T17:26:30.824-0300] {manager.py:501} INFO - Created Permission View: can edit on DAG:example_skip_dag
[2023-08-26T17:26:30.827-0300] {logging_mixin.py:151} INFO - [2023-08-26T17:26:30.827-0300] {manager.py:501} INFO - Created Permission View: can read on DAG:example_skip_dag
[2023-08-26T17:26:30.829-0300] {logging_mixin.py:151} INFO - [2023-08-26T17:26:30.829-0300] {manager.py:501} INFO - Created Permission View: can delete on DAG:example_skip_dag
[2023-08-26T17:26:30.833-0300] {logging_mixin.py:151} INFO - [2023-08-26T17:26:30.833-0300] {dag.py:2907} INFO - Sync 1 DAGs
[2023-08-26T17:26:30.836-0300] {logging_mixin.py:151} INFO - [2023-08-26T17:26:30.836-0300] {dag.py:2929} INFO - Creating ORM DAG for example_skip_dag
[2023-08-26T17:26:30.839-0300] {logging_mixin.py:151} INFO - [2023-08-26T17:26:30.839-0300] {dag.py:3677} INFO - Setting next_dagrun for example_skip_dag to 2023-08-25T20:26:30.839585+00:00, run_after=2023-08-26T20:26:30.839585+00:00
[2023-08-26T17:26:30.845-0300] {processor.py:179} INFO - Processing /Users/luishmq/.pyenv/versions/3.8.13/envs/air_flow/lib/python3.8/site-packages/airflow/example_dags/example_skip_dag.py took 0.295 seconds
[2023-08-26T17:27:49.528-0300] {processor.py:157} INFO - Started process (PID=24281) to work on /Users/luishmq/.pyenv/versions/3.8.13/envs/air_flow/lib/python3.8/site-packages/airflow/example_dags/example_skip_dag.py
[2023-08-26T17:27:49.529-0300] {processor.py:829} INFO - Processing file /Users/luishmq/.pyenv/versions/3.8.13/envs/air_flow/lib/python3.8/site-packages/airflow/example_dags/example_skip_dag.py for tasks to queue
[2023-08-26T17:27:49.530-0300] {logging_mixin.py:151} INFO - [2023-08-26T17:27:49.530-0300] {dagbag.py:539} INFO - Filling up the DagBag from /Users/luishmq/.pyenv/versions/3.8.13/envs/air_flow/lib/python3.8/site-packages/airflow/example_dags/example_skip_dag.py
[2023-08-26T17:27:49.537-0300] {processor.py:839} INFO - DAG(s) dict_keys(['example_skip_dag']) retrieved from /Users/luishmq/.pyenv/versions/3.8.13/envs/air_flow/lib/python3.8/site-packages/airflow/example_dags/example_skip_dag.py
[2023-08-26T17:27:49.605-0300] {logging_mixin.py:151} INFO - [2023-08-26T17:27:49.605-0300] {dag.py:2907} INFO - Sync 1 DAGs
[2023-08-26T17:27:49.612-0300] {logging_mixin.py:151} INFO - [2023-08-26T17:27:49.612-0300] {dag.py:3677} INFO - Setting next_dagrun for example_skip_dag to 2023-08-25T20:27:49.612056+00:00, run_after=2023-08-26T20:27:49.612056+00:00
[2023-08-26T17:27:49.619-0300] {processor.py:179} INFO - Processing /Users/luishmq/.pyenv/versions/3.8.13/envs/air_flow/lib/python3.8/site-packages/airflow/example_dags/example_skip_dag.py took 0.091 seconds
[2023-08-26T17:29:20.800-0300] {processor.py:157} INFO - Started process (PID=24485) to work on /Users/luishmq/.pyenv/versions/3.8.13/envs/air_flow/lib/python3.8/site-packages/airflow/example_dags/example_skip_dag.py
[2023-08-26T17:29:20.801-0300] {processor.py:829} INFO - Processing file /Users/luishmq/.pyenv/versions/3.8.13/envs/air_flow/lib/python3.8/site-packages/airflow/example_dags/example_skip_dag.py for tasks to queue
[2023-08-26T17:29:20.801-0300] {logging_mixin.py:151} INFO - [2023-08-26T17:29:20.801-0300] {dagbag.py:539} INFO - Filling up the DagBag from /Users/luishmq/.pyenv/versions/3.8.13/envs/air_flow/lib/python3.8/site-packages/airflow/example_dags/example_skip_dag.py
[2023-08-26T17:29:20.809-0300] {processor.py:839} INFO - DAG(s) dict_keys(['example_skip_dag']) retrieved from /Users/luishmq/.pyenv/versions/3.8.13/envs/air_flow/lib/python3.8/site-packages/airflow/example_dags/example_skip_dag.py
[2023-08-26T17:29:20.881-0300] {logging_mixin.py:151} INFO - [2023-08-26T17:29:20.881-0300] {dag.py:2907} INFO - Sync 1 DAGs
[2023-08-26T17:29:20.888-0300] {logging_mixin.py:151} INFO - [2023-08-26T17:29:20.888-0300] {dag.py:3677} INFO - Setting next_dagrun for example_skip_dag to 2023-08-25T20:29:20.887957+00:00, run_after=2023-08-26T20:29:20.887957+00:00
[2023-08-26T17:29:20.895-0300] {processor.py:179} INFO - Processing /Users/luishmq/.pyenv/versions/3.8.13/envs/air_flow/lib/python3.8/site-packages/airflow/example_dags/example_skip_dag.py took 0.095 seconds
[2023-08-26T17:30:53.821-0300] {processor.py:157} INFO - Started process (PID=24731) to work on /Users/luishmq/.pyenv/versions/3.8.13/envs/air_flow/lib/python3.8/site-packages/airflow/example_dags/example_skip_dag.py
[2023-08-26T17:30:53.822-0300] {processor.py:829} INFO - Processing file /Users/luishmq/.pyenv/versions/3.8.13/envs/air_flow/lib/python3.8/site-packages/airflow/example_dags/example_skip_dag.py for tasks to queue
[2023-08-26T17:30:53.822-0300] {logging_mixin.py:151} INFO - [2023-08-26T17:30:53.822-0300] {dagbag.py:539} INFO - Filling up the DagBag from /Users/luishmq/.pyenv/versions/3.8.13/envs/air_flow/lib/python3.8/site-packages/airflow/example_dags/example_skip_dag.py
[2023-08-26T17:30:53.829-0300] {processor.py:839} INFO - DAG(s) dict_keys(['example_skip_dag']) retrieved from /Users/luishmq/.pyenv/versions/3.8.13/envs/air_flow/lib/python3.8/site-packages/airflow/example_dags/example_skip_dag.py
[2023-08-26T17:30:53.899-0300] {logging_mixin.py:151} INFO - [2023-08-26T17:30:53.899-0300] {dag.py:2907} INFO - Sync 1 DAGs
[2023-08-26T17:30:53.905-0300] {logging_mixin.py:151} INFO - [2023-08-26T17:30:53.905-0300] {dag.py:3677} INFO - Setting next_dagrun for example_skip_dag to 2023-08-25T20:30:53.905776+00:00, run_after=2023-08-26T20:30:53.905776+00:00
[2023-08-26T17:30:53.913-0300] {processor.py:179} INFO - Processing /Users/luishmq/.pyenv/versions/3.8.13/envs/air_flow/lib/python3.8/site-packages/airflow/example_dags/example_skip_dag.py took 0.092 seconds
[2023-08-26T17:33:12.036-0300] {processor.py:157} INFO - Started process (PID=25245) to work on /Users/luishmq/.pyenv/versions/3.8.13/envs/air_flow/lib/python3.8/site-packages/airflow/example_dags/example_skip_dag.py
[2023-08-26T17:33:12.036-0300] {processor.py:829} INFO - Processing file /Users/luishmq/.pyenv/versions/3.8.13/envs/air_flow/lib/python3.8/site-packages/airflow/example_dags/example_skip_dag.py for tasks to queue
[2023-08-26T17:33:12.036-0300] {logging_mixin.py:151} INFO - [2023-08-26T17:33:12.036-0300] {dagbag.py:539} INFO - Filling up the DagBag from /Users/luishmq/.pyenv/versions/3.8.13/envs/air_flow/lib/python3.8/site-packages/airflow/example_dags/example_skip_dag.py
[2023-08-26T17:33:12.044-0300] {processor.py:839} INFO - DAG(s) dict_keys(['example_skip_dag']) retrieved from /Users/luishmq/.pyenv/versions/3.8.13/envs/air_flow/lib/python3.8/site-packages/airflow/example_dags/example_skip_dag.py
[2023-08-26T17:33:12.117-0300] {logging_mixin.py:151} INFO - [2023-08-26T17:33:12.117-0300] {dag.py:2907} INFO - Sync 1 DAGs
[2023-08-26T17:33:12.124-0300] {logging_mixin.py:151} INFO - [2023-08-26T17:33:12.124-0300] {dag.py:3677} INFO - Setting next_dagrun for example_skip_dag to 2023-08-25T20:33:12.124161+00:00, run_after=2023-08-26T20:33:12.124161+00:00
[2023-08-26T17:33:12.130-0300] {processor.py:179} INFO - Processing /Users/luishmq/.pyenv/versions/3.8.13/envs/air_flow/lib/python3.8/site-packages/airflow/example_dags/example_skip_dag.py took 0.095 seconds
[2023-08-26T17:43:58.453-0300] {processor.py:157} INFO - Started process (PID=26305) to work on /Users/luishmq/.pyenv/versions/3.8.13/envs/air_flow/lib/python3.8/site-packages/airflow/example_dags/example_skip_dag.py
[2023-08-26T17:43:58.454-0300] {processor.py:829} INFO - Processing file /Users/luishmq/.pyenv/versions/3.8.13/envs/air_flow/lib/python3.8/site-packages/airflow/example_dags/example_skip_dag.py for tasks to queue
[2023-08-26T17:43:58.454-0300] {logging_mixin.py:151} INFO - [2023-08-26T17:43:58.454-0300] {dagbag.py:539} INFO - Filling up the DagBag from /Users/luishmq/.pyenv/versions/3.8.13/envs/air_flow/lib/python3.8/site-packages/airflow/example_dags/example_skip_dag.py
[2023-08-26T17:43:58.461-0300] {processor.py:839} INFO - DAG(s) dict_keys(['example_skip_dag']) retrieved from /Users/luishmq/.pyenv/versions/3.8.13/envs/air_flow/lib/python3.8/site-packages/airflow/example_dags/example_skip_dag.py
[2023-08-26T17:43:58.531-0300] {logging_mixin.py:151} INFO - [2023-08-26T17:43:58.531-0300] {dag.py:2907} INFO - Sync 1 DAGs
[2023-08-26T17:43:58.538-0300] {logging_mixin.py:151} INFO - [2023-08-26T17:43:58.538-0300] {dag.py:3677} INFO - Setting next_dagrun for example_skip_dag to 2023-08-25T20:43:58.537971+00:00, run_after=2023-08-26T20:43:58.537971+00:00
[2023-08-26T17:43:58.545-0300] {processor.py:179} INFO - Processing /Users/luishmq/.pyenv/versions/3.8.13/envs/air_flow/lib/python3.8/site-packages/airflow/example_dags/example_skip_dag.py took 0.092 seconds
[2023-08-26T17:53:42.791-0300] {processor.py:157} INFO - Started process (PID=27800) to work on /Users/luishmq/.pyenv/versions/3.8.13/envs/air_flow/lib/python3.8/site-packages/airflow/example_dags/example_skip_dag.py
[2023-08-26T17:53:42.792-0300] {processor.py:829} INFO - Processing file /Users/luishmq/.pyenv/versions/3.8.13/envs/air_flow/lib/python3.8/site-packages/airflow/example_dags/example_skip_dag.py for tasks to queue
[2023-08-26T17:53:42.792-0300] {logging_mixin.py:151} INFO - [2023-08-26T17:53:42.792-0300] {dagbag.py:539} INFO - Filling up the DagBag from /Users/luishmq/.pyenv/versions/3.8.13/envs/air_flow/lib/python3.8/site-packages/airflow/example_dags/example_skip_dag.py
[2023-08-26T17:53:42.799-0300] {processor.py:839} INFO - DAG(s) dict_keys(['example_skip_dag']) retrieved from /Users/luishmq/.pyenv/versions/3.8.13/envs/air_flow/lib/python3.8/site-packages/airflow/example_dags/example_skip_dag.py
[2023-08-26T17:53:42.869-0300] {logging_mixin.py:151} INFO - [2023-08-26T17:53:42.868-0300] {dag.py:2907} INFO - Sync 1 DAGs
[2023-08-26T17:53:42.875-0300] {logging_mixin.py:151} INFO - [2023-08-26T17:53:42.875-0300] {dag.py:3677} INFO - Setting next_dagrun for example_skip_dag to 2023-08-25T20:53:42.875216+00:00, run_after=2023-08-26T20:53:42.875216+00:00
[2023-08-26T17:53:42.882-0300] {processor.py:179} INFO - Processing /Users/luishmq/.pyenv/versions/3.8.13/envs/air_flow/lib/python3.8/site-packages/airflow/example_dags/example_skip_dag.py took 0.091 seconds
