[2023-08-26T17:26:34.518-0300] {processor.py:157} INFO - Started process (PID=24112) to work on /Users/luishmq/.pyenv/versions/3.8.13/envs/air_flow/lib/python3.8/site-packages/airflow/example_dags/example_setup_teardown_taskflow.py
[2023-08-26T17:26:34.518-0300] {processor.py:829} INFO - Processing file /Users/luishmq/.pyenv/versions/3.8.13/envs/air_flow/lib/python3.8/site-packages/airflow/example_dags/example_setup_teardown_taskflow.py for tasks to queue
[2023-08-26T17:26:34.518-0300] {logging_mixin.py:151} INFO - [2023-08-26T17:26:34.518-0300] {dagbag.py:539} INFO - Filling up the DagBag from /Users/luishmq/.pyenv/versions/3.8.13/envs/air_flow/lib/python3.8/site-packages/airflow/example_dags/example_setup_teardown_taskflow.py
[2023-08-26T17:26:34.539-0300] {processor.py:839} INFO - DAG(s) dict_keys(['example_setup_teardown_taskflow']) retrieved from /Users/luishmq/.pyenv/versions/3.8.13/envs/air_flow/lib/python3.8/site-packages/airflow/example_dags/example_setup_teardown_taskflow.py
[2023-08-26T17:26:34.808-0300] {logging_mixin.py:151} INFO - [2023-08-26T17:26:34.808-0300] {manager.py:501} INFO - Created Permission View: can edit on DAG:example_setup_teardown_taskflow
[2023-08-26T17:26:34.811-0300] {logging_mixin.py:151} INFO - [2023-08-26T17:26:34.811-0300] {manager.py:501} INFO - Created Permission View: can read on DAG:example_setup_teardown_taskflow
[2023-08-26T17:26:34.813-0300] {logging_mixin.py:151} INFO - [2023-08-26T17:26:34.813-0300] {manager.py:501} INFO - Created Permission View: can delete on DAG:example_setup_teardown_taskflow
[2023-08-26T17:26:34.817-0300] {logging_mixin.py:151} INFO - [2023-08-26T17:26:34.817-0300] {dag.py:2907} INFO - Sync 1 DAGs
[2023-08-26T17:26:34.821-0300] {logging_mixin.py:151} INFO - [2023-08-26T17:26:34.821-0300] {dag.py:2929} INFO - Creating ORM DAG for example_setup_teardown_taskflow
[2023-08-26T17:26:34.824-0300] {logging_mixin.py:151} INFO - [2023-08-26T17:26:34.824-0300] {dag.py:3677} INFO - Setting next_dagrun for example_setup_teardown_taskflow to 2023-08-25T20:26:34.824150+00:00, run_after=2023-08-26T20:26:34.824150+00:00
[2023-08-26T17:26:34.830-0300] {processor.py:179} INFO - Processing /Users/luishmq/.pyenv/versions/3.8.13/envs/air_flow/lib/python3.8/site-packages/airflow/example_dags/example_setup_teardown_taskflow.py took 0.312 seconds
[2023-08-26T17:27:54.205-0300] {processor.py:157} INFO - Started process (PID=24291) to work on /Users/luishmq/.pyenv/versions/3.8.13/envs/air_flow/lib/python3.8/site-packages/airflow/example_dags/example_setup_teardown_taskflow.py
[2023-08-26T17:27:54.206-0300] {processor.py:829} INFO - Processing file /Users/luishmq/.pyenv/versions/3.8.13/envs/air_flow/lib/python3.8/site-packages/airflow/example_dags/example_setup_teardown_taskflow.py for tasks to queue
[2023-08-26T17:27:54.206-0300] {logging_mixin.py:151} INFO - [2023-08-26T17:27:54.206-0300] {dagbag.py:539} INFO - Filling up the DagBag from /Users/luishmq/.pyenv/versions/3.8.13/envs/air_flow/lib/python3.8/site-packages/airflow/example_dags/example_setup_teardown_taskflow.py
[2023-08-26T17:27:54.225-0300] {processor.py:839} INFO - DAG(s) dict_keys(['example_setup_teardown_taskflow']) retrieved from /Users/luishmq/.pyenv/versions/3.8.13/envs/air_flow/lib/python3.8/site-packages/airflow/example_dags/example_setup_teardown_taskflow.py
[2023-08-26T17:27:54.291-0300] {logging_mixin.py:151} INFO - [2023-08-26T17:27:54.291-0300] {dag.py:2907} INFO - Sync 1 DAGs
[2023-08-26T17:27:54.299-0300] {logging_mixin.py:151} INFO - [2023-08-26T17:27:54.298-0300] {dag.py:3677} INFO - Setting next_dagrun for example_setup_teardown_taskflow to 2023-08-25T20:27:54.298911+00:00, run_after=2023-08-26T20:27:54.298911+00:00
[2023-08-26T17:27:54.306-0300] {processor.py:179} INFO - Processing /Users/luishmq/.pyenv/versions/3.8.13/envs/air_flow/lib/python3.8/site-packages/airflow/example_dags/example_setup_teardown_taskflow.py took 0.101 seconds
[2023-08-26T17:29:24.680-0300] {processor.py:157} INFO - Started process (PID=24496) to work on /Users/luishmq/.pyenv/versions/3.8.13/envs/air_flow/lib/python3.8/site-packages/airflow/example_dags/example_setup_teardown_taskflow.py
[2023-08-26T17:29:24.680-0300] {processor.py:829} INFO - Processing file /Users/luishmq/.pyenv/versions/3.8.13/envs/air_flow/lib/python3.8/site-packages/airflow/example_dags/example_setup_teardown_taskflow.py for tasks to queue
[2023-08-26T17:29:24.681-0300] {logging_mixin.py:151} INFO - [2023-08-26T17:29:24.681-0300] {dagbag.py:539} INFO - Filling up the DagBag from /Users/luishmq/.pyenv/versions/3.8.13/envs/air_flow/lib/python3.8/site-packages/airflow/example_dags/example_setup_teardown_taskflow.py
[2023-08-26T17:29:24.700-0300] {processor.py:839} INFO - DAG(s) dict_keys(['example_setup_teardown_taskflow']) retrieved from /Users/luishmq/.pyenv/versions/3.8.13/envs/air_flow/lib/python3.8/site-packages/airflow/example_dags/example_setup_teardown_taskflow.py
[2023-08-26T17:29:24.767-0300] {logging_mixin.py:151} INFO - [2023-08-26T17:29:24.766-0300] {dag.py:2907} INFO - Sync 1 DAGs
[2023-08-26T17:29:24.773-0300] {logging_mixin.py:151} INFO - [2023-08-26T17:29:24.773-0300] {dag.py:3677} INFO - Setting next_dagrun for example_setup_teardown_taskflow to 2023-08-25T20:29:24.773537+00:00, run_after=2023-08-26T20:29:24.773537+00:00
[2023-08-26T17:29:24.780-0300] {processor.py:179} INFO - Processing /Users/luishmq/.pyenv/versions/3.8.13/envs/air_flow/lib/python3.8/site-packages/airflow/example_dags/example_setup_teardown_taskflow.py took 0.101 seconds
[2023-08-26T17:30:58.954-0300] {processor.py:157} INFO - Started process (PID=24742) to work on /Users/luishmq/.pyenv/versions/3.8.13/envs/air_flow/lib/python3.8/site-packages/airflow/example_dags/example_setup_teardown_taskflow.py
[2023-08-26T17:30:58.954-0300] {processor.py:829} INFO - Processing file /Users/luishmq/.pyenv/versions/3.8.13/envs/air_flow/lib/python3.8/site-packages/airflow/example_dags/example_setup_teardown_taskflow.py for tasks to queue
[2023-08-26T17:30:58.954-0300] {logging_mixin.py:151} INFO - [2023-08-26T17:30:58.954-0300] {dagbag.py:539} INFO - Filling up the DagBag from /Users/luishmq/.pyenv/versions/3.8.13/envs/air_flow/lib/python3.8/site-packages/airflow/example_dags/example_setup_teardown_taskflow.py
[2023-08-26T17:30:58.975-0300] {processor.py:839} INFO - DAG(s) dict_keys(['example_setup_teardown_taskflow']) retrieved from /Users/luishmq/.pyenv/versions/3.8.13/envs/air_flow/lib/python3.8/site-packages/airflow/example_dags/example_setup_teardown_taskflow.py
[2023-08-26T17:30:59.052-0300] {logging_mixin.py:151} INFO - [2023-08-26T17:30:59.051-0300] {dag.py:2907} INFO - Sync 1 DAGs
[2023-08-26T17:30:59.059-0300] {logging_mixin.py:151} INFO - [2023-08-26T17:30:59.059-0300] {dag.py:3677} INFO - Setting next_dagrun for example_setup_teardown_taskflow to 2023-08-25T20:30:59.059282+00:00, run_after=2023-08-26T20:30:59.059282+00:00
[2023-08-26T17:30:59.066-0300] {processor.py:179} INFO - Processing /Users/luishmq/.pyenv/versions/3.8.13/envs/air_flow/lib/python3.8/site-packages/airflow/example_dags/example_setup_teardown_taskflow.py took 0.112 seconds
[2023-08-26T17:33:54.134-0300] {processor.py:157} INFO - Started process (PID=25312) to work on /Users/luishmq/.pyenv/versions/3.8.13/envs/air_flow/lib/python3.8/site-packages/airflow/example_dags/example_setup_teardown_taskflow.py
[2023-08-26T17:33:54.135-0300] {processor.py:829} INFO - Processing file /Users/luishmq/.pyenv/versions/3.8.13/envs/air_flow/lib/python3.8/site-packages/airflow/example_dags/example_setup_teardown_taskflow.py for tasks to queue
[2023-08-26T17:33:54.135-0300] {logging_mixin.py:151} INFO - [2023-08-26T17:33:54.135-0300] {dagbag.py:539} INFO - Filling up the DagBag from /Users/luishmq/.pyenv/versions/3.8.13/envs/air_flow/lib/python3.8/site-packages/airflow/example_dags/example_setup_teardown_taskflow.py
[2023-08-26T17:33:54.154-0300] {processor.py:839} INFO - DAG(s) dict_keys(['example_setup_teardown_taskflow']) retrieved from /Users/luishmq/.pyenv/versions/3.8.13/envs/air_flow/lib/python3.8/site-packages/airflow/example_dags/example_setup_teardown_taskflow.py
[2023-08-26T17:33:54.222-0300] {logging_mixin.py:151} INFO - [2023-08-26T17:33:54.222-0300] {dag.py:2907} INFO - Sync 1 DAGs
[2023-08-26T17:33:54.229-0300] {logging_mixin.py:151} INFO - [2023-08-26T17:33:54.229-0300] {dag.py:3677} INFO - Setting next_dagrun for example_setup_teardown_taskflow to 2023-08-25T20:33:54.228992+00:00, run_after=2023-08-26T20:33:54.228992+00:00
[2023-08-26T17:33:54.235-0300] {processor.py:179} INFO - Processing /Users/luishmq/.pyenv/versions/3.8.13/envs/air_flow/lib/python3.8/site-packages/airflow/example_dags/example_setup_teardown_taskflow.py took 0.101 seconds
[2023-08-26T17:44:03.476-0300] {processor.py:157} INFO - Started process (PID=26316) to work on /Users/luishmq/.pyenv/versions/3.8.13/envs/air_flow/lib/python3.8/site-packages/airflow/example_dags/example_setup_teardown_taskflow.py
[2023-08-26T17:44:03.477-0300] {processor.py:829} INFO - Processing file /Users/luishmq/.pyenv/versions/3.8.13/envs/air_flow/lib/python3.8/site-packages/airflow/example_dags/example_setup_teardown_taskflow.py for tasks to queue
[2023-08-26T17:44:03.477-0300] {logging_mixin.py:151} INFO - [2023-08-26T17:44:03.477-0300] {dagbag.py:539} INFO - Filling up the DagBag from /Users/luishmq/.pyenv/versions/3.8.13/envs/air_flow/lib/python3.8/site-packages/airflow/example_dags/example_setup_teardown_taskflow.py
[2023-08-26T17:44:03.496-0300] {processor.py:839} INFO - DAG(s) dict_keys(['example_setup_teardown_taskflow']) retrieved from /Users/luishmq/.pyenv/versions/3.8.13/envs/air_flow/lib/python3.8/site-packages/airflow/example_dags/example_setup_teardown_taskflow.py
[2023-08-26T17:44:03.563-0300] {logging_mixin.py:151} INFO - [2023-08-26T17:44:03.563-0300] {dag.py:2907} INFO - Sync 1 DAGs
[2023-08-26T17:44:03.570-0300] {logging_mixin.py:151} INFO - [2023-08-26T17:44:03.570-0300] {dag.py:3677} INFO - Setting next_dagrun for example_setup_teardown_taskflow to 2023-08-25T20:44:03.569970+00:00, run_after=2023-08-26T20:44:03.569970+00:00
[2023-08-26T17:44:03.576-0300] {processor.py:179} INFO - Processing /Users/luishmq/.pyenv/versions/3.8.13/envs/air_flow/lib/python3.8/site-packages/airflow/example_dags/example_setup_teardown_taskflow.py took 0.100 seconds
[2023-08-26T17:54:18.474-0300] {processor.py:157} INFO - Started process (PID=27861) to work on /Users/luishmq/.pyenv/versions/3.8.13/envs/air_flow/lib/python3.8/site-packages/airflow/example_dags/example_setup_teardown_taskflow.py
[2023-08-26T17:54:18.475-0300] {processor.py:829} INFO - Processing file /Users/luishmq/.pyenv/versions/3.8.13/envs/air_flow/lib/python3.8/site-packages/airflow/example_dags/example_setup_teardown_taskflow.py for tasks to queue
[2023-08-26T17:54:18.475-0300] {logging_mixin.py:151} INFO - [2023-08-26T17:54:18.475-0300] {dagbag.py:539} INFO - Filling up the DagBag from /Users/luishmq/.pyenv/versions/3.8.13/envs/air_flow/lib/python3.8/site-packages/airflow/example_dags/example_setup_teardown_taskflow.py
[2023-08-26T17:54:18.494-0300] {processor.py:839} INFO - DAG(s) dict_keys(['example_setup_teardown_taskflow']) retrieved from /Users/luishmq/.pyenv/versions/3.8.13/envs/air_flow/lib/python3.8/site-packages/airflow/example_dags/example_setup_teardown_taskflow.py
[2023-08-26T17:54:18.562-0300] {logging_mixin.py:151} INFO - [2023-08-26T17:54:18.562-0300] {dag.py:2907} INFO - Sync 1 DAGs
[2023-08-26T17:54:18.568-0300] {logging_mixin.py:151} INFO - [2023-08-26T17:54:18.568-0300] {dag.py:3677} INFO - Setting next_dagrun for example_setup_teardown_taskflow to 2023-08-25T20:54:18.568814+00:00, run_after=2023-08-26T20:54:18.568814+00:00
[2023-08-26T17:54:18.575-0300] {processor.py:179} INFO - Processing /Users/luishmq/.pyenv/versions/3.8.13/envs/air_flow/lib/python3.8/site-packages/airflow/example_dags/example_setup_teardown_taskflow.py took 0.101 seconds
