[2023-08-26T17:26:42.426-0300] {processor.py:157} INFO - Started process (PID=24127) to work on /Users/luishmq/.pyenv/versions/3.8.13/envs/air_flow/lib/python3.8/site-packages/airflow/example_dags/example_python_operator.py
[2023-08-26T17:26:42.427-0300] {processor.py:829} INFO - Processing file /Users/luishmq/.pyenv/versions/3.8.13/envs/air_flow/lib/python3.8/site-packages/airflow/example_dags/example_python_operator.py for tasks to queue
[2023-08-26T17:26:42.427-0300] {logging_mixin.py:151} INFO - [2023-08-26T17:26:42.427-0300] {dagbag.py:539} INFO - Filling up the DagBag from /Users/luishmq/.pyenv/versions/3.8.13/envs/air_flow/lib/python3.8/site-packages/airflow/example_dags/example_python_operator.py
[2023-08-26T17:26:42.445-0300] {logging_mixin.py:151} INFO - [2023-08-26T17:26:42.444-0300] {example_python_operator.py:89} WARNING - The virtalenv_python example task requires virtualenv, please install it.
[2023-08-26T17:26:42.447-0300] {processor.py:839} INFO - DAG(s) dict_keys(['example_python_operator']) retrieved from /Users/luishmq/.pyenv/versions/3.8.13/envs/air_flow/lib/python3.8/site-packages/airflow/example_dags/example_python_operator.py
[2023-08-26T17:26:42.713-0300] {logging_mixin.py:151} INFO - [2023-08-26T17:26:42.713-0300] {manager.py:501} INFO - Created Permission View: can delete on DAG:example_python_operator
[2023-08-26T17:26:42.716-0300] {logging_mixin.py:151} INFO - [2023-08-26T17:26:42.716-0300] {manager.py:501} INFO - Created Permission View: can edit on DAG:example_python_operator
[2023-08-26T17:26:42.718-0300] {logging_mixin.py:151} INFO - [2023-08-26T17:26:42.718-0300] {manager.py:501} INFO - Created Permission View: can read on DAG:example_python_operator
[2023-08-26T17:26:42.722-0300] {logging_mixin.py:151} INFO - [2023-08-26T17:26:42.721-0300] {dag.py:2907} INFO - Sync 1 DAGs
[2023-08-26T17:26:42.725-0300] {logging_mixin.py:151} INFO - [2023-08-26T17:26:42.725-0300] {dag.py:2929} INFO - Creating ORM DAG for example_python_operator
[2023-08-26T17:26:42.726-0300] {logging_mixin.py:151} INFO - [2023-08-26T17:26:42.726-0300] {dag.py:3677} INFO - Setting next_dagrun for example_python_operator to None, run_after=None
[2023-08-26T17:26:42.732-0300] {processor.py:179} INFO - Processing /Users/luishmq/.pyenv/versions/3.8.13/envs/air_flow/lib/python3.8/site-packages/airflow/example_dags/example_python_operator.py took 0.306 seconds
[2023-08-26T17:27:59.626-0300] {processor.py:157} INFO - Started process (PID=24305) to work on /Users/luishmq/.pyenv/versions/3.8.13/envs/air_flow/lib/python3.8/site-packages/airflow/example_dags/example_python_operator.py
[2023-08-26T17:27:59.627-0300] {processor.py:829} INFO - Processing file /Users/luishmq/.pyenv/versions/3.8.13/envs/air_flow/lib/python3.8/site-packages/airflow/example_dags/example_python_operator.py for tasks to queue
[2023-08-26T17:27:59.627-0300] {logging_mixin.py:151} INFO - [2023-08-26T17:27:59.627-0300] {dagbag.py:539} INFO - Filling up the DagBag from /Users/luishmq/.pyenv/versions/3.8.13/envs/air_flow/lib/python3.8/site-packages/airflow/example_dags/example_python_operator.py
[2023-08-26T17:27:59.644-0300] {logging_mixin.py:151} INFO - [2023-08-26T17:27:59.644-0300] {example_python_operator.py:89} WARNING - The virtalenv_python example task requires virtualenv, please install it.
[2023-08-26T17:27:59.646-0300] {processor.py:839} INFO - DAG(s) dict_keys(['example_python_operator']) retrieved from /Users/luishmq/.pyenv/versions/3.8.13/envs/air_flow/lib/python3.8/site-packages/airflow/example_dags/example_python_operator.py
[2023-08-26T17:27:59.712-0300] {logging_mixin.py:151} INFO - [2023-08-26T17:27:59.712-0300] {dag.py:2907} INFO - Sync 1 DAGs
[2023-08-26T17:27:59.716-0300] {logging_mixin.py:151} INFO - [2023-08-26T17:27:59.716-0300] {dag.py:3677} INFO - Setting next_dagrun for example_python_operator to None, run_after=None
[2023-08-26T17:27:59.724-0300] {processor.py:179} INFO - Processing /Users/luishmq/.pyenv/versions/3.8.13/envs/air_flow/lib/python3.8/site-packages/airflow/example_dags/example_python_operator.py took 0.098 seconds
[2023-08-26T17:29:31.528-0300] {processor.py:157} INFO - Started process (PID=24511) to work on /Users/luishmq/.pyenv/versions/3.8.13/envs/air_flow/lib/python3.8/site-packages/airflow/example_dags/example_python_operator.py
[2023-08-26T17:29:31.529-0300] {processor.py:829} INFO - Processing file /Users/luishmq/.pyenv/versions/3.8.13/envs/air_flow/lib/python3.8/site-packages/airflow/example_dags/example_python_operator.py for tasks to queue
[2023-08-26T17:29:31.529-0300] {logging_mixin.py:151} INFO - [2023-08-26T17:29:31.529-0300] {dagbag.py:539} INFO - Filling up the DagBag from /Users/luishmq/.pyenv/versions/3.8.13/envs/air_flow/lib/python3.8/site-packages/airflow/example_dags/example_python_operator.py
[2023-08-26T17:29:31.547-0300] {logging_mixin.py:151} INFO - [2023-08-26T17:29:31.547-0300] {example_python_operator.py:89} WARNING - The virtalenv_python example task requires virtualenv, please install it.
[2023-08-26T17:29:31.549-0300] {processor.py:839} INFO - DAG(s) dict_keys(['example_python_operator']) retrieved from /Users/luishmq/.pyenv/versions/3.8.13/envs/air_flow/lib/python3.8/site-packages/airflow/example_dags/example_python_operator.py
[2023-08-26T17:29:31.615-0300] {logging_mixin.py:151} INFO - [2023-08-26T17:29:31.615-0300] {dag.py:2907} INFO - Sync 1 DAGs
[2023-08-26T17:29:31.619-0300] {logging_mixin.py:151} INFO - [2023-08-26T17:29:31.619-0300] {dag.py:3677} INFO - Setting next_dagrun for example_python_operator to None, run_after=None
[2023-08-26T17:29:31.626-0300] {processor.py:179} INFO - Processing /Users/luishmq/.pyenv/versions/3.8.13/envs/air_flow/lib/python3.8/site-packages/airflow/example_dags/example_python_operator.py took 0.098 seconds
[2023-08-26T17:31:04.666-0300] {processor.py:157} INFO - Started process (PID=24859) to work on /Users/luishmq/.pyenv/versions/3.8.13/envs/air_flow/lib/python3.8/site-packages/airflow/example_dags/example_python_operator.py
[2023-08-26T17:31:04.667-0300] {processor.py:829} INFO - Processing file /Users/luishmq/.pyenv/versions/3.8.13/envs/air_flow/lib/python3.8/site-packages/airflow/example_dags/example_python_operator.py for tasks to queue
[2023-08-26T17:31:04.668-0300] {logging_mixin.py:151} INFO - [2023-08-26T17:31:04.668-0300] {dagbag.py:539} INFO - Filling up the DagBag from /Users/luishmq/.pyenv/versions/3.8.13/envs/air_flow/lib/python3.8/site-packages/airflow/example_dags/example_python_operator.py
[2023-08-26T17:31:04.685-0300] {logging_mixin.py:151} INFO - [2023-08-26T17:31:04.684-0300] {example_python_operator.py:89} WARNING - The virtalenv_python example task requires virtualenv, please install it.
[2023-08-26T17:31:04.687-0300] {processor.py:839} INFO - DAG(s) dict_keys(['example_python_operator']) retrieved from /Users/luishmq/.pyenv/versions/3.8.13/envs/air_flow/lib/python3.8/site-packages/airflow/example_dags/example_python_operator.py
[2023-08-26T17:31:04.753-0300] {logging_mixin.py:151} INFO - [2023-08-26T17:31:04.753-0300] {dag.py:2907} INFO - Sync 1 DAGs
[2023-08-26T17:31:04.757-0300] {logging_mixin.py:151} INFO - [2023-08-26T17:31:04.756-0300] {dag.py:3677} INFO - Setting next_dagrun for example_python_operator to None, run_after=None
[2023-08-26T17:31:04.763-0300] {processor.py:179} INFO - Processing /Users/luishmq/.pyenv/versions/3.8.13/envs/air_flow/lib/python3.8/site-packages/airflow/example_dags/example_python_operator.py took 0.098 seconds
[2023-08-26T17:35:21.556-0300] {processor.py:157} INFO - Started process (PID=25448) to work on /Users/luishmq/.pyenv/versions/3.8.13/envs/air_flow/lib/python3.8/site-packages/airflow/example_dags/example_python_operator.py
[2023-08-26T17:35:21.556-0300] {processor.py:829} INFO - Processing file /Users/luishmq/.pyenv/versions/3.8.13/envs/air_flow/lib/python3.8/site-packages/airflow/example_dags/example_python_operator.py for tasks to queue
[2023-08-26T17:35:21.556-0300] {logging_mixin.py:151} INFO - [2023-08-26T17:35:21.556-0300] {dagbag.py:539} INFO - Filling up the DagBag from /Users/luishmq/.pyenv/versions/3.8.13/envs/air_flow/lib/python3.8/site-packages/airflow/example_dags/example_python_operator.py
[2023-08-26T17:35:21.574-0300] {logging_mixin.py:151} INFO - [2023-08-26T17:35:21.574-0300] {example_python_operator.py:89} WARNING - The virtalenv_python example task requires virtualenv, please install it.
[2023-08-26T17:35:21.577-0300] {processor.py:839} INFO - DAG(s) dict_keys(['example_python_operator']) retrieved from /Users/luishmq/.pyenv/versions/3.8.13/envs/air_flow/lib/python3.8/site-packages/airflow/example_dags/example_python_operator.py
[2023-08-26T17:35:21.645-0300] {logging_mixin.py:151} INFO - [2023-08-26T17:35:21.644-0300] {dag.py:2907} INFO - Sync 1 DAGs
[2023-08-26T17:35:21.649-0300] {logging_mixin.py:151} INFO - [2023-08-26T17:35:21.648-0300] {dag.py:3677} INFO - Setting next_dagrun for example_python_operator to None, run_after=None
[2023-08-26T17:35:21.655-0300] {processor.py:179} INFO - Processing /Users/luishmq/.pyenv/versions/3.8.13/envs/air_flow/lib/python3.8/site-packages/airflow/example_dags/example_python_operator.py took 0.100 seconds
[2023-08-26T17:44:59.541-0300] {processor.py:157} INFO - Started process (PID=26405) to work on /Users/luishmq/.pyenv/versions/3.8.13/envs/air_flow/lib/python3.8/site-packages/airflow/example_dags/example_python_operator.py
[2023-08-26T17:44:59.541-0300] {processor.py:829} INFO - Processing file /Users/luishmq/.pyenv/versions/3.8.13/envs/air_flow/lib/python3.8/site-packages/airflow/example_dags/example_python_operator.py for tasks to queue
[2023-08-26T17:44:59.541-0300] {logging_mixin.py:151} INFO - [2023-08-26T17:44:59.541-0300] {dagbag.py:539} INFO - Filling up the DagBag from /Users/luishmq/.pyenv/versions/3.8.13/envs/air_flow/lib/python3.8/site-packages/airflow/example_dags/example_python_operator.py
[2023-08-26T17:44:59.559-0300] {logging_mixin.py:151} INFO - [2023-08-26T17:44:59.559-0300] {example_python_operator.py:89} WARNING - The virtalenv_python example task requires virtualenv, please install it.
[2023-08-26T17:44:59.562-0300] {processor.py:839} INFO - DAG(s) dict_keys(['example_python_operator']) retrieved from /Users/luishmq/.pyenv/versions/3.8.13/envs/air_flow/lib/python3.8/site-packages/airflow/example_dags/example_python_operator.py
[2023-08-26T17:44:59.628-0300] {logging_mixin.py:151} INFO - [2023-08-26T17:44:59.628-0300] {dag.py:2907} INFO - Sync 1 DAGs
[2023-08-26T17:44:59.632-0300] {logging_mixin.py:151} INFO - [2023-08-26T17:44:59.632-0300] {dag.py:3677} INFO - Setting next_dagrun for example_python_operator to None, run_after=None
[2023-08-26T17:44:59.639-0300] {processor.py:179} INFO - Processing /Users/luishmq/.pyenv/versions/3.8.13/envs/air_flow/lib/python3.8/site-packages/airflow/example_dags/example_python_operator.py took 0.098 seconds
[2023-08-26T17:54:48.929-0300] {processor.py:157} INFO - Started process (PID=27911) to work on /Users/luishmq/.pyenv/versions/3.8.13/envs/air_flow/lib/python3.8/site-packages/airflow/example_dags/example_python_operator.py
[2023-08-26T17:54:48.930-0300] {processor.py:829} INFO - Processing file /Users/luishmq/.pyenv/versions/3.8.13/envs/air_flow/lib/python3.8/site-packages/airflow/example_dags/example_python_operator.py for tasks to queue
[2023-08-26T17:54:48.931-0300] {logging_mixin.py:151} INFO - [2023-08-26T17:54:48.930-0300] {dagbag.py:539} INFO - Filling up the DagBag from /Users/luishmq/.pyenv/versions/3.8.13/envs/air_flow/lib/python3.8/site-packages/airflow/example_dags/example_python_operator.py
[2023-08-26T17:54:48.948-0300] {logging_mixin.py:151} INFO - [2023-08-26T17:54:48.948-0300] {example_python_operator.py:89} WARNING - The virtalenv_python example task requires virtualenv, please install it.
[2023-08-26T17:54:48.950-0300] {processor.py:839} INFO - DAG(s) dict_keys(['example_python_operator']) retrieved from /Users/luishmq/.pyenv/versions/3.8.13/envs/air_flow/lib/python3.8/site-packages/airflow/example_dags/example_python_operator.py
[2023-08-26T17:54:49.017-0300] {logging_mixin.py:151} INFO - [2023-08-26T17:54:49.017-0300] {dag.py:2907} INFO - Sync 1 DAGs
[2023-08-26T17:54:49.021-0300] {logging_mixin.py:151} INFO - [2023-08-26T17:54:49.021-0300] {dag.py:3677} INFO - Setting next_dagrun for example_python_operator to None, run_after=None
[2023-08-26T17:54:49.028-0300] {processor.py:179} INFO - Processing /Users/luishmq/.pyenv/versions/3.8.13/envs/air_flow/lib/python3.8/site-packages/airflow/example_dags/example_python_operator.py took 0.099 seconds
