[2023-08-26T17:27:15.419-0300] {processor.py:157} INFO - Started process (PID=24198) to work on /Users/luishmq/.pyenv/versions/3.8.13/envs/air_flow/lib/python3.8/site-packages/airflow/example_dags/example_branch_labels.py
[2023-08-26T17:27:15.419-0300] {processor.py:829} INFO - Processing file /Users/luishmq/.pyenv/versions/3.8.13/envs/air_flow/lib/python3.8/site-packages/airflow/example_dags/example_branch_labels.py for tasks to queue
[2023-08-26T17:27:15.420-0300] {logging_mixin.py:151} INFO - [2023-08-26T17:27:15.420-0300] {dagbag.py:539} INFO - Filling up the DagBag from /Users/luishmq/.pyenv/versions/3.8.13/envs/air_flow/lib/python3.8/site-packages/airflow/example_dags/example_branch_labels.py
[2023-08-26T17:27:15.428-0300] {processor.py:839} INFO - DAG(s) dict_keys(['example_branch_labels']) retrieved from /Users/luishmq/.pyenv/versions/3.8.13/envs/air_flow/lib/python3.8/site-packages/airflow/example_dags/example_branch_labels.py
[2023-08-26T17:27:15.717-0300] {logging_mixin.py:151} INFO - [2023-08-26T17:27:15.717-0300] {manager.py:501} INFO - Created Permission View: can edit on DAG:example_branch_labels
[2023-08-26T17:27:15.720-0300] {logging_mixin.py:151} INFO - [2023-08-26T17:27:15.720-0300] {manager.py:501} INFO - Created Permission View: can read on DAG:example_branch_labels
[2023-08-26T17:27:15.722-0300] {logging_mixin.py:151} INFO - [2023-08-26T17:27:15.722-0300] {manager.py:501} INFO - Created Permission View: can delete on DAG:example_branch_labels
[2023-08-26T17:27:15.727-0300] {logging_mixin.py:151} INFO - [2023-08-26T17:27:15.726-0300] {dag.py:2907} INFO - Sync 1 DAGs
[2023-08-26T17:27:15.730-0300] {logging_mixin.py:151} INFO - [2023-08-26T17:27:15.730-0300] {dag.py:2929} INFO - Creating ORM DAG for example_branch_labels
[2023-08-26T17:27:15.733-0300] {logging_mixin.py:151} INFO - [2023-08-26T17:27:15.733-0300] {dag.py:3677} INFO - Setting next_dagrun for example_branch_labels to 2023-08-25T00:00:00+00:00, run_after=2023-08-26T00:00:00+00:00
[2023-08-26T17:27:15.739-0300] {processor.py:179} INFO - Processing /Users/luishmq/.pyenv/versions/3.8.13/envs/air_flow/lib/python3.8/site-packages/airflow/example_dags/example_branch_labels.py took 0.320 seconds
[2023-08-26T17:28:47.712-0300] {processor.py:157} INFO - Started process (PID=24410) to work on /Users/luishmq/.pyenv/versions/3.8.13/envs/air_flow/lib/python3.8/site-packages/airflow/example_dags/example_branch_labels.py
[2023-08-26T17:28:47.713-0300] {processor.py:829} INFO - Processing file /Users/luishmq/.pyenv/versions/3.8.13/envs/air_flow/lib/python3.8/site-packages/airflow/example_dags/example_branch_labels.py for tasks to queue
[2023-08-26T17:28:47.713-0300] {logging_mixin.py:151} INFO - [2023-08-26T17:28:47.713-0300] {dagbag.py:539} INFO - Filling up the DagBag from /Users/luishmq/.pyenv/versions/3.8.13/envs/air_flow/lib/python3.8/site-packages/airflow/example_dags/example_branch_labels.py
[2023-08-26T17:28:47.721-0300] {processor.py:839} INFO - DAG(s) dict_keys(['example_branch_labels']) retrieved from /Users/luishmq/.pyenv/versions/3.8.13/envs/air_flow/lib/python3.8/site-packages/airflow/example_dags/example_branch_labels.py
[2023-08-26T17:28:47.791-0300] {logging_mixin.py:151} INFO - [2023-08-26T17:28:47.791-0300] {dag.py:2907} INFO - Sync 1 DAGs
[2023-08-26T17:28:47.798-0300] {logging_mixin.py:151} INFO - [2023-08-26T17:28:47.798-0300] {dag.py:3677} INFO - Setting next_dagrun for example_branch_labels to 2023-08-25T00:00:00+00:00, run_after=2023-08-26T00:00:00+00:00
[2023-08-26T17:28:47.804-0300] {processor.py:179} INFO - Processing /Users/luishmq/.pyenv/versions/3.8.13/envs/air_flow/lib/python3.8/site-packages/airflow/example_dags/example_branch_labels.py took 0.093 seconds
[2023-08-26T17:30:17.910-0300] {processor.py:157} INFO - Started process (PID=24614) to work on /Users/luishmq/.pyenv/versions/3.8.13/envs/air_flow/lib/python3.8/site-packages/airflow/example_dags/example_branch_labels.py
[2023-08-26T17:30:17.911-0300] {processor.py:829} INFO - Processing file /Users/luishmq/.pyenv/versions/3.8.13/envs/air_flow/lib/python3.8/site-packages/airflow/example_dags/example_branch_labels.py for tasks to queue
[2023-08-26T17:30:17.911-0300] {logging_mixin.py:151} INFO - [2023-08-26T17:30:17.911-0300] {dagbag.py:539} INFO - Filling up the DagBag from /Users/luishmq/.pyenv/versions/3.8.13/envs/air_flow/lib/python3.8/site-packages/airflow/example_dags/example_branch_labels.py
[2023-08-26T17:30:17.919-0300] {processor.py:839} INFO - DAG(s) dict_keys(['example_branch_labels']) retrieved from /Users/luishmq/.pyenv/versions/3.8.13/envs/air_flow/lib/python3.8/site-packages/airflow/example_dags/example_branch_labels.py
[2023-08-26T17:30:17.988-0300] {logging_mixin.py:151} INFO - [2023-08-26T17:30:17.988-0300] {dag.py:2907} INFO - Sync 1 DAGs
[2023-08-26T17:30:17.995-0300] {logging_mixin.py:151} INFO - [2023-08-26T17:30:17.995-0300] {dag.py:3677} INFO - Setting next_dagrun for example_branch_labels to 2023-08-25T00:00:00+00:00, run_after=2023-08-26T00:00:00+00:00
[2023-08-26T17:30:18.002-0300] {processor.py:179} INFO - Processing /Users/luishmq/.pyenv/versions/3.8.13/envs/air_flow/lib/python3.8/site-packages/airflow/example_dags/example_branch_labels.py took 0.092 seconds
[2023-08-26T17:32:10.265-0300] {processor.py:157} INFO - Started process (PID=25127) to work on /Users/luishmq/.pyenv/versions/3.8.13/envs/air_flow/lib/python3.8/site-packages/airflow/example_dags/example_branch_labels.py
[2023-08-26T17:32:10.266-0300] {processor.py:829} INFO - Processing file /Users/luishmq/.pyenv/versions/3.8.13/envs/air_flow/lib/python3.8/site-packages/airflow/example_dags/example_branch_labels.py for tasks to queue
[2023-08-26T17:32:10.266-0300] {logging_mixin.py:151} INFO - [2023-08-26T17:32:10.266-0300] {dagbag.py:539} INFO - Filling up the DagBag from /Users/luishmq/.pyenv/versions/3.8.13/envs/air_flow/lib/python3.8/site-packages/airflow/example_dags/example_branch_labels.py
[2023-08-26T17:32:10.275-0300] {processor.py:839} INFO - DAG(s) dict_keys(['example_branch_labels']) retrieved from /Users/luishmq/.pyenv/versions/3.8.13/envs/air_flow/lib/python3.8/site-packages/airflow/example_dags/example_branch_labels.py
[2023-08-26T17:32:10.357-0300] {logging_mixin.py:151} INFO - [2023-08-26T17:32:10.357-0300] {dag.py:2907} INFO - Sync 1 DAGs
[2023-08-26T17:32:10.373-0300] {logging_mixin.py:151} INFO - [2023-08-26T17:32:10.373-0300] {dag.py:3677} INFO - Setting next_dagrun for example_branch_labels to 2023-08-25T00:00:00+00:00, run_after=2023-08-26T00:00:00+00:00
[2023-08-26T17:32:10.380-0300] {processor.py:179} INFO - Processing /Users/luishmq/.pyenv/versions/3.8.13/envs/air_flow/lib/python3.8/site-packages/airflow/example_dags/example_branch_labels.py took 0.115 seconds
[2023-08-26T17:47:18.041-0300] {processor.py:157} INFO - Started process (PID=26768) to work on /Users/luishmq/.pyenv/versions/3.8.13/envs/air_flow/lib/python3.8/site-packages/airflow/example_dags/example_branch_labels.py
[2023-08-26T17:47:18.041-0300] {processor.py:829} INFO - Processing file /Users/luishmq/.pyenv/versions/3.8.13/envs/air_flow/lib/python3.8/site-packages/airflow/example_dags/example_branch_labels.py for tasks to queue
[2023-08-26T17:47:18.042-0300] {logging_mixin.py:151} INFO - [2023-08-26T17:47:18.042-0300] {dagbag.py:539} INFO - Filling up the DagBag from /Users/luishmq/.pyenv/versions/3.8.13/envs/air_flow/lib/python3.8/site-packages/airflow/example_dags/example_branch_labels.py
[2023-08-26T17:47:18.049-0300] {processor.py:839} INFO - DAG(s) dict_keys(['example_branch_labels']) retrieved from /Users/luishmq/.pyenv/versions/3.8.13/envs/air_flow/lib/python3.8/site-packages/airflow/example_dags/example_branch_labels.py
[2023-08-26T17:47:18.118-0300] {logging_mixin.py:151} INFO - [2023-08-26T17:47:18.118-0300] {dag.py:2907} INFO - Sync 1 DAGs
[2023-08-26T17:47:18.125-0300] {logging_mixin.py:151} INFO - [2023-08-26T17:47:18.125-0300] {dag.py:3677} INFO - Setting next_dagrun for example_branch_labels to 2023-08-25T00:00:00+00:00, run_after=2023-08-26T00:00:00+00:00
[2023-08-26T17:47:18.131-0300] {processor.py:179} INFO - Processing /Users/luishmq/.pyenv/versions/3.8.13/envs/air_flow/lib/python3.8/site-packages/airflow/example_dags/example_branch_labels.py took 0.091 seconds
