[2023-08-26T17:26:17.596-0300] {processor.py:157} INFO - Started process (PID=24075) to work on /Users/luishmq/.pyenv/versions/3.8.13/envs/air_flow/lib/python3.8/site-packages/airflow/example_dags/example_trigger_target_dag.py
[2023-08-26T17:26:17.596-0300] {processor.py:829} INFO - Processing file /Users/luishmq/.pyenv/versions/3.8.13/envs/air_flow/lib/python3.8/site-packages/airflow/example_dags/example_trigger_target_dag.py for tasks to queue
[2023-08-26T17:26:17.596-0300] {logging_mixin.py:151} INFO - [2023-08-26T17:26:17.596-0300] {dagbag.py:539} INFO - Filling up the DagBag from /Users/luishmq/.pyenv/versions/3.8.13/envs/air_flow/lib/python3.8/site-packages/airflow/example_dags/example_trigger_target_dag.py
[2023-08-26T17:26:17.615-0300] {processor.py:839} INFO - DAG(s) dict_keys(['example_trigger_target_dag']) retrieved from /Users/luishmq/.pyenv/versions/3.8.13/envs/air_flow/lib/python3.8/site-packages/airflow/example_dags/example_trigger_target_dag.py
[2023-08-26T17:26:17.878-0300] {logging_mixin.py:151} INFO - [2023-08-26T17:26:17.878-0300] {manager.py:501} INFO - Created Permission View: can edit on DAG:example_trigger_target_dag
[2023-08-26T17:26:17.881-0300] {logging_mixin.py:151} INFO - [2023-08-26T17:26:17.881-0300] {manager.py:501} INFO - Created Permission View: can delete on DAG:example_trigger_target_dag
[2023-08-26T17:26:17.883-0300] {logging_mixin.py:151} INFO - [2023-08-26T17:26:17.883-0300] {manager.py:501} INFO - Created Permission View: can read on DAG:example_trigger_target_dag
[2023-08-26T17:26:17.886-0300] {logging_mixin.py:151} INFO - [2023-08-26T17:26:17.886-0300] {dag.py:2907} INFO - Sync 1 DAGs
[2023-08-26T17:26:17.890-0300] {logging_mixin.py:151} INFO - [2023-08-26T17:26:17.890-0300] {dag.py:2929} INFO - Creating ORM DAG for example_trigger_target_dag
[2023-08-26T17:26:17.891-0300] {logging_mixin.py:151} INFO - [2023-08-26T17:26:17.890-0300] {dag.py:3677} INFO - Setting next_dagrun for example_trigger_target_dag to None, run_after=None
[2023-08-26T17:26:17.896-0300] {processor.py:179} INFO - Processing /Users/luishmq/.pyenv/versions/3.8.13/envs/air_flow/lib/python3.8/site-packages/airflow/example_dags/example_trigger_target_dag.py took 0.301 seconds
[2023-08-26T17:27:38.805-0300] {processor.py:157} INFO - Started process (PID=24257) to work on /Users/luishmq/.pyenv/versions/3.8.13/envs/air_flow/lib/python3.8/site-packages/airflow/example_dags/example_trigger_target_dag.py
[2023-08-26T17:27:38.806-0300] {processor.py:829} INFO - Processing file /Users/luishmq/.pyenv/versions/3.8.13/envs/air_flow/lib/python3.8/site-packages/airflow/example_dags/example_trigger_target_dag.py for tasks to queue
[2023-08-26T17:27:38.806-0300] {logging_mixin.py:151} INFO - [2023-08-26T17:27:38.806-0300] {dagbag.py:539} INFO - Filling up the DagBag from /Users/luishmq/.pyenv/versions/3.8.13/envs/air_flow/lib/python3.8/site-packages/airflow/example_dags/example_trigger_target_dag.py
[2023-08-26T17:27:38.825-0300] {processor.py:839} INFO - DAG(s) dict_keys(['example_trigger_target_dag']) retrieved from /Users/luishmq/.pyenv/versions/3.8.13/envs/air_flow/lib/python3.8/site-packages/airflow/example_dags/example_trigger_target_dag.py
[2023-08-26T17:27:38.890-0300] {logging_mixin.py:151} INFO - [2023-08-26T17:27:38.890-0300] {dag.py:2907} INFO - Sync 1 DAGs
[2023-08-26T17:27:38.894-0300] {logging_mixin.py:151} INFO - [2023-08-26T17:27:38.894-0300] {dag.py:3677} INFO - Setting next_dagrun for example_trigger_target_dag to None, run_after=None
[2023-08-26T17:27:38.901-0300] {processor.py:179} INFO - Processing /Users/luishmq/.pyenv/versions/3.8.13/envs/air_flow/lib/python3.8/site-packages/airflow/example_dags/example_trigger_target_dag.py took 0.097 seconds
[2023-08-26T17:29:10.002-0300] {processor.py:157} INFO - Started process (PID=24461) to work on /Users/luishmq/.pyenv/versions/3.8.13/envs/air_flow/lib/python3.8/site-packages/airflow/example_dags/example_trigger_target_dag.py
[2023-08-26T17:29:10.003-0300] {processor.py:829} INFO - Processing file /Users/luishmq/.pyenv/versions/3.8.13/envs/air_flow/lib/python3.8/site-packages/airflow/example_dags/example_trigger_target_dag.py for tasks to queue
[2023-08-26T17:29:10.003-0300] {logging_mixin.py:151} INFO - [2023-08-26T17:29:10.003-0300] {dagbag.py:539} INFO - Filling up the DagBag from /Users/luishmq/.pyenv/versions/3.8.13/envs/air_flow/lib/python3.8/site-packages/airflow/example_dags/example_trigger_target_dag.py
[2023-08-26T17:29:10.022-0300] {processor.py:839} INFO - DAG(s) dict_keys(['example_trigger_target_dag']) retrieved from /Users/luishmq/.pyenv/versions/3.8.13/envs/air_flow/lib/python3.8/site-packages/airflow/example_dags/example_trigger_target_dag.py
[2023-08-26T17:29:10.088-0300] {logging_mixin.py:151} INFO - [2023-08-26T17:29:10.087-0300] {dag.py:2907} INFO - Sync 1 DAGs
[2023-08-26T17:29:10.092-0300] {logging_mixin.py:151} INFO - [2023-08-26T17:29:10.092-0300] {dag.py:3677} INFO - Setting next_dagrun for example_trigger_target_dag to None, run_after=None
[2023-08-26T17:29:10.099-0300] {processor.py:179} INFO - Processing /Users/luishmq/.pyenv/versions/3.8.13/envs/air_flow/lib/python3.8/site-packages/airflow/example_dags/example_trigger_target_dag.py took 0.097 seconds
[2023-08-26T17:30:41.738-0300] {processor.py:157} INFO - Started process (PID=24665) to work on /Users/luishmq/.pyenv/versions/3.8.13/envs/air_flow/lib/python3.8/site-packages/airflow/example_dags/example_trigger_target_dag.py
[2023-08-26T17:30:41.739-0300] {processor.py:829} INFO - Processing file /Users/luishmq/.pyenv/versions/3.8.13/envs/air_flow/lib/python3.8/site-packages/airflow/example_dags/example_trigger_target_dag.py for tasks to queue
[2023-08-26T17:30:41.740-0300] {logging_mixin.py:151} INFO - [2023-08-26T17:30:41.740-0300] {dagbag.py:539} INFO - Filling up the DagBag from /Users/luishmq/.pyenv/versions/3.8.13/envs/air_flow/lib/python3.8/site-packages/airflow/example_dags/example_trigger_target_dag.py
[2023-08-26T17:30:41.760-0300] {processor.py:839} INFO - DAG(s) dict_keys(['example_trigger_target_dag']) retrieved from /Users/luishmq/.pyenv/versions/3.8.13/envs/air_flow/lib/python3.8/site-packages/airflow/example_dags/example_trigger_target_dag.py
[2023-08-26T17:30:41.830-0300] {logging_mixin.py:151} INFO - [2023-08-26T17:30:41.830-0300] {dag.py:2907} INFO - Sync 1 DAGs
[2023-08-26T17:30:41.835-0300] {logging_mixin.py:151} INFO - [2023-08-26T17:30:41.835-0300] {dag.py:3677} INFO - Setting next_dagrun for example_trigger_target_dag to None, run_after=None
[2023-08-26T17:30:41.843-0300] {processor.py:179} INFO - Processing /Users/luishmq/.pyenv/versions/3.8.13/envs/air_flow/lib/python3.8/site-packages/airflow/example_dags/example_trigger_target_dag.py took 0.105 seconds
[2023-08-26T17:31:47.535-0300] {processor.py:157} INFO - Started process (PID=25077) to work on /Users/luishmq/.pyenv/versions/3.8.13/envs/air_flow/lib/python3.8/site-packages/airflow/example_dags/example_trigger_target_dag.py
[2023-08-26T17:31:47.536-0300] {processor.py:829} INFO - Processing file /Users/luishmq/.pyenv/versions/3.8.13/envs/air_flow/lib/python3.8/site-packages/airflow/example_dags/example_trigger_target_dag.py for tasks to queue
[2023-08-26T17:31:47.536-0300] {logging_mixin.py:151} INFO - [2023-08-26T17:31:47.536-0300] {dagbag.py:539} INFO - Filling up the DagBag from /Users/luishmq/.pyenv/versions/3.8.13/envs/air_flow/lib/python3.8/site-packages/airflow/example_dags/example_trigger_target_dag.py
[2023-08-26T17:31:47.558-0300] {processor.py:839} INFO - DAG(s) dict_keys(['example_trigger_target_dag']) retrieved from /Users/luishmq/.pyenv/versions/3.8.13/envs/air_flow/lib/python3.8/site-packages/airflow/example_dags/example_trigger_target_dag.py
[2023-08-26T17:31:47.628-0300] {logging_mixin.py:151} INFO - [2023-08-26T17:31:47.628-0300] {dag.py:2907} INFO - Sync 1 DAGs
[2023-08-26T17:31:47.632-0300] {logging_mixin.py:151} INFO - [2023-08-26T17:31:47.632-0300] {dag.py:3677} INFO - Setting next_dagrun for example_trigger_target_dag to None, run_after=None
[2023-08-26T17:31:47.639-0300] {processor.py:179} INFO - Processing /Users/luishmq/.pyenv/versions/3.8.13/envs/air_flow/lib/python3.8/site-packages/airflow/example_dags/example_trigger_target_dag.py took 0.105 seconds
[2023-08-26T17:43:02.080-0300] {processor.py:157} INFO - Started process (PID=26207) to work on /Users/luishmq/.pyenv/versions/3.8.13/envs/air_flow/lib/python3.8/site-packages/airflow/example_dags/example_trigger_target_dag.py
[2023-08-26T17:43:02.081-0300] {processor.py:829} INFO - Processing file /Users/luishmq/.pyenv/versions/3.8.13/envs/air_flow/lib/python3.8/site-packages/airflow/example_dags/example_trigger_target_dag.py for tasks to queue
[2023-08-26T17:43:02.081-0300] {logging_mixin.py:151} INFO - [2023-08-26T17:43:02.081-0300] {dagbag.py:539} INFO - Filling up the DagBag from /Users/luishmq/.pyenv/versions/3.8.13/envs/air_flow/lib/python3.8/site-packages/airflow/example_dags/example_trigger_target_dag.py
[2023-08-26T17:43:02.102-0300] {processor.py:839} INFO - DAG(s) dict_keys(['example_trigger_target_dag']) retrieved from /Users/luishmq/.pyenv/versions/3.8.13/envs/air_flow/lib/python3.8/site-packages/airflow/example_dags/example_trigger_target_dag.py
[2023-08-26T17:43:02.175-0300] {logging_mixin.py:151} INFO - [2023-08-26T17:43:02.175-0300] {dag.py:2907} INFO - Sync 1 DAGs
[2023-08-26T17:43:02.179-0300] {logging_mixin.py:151} INFO - [2023-08-26T17:43:02.179-0300] {dag.py:3677} INFO - Setting next_dagrun for example_trigger_target_dag to None, run_after=None
[2023-08-26T17:43:02.187-0300] {processor.py:179} INFO - Processing /Users/luishmq/.pyenv/versions/3.8.13/envs/air_flow/lib/python3.8/site-packages/airflow/example_dags/example_trigger_target_dag.py took 0.107 seconds
[2023-08-26T17:52:50.020-0300] {processor.py:157} INFO - Started process (PID=27712) to work on /Users/luishmq/.pyenv/versions/3.8.13/envs/air_flow/lib/python3.8/site-packages/airflow/example_dags/example_trigger_target_dag.py
[2023-08-26T17:52:50.021-0300] {processor.py:829} INFO - Processing file /Users/luishmq/.pyenv/versions/3.8.13/envs/air_flow/lib/python3.8/site-packages/airflow/example_dags/example_trigger_target_dag.py for tasks to queue
[2023-08-26T17:52:50.021-0300] {logging_mixin.py:151} INFO - [2023-08-26T17:52:50.021-0300] {dagbag.py:539} INFO - Filling up the DagBag from /Users/luishmq/.pyenv/versions/3.8.13/envs/air_flow/lib/python3.8/site-packages/airflow/example_dags/example_trigger_target_dag.py
[2023-08-26T17:52:50.040-0300] {processor.py:839} INFO - DAG(s) dict_keys(['example_trigger_target_dag']) retrieved from /Users/luishmq/.pyenv/versions/3.8.13/envs/air_flow/lib/python3.8/site-packages/airflow/example_dags/example_trigger_target_dag.py
[2023-08-26T17:52:50.107-0300] {logging_mixin.py:151} INFO - [2023-08-26T17:52:50.107-0300] {dag.py:2907} INFO - Sync 1 DAGs
[2023-08-26T17:52:50.111-0300] {logging_mixin.py:151} INFO - [2023-08-26T17:52:50.111-0300] {dag.py:3677} INFO - Setting next_dagrun for example_trigger_target_dag to None, run_after=None
[2023-08-26T17:52:50.118-0300] {processor.py:179} INFO - Processing /Users/luishmq/.pyenv/versions/3.8.13/envs/air_flow/lib/python3.8/site-packages/airflow/example_dags/example_trigger_target_dag.py took 0.098 seconds
