[2023-08-26T17:26:50.395-0300] {processor.py:157} INFO - Started process (PID=24146) to work on /Users/luishmq/.pyenv/versions/3.8.13/envs/air_flow/lib/python3.8/site-packages/airflow/example_dags/example_nested_branch_dag.py
[2023-08-26T17:26:50.396-0300] {processor.py:829} INFO - Processing file /Users/luishmq/.pyenv/versions/3.8.13/envs/air_flow/lib/python3.8/site-packages/airflow/example_dags/example_nested_branch_dag.py for tasks to queue
[2023-08-26T17:26:50.396-0300] {logging_mixin.py:151} INFO - [2023-08-26T17:26:50.396-0300] {dagbag.py:539} INFO - Filling up the DagBag from /Users/luishmq/.pyenv/versions/3.8.13/envs/air_flow/lib/python3.8/site-packages/airflow/example_dags/example_nested_branch_dag.py
[2023-08-26T17:26:50.416-0300] {processor.py:839} INFO - DAG(s) dict_keys(['example_nested_branch_dag']) retrieved from /Users/luishmq/.pyenv/versions/3.8.13/envs/air_flow/lib/python3.8/site-packages/airflow/example_dags/example_nested_branch_dag.py
[2023-08-26T17:26:50.682-0300] {logging_mixin.py:151} INFO - [2023-08-26T17:26:50.682-0300] {manager.py:501} INFO - Created Permission View: can read on DAG:example_nested_branch_dag
[2023-08-26T17:26:50.685-0300] {logging_mixin.py:151} INFO - [2023-08-26T17:26:50.685-0300] {manager.py:501} INFO - Created Permission View: can edit on DAG:example_nested_branch_dag
[2023-08-26T17:26:50.687-0300] {logging_mixin.py:151} INFO - [2023-08-26T17:26:50.687-0300] {manager.py:501} INFO - Created Permission View: can delete on DAG:example_nested_branch_dag
[2023-08-26T17:26:50.691-0300] {logging_mixin.py:151} INFO - [2023-08-26T17:26:50.691-0300] {dag.py:2907} INFO - Sync 1 DAGs
[2023-08-26T17:26:50.695-0300] {logging_mixin.py:151} INFO - [2023-08-26T17:26:50.695-0300] {dag.py:2929} INFO - Creating ORM DAG for example_nested_branch_dag
[2023-08-26T17:26:50.699-0300] {logging_mixin.py:151} INFO - [2023-08-26T17:26:50.699-0300] {dag.py:3677} INFO - Setting next_dagrun for example_nested_branch_dag to 2023-08-25T00:00:00+00:00, run_after=2023-08-26T00:00:00+00:00
[2023-08-26T17:26:50.705-0300] {processor.py:179} INFO - Processing /Users/luishmq/.pyenv/versions/3.8.13/envs/air_flow/lib/python3.8/site-packages/airflow/example_dags/example_nested_branch_dag.py took 0.310 seconds
[2023-08-26T17:28:06.555-0300] {processor.py:157} INFO - Started process (PID=24319) to work on /Users/luishmq/.pyenv/versions/3.8.13/envs/air_flow/lib/python3.8/site-packages/airflow/example_dags/example_nested_branch_dag.py
[2023-08-26T17:28:06.556-0300] {processor.py:829} INFO - Processing file /Users/luishmq/.pyenv/versions/3.8.13/envs/air_flow/lib/python3.8/site-packages/airflow/example_dags/example_nested_branch_dag.py for tasks to queue
[2023-08-26T17:28:06.556-0300] {logging_mixin.py:151} INFO - [2023-08-26T17:28:06.556-0300] {dagbag.py:539} INFO - Filling up the DagBag from /Users/luishmq/.pyenv/versions/3.8.13/envs/air_flow/lib/python3.8/site-packages/airflow/example_dags/example_nested_branch_dag.py
[2023-08-26T17:28:06.576-0300] {processor.py:839} INFO - DAG(s) dict_keys(['example_nested_branch_dag']) retrieved from /Users/luishmq/.pyenv/versions/3.8.13/envs/air_flow/lib/python3.8/site-packages/airflow/example_dags/example_nested_branch_dag.py
[2023-08-26T17:28:06.642-0300] {logging_mixin.py:151} INFO - [2023-08-26T17:28:06.642-0300] {dag.py:2907} INFO - Sync 1 DAGs
[2023-08-26T17:28:06.649-0300] {logging_mixin.py:151} INFO - [2023-08-26T17:28:06.649-0300] {dag.py:3677} INFO - Setting next_dagrun for example_nested_branch_dag to 2023-08-25T00:00:00+00:00, run_after=2023-08-26T00:00:00+00:00
[2023-08-26T17:28:06.656-0300] {processor.py:179} INFO - Processing /Users/luishmq/.pyenv/versions/3.8.13/envs/air_flow/lib/python3.8/site-packages/airflow/example_dags/example_nested_branch_dag.py took 0.101 seconds
[2023-08-26T17:29:38.006-0300] {processor.py:157} INFO - Started process (PID=24525) to work on /Users/luishmq/.pyenv/versions/3.8.13/envs/air_flow/lib/python3.8/site-packages/airflow/example_dags/example_nested_branch_dag.py
[2023-08-26T17:29:38.006-0300] {processor.py:829} INFO - Processing file /Users/luishmq/.pyenv/versions/3.8.13/envs/air_flow/lib/python3.8/site-packages/airflow/example_dags/example_nested_branch_dag.py for tasks to queue
[2023-08-26T17:29:38.007-0300] {logging_mixin.py:151} INFO - [2023-08-26T17:29:38.006-0300] {dagbag.py:539} INFO - Filling up the DagBag from /Users/luishmq/.pyenv/versions/3.8.13/envs/air_flow/lib/python3.8/site-packages/airflow/example_dags/example_nested_branch_dag.py
[2023-08-26T17:29:38.026-0300] {processor.py:839} INFO - DAG(s) dict_keys(['example_nested_branch_dag']) retrieved from /Users/luishmq/.pyenv/versions/3.8.13/envs/air_flow/lib/python3.8/site-packages/airflow/example_dags/example_nested_branch_dag.py
[2023-08-26T17:29:38.092-0300] {logging_mixin.py:151} INFO - [2023-08-26T17:29:38.092-0300] {dag.py:2907} INFO - Sync 1 DAGs
[2023-08-26T17:29:38.099-0300] {logging_mixin.py:151} INFO - [2023-08-26T17:29:38.099-0300] {dag.py:3677} INFO - Setting next_dagrun for example_nested_branch_dag to 2023-08-25T00:00:00+00:00, run_after=2023-08-26T00:00:00+00:00
[2023-08-26T17:29:38.106-0300] {processor.py:179} INFO - Processing /Users/luishmq/.pyenv/versions/3.8.13/envs/air_flow/lib/python3.8/site-packages/airflow/example_dags/example_nested_branch_dag.py took 0.101 seconds
[2023-08-26T17:31:11.245-0300] {processor.py:157} INFO - Started process (PID=25017) to work on /Users/luishmq/.pyenv/versions/3.8.13/envs/air_flow/lib/python3.8/site-packages/airflow/example_dags/example_nested_branch_dag.py
[2023-08-26T17:31:11.245-0300] {processor.py:829} INFO - Processing file /Users/luishmq/.pyenv/versions/3.8.13/envs/air_flow/lib/python3.8/site-packages/airflow/example_dags/example_nested_branch_dag.py for tasks to queue
[2023-08-26T17:31:11.245-0300] {logging_mixin.py:151} INFO - [2023-08-26T17:31:11.245-0300] {dagbag.py:539} INFO - Filling up the DagBag from /Users/luishmq/.pyenv/versions/3.8.13/envs/air_flow/lib/python3.8/site-packages/airflow/example_dags/example_nested_branch_dag.py
[2023-08-26T17:31:11.269-0300] {processor.py:839} INFO - DAG(s) dict_keys(['example_nested_branch_dag']) retrieved from /Users/luishmq/.pyenv/versions/3.8.13/envs/air_flow/lib/python3.8/site-packages/airflow/example_dags/example_nested_branch_dag.py
[2023-08-26T17:31:11.350-0300] {logging_mixin.py:151} INFO - [2023-08-26T17:31:11.350-0300] {dag.py:2907} INFO - Sync 1 DAGs
[2023-08-26T17:31:11.359-0300] {logging_mixin.py:151} INFO - [2023-08-26T17:31:11.359-0300] {dag.py:3677} INFO - Setting next_dagrun for example_nested_branch_dag to 2023-08-25T00:00:00+00:00, run_after=2023-08-26T00:00:00+00:00
[2023-08-26T17:31:11.367-0300] {processor.py:179} INFO - Processing /Users/luishmq/.pyenv/versions/3.8.13/envs/air_flow/lib/python3.8/site-packages/airflow/example_dags/example_nested_branch_dag.py took 0.122 seconds
[2023-08-26T17:37:32.390-0300] {processor.py:157} INFO - Started process (PID=25645) to work on /Users/luishmq/.pyenv/versions/3.8.13/envs/air_flow/lib/python3.8/site-packages/airflow/example_dags/example_nested_branch_dag.py
[2023-08-26T17:37:32.391-0300] {processor.py:829} INFO - Processing file /Users/luishmq/.pyenv/versions/3.8.13/envs/air_flow/lib/python3.8/site-packages/airflow/example_dags/example_nested_branch_dag.py for tasks to queue
[2023-08-26T17:37:32.391-0300] {logging_mixin.py:151} INFO - [2023-08-26T17:37:32.391-0300] {dagbag.py:539} INFO - Filling up the DagBag from /Users/luishmq/.pyenv/versions/3.8.13/envs/air_flow/lib/python3.8/site-packages/airflow/example_dags/example_nested_branch_dag.py
[2023-08-26T17:37:32.411-0300] {processor.py:839} INFO - DAG(s) dict_keys(['example_nested_branch_dag']) retrieved from /Users/luishmq/.pyenv/versions/3.8.13/envs/air_flow/lib/python3.8/site-packages/airflow/example_dags/example_nested_branch_dag.py
[2023-08-26T17:37:32.478-0300] {logging_mixin.py:151} INFO - [2023-08-26T17:37:32.478-0300] {dag.py:2907} INFO - Sync 1 DAGs
[2023-08-26T17:37:32.485-0300] {logging_mixin.py:151} INFO - [2023-08-26T17:37:32.485-0300] {dag.py:3677} INFO - Setting next_dagrun for example_nested_branch_dag to 2023-08-25T00:00:00+00:00, run_after=2023-08-26T00:00:00+00:00
[2023-08-26T17:37:32.492-0300] {processor.py:179} INFO - Processing /Users/luishmq/.pyenv/versions/3.8.13/envs/air_flow/lib/python3.8/site-packages/airflow/example_dags/example_nested_branch_dag.py took 0.102 seconds
[2023-08-26T17:45:30.379-0300] {processor.py:157} INFO - Started process (PID=26456) to work on /Users/luishmq/.pyenv/versions/3.8.13/envs/air_flow/lib/python3.8/site-packages/airflow/example_dags/example_nested_branch_dag.py
[2023-08-26T17:45:30.379-0300] {processor.py:829} INFO - Processing file /Users/luishmq/.pyenv/versions/3.8.13/envs/air_flow/lib/python3.8/site-packages/airflow/example_dags/example_nested_branch_dag.py for tasks to queue
[2023-08-26T17:45:30.380-0300] {logging_mixin.py:151} INFO - [2023-08-26T17:45:30.380-0300] {dagbag.py:539} INFO - Filling up the DagBag from /Users/luishmq/.pyenv/versions/3.8.13/envs/air_flow/lib/python3.8/site-packages/airflow/example_dags/example_nested_branch_dag.py
[2023-08-26T17:45:30.403-0300] {processor.py:839} INFO - DAG(s) dict_keys(['example_nested_branch_dag']) retrieved from /Users/luishmq/.pyenv/versions/3.8.13/envs/air_flow/lib/python3.8/site-packages/airflow/example_dags/example_nested_branch_dag.py
[2023-08-26T17:45:30.477-0300] {logging_mixin.py:151} INFO - [2023-08-26T17:45:30.476-0300] {dag.py:2907} INFO - Sync 1 DAGs
[2023-08-26T17:45:30.485-0300] {logging_mixin.py:151} INFO - [2023-08-26T17:45:30.485-0300] {dag.py:3677} INFO - Setting next_dagrun for example_nested_branch_dag to 2023-08-25T00:00:00+00:00, run_after=2023-08-26T00:00:00+00:00
[2023-08-26T17:45:30.493-0300] {processor.py:179} INFO - Processing /Users/luishmq/.pyenv/versions/3.8.13/envs/air_flow/lib/python3.8/site-packages/airflow/example_dags/example_nested_branch_dag.py took 0.114 seconds
