[2023-08-26T17:26:24.639-0300] {processor.py:157} INFO - Started process (PID=24089) to work on /Users/luishmq/.pyenv/versions/3.8.13/envs/air_flow/lib/python3.8/site-packages/airflow/example_dags/example_task_group.py
[2023-08-26T17:26:24.639-0300] {processor.py:829} INFO - Processing file /Users/luishmq/.pyenv/versions/3.8.13/envs/air_flow/lib/python3.8/site-packages/airflow/example_dags/example_task_group.py for tasks to queue
[2023-08-26T17:26:24.640-0300] {logging_mixin.py:151} INFO - [2023-08-26T17:26:24.640-0300] {dagbag.py:539} INFO - Filling up the DagBag from /Users/luishmq/.pyenv/versions/3.8.13/envs/air_flow/lib/python3.8/site-packages/airflow/example_dags/example_task_group.py
[2023-08-26T17:26:24.649-0300] {processor.py:839} INFO - DAG(s) dict_keys(['example_task_group']) retrieved from /Users/luishmq/.pyenv/versions/3.8.13/envs/air_flow/lib/python3.8/site-packages/airflow/example_dags/example_task_group.py
[2023-08-26T17:26:24.932-0300] {logging_mixin.py:151} INFO - [2023-08-26T17:26:24.932-0300] {manager.py:501} INFO - Created Permission View: can delete on DAG:example_task_group
[2023-08-26T17:26:24.935-0300] {logging_mixin.py:151} INFO - [2023-08-26T17:26:24.935-0300] {manager.py:501} INFO - Created Permission View: can read on DAG:example_task_group
[2023-08-26T17:26:24.937-0300] {logging_mixin.py:151} INFO - [2023-08-26T17:26:24.937-0300] {manager.py:501} INFO - Created Permission View: can edit on DAG:example_task_group
[2023-08-26T17:26:24.941-0300] {logging_mixin.py:151} INFO - [2023-08-26T17:26:24.941-0300] {dag.py:2907} INFO - Sync 1 DAGs
[2023-08-26T17:26:24.944-0300] {logging_mixin.py:151} INFO - [2023-08-26T17:26:24.944-0300] {dag.py:2929} INFO - Creating ORM DAG for example_task_group
[2023-08-26T17:26:24.947-0300] {logging_mixin.py:151} INFO - [2023-08-26T17:26:24.947-0300] {dag.py:3677} INFO - Setting next_dagrun for example_task_group to 2023-08-25T20:26:24.947739+00:00, run_after=2023-08-26T20:26:24.947739+00:00
[2023-08-26T17:26:24.954-0300] {processor.py:179} INFO - Processing /Users/luishmq/.pyenv/versions/3.8.13/envs/air_flow/lib/python3.8/site-packages/airflow/example_dags/example_task_group.py took 0.315 seconds
[2023-08-26T17:27:45.066-0300] {processor.py:157} INFO - Started process (PID=24270) to work on /Users/luishmq/.pyenv/versions/3.8.13/envs/air_flow/lib/python3.8/site-packages/airflow/example_dags/example_task_group.py
[2023-08-26T17:27:45.067-0300] {processor.py:829} INFO - Processing file /Users/luishmq/.pyenv/versions/3.8.13/envs/air_flow/lib/python3.8/site-packages/airflow/example_dags/example_task_group.py for tasks to queue
[2023-08-26T17:27:45.067-0300] {logging_mixin.py:151} INFO - [2023-08-26T17:27:45.067-0300] {dagbag.py:539} INFO - Filling up the DagBag from /Users/luishmq/.pyenv/versions/3.8.13/envs/air_flow/lib/python3.8/site-packages/airflow/example_dags/example_task_group.py
[2023-08-26T17:27:45.075-0300] {processor.py:839} INFO - DAG(s) dict_keys(['example_task_group']) retrieved from /Users/luishmq/.pyenv/versions/3.8.13/envs/air_flow/lib/python3.8/site-packages/airflow/example_dags/example_task_group.py
[2023-08-26T17:27:45.144-0300] {logging_mixin.py:151} INFO - [2023-08-26T17:27:45.144-0300] {dag.py:2907} INFO - Sync 1 DAGs
[2023-08-26T17:27:45.151-0300] {logging_mixin.py:151} INFO - [2023-08-26T17:27:45.150-0300] {dag.py:3677} INFO - Setting next_dagrun for example_task_group to 2023-08-25T20:27:45.150902+00:00, run_after=2023-08-26T20:27:45.150902+00:00
[2023-08-26T17:27:45.158-0300] {processor.py:179} INFO - Processing /Users/luishmq/.pyenv/versions/3.8.13/envs/air_flow/lib/python3.8/site-packages/airflow/example_dags/example_task_group.py took 0.092 seconds
[2023-08-26T17:29:15.784-0300] {processor.py:157} INFO - Started process (PID=24474) to work on /Users/luishmq/.pyenv/versions/3.8.13/envs/air_flow/lib/python3.8/site-packages/airflow/example_dags/example_task_group.py
[2023-08-26T17:29:15.785-0300] {processor.py:829} INFO - Processing file /Users/luishmq/.pyenv/versions/3.8.13/envs/air_flow/lib/python3.8/site-packages/airflow/example_dags/example_task_group.py for tasks to queue
[2023-08-26T17:29:15.785-0300] {logging_mixin.py:151} INFO - [2023-08-26T17:29:15.785-0300] {dagbag.py:539} INFO - Filling up the DagBag from /Users/luishmq/.pyenv/versions/3.8.13/envs/air_flow/lib/python3.8/site-packages/airflow/example_dags/example_task_group.py
[2023-08-26T17:29:15.793-0300] {processor.py:839} INFO - DAG(s) dict_keys(['example_task_group']) retrieved from /Users/luishmq/.pyenv/versions/3.8.13/envs/air_flow/lib/python3.8/site-packages/airflow/example_dags/example_task_group.py
[2023-08-26T17:29:15.867-0300] {logging_mixin.py:151} INFO - [2023-08-26T17:29:15.867-0300] {dag.py:2907} INFO - Sync 1 DAGs
[2023-08-26T17:29:15.874-0300] {logging_mixin.py:151} INFO - [2023-08-26T17:29:15.874-0300] {dag.py:3677} INFO - Setting next_dagrun for example_task_group to 2023-08-25T20:29:15.874439+00:00, run_after=2023-08-26T20:29:15.874439+00:00
[2023-08-26T17:29:15.882-0300] {processor.py:179} INFO - Processing /Users/luishmq/.pyenv/versions/3.8.13/envs/air_flow/lib/python3.8/site-packages/airflow/example_dags/example_task_group.py took 0.098 seconds
[2023-08-26T17:30:48.688-0300] {processor.py:157} INFO - Started process (PID=24680) to work on /Users/luishmq/.pyenv/versions/3.8.13/envs/air_flow/lib/python3.8/site-packages/airflow/example_dags/example_task_group.py
[2023-08-26T17:30:48.689-0300] {processor.py:829} INFO - Processing file /Users/luishmq/.pyenv/versions/3.8.13/envs/air_flow/lib/python3.8/site-packages/airflow/example_dags/example_task_group.py for tasks to queue
[2023-08-26T17:30:48.689-0300] {logging_mixin.py:151} INFO - [2023-08-26T17:30:48.689-0300] {dagbag.py:539} INFO - Filling up the DagBag from /Users/luishmq/.pyenv/versions/3.8.13/envs/air_flow/lib/python3.8/site-packages/airflow/example_dags/example_task_group.py
[2023-08-26T17:30:48.698-0300] {processor.py:839} INFO - DAG(s) dict_keys(['example_task_group']) retrieved from /Users/luishmq/.pyenv/versions/3.8.13/envs/air_flow/lib/python3.8/site-packages/airflow/example_dags/example_task_group.py
[2023-08-26T17:30:48.769-0300] {logging_mixin.py:151} INFO - [2023-08-26T17:30:48.769-0300] {dag.py:2907} INFO - Sync 1 DAGs
[2023-08-26T17:30:48.775-0300] {logging_mixin.py:151} INFO - [2023-08-26T17:30:48.775-0300] {dag.py:3677} INFO - Setting next_dagrun for example_task_group to 2023-08-25T20:30:48.775832+00:00, run_after=2023-08-26T20:30:48.775832+00:00
[2023-08-26T17:30:48.783-0300] {processor.py:179} INFO - Processing /Users/luishmq/.pyenv/versions/3.8.13/envs/air_flow/lib/python3.8/site-packages/airflow/example_dags/example_task_group.py took 0.095 seconds
[2023-08-26T17:32:36.117-0300] {processor.py:157} INFO - Started process (PID=25186) to work on /Users/luishmq/.pyenv/versions/3.8.13/envs/air_flow/lib/python3.8/site-packages/airflow/example_dags/example_task_group.py
[2023-08-26T17:32:36.118-0300] {processor.py:829} INFO - Processing file /Users/luishmq/.pyenv/versions/3.8.13/envs/air_flow/lib/python3.8/site-packages/airflow/example_dags/example_task_group.py for tasks to queue
[2023-08-26T17:32:36.118-0300] {logging_mixin.py:151} INFO - [2023-08-26T17:32:36.118-0300] {dagbag.py:539} INFO - Filling up the DagBag from /Users/luishmq/.pyenv/versions/3.8.13/envs/air_flow/lib/python3.8/site-packages/airflow/example_dags/example_task_group.py
[2023-08-26T17:32:36.127-0300] {processor.py:839} INFO - DAG(s) dict_keys(['example_task_group']) retrieved from /Users/luishmq/.pyenv/versions/3.8.13/envs/air_flow/lib/python3.8/site-packages/airflow/example_dags/example_task_group.py
[2023-08-26T17:32:36.201-0300] {logging_mixin.py:151} INFO - [2023-08-26T17:32:36.200-0300] {dag.py:2907} INFO - Sync 1 DAGs
[2023-08-26T17:32:36.207-0300] {logging_mixin.py:151} INFO - [2023-08-26T17:32:36.207-0300] {dag.py:3677} INFO - Setting next_dagrun for example_task_group to 2023-08-25T20:32:36.207373+00:00, run_after=2023-08-26T20:32:36.207373+00:00
[2023-08-26T17:32:36.214-0300] {processor.py:179} INFO - Processing /Users/luishmq/.pyenv/versions/3.8.13/envs/air_flow/lib/python3.8/site-packages/airflow/example_dags/example_task_group.py took 0.098 seconds
[2023-08-26T17:43:42.561-0300] {processor.py:157} INFO - Started process (PID=26274) to work on /Users/luishmq/.pyenv/versions/3.8.13/envs/air_flow/lib/python3.8/site-packages/airflow/example_dags/example_task_group.py
[2023-08-26T17:43:42.562-0300] {processor.py:829} INFO - Processing file /Users/luishmq/.pyenv/versions/3.8.13/envs/air_flow/lib/python3.8/site-packages/airflow/example_dags/example_task_group.py for tasks to queue
[2023-08-26T17:43:42.562-0300] {logging_mixin.py:151} INFO - [2023-08-26T17:43:42.562-0300] {dagbag.py:539} INFO - Filling up the DagBag from /Users/luishmq/.pyenv/versions/3.8.13/envs/air_flow/lib/python3.8/site-packages/airflow/example_dags/example_task_group.py
[2023-08-26T17:43:42.572-0300] {processor.py:839} INFO - DAG(s) dict_keys(['example_task_group']) retrieved from /Users/luishmq/.pyenv/versions/3.8.13/envs/air_flow/lib/python3.8/site-packages/airflow/example_dags/example_task_group.py
[2023-08-26T17:43:42.649-0300] {logging_mixin.py:151} INFO - [2023-08-26T17:43:42.649-0300] {dag.py:2907} INFO - Sync 1 DAGs
[2023-08-26T17:43:42.657-0300] {logging_mixin.py:151} INFO - [2023-08-26T17:43:42.657-0300] {dag.py:3677} INFO - Setting next_dagrun for example_task_group to 2023-08-25T20:43:42.657170+00:00, run_after=2023-08-26T20:43:42.657170+00:00
[2023-08-26T17:43:42.665-0300] {processor.py:179} INFO - Processing /Users/luishmq/.pyenv/versions/3.8.13/envs/air_flow/lib/python3.8/site-packages/airflow/example_dags/example_task_group.py took 0.104 seconds
[2023-08-26T17:53:20.274-0300] {processor.py:157} INFO - Started process (PID=27763) to work on /Users/luishmq/.pyenv/versions/3.8.13/envs/air_flow/lib/python3.8/site-packages/airflow/example_dags/example_task_group.py
[2023-08-26T17:53:20.274-0300] {processor.py:829} INFO - Processing file /Users/luishmq/.pyenv/versions/3.8.13/envs/air_flow/lib/python3.8/site-packages/airflow/example_dags/example_task_group.py for tasks to queue
[2023-08-26T17:53:20.274-0300] {logging_mixin.py:151} INFO - [2023-08-26T17:53:20.274-0300] {dagbag.py:539} INFO - Filling up the DagBag from /Users/luishmq/.pyenv/versions/3.8.13/envs/air_flow/lib/python3.8/site-packages/airflow/example_dags/example_task_group.py
[2023-08-26T17:53:20.282-0300] {processor.py:839} INFO - DAG(s) dict_keys(['example_task_group']) retrieved from /Users/luishmq/.pyenv/versions/3.8.13/envs/air_flow/lib/python3.8/site-packages/airflow/example_dags/example_task_group.py
[2023-08-26T17:53:20.352-0300] {logging_mixin.py:151} INFO - [2023-08-26T17:53:20.352-0300] {dag.py:2907} INFO - Sync 1 DAGs
[2023-08-26T17:53:20.358-0300] {logging_mixin.py:151} INFO - [2023-08-26T17:53:20.358-0300] {dag.py:3677} INFO - Setting next_dagrun for example_task_group to 2023-08-25T20:53:20.358458+00:00, run_after=2023-08-26T20:53:20.358458+00:00
[2023-08-26T17:53:20.365-0300] {processor.py:179} INFO - Processing /Users/luishmq/.pyenv/versions/3.8.13/envs/air_flow/lib/python3.8/site-packages/airflow/example_dags/example_task_group.py took 0.092 seconds
