[2023-08-26T17:26:19.563-0300] {processor.py:157} INFO - Started process (PID=24079) to work on /Users/luishmq/.pyenv/versions/3.8.13/envs/air_flow/lib/python3.8/site-packages/airflow/example_dags/example_trigger_controller_dag.py
[2023-08-26T17:26:19.563-0300] {processor.py:829} INFO - Processing file /Users/luishmq/.pyenv/versions/3.8.13/envs/air_flow/lib/python3.8/site-packages/airflow/example_dags/example_trigger_controller_dag.py for tasks to queue
[2023-08-26T17:26:19.564-0300] {logging_mixin.py:151} INFO - [2023-08-26T17:26:19.564-0300] {dagbag.py:539} INFO - Filling up the DagBag from /Users/luishmq/.pyenv/versions/3.8.13/envs/air_flow/lib/python3.8/site-packages/airflow/example_dags/example_trigger_controller_dag.py
[2023-08-26T17:26:19.573-0300] {processor.py:839} INFO - DAG(s) dict_keys(['example_trigger_controller_dag']) retrieved from /Users/luishmq/.pyenv/versions/3.8.13/envs/air_flow/lib/python3.8/site-packages/airflow/example_dags/example_trigger_controller_dag.py
[2023-08-26T17:26:19.874-0300] {logging_mixin.py:151} INFO - [2023-08-26T17:26:19.874-0300] {manager.py:501} INFO - Created Permission View: can delete on DAG:example_trigger_controller_dag
[2023-08-26T17:26:19.877-0300] {logging_mixin.py:151} INFO - [2023-08-26T17:26:19.877-0300] {manager.py:501} INFO - Created Permission View: can read on DAG:example_trigger_controller_dag
[2023-08-26T17:26:19.879-0300] {logging_mixin.py:151} INFO - [2023-08-26T17:26:19.879-0300] {manager.py:501} INFO - Created Permission View: can edit on DAG:example_trigger_controller_dag
[2023-08-26T17:26:19.883-0300] {logging_mixin.py:151} INFO - [2023-08-26T17:26:19.883-0300] {dag.py:2907} INFO - Sync 1 DAGs
[2023-08-26T17:26:19.887-0300] {logging_mixin.py:151} INFO - [2023-08-26T17:26:19.886-0300] {dag.py:2929} INFO - Creating ORM DAG for example_trigger_controller_dag
[2023-08-26T17:26:19.889-0300] {logging_mixin.py:151} INFO - [2023-08-26T17:26:19.889-0300] {dag.py:3677} INFO - Setting next_dagrun for example_trigger_controller_dag to 2021-01-01T00:00:00+00:00, run_after=2021-01-01T00:00:00+00:00
[2023-08-26T17:26:19.895-0300] {processor.py:179} INFO - Processing /Users/luishmq/.pyenv/versions/3.8.13/envs/air_flow/lib/python3.8/site-packages/airflow/example_dags/example_trigger_controller_dag.py took 0.333 seconds
[2023-08-26T17:27:39.940-0300] {processor.py:157} INFO - Started process (PID=24260) to work on /Users/luishmq/.pyenv/versions/3.8.13/envs/air_flow/lib/python3.8/site-packages/airflow/example_dags/example_trigger_controller_dag.py
[2023-08-26T17:27:39.941-0300] {processor.py:829} INFO - Processing file /Users/luishmq/.pyenv/versions/3.8.13/envs/air_flow/lib/python3.8/site-packages/airflow/example_dags/example_trigger_controller_dag.py for tasks to queue
[2023-08-26T17:27:39.942-0300] {logging_mixin.py:151} INFO - [2023-08-26T17:27:39.941-0300] {dagbag.py:539} INFO - Filling up the DagBag from /Users/luishmq/.pyenv/versions/3.8.13/envs/air_flow/lib/python3.8/site-packages/airflow/example_dags/example_trigger_controller_dag.py
[2023-08-26T17:27:39.949-0300] {processor.py:839} INFO - DAG(s) dict_keys(['example_trigger_controller_dag']) retrieved from /Users/luishmq/.pyenv/versions/3.8.13/envs/air_flow/lib/python3.8/site-packages/airflow/example_dags/example_trigger_controller_dag.py
[2023-08-26T17:27:40.017-0300] {logging_mixin.py:151} INFO - [2023-08-26T17:27:40.017-0300] {dag.py:2907} INFO - Sync 1 DAGs
[2023-08-26T17:27:40.023-0300] {logging_mixin.py:151} INFO - [2023-08-26T17:27:40.023-0300] {dag.py:3677} INFO - Setting next_dagrun for example_trigger_controller_dag to 2021-01-01T00:00:00+00:00, run_after=2021-01-01T00:00:00+00:00
[2023-08-26T17:27:40.030-0300] {processor.py:179} INFO - Processing /Users/luishmq/.pyenv/versions/3.8.13/envs/air_flow/lib/python3.8/site-packages/airflow/example_dags/example_trigger_controller_dag.py took 0.090 seconds
[2023-08-26T17:29:11.563-0300] {processor.py:157} INFO - Started process (PID=24464) to work on /Users/luishmq/.pyenv/versions/3.8.13/envs/air_flow/lib/python3.8/site-packages/airflow/example_dags/example_trigger_controller_dag.py
[2023-08-26T17:29:11.563-0300] {processor.py:829} INFO - Processing file /Users/luishmq/.pyenv/versions/3.8.13/envs/air_flow/lib/python3.8/site-packages/airflow/example_dags/example_trigger_controller_dag.py for tasks to queue
[2023-08-26T17:29:11.563-0300] {logging_mixin.py:151} INFO - [2023-08-26T17:29:11.563-0300] {dagbag.py:539} INFO - Filling up the DagBag from /Users/luishmq/.pyenv/versions/3.8.13/envs/air_flow/lib/python3.8/site-packages/airflow/example_dags/example_trigger_controller_dag.py
[2023-08-26T17:29:11.571-0300] {processor.py:839} INFO - DAG(s) dict_keys(['example_trigger_controller_dag']) retrieved from /Users/luishmq/.pyenv/versions/3.8.13/envs/air_flow/lib/python3.8/site-packages/airflow/example_dags/example_trigger_controller_dag.py
[2023-08-26T17:29:11.638-0300] {logging_mixin.py:151} INFO - [2023-08-26T17:29:11.638-0300] {dag.py:2907} INFO - Sync 1 DAGs
[2023-08-26T17:29:11.644-0300] {logging_mixin.py:151} INFO - [2023-08-26T17:29:11.644-0300] {dag.py:3677} INFO - Setting next_dagrun for example_trigger_controller_dag to 2021-01-01T00:00:00+00:00, run_after=2021-01-01T00:00:00+00:00
[2023-08-26T17:29:11.651-0300] {processor.py:179} INFO - Processing /Users/luishmq/.pyenv/versions/3.8.13/envs/air_flow/lib/python3.8/site-packages/airflow/example_dags/example_trigger_controller_dag.py took 0.088 seconds
[2023-08-26T17:30:43.497-0300] {processor.py:157} INFO - Started process (PID=24669) to work on /Users/luishmq/.pyenv/versions/3.8.13/envs/air_flow/lib/python3.8/site-packages/airflow/example_dags/example_trigger_controller_dag.py
[2023-08-26T17:30:43.498-0300] {processor.py:829} INFO - Processing file /Users/luishmq/.pyenv/versions/3.8.13/envs/air_flow/lib/python3.8/site-packages/airflow/example_dags/example_trigger_controller_dag.py for tasks to queue
[2023-08-26T17:30:43.498-0300] {logging_mixin.py:151} INFO - [2023-08-26T17:30:43.498-0300] {dagbag.py:539} INFO - Filling up the DagBag from /Users/luishmq/.pyenv/versions/3.8.13/envs/air_flow/lib/python3.8/site-packages/airflow/example_dags/example_trigger_controller_dag.py
[2023-08-26T17:30:43.506-0300] {processor.py:839} INFO - DAG(s) dict_keys(['example_trigger_controller_dag']) retrieved from /Users/luishmq/.pyenv/versions/3.8.13/envs/air_flow/lib/python3.8/site-packages/airflow/example_dags/example_trigger_controller_dag.py
[2023-08-26T17:30:43.573-0300] {logging_mixin.py:151} INFO - [2023-08-26T17:30:43.573-0300] {dag.py:2907} INFO - Sync 1 DAGs
[2023-08-26T17:30:43.579-0300] {logging_mixin.py:151} INFO - [2023-08-26T17:30:43.579-0300] {dag.py:3677} INFO - Setting next_dagrun for example_trigger_controller_dag to 2021-01-01T00:00:00+00:00, run_after=2021-01-01T00:00:00+00:00
[2023-08-26T17:30:43.586-0300] {processor.py:179} INFO - Processing /Users/luishmq/.pyenv/versions/3.8.13/envs/air_flow/lib/python3.8/site-packages/airflow/example_dags/example_trigger_controller_dag.py took 0.089 seconds
[2023-08-26T17:32:30.951-0300] {processor.py:157} INFO - Started process (PID=25175) to work on /Users/luishmq/.pyenv/versions/3.8.13/envs/air_flow/lib/python3.8/site-packages/airflow/example_dags/example_trigger_controller_dag.py
[2023-08-26T17:32:30.952-0300] {processor.py:829} INFO - Processing file /Users/luishmq/.pyenv/versions/3.8.13/envs/air_flow/lib/python3.8/site-packages/airflow/example_dags/example_trigger_controller_dag.py for tasks to queue
[2023-08-26T17:32:30.952-0300] {logging_mixin.py:151} INFO - [2023-08-26T17:32:30.952-0300] {dagbag.py:539} INFO - Filling up the DagBag from /Users/luishmq/.pyenv/versions/3.8.13/envs/air_flow/lib/python3.8/site-packages/airflow/example_dags/example_trigger_controller_dag.py
[2023-08-26T17:32:30.960-0300] {processor.py:839} INFO - DAG(s) dict_keys(['example_trigger_controller_dag']) retrieved from /Users/luishmq/.pyenv/versions/3.8.13/envs/air_flow/lib/python3.8/site-packages/airflow/example_dags/example_trigger_controller_dag.py
[2023-08-26T17:32:31.027-0300] {logging_mixin.py:151} INFO - [2023-08-26T17:32:31.027-0300] {dag.py:2907} INFO - Sync 1 DAGs
[2023-08-26T17:32:31.033-0300] {logging_mixin.py:151} INFO - [2023-08-26T17:32:31.033-0300] {dag.py:3677} INFO - Setting next_dagrun for example_trigger_controller_dag to 2021-01-01T00:00:00+00:00, run_after=2021-01-01T00:00:00+00:00
[2023-08-26T17:32:31.041-0300] {processor.py:179} INFO - Processing /Users/luishmq/.pyenv/versions/3.8.13/envs/air_flow/lib/python3.8/site-packages/airflow/example_dags/example_trigger_controller_dag.py took 0.090 seconds
[2023-08-26T17:43:15.346-0300] {processor.py:157} INFO - Started process (PID=26227) to work on /Users/luishmq/.pyenv/versions/3.8.13/envs/air_flow/lib/python3.8/site-packages/airflow/example_dags/example_trigger_controller_dag.py
[2023-08-26T17:43:15.346-0300] {processor.py:829} INFO - Processing file /Users/luishmq/.pyenv/versions/3.8.13/envs/air_flow/lib/python3.8/site-packages/airflow/example_dags/example_trigger_controller_dag.py for tasks to queue
[2023-08-26T17:43:15.347-0300] {logging_mixin.py:151} INFO - [2023-08-26T17:43:15.347-0300] {dagbag.py:539} INFO - Filling up the DagBag from /Users/luishmq/.pyenv/versions/3.8.13/envs/air_flow/lib/python3.8/site-packages/airflow/example_dags/example_trigger_controller_dag.py
[2023-08-26T17:43:15.355-0300] {processor.py:839} INFO - DAG(s) dict_keys(['example_trigger_controller_dag']) retrieved from /Users/luishmq/.pyenv/versions/3.8.13/envs/air_flow/lib/python3.8/site-packages/airflow/example_dags/example_trigger_controller_dag.py
[2023-08-26T17:43:15.422-0300] {logging_mixin.py:151} INFO - [2023-08-26T17:43:15.421-0300] {dag.py:2907} INFO - Sync 1 DAGs
[2023-08-26T17:43:15.428-0300] {logging_mixin.py:151} INFO - [2023-08-26T17:43:15.428-0300] {dag.py:3677} INFO - Setting next_dagrun for example_trigger_controller_dag to 2021-01-01T00:00:00+00:00, run_after=2021-01-01T00:00:00+00:00
[2023-08-26T17:43:15.434-0300] {processor.py:179} INFO - Processing /Users/luishmq/.pyenv/versions/3.8.13/envs/air_flow/lib/python3.8/site-packages/airflow/example_dags/example_trigger_controller_dag.py took 0.089 seconds
[2023-08-26T17:52:56.953-0300] {processor.py:157} INFO - Started process (PID=27723) to work on /Users/luishmq/.pyenv/versions/3.8.13/envs/air_flow/lib/python3.8/site-packages/airflow/example_dags/example_trigger_controller_dag.py
[2023-08-26T17:52:56.954-0300] {processor.py:829} INFO - Processing file /Users/luishmq/.pyenv/versions/3.8.13/envs/air_flow/lib/python3.8/site-packages/airflow/example_dags/example_trigger_controller_dag.py for tasks to queue
[2023-08-26T17:52:56.954-0300] {logging_mixin.py:151} INFO - [2023-08-26T17:52:56.954-0300] {dagbag.py:539} INFO - Filling up the DagBag from /Users/luishmq/.pyenv/versions/3.8.13/envs/air_flow/lib/python3.8/site-packages/airflow/example_dags/example_trigger_controller_dag.py
[2023-08-26T17:52:56.962-0300] {processor.py:839} INFO - DAG(s) dict_keys(['example_trigger_controller_dag']) retrieved from /Users/luishmq/.pyenv/versions/3.8.13/envs/air_flow/lib/python3.8/site-packages/airflow/example_dags/example_trigger_controller_dag.py
[2023-08-26T17:52:57.029-0300] {logging_mixin.py:151} INFO - [2023-08-26T17:52:57.029-0300] {dag.py:2907} INFO - Sync 1 DAGs
[2023-08-26T17:52:57.036-0300] {logging_mixin.py:151} INFO - [2023-08-26T17:52:57.036-0300] {dag.py:3677} INFO - Setting next_dagrun for example_trigger_controller_dag to 2021-01-01T00:00:00+00:00, run_after=2021-01-01T00:00:00+00:00
[2023-08-26T17:52:57.042-0300] {processor.py:179} INFO - Processing /Users/luishmq/.pyenv/versions/3.8.13/envs/air_flow/lib/python3.8/site-packages/airflow/example_dags/example_trigger_controller_dag.py took 0.090 seconds
