[2023-08-26T17:27:06.443-0300] {processor.py:157} INFO - Started process (PID=24179) to work on /Users/luishmq/.pyenv/versions/3.8.13/envs/air_flow/lib/python3.8/site-packages/airflow/example_dags/example_dag_decorator.py
[2023-08-26T17:27:06.443-0300] {processor.py:829} INFO - Processing file /Users/luishmq/.pyenv/versions/3.8.13/envs/air_flow/lib/python3.8/site-packages/airflow/example_dags/example_dag_decorator.py for tasks to queue
[2023-08-26T17:27:06.444-0300] {logging_mixin.py:151} INFO - [2023-08-26T17:27:06.444-0300] {dagbag.py:539} INFO - Filling up the DagBag from /Users/luishmq/.pyenv/versions/3.8.13/envs/air_flow/lib/python3.8/site-packages/airflow/example_dags/example_dag_decorator.py
[2023-08-26T17:27:06.525-0300] {processor.py:839} INFO - DAG(s) dict_keys(['example_dag_decorator']) retrieved from /Users/luishmq/.pyenv/versions/3.8.13/envs/air_flow/lib/python3.8/site-packages/airflow/example_dags/example_dag_decorator.py
[2023-08-26T17:27:06.732-0300] {logging_mixin.py:151} INFO - [2023-08-26T17:27:06.732-0300] {manager.py:501} INFO - Created Permission View: can delete on DAG:example_dag_decorator
[2023-08-26T17:27:06.735-0300] {logging_mixin.py:151} INFO - [2023-08-26T17:27:06.735-0300] {manager.py:501} INFO - Created Permission View: can read on DAG:example_dag_decorator
[2023-08-26T17:27:06.737-0300] {logging_mixin.py:151} INFO - [2023-08-26T17:27:06.737-0300] {manager.py:501} INFO - Created Permission View: can edit on DAG:example_dag_decorator
[2023-08-26T17:27:06.741-0300] {logging_mixin.py:151} INFO - [2023-08-26T17:27:06.740-0300] {dag.py:2907} INFO - Sync 1 DAGs
[2023-08-26T17:27:06.744-0300] {logging_mixin.py:151} INFO - [2023-08-26T17:27:06.744-0300] {dag.py:2929} INFO - Creating ORM DAG for example_dag_decorator
[2023-08-26T17:27:06.745-0300] {logging_mixin.py:151} INFO - [2023-08-26T17:27:06.744-0300] {dag.py:3677} INFO - Setting next_dagrun for example_dag_decorator to None, run_after=None
[2023-08-26T17:27:06.750-0300] {processor.py:179} INFO - Processing /Users/luishmq/.pyenv/versions/3.8.13/envs/air_flow/lib/python3.8/site-packages/airflow/example_dags/example_dag_decorator.py took 0.308 seconds
[2023-08-26T17:28:38.652-0300] {processor.py:157} INFO - Started process (PID=24391) to work on /Users/luishmq/.pyenv/versions/3.8.13/envs/air_flow/lib/python3.8/site-packages/airflow/example_dags/example_dag_decorator.py
[2023-08-26T17:28:38.652-0300] {processor.py:829} INFO - Processing file /Users/luishmq/.pyenv/versions/3.8.13/envs/air_flow/lib/python3.8/site-packages/airflow/example_dags/example_dag_decorator.py for tasks to queue
[2023-08-26T17:28:38.652-0300] {logging_mixin.py:151} INFO - [2023-08-26T17:28:38.652-0300] {dagbag.py:539} INFO - Filling up the DagBag from /Users/luishmq/.pyenv/versions/3.8.13/envs/air_flow/lib/python3.8/site-packages/airflow/example_dags/example_dag_decorator.py
[2023-08-26T17:28:38.755-0300] {processor.py:839} INFO - DAG(s) dict_keys(['example_dag_decorator']) retrieved from /Users/luishmq/.pyenv/versions/3.8.13/envs/air_flow/lib/python3.8/site-packages/airflow/example_dags/example_dag_decorator.py
[2023-08-26T17:28:39.041-0300] {logging_mixin.py:151} INFO - [2023-08-26T17:28:39.041-0300] {dag.py:2907} INFO - Sync 1 DAGs
[2023-08-26T17:28:39.045-0300] {logging_mixin.py:151} INFO - [2023-08-26T17:28:39.045-0300] {dag.py:3677} INFO - Setting next_dagrun for example_dag_decorator to None, run_after=None
[2023-08-26T17:28:39.052-0300] {processor.py:179} INFO - Processing /Users/luishmq/.pyenv/versions/3.8.13/envs/air_flow/lib/python3.8/site-packages/airflow/example_dags/example_dag_decorator.py took 0.401 seconds
[2023-08-26T17:30:08.803-0300] {processor.py:157} INFO - Started process (PID=24595) to work on /Users/luishmq/.pyenv/versions/3.8.13/envs/air_flow/lib/python3.8/site-packages/airflow/example_dags/example_dag_decorator.py
[2023-08-26T17:30:08.804-0300] {processor.py:829} INFO - Processing file /Users/luishmq/.pyenv/versions/3.8.13/envs/air_flow/lib/python3.8/site-packages/airflow/example_dags/example_dag_decorator.py for tasks to queue
[2023-08-26T17:30:08.804-0300] {logging_mixin.py:151} INFO - [2023-08-26T17:30:08.804-0300] {dagbag.py:539} INFO - Filling up the DagBag from /Users/luishmq/.pyenv/versions/3.8.13/envs/air_flow/lib/python3.8/site-packages/airflow/example_dags/example_dag_decorator.py
[2023-08-26T17:30:08.911-0300] {processor.py:839} INFO - DAG(s) dict_keys(['example_dag_decorator']) retrieved from /Users/luishmq/.pyenv/versions/3.8.13/envs/air_flow/lib/python3.8/site-packages/airflow/example_dags/example_dag_decorator.py
[2023-08-26T17:30:09.248-0300] {logging_mixin.py:151} INFO - [2023-08-26T17:30:09.248-0300] {dag.py:2907} INFO - Sync 1 DAGs
[2023-08-26T17:30:09.253-0300] {logging_mixin.py:151} INFO - [2023-08-26T17:30:09.253-0300] {dag.py:3677} INFO - Setting next_dagrun for example_dag_decorator to None, run_after=None
[2023-08-26T17:30:09.272-0300] {processor.py:179} INFO - Processing /Users/luishmq/.pyenv/versions/3.8.13/envs/air_flow/lib/python3.8/site-packages/airflow/example_dags/example_dag_decorator.py took 0.469 seconds
[2023-08-26T17:32:02.238-0300] {processor.py:157} INFO - Started process (PID=25108) to work on /Users/luishmq/.pyenv/versions/3.8.13/envs/air_flow/lib/python3.8/site-packages/airflow/example_dags/example_dag_decorator.py
[2023-08-26T17:32:02.239-0300] {processor.py:829} INFO - Processing file /Users/luishmq/.pyenv/versions/3.8.13/envs/air_flow/lib/python3.8/site-packages/airflow/example_dags/example_dag_decorator.py for tasks to queue
[2023-08-26T17:32:02.239-0300] {logging_mixin.py:151} INFO - [2023-08-26T17:32:02.239-0300] {dagbag.py:539} INFO - Filling up the DagBag from /Users/luishmq/.pyenv/versions/3.8.13/envs/air_flow/lib/python3.8/site-packages/airflow/example_dags/example_dag_decorator.py
[2023-08-26T17:32:02.333-0300] {processor.py:839} INFO - DAG(s) dict_keys(['example_dag_decorator']) retrieved from /Users/luishmq/.pyenv/versions/3.8.13/envs/air_flow/lib/python3.8/site-packages/airflow/example_dags/example_dag_decorator.py
[2023-08-26T17:32:02.584-0300] {logging_mixin.py:151} INFO - [2023-08-26T17:32:02.584-0300] {dag.py:2907} INFO - Sync 1 DAGs
[2023-08-26T17:32:02.588-0300] {logging_mixin.py:151} INFO - [2023-08-26T17:32:02.588-0300] {dag.py:3677} INFO - Setting next_dagrun for example_dag_decorator to None, run_after=None
[2023-08-26T17:32:02.594-0300] {processor.py:179} INFO - Processing /Users/luishmq/.pyenv/versions/3.8.13/envs/air_flow/lib/python3.8/site-packages/airflow/example_dags/example_dag_decorator.py took 0.357 seconds
[2023-08-26T17:46:45.994-0300] {processor.py:157} INFO - Started process (PID=26579) to work on /Users/luishmq/.pyenv/versions/3.8.13/envs/air_flow/lib/python3.8/site-packages/airflow/example_dags/example_dag_decorator.py
[2023-08-26T17:46:45.994-0300] {processor.py:829} INFO - Processing file /Users/luishmq/.pyenv/versions/3.8.13/envs/air_flow/lib/python3.8/site-packages/airflow/example_dags/example_dag_decorator.py for tasks to queue
[2023-08-26T17:46:45.994-0300] {logging_mixin.py:151} INFO - [2023-08-26T17:46:45.994-0300] {dagbag.py:539} INFO - Filling up the DagBag from /Users/luishmq/.pyenv/versions/3.8.13/envs/air_flow/lib/python3.8/site-packages/airflow/example_dags/example_dag_decorator.py
[2023-08-26T17:46:46.076-0300] {processor.py:839} INFO - DAG(s) dict_keys(['example_dag_decorator']) retrieved from /Users/luishmq/.pyenv/versions/3.8.13/envs/air_flow/lib/python3.8/site-packages/airflow/example_dags/example_dag_decorator.py
[2023-08-26T17:46:46.358-0300] {logging_mixin.py:151} INFO - [2023-08-26T17:46:46.357-0300] {dag.py:2907} INFO - Sync 1 DAGs
[2023-08-26T17:46:46.361-0300] {logging_mixin.py:151} INFO - [2023-08-26T17:46:46.361-0300] {dag.py:3677} INFO - Setting next_dagrun for example_dag_decorator to None, run_after=None
[2023-08-26T17:46:46.368-0300] {processor.py:179} INFO - Processing /Users/luishmq/.pyenv/versions/3.8.13/envs/air_flow/lib/python3.8/site-packages/airflow/example_dags/example_dag_decorator.py took 0.375 seconds
