[2023-08-26T17:27:02.434-0300] {processor.py:157} INFO - Started process (PID=24172) to work on /Users/luishmq/.pyenv/versions/3.8.13/envs/air_flow/lib/python3.8/site-packages/airflow/example_dags/example_dynamic_task_mapping.py
[2023-08-26T17:27:02.434-0300] {processor.py:829} INFO - Processing file /Users/luishmq/.pyenv/versions/3.8.13/envs/air_flow/lib/python3.8/site-packages/airflow/example_dags/example_dynamic_task_mapping.py for tasks to queue
[2023-08-26T17:27:02.435-0300] {logging_mixin.py:151} INFO - [2023-08-26T17:27:02.435-0300] {dagbag.py:539} INFO - Filling up the DagBag from /Users/luishmq/.pyenv/versions/3.8.13/envs/air_flow/lib/python3.8/site-packages/airflow/example_dags/example_dynamic_task_mapping.py
[2023-08-26T17:27:02.456-0300] {processor.py:839} INFO - DAG(s) dict_keys(['example_dynamic_task_mapping']) retrieved from /Users/luishmq/.pyenv/versions/3.8.13/envs/air_flow/lib/python3.8/site-packages/airflow/example_dags/example_dynamic_task_mapping.py
[2023-08-26T17:27:02.744-0300] {logging_mixin.py:151} INFO - [2023-08-26T17:27:02.743-0300] {manager.py:501} INFO - Created Permission View: can read on DAG:example_dynamic_task_mapping
[2023-08-26T17:27:02.747-0300] {logging_mixin.py:151} INFO - [2023-08-26T17:27:02.747-0300] {manager.py:501} INFO - Created Permission View: can delete on DAG:example_dynamic_task_mapping
[2023-08-26T17:27:02.749-0300] {logging_mixin.py:151} INFO - [2023-08-26T17:27:02.749-0300] {manager.py:501} INFO - Created Permission View: can edit on DAG:example_dynamic_task_mapping
[2023-08-26T17:27:02.753-0300] {logging_mixin.py:151} INFO - [2023-08-26T17:27:02.753-0300] {dag.py:2907} INFO - Sync 1 DAGs
[2023-08-26T17:27:02.757-0300] {logging_mixin.py:151} INFO - [2023-08-26T17:27:02.757-0300] {dag.py:2929} INFO - Creating ORM DAG for example_dynamic_task_mapping
[2023-08-26T17:27:02.760-0300] {logging_mixin.py:151} INFO - [2023-08-26T17:27:02.760-0300] {dag.py:3677} INFO - Setting next_dagrun for example_dynamic_task_mapping to 2022-03-04T00:00:00+00:00, run_after=2022-03-05T00:00:00+00:00
[2023-08-26T17:27:02.766-0300] {processor.py:179} INFO - Processing /Users/luishmq/.pyenv/versions/3.8.13/envs/air_flow/lib/python3.8/site-packages/airflow/example_dags/example_dynamic_task_mapping.py took 0.332 seconds
[2023-08-26T17:28:35.153-0300] {processor.py:157} INFO - Started process (PID=24384) to work on /Users/luishmq/.pyenv/versions/3.8.13/envs/air_flow/lib/python3.8/site-packages/airflow/example_dags/example_dynamic_task_mapping.py
[2023-08-26T17:28:35.154-0300] {processor.py:829} INFO - Processing file /Users/luishmq/.pyenv/versions/3.8.13/envs/air_flow/lib/python3.8/site-packages/airflow/example_dags/example_dynamic_task_mapping.py for tasks to queue
[2023-08-26T17:28:35.155-0300] {logging_mixin.py:151} INFO - [2023-08-26T17:28:35.155-0300] {dagbag.py:539} INFO - Filling up the DagBag from /Users/luishmq/.pyenv/versions/3.8.13/envs/air_flow/lib/python3.8/site-packages/airflow/example_dags/example_dynamic_task_mapping.py
[2023-08-26T17:28:35.175-0300] {processor.py:839} INFO - DAG(s) dict_keys(['example_dynamic_task_mapping']) retrieved from /Users/luishmq/.pyenv/versions/3.8.13/envs/air_flow/lib/python3.8/site-packages/airflow/example_dags/example_dynamic_task_mapping.py
[2023-08-26T17:28:35.246-0300] {logging_mixin.py:151} INFO - [2023-08-26T17:28:35.245-0300] {dag.py:2907} INFO - Sync 1 DAGs
[2023-08-26T17:28:35.253-0300] {logging_mixin.py:151} INFO - [2023-08-26T17:28:35.253-0300] {dag.py:3677} INFO - Setting next_dagrun for example_dynamic_task_mapping to 2022-03-04T00:00:00+00:00, run_after=2022-03-05T00:00:00+00:00
[2023-08-26T17:28:35.260-0300] {processor.py:179} INFO - Processing /Users/luishmq/.pyenv/versions/3.8.13/envs/air_flow/lib/python3.8/site-packages/airflow/example_dags/example_dynamic_task_mapping.py took 0.107 seconds
[2023-08-26T17:30:05.438-0300] {processor.py:157} INFO - Started process (PID=24588) to work on /Users/luishmq/.pyenv/versions/3.8.13/envs/air_flow/lib/python3.8/site-packages/airflow/example_dags/example_dynamic_task_mapping.py
[2023-08-26T17:30:05.439-0300] {processor.py:829} INFO - Processing file /Users/luishmq/.pyenv/versions/3.8.13/envs/air_flow/lib/python3.8/site-packages/airflow/example_dags/example_dynamic_task_mapping.py for tasks to queue
[2023-08-26T17:30:05.439-0300] {logging_mixin.py:151} INFO - [2023-08-26T17:30:05.439-0300] {dagbag.py:539} INFO - Filling up the DagBag from /Users/luishmq/.pyenv/versions/3.8.13/envs/air_flow/lib/python3.8/site-packages/airflow/example_dags/example_dynamic_task_mapping.py
[2023-08-26T17:30:05.461-0300] {processor.py:839} INFO - DAG(s) dict_keys(['example_dynamic_task_mapping']) retrieved from /Users/luishmq/.pyenv/versions/3.8.13/envs/air_flow/lib/python3.8/site-packages/airflow/example_dags/example_dynamic_task_mapping.py
[2023-08-26T17:30:05.543-0300] {logging_mixin.py:151} INFO - [2023-08-26T17:30:05.541-0300] {dag.py:2907} INFO - Sync 1 DAGs
[2023-08-26T17:30:05.553-0300] {logging_mixin.py:151} INFO - [2023-08-26T17:30:05.553-0300] {dag.py:3677} INFO - Setting next_dagrun for example_dynamic_task_mapping to 2022-03-04T00:00:00+00:00, run_after=2022-03-05T00:00:00+00:00
[2023-08-26T17:30:05.564-0300] {processor.py:179} INFO - Processing /Users/luishmq/.pyenv/versions/3.8.13/envs/air_flow/lib/python3.8/site-packages/airflow/example_dags/example_dynamic_task_mapping.py took 0.126 seconds
[2023-08-26T17:31:59.521-0300] {processor.py:157} INFO - Started process (PID=25102) to work on /Users/luishmq/.pyenv/versions/3.8.13/envs/air_flow/lib/python3.8/site-packages/airflow/example_dags/example_dynamic_task_mapping.py
[2023-08-26T17:31:59.522-0300] {processor.py:829} INFO - Processing file /Users/luishmq/.pyenv/versions/3.8.13/envs/air_flow/lib/python3.8/site-packages/airflow/example_dags/example_dynamic_task_mapping.py for tasks to queue
[2023-08-26T17:31:59.522-0300] {logging_mixin.py:151} INFO - [2023-08-26T17:31:59.522-0300] {dagbag.py:539} INFO - Filling up the DagBag from /Users/luishmq/.pyenv/versions/3.8.13/envs/air_flow/lib/python3.8/site-packages/airflow/example_dags/example_dynamic_task_mapping.py
[2023-08-26T17:31:59.540-0300] {processor.py:839} INFO - DAG(s) dict_keys(['example_dynamic_task_mapping']) retrieved from /Users/luishmq/.pyenv/versions/3.8.13/envs/air_flow/lib/python3.8/site-packages/airflow/example_dags/example_dynamic_task_mapping.py
[2023-08-26T17:31:59.606-0300] {logging_mixin.py:151} INFO - [2023-08-26T17:31:59.606-0300] {dag.py:2907} INFO - Sync 1 DAGs
[2023-08-26T17:31:59.612-0300] {logging_mixin.py:151} INFO - [2023-08-26T17:31:59.612-0300] {dag.py:3677} INFO - Setting next_dagrun for example_dynamic_task_mapping to 2022-03-04T00:00:00+00:00, run_after=2022-03-05T00:00:00+00:00
[2023-08-26T17:31:59.619-0300] {processor.py:179} INFO - Processing /Users/luishmq/.pyenv/versions/3.8.13/envs/air_flow/lib/python3.8/site-packages/airflow/example_dags/example_dynamic_task_mapping.py took 0.099 seconds
[2023-08-26T17:46:12.478-0300] {processor.py:157} INFO - Started process (PID=26527) to work on /Users/luishmq/.pyenv/versions/3.8.13/envs/air_flow/lib/python3.8/site-packages/airflow/example_dags/example_dynamic_task_mapping.py
[2023-08-26T17:46:12.479-0300] {processor.py:829} INFO - Processing file /Users/luishmq/.pyenv/versions/3.8.13/envs/air_flow/lib/python3.8/site-packages/airflow/example_dags/example_dynamic_task_mapping.py for tasks to queue
[2023-08-26T17:46:12.479-0300] {logging_mixin.py:151} INFO - [2023-08-26T17:46:12.479-0300] {dagbag.py:539} INFO - Filling up the DagBag from /Users/luishmq/.pyenv/versions/3.8.13/envs/air_flow/lib/python3.8/site-packages/airflow/example_dags/example_dynamic_task_mapping.py
[2023-08-26T17:46:12.500-0300] {processor.py:839} INFO - DAG(s) dict_keys(['example_dynamic_task_mapping']) retrieved from /Users/luishmq/.pyenv/versions/3.8.13/envs/air_flow/lib/python3.8/site-packages/airflow/example_dags/example_dynamic_task_mapping.py
[2023-08-26T17:46:12.571-0300] {logging_mixin.py:151} INFO - [2023-08-26T17:46:12.570-0300] {dag.py:2907} INFO - Sync 1 DAGs
[2023-08-26T17:46:12.577-0300] {logging_mixin.py:151} INFO - [2023-08-26T17:46:12.577-0300] {dag.py:3677} INFO - Setting next_dagrun for example_dynamic_task_mapping to 2022-03-04T00:00:00+00:00, run_after=2022-03-05T00:00:00+00:00
[2023-08-26T17:46:12.584-0300] {processor.py:179} INFO - Processing /Users/luishmq/.pyenv/versions/3.8.13/envs/air_flow/lib/python3.8/site-packages/airflow/example_dags/example_dynamic_task_mapping.py took 0.107 seconds
