[2023-08-26T17:26:36.498-0300] {processor.py:157} INFO - Started process (PID=24115) to work on /Users/luishmq/.pyenv/versions/3.8.13/envs/air_flow/lib/python3.8/site-packages/airflow/example_dags/example_setup_teardown.py
[2023-08-26T17:26:36.498-0300] {processor.py:829} INFO - Processing file /Users/luishmq/.pyenv/versions/3.8.13/envs/air_flow/lib/python3.8/site-packages/airflow/example_dags/example_setup_teardown.py for tasks to queue
[2023-08-26T17:26:36.498-0300] {logging_mixin.py:151} INFO - [2023-08-26T17:26:36.498-0300] {dagbag.py:539} INFO - Filling up the DagBag from /Users/luishmq/.pyenv/versions/3.8.13/envs/air_flow/lib/python3.8/site-packages/airflow/example_dags/example_setup_teardown.py
[2023-08-26T17:26:36.507-0300] {processor.py:839} INFO - DAG(s) dict_keys(['example_setup_teardown']) retrieved from /Users/luishmq/.pyenv/versions/3.8.13/envs/air_flow/lib/python3.8/site-packages/airflow/example_dags/example_setup_teardown.py
[2023-08-26T17:26:36.775-0300] {logging_mixin.py:151} INFO - [2023-08-26T17:26:36.775-0300] {manager.py:501} INFO - Created Permission View: can edit on DAG:example_setup_teardown
[2023-08-26T17:26:36.778-0300] {logging_mixin.py:151} INFO - [2023-08-26T17:26:36.778-0300] {manager.py:501} INFO - Created Permission View: can delete on DAG:example_setup_teardown
[2023-08-26T17:26:36.780-0300] {logging_mixin.py:151} INFO - [2023-08-26T17:26:36.780-0300] {manager.py:501} INFO - Created Permission View: can read on DAG:example_setup_teardown
[2023-08-26T17:26:36.784-0300] {logging_mixin.py:151} INFO - [2023-08-26T17:26:36.784-0300] {dag.py:2907} INFO - Sync 1 DAGs
[2023-08-26T17:26:36.787-0300] {logging_mixin.py:151} INFO - [2023-08-26T17:26:36.787-0300] {dag.py:2929} INFO - Creating ORM DAG for example_setup_teardown
[2023-08-26T17:26:36.790-0300] {logging_mixin.py:151} INFO - [2023-08-26T17:26:36.790-0300] {dag.py:3677} INFO - Setting next_dagrun for example_setup_teardown to 2023-08-25T20:26:36.790535+00:00, run_after=2023-08-26T20:26:36.790535+00:00
[2023-08-26T17:26:36.796-0300] {processor.py:179} INFO - Processing /Users/luishmq/.pyenv/versions/3.8.13/envs/air_flow/lib/python3.8/site-packages/airflow/example_dags/example_setup_teardown.py took 0.298 seconds
[2023-08-26T17:27:55.932-0300] {processor.py:157} INFO - Started process (PID=24294) to work on /Users/luishmq/.pyenv/versions/3.8.13/envs/air_flow/lib/python3.8/site-packages/airflow/example_dags/example_setup_teardown.py
[2023-08-26T17:27:55.933-0300] {processor.py:829} INFO - Processing file /Users/luishmq/.pyenv/versions/3.8.13/envs/air_flow/lib/python3.8/site-packages/airflow/example_dags/example_setup_teardown.py for tasks to queue
[2023-08-26T17:27:55.933-0300] {logging_mixin.py:151} INFO - [2023-08-26T17:27:55.933-0300] {dagbag.py:539} INFO - Filling up the DagBag from /Users/luishmq/.pyenv/versions/3.8.13/envs/air_flow/lib/python3.8/site-packages/airflow/example_dags/example_setup_teardown.py
[2023-08-26T17:27:55.941-0300] {processor.py:839} INFO - DAG(s) dict_keys(['example_setup_teardown']) retrieved from /Users/luishmq/.pyenv/versions/3.8.13/envs/air_flow/lib/python3.8/site-packages/airflow/example_dags/example_setup_teardown.py
[2023-08-26T17:27:56.011-0300] {logging_mixin.py:151} INFO - [2023-08-26T17:27:56.010-0300] {dag.py:2907} INFO - Sync 1 DAGs
[2023-08-26T17:27:56.017-0300] {logging_mixin.py:151} INFO - [2023-08-26T17:27:56.017-0300] {dag.py:3677} INFO - Setting next_dagrun for example_setup_teardown to 2023-08-25T20:27:56.017124+00:00, run_after=2023-08-26T20:27:56.017124+00:00
[2023-08-26T17:27:56.024-0300] {processor.py:179} INFO - Processing /Users/luishmq/.pyenv/versions/3.8.13/envs/air_flow/lib/python3.8/site-packages/airflow/example_dags/example_setup_teardown.py took 0.092 seconds
[2023-08-26T17:29:26.398-0300] {processor.py:157} INFO - Started process (PID=24500) to work on /Users/luishmq/.pyenv/versions/3.8.13/envs/air_flow/lib/python3.8/site-packages/airflow/example_dags/example_setup_teardown.py
[2023-08-26T17:29:26.399-0300] {processor.py:829} INFO - Processing file /Users/luishmq/.pyenv/versions/3.8.13/envs/air_flow/lib/python3.8/site-packages/airflow/example_dags/example_setup_teardown.py for tasks to queue
[2023-08-26T17:29:26.399-0300] {logging_mixin.py:151} INFO - [2023-08-26T17:29:26.399-0300] {dagbag.py:539} INFO - Filling up the DagBag from /Users/luishmq/.pyenv/versions/3.8.13/envs/air_flow/lib/python3.8/site-packages/airflow/example_dags/example_setup_teardown.py
[2023-08-26T17:29:26.407-0300] {processor.py:839} INFO - DAG(s) dict_keys(['example_setup_teardown']) retrieved from /Users/luishmq/.pyenv/versions/3.8.13/envs/air_flow/lib/python3.8/site-packages/airflow/example_dags/example_setup_teardown.py
[2023-08-26T17:29:26.476-0300] {logging_mixin.py:151} INFO - [2023-08-26T17:29:26.476-0300] {dag.py:2907} INFO - Sync 1 DAGs
[2023-08-26T17:29:26.482-0300] {logging_mixin.py:151} INFO - [2023-08-26T17:29:26.482-0300] {dag.py:3677} INFO - Setting next_dagrun for example_setup_teardown to 2023-08-25T20:29:26.482320+00:00, run_after=2023-08-26T20:29:26.482320+00:00
[2023-08-26T17:29:26.489-0300] {processor.py:179} INFO - Processing /Users/luishmq/.pyenv/versions/3.8.13/envs/air_flow/lib/python3.8/site-packages/airflow/example_dags/example_setup_teardown.py took 0.091 seconds
[2023-08-26T17:31:00.695-0300] {processor.py:157} INFO - Started process (PID=24746) to work on /Users/luishmq/.pyenv/versions/3.8.13/envs/air_flow/lib/python3.8/site-packages/airflow/example_dags/example_setup_teardown.py
[2023-08-26T17:31:00.696-0300] {processor.py:829} INFO - Processing file /Users/luishmq/.pyenv/versions/3.8.13/envs/air_flow/lib/python3.8/site-packages/airflow/example_dags/example_setup_teardown.py for tasks to queue
[2023-08-26T17:31:00.696-0300] {logging_mixin.py:151} INFO - [2023-08-26T17:31:00.696-0300] {dagbag.py:539} INFO - Filling up the DagBag from /Users/luishmq/.pyenv/versions/3.8.13/envs/air_flow/lib/python3.8/site-packages/airflow/example_dags/example_setup_teardown.py
[2023-08-26T17:31:00.705-0300] {processor.py:839} INFO - DAG(s) dict_keys(['example_setup_teardown']) retrieved from /Users/luishmq/.pyenv/versions/3.8.13/envs/air_flow/lib/python3.8/site-packages/airflow/example_dags/example_setup_teardown.py
[2023-08-26T17:31:00.777-0300] {logging_mixin.py:151} INFO - [2023-08-26T17:31:00.777-0300] {dag.py:2907} INFO - Sync 1 DAGs
[2023-08-26T17:31:00.784-0300] {logging_mixin.py:151} INFO - [2023-08-26T17:31:00.784-0300] {dag.py:3677} INFO - Setting next_dagrun for example_setup_teardown to 2023-08-25T20:31:00.784385+00:00, run_after=2023-08-26T20:31:00.784385+00:00
[2023-08-26T17:31:00.791-0300] {processor.py:179} INFO - Processing /Users/luishmq/.pyenv/versions/3.8.13/envs/air_flow/lib/python3.8/site-packages/airflow/example_dags/example_setup_teardown.py took 0.096 seconds
[2023-08-26T17:34:08.293-0300] {processor.py:157} INFO - Started process (PID=25336) to work on /Users/luishmq/.pyenv/versions/3.8.13/envs/air_flow/lib/python3.8/site-packages/airflow/example_dags/example_setup_teardown.py
[2023-08-26T17:34:08.294-0300] {processor.py:829} INFO - Processing file /Users/luishmq/.pyenv/versions/3.8.13/envs/air_flow/lib/python3.8/site-packages/airflow/example_dags/example_setup_teardown.py for tasks to queue
[2023-08-26T17:34:08.294-0300] {logging_mixin.py:151} INFO - [2023-08-26T17:34:08.294-0300] {dagbag.py:539} INFO - Filling up the DagBag from /Users/luishmq/.pyenv/versions/3.8.13/envs/air_flow/lib/python3.8/site-packages/airflow/example_dags/example_setup_teardown.py
[2023-08-26T17:34:08.303-0300] {processor.py:839} INFO - DAG(s) dict_keys(['example_setup_teardown']) retrieved from /Users/luishmq/.pyenv/versions/3.8.13/envs/air_flow/lib/python3.8/site-packages/airflow/example_dags/example_setup_teardown.py
[2023-08-26T17:34:08.373-0300] {logging_mixin.py:151} INFO - [2023-08-26T17:34:08.373-0300] {dag.py:2907} INFO - Sync 1 DAGs
[2023-08-26T17:34:08.379-0300] {logging_mixin.py:151} INFO - [2023-08-26T17:34:08.379-0300] {dag.py:3677} INFO - Setting next_dagrun for example_setup_teardown to 2023-08-25T20:34:08.379681+00:00, run_after=2023-08-26T20:34:08.379681+00:00
[2023-08-26T17:34:08.386-0300] {processor.py:179} INFO - Processing /Users/luishmq/.pyenv/versions/3.8.13/envs/air_flow/lib/python3.8/site-packages/airflow/example_dags/example_setup_teardown.py took 0.093 seconds
[2023-08-26T17:44:05.203-0300] {processor.py:157} INFO - Started process (PID=26320) to work on /Users/luishmq/.pyenv/versions/3.8.13/envs/air_flow/lib/python3.8/site-packages/airflow/example_dags/example_setup_teardown.py
[2023-08-26T17:44:05.204-0300] {processor.py:829} INFO - Processing file /Users/luishmq/.pyenv/versions/3.8.13/envs/air_flow/lib/python3.8/site-packages/airflow/example_dags/example_setup_teardown.py for tasks to queue
[2023-08-26T17:44:05.204-0300] {logging_mixin.py:151} INFO - [2023-08-26T17:44:05.204-0300] {dagbag.py:539} INFO - Filling up the DagBag from /Users/luishmq/.pyenv/versions/3.8.13/envs/air_flow/lib/python3.8/site-packages/airflow/example_dags/example_setup_teardown.py
[2023-08-26T17:44:05.211-0300] {processor.py:839} INFO - DAG(s) dict_keys(['example_setup_teardown']) retrieved from /Users/luishmq/.pyenv/versions/3.8.13/envs/air_flow/lib/python3.8/site-packages/airflow/example_dags/example_setup_teardown.py
[2023-08-26T17:44:05.283-0300] {logging_mixin.py:151} INFO - [2023-08-26T17:44:05.282-0300] {dag.py:2907} INFO - Sync 1 DAGs
[2023-08-26T17:44:05.289-0300] {logging_mixin.py:151} INFO - [2023-08-26T17:44:05.289-0300] {dag.py:3677} INFO - Setting next_dagrun for example_setup_teardown to 2023-08-25T20:44:05.289192+00:00, run_after=2023-08-26T20:44:05.289192+00:00
[2023-08-26T17:44:05.296-0300] {processor.py:179} INFO - Processing /Users/luishmq/.pyenv/versions/3.8.13/envs/air_flow/lib/python3.8/site-packages/airflow/example_dags/example_setup_teardown.py took 0.093 seconds
[2023-08-26T17:54:25.383-0300] {processor.py:157} INFO - Started process (PID=27872) to work on /Users/luishmq/.pyenv/versions/3.8.13/envs/air_flow/lib/python3.8/site-packages/airflow/example_dags/example_setup_teardown.py
[2023-08-26T17:54:25.384-0300] {processor.py:829} INFO - Processing file /Users/luishmq/.pyenv/versions/3.8.13/envs/air_flow/lib/python3.8/site-packages/airflow/example_dags/example_setup_teardown.py for tasks to queue
[2023-08-26T17:54:25.384-0300] {logging_mixin.py:151} INFO - [2023-08-26T17:54:25.384-0300] {dagbag.py:539} INFO - Filling up the DagBag from /Users/luishmq/.pyenv/versions/3.8.13/envs/air_flow/lib/python3.8/site-packages/airflow/example_dags/example_setup_teardown.py
[2023-08-26T17:54:25.392-0300] {processor.py:839} INFO - DAG(s) dict_keys(['example_setup_teardown']) retrieved from /Users/luishmq/.pyenv/versions/3.8.13/envs/air_flow/lib/python3.8/site-packages/airflow/example_dags/example_setup_teardown.py
[2023-08-26T17:54:25.461-0300] {logging_mixin.py:151} INFO - [2023-08-26T17:54:25.461-0300] {dag.py:2907} INFO - Sync 1 DAGs
[2023-08-26T17:54:25.467-0300] {logging_mixin.py:151} INFO - [2023-08-26T17:54:25.467-0300] {dag.py:3677} INFO - Setting next_dagrun for example_setup_teardown to 2023-08-25T20:54:25.467371+00:00, run_after=2023-08-26T20:54:25.467371+00:00
[2023-08-26T17:54:25.474-0300] {processor.py:179} INFO - Processing /Users/luishmq/.pyenv/versions/3.8.13/envs/air_flow/lib/python3.8/site-packages/airflow/example_dags/example_setup_teardown.py took 0.091 seconds
