[2023-08-26T17:26:28.589-0300] {processor.py:157} INFO - Started process (PID=24097) to work on /Users/luishmq/.pyenv/versions/3.8.13/envs/air_flow/lib/python3.8/site-packages/airflow/example_dags/example_sla_dag.py
[2023-08-26T17:26:28.589-0300] {processor.py:829} INFO - Processing file /Users/luishmq/.pyenv/versions/3.8.13/envs/air_flow/lib/python3.8/site-packages/airflow/example_dags/example_sla_dag.py for tasks to queue
[2023-08-26T17:26:28.589-0300] {logging_mixin.py:151} INFO - [2023-08-26T17:26:28.589-0300] {dagbag.py:539} INFO - Filling up the DagBag from /Users/luishmq/.pyenv/versions/3.8.13/envs/air_flow/lib/python3.8/site-packages/airflow/example_dags/example_sla_dag.py
[2023-08-26T17:26:28.609-0300] {processor.py:839} INFO - DAG(s) dict_keys(['example_sla_dag']) retrieved from /Users/luishmq/.pyenv/versions/3.8.13/envs/air_flow/lib/python3.8/site-packages/airflow/example_dags/example_sla_dag.py
[2023-08-26T17:26:28.876-0300] {logging_mixin.py:151} INFO - [2023-08-26T17:26:28.875-0300] {manager.py:501} INFO - Created Permission View: can edit on DAG:example_sla_dag
[2023-08-26T17:26:28.879-0300] {logging_mixin.py:151} INFO - [2023-08-26T17:26:28.879-0300] {manager.py:501} INFO - Created Permission View: can delete on DAG:example_sla_dag
[2023-08-26T17:26:28.881-0300] {logging_mixin.py:151} INFO - [2023-08-26T17:26:28.880-0300] {manager.py:501} INFO - Created Permission View: can read on DAG:example_sla_dag
[2023-08-26T17:26:28.884-0300] {logging_mixin.py:151} INFO - [2023-08-26T17:26:28.884-0300] {dag.py:2907} INFO - Sync 1 DAGs
[2023-08-26T17:26:28.888-0300] {logging_mixin.py:151} INFO - [2023-08-26T17:26:28.888-0300] {dag.py:2929} INFO - Creating ORM DAG for example_sla_dag
[2023-08-26T17:26:28.893-0300] {logging_mixin.py:151} INFO - [2023-08-26T17:26:28.893-0300] {dag.py:3677} INFO - Setting next_dagrun for example_sla_dag to 2023-08-26T20:24:00+00:00, run_after=2023-08-26T20:26:00+00:00
[2023-08-26T17:26:28.899-0300] {processor.py:179} INFO - Processing /Users/luishmq/.pyenv/versions/3.8.13/envs/air_flow/lib/python3.8/site-packages/airflow/example_dags/example_sla_dag.py took 0.310 seconds
[2023-08-26T17:27:47.808-0300] {processor.py:157} INFO - Started process (PID=24277) to work on /Users/luishmq/.pyenv/versions/3.8.13/envs/air_flow/lib/python3.8/site-packages/airflow/example_dags/example_sla_dag.py
[2023-08-26T17:27:47.809-0300] {processor.py:829} INFO - Processing file /Users/luishmq/.pyenv/versions/3.8.13/envs/air_flow/lib/python3.8/site-packages/airflow/example_dags/example_sla_dag.py for tasks to queue
[2023-08-26T17:27:47.810-0300] {logging_mixin.py:151} INFO - [2023-08-26T17:27:47.810-0300] {dagbag.py:539} INFO - Filling up the DagBag from /Users/luishmq/.pyenv/versions/3.8.13/envs/air_flow/lib/python3.8/site-packages/airflow/example_dags/example_sla_dag.py
[2023-08-26T17:27:47.829-0300] {processor.py:839} INFO - DAG(s) dict_keys(['example_sla_dag']) retrieved from /Users/luishmq/.pyenv/versions/3.8.13/envs/air_flow/lib/python3.8/site-packages/airflow/example_dags/example_sla_dag.py
[2023-08-26T17:27:47.895-0300] {logging_mixin.py:151} INFO - [2023-08-26T17:27:47.894-0300] {dag.py:2907} INFO - Sync 1 DAGs
[2023-08-26T17:27:47.903-0300] {logging_mixin.py:151} INFO - [2023-08-26T17:27:47.903-0300] {dag.py:3677} INFO - Setting next_dagrun for example_sla_dag to 2023-08-26T20:24:00+00:00, run_after=2023-08-26T20:26:00+00:00
[2023-08-26T17:27:47.909-0300] {processor.py:179} INFO - Processing /Users/luishmq/.pyenv/versions/3.8.13/envs/air_flow/lib/python3.8/site-packages/airflow/example_dags/example_sla_dag.py took 0.101 seconds
[2023-08-26T17:29:19.035-0300] {processor.py:157} INFO - Started process (PID=24481) to work on /Users/luishmq/.pyenv/versions/3.8.13/envs/air_flow/lib/python3.8/site-packages/airflow/example_dags/example_sla_dag.py
[2023-08-26T17:29:19.036-0300] {processor.py:829} INFO - Processing file /Users/luishmq/.pyenv/versions/3.8.13/envs/air_flow/lib/python3.8/site-packages/airflow/example_dags/example_sla_dag.py for tasks to queue
[2023-08-26T17:29:19.036-0300] {logging_mixin.py:151} INFO - [2023-08-26T17:29:19.036-0300] {dagbag.py:539} INFO - Filling up the DagBag from /Users/luishmq/.pyenv/versions/3.8.13/envs/air_flow/lib/python3.8/site-packages/airflow/example_dags/example_sla_dag.py
[2023-08-26T17:29:19.057-0300] {processor.py:839} INFO - DAG(s) dict_keys(['example_sla_dag']) retrieved from /Users/luishmq/.pyenv/versions/3.8.13/envs/air_flow/lib/python3.8/site-packages/airflow/example_dags/example_sla_dag.py
[2023-08-26T17:29:19.128-0300] {logging_mixin.py:151} INFO - [2023-08-26T17:29:19.128-0300] {dag.py:2907} INFO - Sync 1 DAGs
[2023-08-26T17:29:19.137-0300] {logging_mixin.py:151} INFO - [2023-08-26T17:29:19.137-0300] {dag.py:3677} INFO - Setting next_dagrun for example_sla_dag to 2023-08-26T20:26:00+00:00, run_after=2023-08-26T20:28:00+00:00
[2023-08-26T17:29:19.145-0300] {processor.py:179} INFO - Processing /Users/luishmq/.pyenv/versions/3.8.13/envs/air_flow/lib/python3.8/site-packages/airflow/example_dags/example_sla_dag.py took 0.110 seconds
[2023-08-26T17:30:52.124-0300] {processor.py:157} INFO - Started process (PID=24687) to work on /Users/luishmq/.pyenv/versions/3.8.13/envs/air_flow/lib/python3.8/site-packages/airflow/example_dags/example_sla_dag.py
[2023-08-26T17:30:52.125-0300] {processor.py:829} INFO - Processing file /Users/luishmq/.pyenv/versions/3.8.13/envs/air_flow/lib/python3.8/site-packages/airflow/example_dags/example_sla_dag.py for tasks to queue
[2023-08-26T17:30:52.125-0300] {logging_mixin.py:151} INFO - [2023-08-26T17:30:52.125-0300] {dagbag.py:539} INFO - Filling up the DagBag from /Users/luishmq/.pyenv/versions/3.8.13/envs/air_flow/lib/python3.8/site-packages/airflow/example_dags/example_sla_dag.py
[2023-08-26T17:30:52.146-0300] {processor.py:839} INFO - DAG(s) dict_keys(['example_sla_dag']) retrieved from /Users/luishmq/.pyenv/versions/3.8.13/envs/air_flow/lib/python3.8/site-packages/airflow/example_dags/example_sla_dag.py
[2023-08-26T17:30:52.212-0300] {logging_mixin.py:151} INFO - [2023-08-26T17:30:52.212-0300] {dag.py:2907} INFO - Sync 1 DAGs
[2023-08-26T17:30:52.220-0300] {logging_mixin.py:151} INFO - [2023-08-26T17:30:52.220-0300] {dag.py:3677} INFO - Setting next_dagrun for example_sla_dag to 2023-08-26T20:28:00+00:00, run_after=2023-08-26T20:30:00+00:00
[2023-08-26T17:30:52.227-0300] {processor.py:179} INFO - Processing /Users/luishmq/.pyenv/versions/3.8.13/envs/air_flow/lib/python3.8/site-packages/airflow/example_dags/example_sla_dag.py took 0.103 seconds
[2023-08-26T17:32:58.127-0300] {processor.py:157} INFO - Started process (PID=25222) to work on /Users/luishmq/.pyenv/versions/3.8.13/envs/air_flow/lib/python3.8/site-packages/airflow/example_dags/example_sla_dag.py
[2023-08-26T17:32:58.128-0300] {processor.py:829} INFO - Processing file /Users/luishmq/.pyenv/versions/3.8.13/envs/air_flow/lib/python3.8/site-packages/airflow/example_dags/example_sla_dag.py for tasks to queue
[2023-08-26T17:32:58.128-0300] {logging_mixin.py:151} INFO - [2023-08-26T17:32:58.128-0300] {dagbag.py:539} INFO - Filling up the DagBag from /Users/luishmq/.pyenv/versions/3.8.13/envs/air_flow/lib/python3.8/site-packages/airflow/example_dags/example_sla_dag.py
[2023-08-26T17:32:58.151-0300] {processor.py:839} INFO - DAG(s) dict_keys(['example_sla_dag']) retrieved from /Users/luishmq/.pyenv/versions/3.8.13/envs/air_flow/lib/python3.8/site-packages/airflow/example_dags/example_sla_dag.py
[2023-08-26T17:32:58.222-0300] {logging_mixin.py:151} INFO - [2023-08-26T17:32:58.222-0300] {dag.py:2907} INFO - Sync 1 DAGs
[2023-08-26T17:32:58.231-0300] {logging_mixin.py:151} INFO - [2023-08-26T17:32:58.231-0300] {dag.py:3677} INFO - Setting next_dagrun for example_sla_dag to 2023-08-26T20:30:00+00:00, run_after=2023-08-26T20:32:00+00:00
[2023-08-26T17:32:58.238-0300] {processor.py:179} INFO - Processing /Users/luishmq/.pyenv/versions/3.8.13/envs/air_flow/lib/python3.8/site-packages/airflow/example_dags/example_sla_dag.py took 0.111 seconds
[2023-08-26T17:43:56.727-0300] {processor.py:157} INFO - Started process (PID=26302) to work on /Users/luishmq/.pyenv/versions/3.8.13/envs/air_flow/lib/python3.8/site-packages/airflow/example_dags/example_sla_dag.py
[2023-08-26T17:43:56.728-0300] {processor.py:829} INFO - Processing file /Users/luishmq/.pyenv/versions/3.8.13/envs/air_flow/lib/python3.8/site-packages/airflow/example_dags/example_sla_dag.py for tasks to queue
[2023-08-26T17:43:56.728-0300] {logging_mixin.py:151} INFO - [2023-08-26T17:43:56.728-0300] {dagbag.py:539} INFO - Filling up the DagBag from /Users/luishmq/.pyenv/versions/3.8.13/envs/air_flow/lib/python3.8/site-packages/airflow/example_dags/example_sla_dag.py
[2023-08-26T17:43:56.749-0300] {processor.py:839} INFO - DAG(s) dict_keys(['example_sla_dag']) retrieved from /Users/luishmq/.pyenv/versions/3.8.13/envs/air_flow/lib/python3.8/site-packages/airflow/example_dags/example_sla_dag.py
[2023-08-26T17:43:56.814-0300] {logging_mixin.py:151} INFO - [2023-08-26T17:43:56.814-0300] {dag.py:2907} INFO - Sync 1 DAGs
[2023-08-26T17:43:56.822-0300] {logging_mixin.py:151} INFO - [2023-08-26T17:43:56.822-0300] {dag.py:3677} INFO - Setting next_dagrun for example_sla_dag to 2023-08-26T20:40:00+00:00, run_after=2023-08-26T20:42:00+00:00
[2023-08-26T17:43:56.829-0300] {processor.py:179} INFO - Processing /Users/luishmq/.pyenv/versions/3.8.13/envs/air_flow/lib/python3.8/site-packages/airflow/example_dags/example_sla_dag.py took 0.102 seconds
[2023-08-26T17:53:41.072-0300] {processor.py:157} INFO - Started process (PID=27797) to work on /Users/luishmq/.pyenv/versions/3.8.13/envs/air_flow/lib/python3.8/site-packages/airflow/example_dags/example_sla_dag.py
[2023-08-26T17:53:41.073-0300] {processor.py:829} INFO - Processing file /Users/luishmq/.pyenv/versions/3.8.13/envs/air_flow/lib/python3.8/site-packages/airflow/example_dags/example_sla_dag.py for tasks to queue
[2023-08-26T17:53:41.073-0300] {logging_mixin.py:151} INFO - [2023-08-26T17:53:41.073-0300] {dagbag.py:539} INFO - Filling up the DagBag from /Users/luishmq/.pyenv/versions/3.8.13/envs/air_flow/lib/python3.8/site-packages/airflow/example_dags/example_sla_dag.py
[2023-08-26T17:53:41.092-0300] {processor.py:839} INFO - DAG(s) dict_keys(['example_sla_dag']) retrieved from /Users/luishmq/.pyenv/versions/3.8.13/envs/air_flow/lib/python3.8/site-packages/airflow/example_dags/example_sla_dag.py
[2023-08-26T17:53:41.158-0300] {logging_mixin.py:151} INFO - [2023-08-26T17:53:41.157-0300] {dag.py:2907} INFO - Sync 1 DAGs
[2023-08-26T17:53:41.166-0300] {logging_mixin.py:151} INFO - [2023-08-26T17:53:41.165-0300] {dag.py:3677} INFO - Setting next_dagrun for example_sla_dag to 2023-08-26T20:50:00+00:00, run_after=2023-08-26T20:52:00+00:00
[2023-08-26T17:53:41.172-0300] {processor.py:179} INFO - Processing /Users/luishmq/.pyenv/versions/3.8.13/envs/air_flow/lib/python3.8/site-packages/airflow/example_dags/example_sla_dag.py took 0.101 seconds
