[2023-08-26T17:27:18.424-0300] {processor.py:157} INFO - Started process (PID=24208) to work on /Users/luishmq/.pyenv/versions/3.8.13/envs/air_flow/lib/python3.8/site-packages/airflow/example_dags/example_branch_datetime_operator.py
[2023-08-26T17:27:18.425-0300] {processor.py:829} INFO - Processing file /Users/luishmq/.pyenv/versions/3.8.13/envs/air_flow/lib/python3.8/site-packages/airflow/example_dags/example_branch_datetime_operator.py for tasks to queue
[2023-08-26T17:27:18.425-0300] {logging_mixin.py:151} INFO - [2023-08-26T17:27:18.425-0300] {dagbag.py:539} INFO - Filling up the DagBag from /Users/luishmq/.pyenv/versions/3.8.13/envs/air_flow/lib/python3.8/site-packages/airflow/example_dags/example_branch_datetime_operator.py
[2023-08-26T17:27:18.437-0300] {processor.py:839} INFO - DAG(s) dict_keys(['example_branch_datetime_operator_3', 'example_branch_datetime_operator', 'example_branch_datetime_operator_2']) retrieved from /Users/luishmq/.pyenv/versions/3.8.13/envs/air_flow/lib/python3.8/site-packages/airflow/example_dags/example_branch_datetime_operator.py
[2023-08-26T17:27:18.714-0300] {logging_mixin.py:151} INFO - [2023-08-26T17:27:18.714-0300] {manager.py:501} INFO - Created Permission View: can delete on DAG:example_branch_datetime_operator_3
[2023-08-26T17:27:18.717-0300] {logging_mixin.py:151} INFO - [2023-08-26T17:27:18.717-0300] {manager.py:501} INFO - Created Permission View: can edit on DAG:example_branch_datetime_operator_3
[2023-08-26T17:27:18.719-0300] {logging_mixin.py:151} INFO - [2023-08-26T17:27:18.719-0300] {manager.py:501} INFO - Created Permission View: can read on DAG:example_branch_datetime_operator_3
[2023-08-26T17:27:18.727-0300] {logging_mixin.py:151} INFO - [2023-08-26T17:27:18.727-0300] {manager.py:501} INFO - Created Permission View: can delete on DAG:example_branch_datetime_operator
[2023-08-26T17:27:18.729-0300] {logging_mixin.py:151} INFO - [2023-08-26T17:27:18.729-0300] {manager.py:501} INFO - Created Permission View: can edit on DAG:example_branch_datetime_operator
[2023-08-26T17:27:18.731-0300] {logging_mixin.py:151} INFO - [2023-08-26T17:27:18.731-0300] {manager.py:501} INFO - Created Permission View: can read on DAG:example_branch_datetime_operator
[2023-08-26T17:27:18.737-0300] {logging_mixin.py:151} INFO - [2023-08-26T17:27:18.737-0300] {manager.py:501} INFO - Created Permission View: can delete on DAG:example_branch_datetime_operator_2
[2023-08-26T17:27:18.739-0300] {logging_mixin.py:151} INFO - [2023-08-26T17:27:18.739-0300] {manager.py:501} INFO - Created Permission View: can edit on DAG:example_branch_datetime_operator_2
[2023-08-26T17:27:18.741-0300] {logging_mixin.py:151} INFO - [2023-08-26T17:27:18.741-0300] {manager.py:501} INFO - Created Permission View: can read on DAG:example_branch_datetime_operator_2
[2023-08-26T17:27:18.743-0300] {logging_mixin.py:151} INFO - [2023-08-26T17:27:18.742-0300] {dag.py:2907} INFO - Sync 3 DAGs
[2023-08-26T17:27:18.746-0300] {logging_mixin.py:151} INFO - [2023-08-26T17:27:18.746-0300] {dag.py:2929} INFO - Creating ORM DAG for example_branch_datetime_operator_3
[2023-08-26T17:27:18.746-0300] {logging_mixin.py:151} INFO - [2023-08-26T17:27:18.746-0300] {dag.py:2929} INFO - Creating ORM DAG for example_branch_datetime_operator_2
[2023-08-26T17:27:18.746-0300] {logging_mixin.py:151} INFO - [2023-08-26T17:27:18.746-0300] {dag.py:2929} INFO - Creating ORM DAG for example_branch_datetime_operator
[2023-08-26T17:27:18.750-0300] {logging_mixin.py:151} INFO - [2023-08-26T17:27:18.750-0300] {dag.py:3677} INFO - Setting next_dagrun for example_branch_datetime_operator to 2023-08-25T00:00:00+00:00, run_after=2023-08-26T00:00:00+00:00
[2023-08-26T17:27:18.751-0300] {logging_mixin.py:151} INFO - [2023-08-26T17:27:18.751-0300] {dag.py:3677} INFO - Setting next_dagrun for example_branch_datetime_operator_2 to 2023-08-25T00:00:00+00:00, run_after=2023-08-26T00:00:00+00:00
[2023-08-26T17:27:18.751-0300] {logging_mixin.py:151} INFO - [2023-08-26T17:27:18.751-0300] {dag.py:3677} INFO - Setting next_dagrun for example_branch_datetime_operator_3 to 2023-08-25T00:00:00+00:00, run_after=2023-08-26T00:00:00+00:00
[2023-08-26T17:27:18.758-0300] {processor.py:179} INFO - Processing /Users/luishmq/.pyenv/versions/3.8.13/envs/air_flow/lib/python3.8/site-packages/airflow/example_dags/example_branch_datetime_operator.py took 0.334 seconds
[2023-08-26T17:28:50.881-0300] {processor.py:157} INFO - Started process (PID=24417) to work on /Users/luishmq/.pyenv/versions/3.8.13/envs/air_flow/lib/python3.8/site-packages/airflow/example_dags/example_branch_datetime_operator.py
[2023-08-26T17:28:50.882-0300] {processor.py:829} INFO - Processing file /Users/luishmq/.pyenv/versions/3.8.13/envs/air_flow/lib/python3.8/site-packages/airflow/example_dags/example_branch_datetime_operator.py for tasks to queue
[2023-08-26T17:28:50.883-0300] {logging_mixin.py:151} INFO - [2023-08-26T17:28:50.882-0300] {dagbag.py:539} INFO - Filling up the DagBag from /Users/luishmq/.pyenv/versions/3.8.13/envs/air_flow/lib/python3.8/site-packages/airflow/example_dags/example_branch_datetime_operator.py
[2023-08-26T17:28:50.893-0300] {processor.py:839} INFO - DAG(s) dict_keys(['example_branch_datetime_operator_3', 'example_branch_datetime_operator', 'example_branch_datetime_operator_2']) retrieved from /Users/luishmq/.pyenv/versions/3.8.13/envs/air_flow/lib/python3.8/site-packages/airflow/example_dags/example_branch_datetime_operator.py
[2023-08-26T17:28:50.965-0300] {logging_mixin.py:151} INFO - [2023-08-26T17:28:50.965-0300] {dag.py:2907} INFO - Sync 3 DAGs
[2023-08-26T17:28:50.971-0300] {logging_mixin.py:151} INFO - [2023-08-26T17:28:50.971-0300] {dag.py:3677} INFO - Setting next_dagrun for example_branch_datetime_operator to 2023-08-25T00:00:00+00:00, run_after=2023-08-26T00:00:00+00:00
[2023-08-26T17:28:50.973-0300] {logging_mixin.py:151} INFO - [2023-08-26T17:28:50.973-0300] {dag.py:3677} INFO - Setting next_dagrun for example_branch_datetime_operator_2 to 2023-08-25T00:00:00+00:00, run_after=2023-08-26T00:00:00+00:00
[2023-08-26T17:28:50.974-0300] {logging_mixin.py:151} INFO - [2023-08-26T17:28:50.974-0300] {dag.py:3677} INFO - Setting next_dagrun for example_branch_datetime_operator_3 to 2023-08-25T00:00:00+00:00, run_after=2023-08-26T00:00:00+00:00
[2023-08-26T17:28:50.981-0300] {processor.py:179} INFO - Processing /Users/luishmq/.pyenv/versions/3.8.13/envs/air_flow/lib/python3.8/site-packages/airflow/example_dags/example_branch_datetime_operator.py took 0.100 seconds
[2023-08-26T17:30:21.361-0300] {processor.py:157} INFO - Started process (PID=24621) to work on /Users/luishmq/.pyenv/versions/3.8.13/envs/air_flow/lib/python3.8/site-packages/airflow/example_dags/example_branch_datetime_operator.py
[2023-08-26T17:30:21.362-0300] {processor.py:829} INFO - Processing file /Users/luishmq/.pyenv/versions/3.8.13/envs/air_flow/lib/python3.8/site-packages/airflow/example_dags/example_branch_datetime_operator.py for tasks to queue
[2023-08-26T17:30:21.363-0300] {logging_mixin.py:151} INFO - [2023-08-26T17:30:21.363-0300] {dagbag.py:539} INFO - Filling up the DagBag from /Users/luishmq/.pyenv/versions/3.8.13/envs/air_flow/lib/python3.8/site-packages/airflow/example_dags/example_branch_datetime_operator.py
[2023-08-26T17:30:21.373-0300] {processor.py:839} INFO - DAG(s) dict_keys(['example_branch_datetime_operator_3', 'example_branch_datetime_operator', 'example_branch_datetime_operator_2']) retrieved from /Users/luishmq/.pyenv/versions/3.8.13/envs/air_flow/lib/python3.8/site-packages/airflow/example_dags/example_branch_datetime_operator.py
[2023-08-26T17:30:21.445-0300] {logging_mixin.py:151} INFO - [2023-08-26T17:30:21.445-0300] {dag.py:2907} INFO - Sync 3 DAGs
[2023-08-26T17:30:21.452-0300] {logging_mixin.py:151} INFO - [2023-08-26T17:30:21.452-0300] {dag.py:3677} INFO - Setting next_dagrun for example_branch_datetime_operator to 2023-08-25T00:00:00+00:00, run_after=2023-08-26T00:00:00+00:00
[2023-08-26T17:30:21.453-0300] {logging_mixin.py:151} INFO - [2023-08-26T17:30:21.453-0300] {dag.py:3677} INFO - Setting next_dagrun for example_branch_datetime_operator_2 to 2023-08-25T00:00:00+00:00, run_after=2023-08-26T00:00:00+00:00
[2023-08-26T17:30:21.454-0300] {logging_mixin.py:151} INFO - [2023-08-26T17:30:21.454-0300] {dag.py:3677} INFO - Setting next_dagrun for example_branch_datetime_operator_3 to 2023-08-25T00:00:00+00:00, run_after=2023-08-26T00:00:00+00:00
[2023-08-26T17:30:21.462-0300] {processor.py:179} INFO - Processing /Users/luishmq/.pyenv/versions/3.8.13/envs/air_flow/lib/python3.8/site-packages/airflow/example_dags/example_branch_datetime_operator.py took 0.100 seconds
[2023-08-26T17:32:12.679-0300] {processor.py:157} INFO - Started process (PID=25134) to work on /Users/luishmq/.pyenv/versions/3.8.13/envs/air_flow/lib/python3.8/site-packages/airflow/example_dags/example_branch_datetime_operator.py
[2023-08-26T17:32:12.680-0300] {processor.py:829} INFO - Processing file /Users/luishmq/.pyenv/versions/3.8.13/envs/air_flow/lib/python3.8/site-packages/airflow/example_dags/example_branch_datetime_operator.py for tasks to queue
[2023-08-26T17:32:12.680-0300] {logging_mixin.py:151} INFO - [2023-08-26T17:32:12.680-0300] {dagbag.py:539} INFO - Filling up the DagBag from /Users/luishmq/.pyenv/versions/3.8.13/envs/air_flow/lib/python3.8/site-packages/airflow/example_dags/example_branch_datetime_operator.py
[2023-08-26T17:32:12.690-0300] {processor.py:839} INFO - DAG(s) dict_keys(['example_branch_datetime_operator', 'example_branch_datetime_operator_2', 'example_branch_datetime_operator_3']) retrieved from /Users/luishmq/.pyenv/versions/3.8.13/envs/air_flow/lib/python3.8/site-packages/airflow/example_dags/example_branch_datetime_operator.py
[2023-08-26T17:32:12.761-0300] {logging_mixin.py:151} INFO - [2023-08-26T17:32:12.761-0300] {dag.py:2907} INFO - Sync 3 DAGs
[2023-08-26T17:32:12.768-0300] {logging_mixin.py:151} INFO - [2023-08-26T17:32:12.768-0300] {dag.py:3677} INFO - Setting next_dagrun for example_branch_datetime_operator to 2023-08-25T00:00:00+00:00, run_after=2023-08-26T00:00:00+00:00
[2023-08-26T17:32:12.769-0300] {logging_mixin.py:151} INFO - [2023-08-26T17:32:12.769-0300] {dag.py:3677} INFO - Setting next_dagrun for example_branch_datetime_operator_2 to 2023-08-25T00:00:00+00:00, run_after=2023-08-26T00:00:00+00:00
[2023-08-26T17:32:12.770-0300] {logging_mixin.py:151} INFO - [2023-08-26T17:32:12.770-0300] {dag.py:3677} INFO - Setting next_dagrun for example_branch_datetime_operator_3 to 2023-08-25T00:00:00+00:00, run_after=2023-08-26T00:00:00+00:00
[2023-08-26T17:32:12.777-0300] {processor.py:179} INFO - Processing /Users/luishmq/.pyenv/versions/3.8.13/envs/air_flow/lib/python3.8/site-packages/airflow/example_dags/example_branch_datetime_operator.py took 0.099 seconds
[2023-08-26T17:47:27.383-0300] {processor.py:157} INFO - Started process (PID=26949) to work on /Users/luishmq/.pyenv/versions/3.8.13/envs/air_flow/lib/python3.8/site-packages/airflow/example_dags/example_branch_datetime_operator.py
[2023-08-26T17:47:27.384-0300] {processor.py:829} INFO - Processing file /Users/luishmq/.pyenv/versions/3.8.13/envs/air_flow/lib/python3.8/site-packages/airflow/example_dags/example_branch_datetime_operator.py for tasks to queue
[2023-08-26T17:47:27.384-0300] {logging_mixin.py:151} INFO - [2023-08-26T17:47:27.384-0300] {dagbag.py:539} INFO - Filling up the DagBag from /Users/luishmq/.pyenv/versions/3.8.13/envs/air_flow/lib/python3.8/site-packages/airflow/example_dags/example_branch_datetime_operator.py
[2023-08-26T17:47:27.394-0300] {processor.py:839} INFO - DAG(s) dict_keys(['example_branch_datetime_operator_2', 'example_branch_datetime_operator', 'example_branch_datetime_operator_3']) retrieved from /Users/luishmq/.pyenv/versions/3.8.13/envs/air_flow/lib/python3.8/site-packages/airflow/example_dags/example_branch_datetime_operator.py
[2023-08-26T17:47:27.466-0300] {logging_mixin.py:151} INFO - [2023-08-26T17:47:27.466-0300] {dag.py:2907} INFO - Sync 3 DAGs
[2023-08-26T17:47:27.473-0300] {logging_mixin.py:151} INFO - [2023-08-26T17:47:27.473-0300] {dag.py:3677} INFO - Setting next_dagrun for example_branch_datetime_operator to 2023-08-25T00:00:00+00:00, run_after=2023-08-26T00:00:00+00:00
[2023-08-26T17:47:27.475-0300] {logging_mixin.py:151} INFO - [2023-08-26T17:47:27.475-0300] {dag.py:3677} INFO - Setting next_dagrun for example_branch_datetime_operator_2 to 2023-08-25T00:00:00+00:00, run_after=2023-08-26T00:00:00+00:00
[2023-08-26T17:47:27.476-0300] {logging_mixin.py:151} INFO - [2023-08-26T17:47:27.476-0300] {dag.py:3677} INFO - Setting next_dagrun for example_branch_datetime_operator_3 to 2023-08-25T00:00:00+00:00, run_after=2023-08-26T00:00:00+00:00
[2023-08-26T17:47:27.483-0300] {processor.py:179} INFO - Processing /Users/luishmq/.pyenv/versions/3.8.13/envs/air_flow/lib/python3.8/site-packages/airflow/example_dags/example_branch_datetime_operator.py took 0.100 seconds
