[2023-08-26T17:26:55.432-0300] {processor.py:157} INFO - Started process (PID=24157) to work on /Users/luishmq/.pyenv/versions/3.8.13/envs/air_flow/lib/python3.8/site-packages/airflow/example_dags/example_latest_only.py
[2023-08-26T17:26:55.432-0300] {processor.py:829} INFO - Processing file /Users/luishmq/.pyenv/versions/3.8.13/envs/air_flow/lib/python3.8/site-packages/airflow/example_dags/example_latest_only.py for tasks to queue
[2023-08-26T17:26:55.433-0300] {logging_mixin.py:151} INFO - [2023-08-26T17:26:55.432-0300] {dagbag.py:539} INFO - Filling up the DagBag from /Users/luishmq/.pyenv/versions/3.8.13/envs/air_flow/lib/python3.8/site-packages/airflow/example_dags/example_latest_only.py
[2023-08-26T17:26:55.440-0300] {processor.py:839} INFO - DAG(s) dict_keys(['latest_only']) retrieved from /Users/luishmq/.pyenv/versions/3.8.13/envs/air_flow/lib/python3.8/site-packages/airflow/example_dags/example_latest_only.py
[2023-08-26T17:26:55.723-0300] {logging_mixin.py:151} INFO - [2023-08-26T17:26:55.723-0300] {manager.py:501} INFO - Created Permission View: can delete on DAG:latest_only
[2023-08-26T17:26:55.726-0300] {logging_mixin.py:151} INFO - [2023-08-26T17:26:55.726-0300] {manager.py:501} INFO - Created Permission View: can edit on DAG:latest_only
[2023-08-26T17:26:55.728-0300] {logging_mixin.py:151} INFO - [2023-08-26T17:26:55.728-0300] {manager.py:501} INFO - Created Permission View: can read on DAG:latest_only
[2023-08-26T17:26:55.732-0300] {logging_mixin.py:151} INFO - [2023-08-26T17:26:55.732-0300] {dag.py:2907} INFO - Sync 1 DAGs
[2023-08-26T17:26:55.737-0300] {logging_mixin.py:151} INFO - [2023-08-26T17:26:55.737-0300] {dag.py:2929} INFO - Creating ORM DAG for latest_only
[2023-08-26T17:26:55.742-0300] {logging_mixin.py:151} INFO - [2023-08-26T17:26:55.741-0300] {dag.py:3677} INFO - Setting next_dagrun for latest_only to 2023-08-26T16:26:55.741914+00:00, run_after=2023-08-26T20:26:55.741914+00:00
[2023-08-26T17:26:55.749-0300] {processor.py:179} INFO - Processing /Users/luishmq/.pyenv/versions/3.8.13/envs/air_flow/lib/python3.8/site-packages/airflow/example_dags/example_latest_only.py took 0.317 seconds
[2023-08-26T17:28:28.318-0300] {processor.py:157} INFO - Started process (PID=24370) to work on /Users/luishmq/.pyenv/versions/3.8.13/envs/air_flow/lib/python3.8/site-packages/airflow/example_dags/example_latest_only.py
[2023-08-26T17:28:28.319-0300] {processor.py:829} INFO - Processing file /Users/luishmq/.pyenv/versions/3.8.13/envs/air_flow/lib/python3.8/site-packages/airflow/example_dags/example_latest_only.py for tasks to queue
[2023-08-26T17:28:28.319-0300] {logging_mixin.py:151} INFO - [2023-08-26T17:28:28.319-0300] {dagbag.py:539} INFO - Filling up the DagBag from /Users/luishmq/.pyenv/versions/3.8.13/envs/air_flow/lib/python3.8/site-packages/airflow/example_dags/example_latest_only.py
[2023-08-26T17:28:28.327-0300] {processor.py:839} INFO - DAG(s) dict_keys(['latest_only']) retrieved from /Users/luishmq/.pyenv/versions/3.8.13/envs/air_flow/lib/python3.8/site-packages/airflow/example_dags/example_latest_only.py
[2023-08-26T17:28:28.396-0300] {logging_mixin.py:151} INFO - [2023-08-26T17:28:28.396-0300] {dag.py:2907} INFO - Sync 1 DAGs
[2023-08-26T17:28:28.402-0300] {logging_mixin.py:151} INFO - [2023-08-26T17:28:28.402-0300] {dag.py:3677} INFO - Setting next_dagrun for latest_only to 2023-08-26T16:28:28.402574+00:00, run_after=2023-08-26T20:28:28.402574+00:00
[2023-08-26T17:28:28.409-0300] {processor.py:179} INFO - Processing /Users/luishmq/.pyenv/versions/3.8.13/envs/air_flow/lib/python3.8/site-packages/airflow/example_dags/example_latest_only.py took 0.091 seconds
[2023-08-26T17:29:59.803-0300] {processor.py:157} INFO - Started process (PID=24574) to work on /Users/luishmq/.pyenv/versions/3.8.13/envs/air_flow/lib/python3.8/site-packages/airflow/example_dags/example_latest_only.py
[2023-08-26T17:29:59.804-0300] {processor.py:829} INFO - Processing file /Users/luishmq/.pyenv/versions/3.8.13/envs/air_flow/lib/python3.8/site-packages/airflow/example_dags/example_latest_only.py for tasks to queue
[2023-08-26T17:29:59.804-0300] {logging_mixin.py:151} INFO - [2023-08-26T17:29:59.804-0300] {dagbag.py:539} INFO - Filling up the DagBag from /Users/luishmq/.pyenv/versions/3.8.13/envs/air_flow/lib/python3.8/site-packages/airflow/example_dags/example_latest_only.py
[2023-08-26T17:29:59.811-0300] {processor.py:839} INFO - DAG(s) dict_keys(['latest_only']) retrieved from /Users/luishmq/.pyenv/versions/3.8.13/envs/air_flow/lib/python3.8/site-packages/airflow/example_dags/example_latest_only.py
[2023-08-26T17:29:59.879-0300] {logging_mixin.py:151} INFO - [2023-08-26T17:29:59.879-0300] {dag.py:2907} INFO - Sync 1 DAGs
[2023-08-26T17:29:59.886-0300] {logging_mixin.py:151} INFO - [2023-08-26T17:29:59.886-0300] {dag.py:3677} INFO - Setting next_dagrun for latest_only to 2023-08-26T16:29:59.886034+00:00, run_after=2023-08-26T20:29:59.886034+00:00
[2023-08-26T17:29:59.892-0300] {processor.py:179} INFO - Processing /Users/luishmq/.pyenv/versions/3.8.13/envs/air_flow/lib/python3.8/site-packages/airflow/example_dags/example_latest_only.py took 0.090 seconds
[2023-08-26T17:31:52.719-0300] {processor.py:157} INFO - Started process (PID=25088) to work on /Users/luishmq/.pyenv/versions/3.8.13/envs/air_flow/lib/python3.8/site-packages/airflow/example_dags/example_latest_only.py
[2023-08-26T17:31:52.720-0300] {processor.py:829} INFO - Processing file /Users/luishmq/.pyenv/versions/3.8.13/envs/air_flow/lib/python3.8/site-packages/airflow/example_dags/example_latest_only.py for tasks to queue
[2023-08-26T17:31:52.720-0300] {logging_mixin.py:151} INFO - [2023-08-26T17:31:52.720-0300] {dagbag.py:539} INFO - Filling up the DagBag from /Users/luishmq/.pyenv/versions/3.8.13/envs/air_flow/lib/python3.8/site-packages/airflow/example_dags/example_latest_only.py
[2023-08-26T17:31:52.727-0300] {processor.py:839} INFO - DAG(s) dict_keys(['latest_only']) retrieved from /Users/luishmq/.pyenv/versions/3.8.13/envs/air_flow/lib/python3.8/site-packages/airflow/example_dags/example_latest_only.py
[2023-08-26T17:31:52.796-0300] {logging_mixin.py:151} INFO - [2023-08-26T17:31:52.796-0300] {dag.py:2907} INFO - Sync 1 DAGs
[2023-08-26T17:31:52.803-0300] {logging_mixin.py:151} INFO - [2023-08-26T17:31:52.802-0300] {dag.py:3677} INFO - Setting next_dagrun for latest_only to 2023-08-26T16:31:52.802877+00:00, run_after=2023-08-26T20:31:52.802877+00:00
[2023-08-26T17:31:52.809-0300] {processor.py:179} INFO - Processing /Users/luishmq/.pyenv/versions/3.8.13/envs/air_flow/lib/python3.8/site-packages/airflow/example_dags/example_latest_only.py took 0.091 seconds
[2023-08-26T17:45:41.014-0300] {processor.py:157} INFO - Started process (PID=26475) to work on /Users/luishmq/.pyenv/versions/3.8.13/envs/air_flow/lib/python3.8/site-packages/airflow/example_dags/example_latest_only.py
[2023-08-26T17:45:41.015-0300] {processor.py:829} INFO - Processing file /Users/luishmq/.pyenv/versions/3.8.13/envs/air_flow/lib/python3.8/site-packages/airflow/example_dags/example_latest_only.py for tasks to queue
[2023-08-26T17:45:41.015-0300] {logging_mixin.py:151} INFO - [2023-08-26T17:45:41.015-0300] {dagbag.py:539} INFO - Filling up the DagBag from /Users/luishmq/.pyenv/versions/3.8.13/envs/air_flow/lib/python3.8/site-packages/airflow/example_dags/example_latest_only.py
[2023-08-26T17:45:41.023-0300] {processor.py:839} INFO - DAG(s) dict_keys(['latest_only']) retrieved from /Users/luishmq/.pyenv/versions/3.8.13/envs/air_flow/lib/python3.8/site-packages/airflow/example_dags/example_latest_only.py
[2023-08-26T17:45:41.095-0300] {logging_mixin.py:151} INFO - [2023-08-26T17:45:41.094-0300] {dag.py:2907} INFO - Sync 1 DAGs
[2023-08-26T17:45:41.101-0300] {logging_mixin.py:151} INFO - [2023-08-26T17:45:41.101-0300] {dag.py:3677} INFO - Setting next_dagrun for latest_only to 2023-08-26T16:45:41.101417+00:00, run_after=2023-08-26T20:45:41.101417+00:00
[2023-08-26T17:45:41.108-0300] {processor.py:179} INFO - Processing /Users/luishmq/.pyenv/versions/3.8.13/envs/air_flow/lib/python3.8/site-packages/airflow/example_dags/example_latest_only.py took 0.094 seconds
