[2023-08-26T17:26:15.625-0300] {processor.py:157} INFO - Started process (PID=24071) to work on /Users/luishmq/.pyenv/versions/3.8.13/envs/air_flow/lib/python3.8/site-packages/airflow/example_dags/example_xcom.py
[2023-08-26T17:26:15.626-0300] {processor.py:829} INFO - Processing file /Users/luishmq/.pyenv/versions/3.8.13/envs/air_flow/lib/python3.8/site-packages/airflow/example_dags/example_xcom.py for tasks to queue
[2023-08-26T17:26:15.626-0300] {logging_mixin.py:151} INFO - [2023-08-26T17:26:15.626-0300] {dagbag.py:539} INFO - Filling up the DagBag from /Users/luishmq/.pyenv/versions/3.8.13/envs/air_flow/lib/python3.8/site-packages/airflow/example_dags/example_xcom.py
[2023-08-26T17:26:15.645-0300] {processor.py:839} INFO - DAG(s) dict_keys(['example_xcom']) retrieved from /Users/luishmq/.pyenv/versions/3.8.13/envs/air_flow/lib/python3.8/site-packages/airflow/example_dags/example_xcom.py
[2023-08-26T17:26:15.912-0300] {logging_mixin.py:151} INFO - [2023-08-26T17:26:15.912-0300] {manager.py:501} INFO - Created Permission View: can delete on DAG:example_xcom
[2023-08-26T17:26:15.915-0300] {logging_mixin.py:151} INFO - [2023-08-26T17:26:15.915-0300] {manager.py:501} INFO - Created Permission View: can edit on DAG:example_xcom
[2023-08-26T17:26:15.917-0300] {logging_mixin.py:151} INFO - [2023-08-26T17:26:15.917-0300] {manager.py:501} INFO - Created Permission View: can read on DAG:example_xcom
[2023-08-26T17:26:15.921-0300] {logging_mixin.py:151} INFO - [2023-08-26T17:26:15.921-0300] {dag.py:2907} INFO - Sync 1 DAGs
[2023-08-26T17:26:15.925-0300] {logging_mixin.py:151} INFO - [2023-08-26T17:26:15.925-0300] {dag.py:2929} INFO - Creating ORM DAG for example_xcom
[2023-08-26T17:26:15.928-0300] {logging_mixin.py:151} INFO - [2023-08-26T17:26:15.928-0300] {dag.py:3677} INFO - Setting next_dagrun for example_xcom to 2021-01-01T00:00:00+00:00, run_after=2021-01-01T00:00:00+00:00
[2023-08-26T17:26:15.934-0300] {processor.py:179} INFO - Processing /Users/luishmq/.pyenv/versions/3.8.13/envs/air_flow/lib/python3.8/site-packages/airflow/example_dags/example_xcom.py took 0.309 seconds
[2023-08-26T17:27:37.094-0300] {processor.py:157} INFO - Started process (PID=24253) to work on /Users/luishmq/.pyenv/versions/3.8.13/envs/air_flow/lib/python3.8/site-packages/airflow/example_dags/example_xcom.py
[2023-08-26T17:27:37.095-0300] {processor.py:829} INFO - Processing file /Users/luishmq/.pyenv/versions/3.8.13/envs/air_flow/lib/python3.8/site-packages/airflow/example_dags/example_xcom.py for tasks to queue
[2023-08-26T17:27:37.096-0300] {logging_mixin.py:151} INFO - [2023-08-26T17:27:37.095-0300] {dagbag.py:539} INFO - Filling up the DagBag from /Users/luishmq/.pyenv/versions/3.8.13/envs/air_flow/lib/python3.8/site-packages/airflow/example_dags/example_xcom.py
[2023-08-26T17:27:37.116-0300] {processor.py:839} INFO - DAG(s) dict_keys(['example_xcom']) retrieved from /Users/luishmq/.pyenv/versions/3.8.13/envs/air_flow/lib/python3.8/site-packages/airflow/example_dags/example_xcom.py
[2023-08-26T17:27:37.183-0300] {logging_mixin.py:151} INFO - [2023-08-26T17:27:37.183-0300] {dag.py:2907} INFO - Sync 1 DAGs
[2023-08-26T17:27:37.189-0300] {logging_mixin.py:151} INFO - [2023-08-26T17:27:37.189-0300] {dag.py:3677} INFO - Setting next_dagrun for example_xcom to 2021-01-01T00:00:00+00:00, run_after=2021-01-01T00:00:00+00:00
[2023-08-26T17:27:37.196-0300] {processor.py:179} INFO - Processing /Users/luishmq/.pyenv/versions/3.8.13/envs/air_flow/lib/python3.8/site-packages/airflow/example_dags/example_xcom.py took 0.102 seconds
[2023-08-26T17:28:23.170-0300] {processor.py:157} INFO - Started process (PID=24359) to work on /Users/luishmq/.pyenv/versions/3.8.13/envs/air_flow/lib/python3.8/site-packages/airflow/example_dags/example_xcom.py
[2023-08-26T17:28:23.171-0300] {processor.py:829} INFO - Processing file /Users/luishmq/.pyenv/versions/3.8.13/envs/air_flow/lib/python3.8/site-packages/airflow/example_dags/example_xcom.py for tasks to queue
[2023-08-26T17:28:23.171-0300] {logging_mixin.py:151} INFO - [2023-08-26T17:28:23.171-0300] {dagbag.py:539} INFO - Filling up the DagBag from /Users/luishmq/.pyenv/versions/3.8.13/envs/air_flow/lib/python3.8/site-packages/airflow/example_dags/example_xcom.py
[2023-08-26T17:28:23.194-0300] {processor.py:839} INFO - DAG(s) dict_keys(['example_xcom']) retrieved from /Users/luishmq/.pyenv/versions/3.8.13/envs/air_flow/lib/python3.8/site-packages/airflow/example_dags/example_xcom.py
[2023-08-26T17:28:23.267-0300] {logging_mixin.py:151} INFO - [2023-08-26T17:28:23.267-0300] {dag.py:2907} INFO - Sync 1 DAGs
[2023-08-26T17:28:23.274-0300] {logging_mixin.py:151} INFO - [2023-08-26T17:28:23.274-0300] {dag.py:3677} INFO - Setting next_dagrun for example_xcom to 2021-01-01T00:00:00+00:00, run_after=2021-01-01T00:00:00+00:00
[2023-08-26T17:28:23.282-0300] {processor.py:179} INFO - Processing /Users/luishmq/.pyenv/versions/3.8.13/envs/air_flow/lib/python3.8/site-packages/airflow/example_dags/example_xcom.py took 0.112 seconds
[2023-08-26T17:29:08.269-0300] {processor.py:157} INFO - Started process (PID=24457) to work on /Users/luishmq/.pyenv/versions/3.8.13/envs/air_flow/lib/python3.8/site-packages/airflow/example_dags/example_xcom.py
[2023-08-26T17:29:08.270-0300] {processor.py:829} INFO - Processing file /Users/luishmq/.pyenv/versions/3.8.13/envs/air_flow/lib/python3.8/site-packages/airflow/example_dags/example_xcom.py for tasks to queue
[2023-08-26T17:29:08.270-0300] {logging_mixin.py:151} INFO - [2023-08-26T17:29:08.270-0300] {dagbag.py:539} INFO - Filling up the DagBag from /Users/luishmq/.pyenv/versions/3.8.13/envs/air_flow/lib/python3.8/site-packages/airflow/example_dags/example_xcom.py
[2023-08-26T17:29:08.290-0300] {processor.py:839} INFO - DAG(s) dict_keys(['example_xcom']) retrieved from /Users/luishmq/.pyenv/versions/3.8.13/envs/air_flow/lib/python3.8/site-packages/airflow/example_dags/example_xcom.py
[2023-08-26T17:29:08.358-0300] {logging_mixin.py:151} INFO - [2023-08-26T17:29:08.358-0300] {dag.py:2907} INFO - Sync 1 DAGs
[2023-08-26T17:29:08.364-0300] {logging_mixin.py:151} INFO - [2023-08-26T17:29:08.364-0300] {dag.py:3677} INFO - Setting next_dagrun for example_xcom to 2021-01-01T00:00:00+00:00, run_after=2021-01-01T00:00:00+00:00
[2023-08-26T17:29:08.371-0300] {processor.py:179} INFO - Processing /Users/luishmq/.pyenv/versions/3.8.13/envs/air_flow/lib/python3.8/site-packages/airflow/example_dags/example_xcom.py took 0.102 seconds
[2023-08-26T17:29:54.632-0300] {processor.py:157} INFO - Started process (PID=24563) to work on /Users/luishmq/.pyenv/versions/3.8.13/envs/air_flow/lib/python3.8/site-packages/airflow/example_dags/example_xcom.py
[2023-08-26T17:29:54.633-0300] {processor.py:829} INFO - Processing file /Users/luishmq/.pyenv/versions/3.8.13/envs/air_flow/lib/python3.8/site-packages/airflow/example_dags/example_xcom.py for tasks to queue
[2023-08-26T17:29:54.633-0300] {logging_mixin.py:151} INFO - [2023-08-26T17:29:54.633-0300] {dagbag.py:539} INFO - Filling up the DagBag from /Users/luishmq/.pyenv/versions/3.8.13/envs/air_flow/lib/python3.8/site-packages/airflow/example_dags/example_xcom.py
[2023-08-26T17:29:54.654-0300] {processor.py:839} INFO - DAG(s) dict_keys(['example_xcom']) retrieved from /Users/luishmq/.pyenv/versions/3.8.13/envs/air_flow/lib/python3.8/site-packages/airflow/example_dags/example_xcom.py
[2023-08-26T17:29:54.726-0300] {logging_mixin.py:151} INFO - [2023-08-26T17:29:54.726-0300] {dag.py:2907} INFO - Sync 1 DAGs
[2023-08-26T17:29:54.733-0300] {logging_mixin.py:151} INFO - [2023-08-26T17:29:54.733-0300] {dag.py:3677} INFO - Setting next_dagrun for example_xcom to 2021-01-01T00:00:00+00:00, run_after=2021-01-01T00:00:00+00:00
[2023-08-26T17:29:54.742-0300] {processor.py:179} INFO - Processing /Users/luishmq/.pyenv/versions/3.8.13/envs/air_flow/lib/python3.8/site-packages/airflow/example_dags/example_xcom.py took 0.110 seconds
[2023-08-26T17:31:45.747-0300] {processor.py:157} INFO - Started process (PID=25073) to work on /Users/luishmq/.pyenv/versions/3.8.13/envs/air_flow/lib/python3.8/site-packages/airflow/example_dags/example_xcom.py
[2023-08-26T17:31:45.748-0300] {processor.py:829} INFO - Processing file /Users/luishmq/.pyenv/versions/3.8.13/envs/air_flow/lib/python3.8/site-packages/airflow/example_dags/example_xcom.py for tasks to queue
[2023-08-26T17:31:45.748-0300] {logging_mixin.py:151} INFO - [2023-08-26T17:31:45.748-0300] {dagbag.py:539} INFO - Filling up the DagBag from /Users/luishmq/.pyenv/versions/3.8.13/envs/air_flow/lib/python3.8/site-packages/airflow/example_dags/example_xcom.py
[2023-08-26T17:31:45.767-0300] {processor.py:839} INFO - DAG(s) dict_keys(['example_xcom']) retrieved from /Users/luishmq/.pyenv/versions/3.8.13/envs/air_flow/lib/python3.8/site-packages/airflow/example_dags/example_xcom.py
[2023-08-26T17:31:45.834-0300] {logging_mixin.py:151} INFO - [2023-08-26T17:31:45.834-0300] {dag.py:2907} INFO - Sync 1 DAGs
[2023-08-26T17:31:45.840-0300] {logging_mixin.py:151} INFO - [2023-08-26T17:31:45.840-0300] {dag.py:3677} INFO - Setting next_dagrun for example_xcom to 2021-01-01T00:00:00+00:00, run_after=2021-01-01T00:00:00+00:00
[2023-08-26T17:31:45.848-0300] {processor.py:179} INFO - Processing /Users/luishmq/.pyenv/versions/3.8.13/envs/air_flow/lib/python3.8/site-packages/airflow/example_dags/example_xcom.py took 0.101 seconds
[2023-08-26T17:42:48.701-0300] {processor.py:157} INFO - Started process (PID=26183) to work on /Users/luishmq/.pyenv/versions/3.8.13/envs/air_flow/lib/python3.8/site-packages/airflow/example_dags/example_xcom.py
[2023-08-26T17:42:48.702-0300] {processor.py:829} INFO - Processing file /Users/luishmq/.pyenv/versions/3.8.13/envs/air_flow/lib/python3.8/site-packages/airflow/example_dags/example_xcom.py for tasks to queue
[2023-08-26T17:42:48.702-0300] {logging_mixin.py:151} INFO - [2023-08-26T17:42:48.702-0300] {dagbag.py:539} INFO - Filling up the DagBag from /Users/luishmq/.pyenv/versions/3.8.13/envs/air_flow/lib/python3.8/site-packages/airflow/example_dags/example_xcom.py
[2023-08-26T17:42:48.724-0300] {processor.py:839} INFO - DAG(s) dict_keys(['example_xcom']) retrieved from /Users/luishmq/.pyenv/versions/3.8.13/envs/air_flow/lib/python3.8/site-packages/airflow/example_dags/example_xcom.py
[2023-08-26T17:42:48.796-0300] {logging_mixin.py:151} INFO - [2023-08-26T17:42:48.796-0300] {dag.py:2907} INFO - Sync 1 DAGs
[2023-08-26T17:42:48.803-0300] {logging_mixin.py:151} INFO - [2023-08-26T17:42:48.803-0300] {dag.py:3677} INFO - Setting next_dagrun for example_xcom to 2021-01-01T00:00:00+00:00, run_after=2021-01-01T00:00:00+00:00
[2023-08-26T17:42:48.810-0300] {processor.py:179} INFO - Processing /Users/luishmq/.pyenv/versions/3.8.13/envs/air_flow/lib/python3.8/site-packages/airflow/example_dags/example_xcom.py took 0.110 seconds
[2023-08-26T17:52:36.033-0300] {processor.py:157} INFO - Started process (PID=27689) to work on /Users/luishmq/.pyenv/versions/3.8.13/envs/air_flow/lib/python3.8/site-packages/airflow/example_dags/example_xcom.py
[2023-08-26T17:52:36.034-0300] {processor.py:829} INFO - Processing file /Users/luishmq/.pyenv/versions/3.8.13/envs/air_flow/lib/python3.8/site-packages/airflow/example_dags/example_xcom.py for tasks to queue
[2023-08-26T17:52:36.034-0300] {logging_mixin.py:151} INFO - [2023-08-26T17:52:36.034-0300] {dagbag.py:539} INFO - Filling up the DagBag from /Users/luishmq/.pyenv/versions/3.8.13/envs/air_flow/lib/python3.8/site-packages/airflow/example_dags/example_xcom.py
[2023-08-26T17:52:36.053-0300] {processor.py:839} INFO - DAG(s) dict_keys(['example_xcom']) retrieved from /Users/luishmq/.pyenv/versions/3.8.13/envs/air_flow/lib/python3.8/site-packages/airflow/example_dags/example_xcom.py
[2023-08-26T17:52:36.120-0300] {logging_mixin.py:151} INFO - [2023-08-26T17:52:36.120-0300] {dag.py:2907} INFO - Sync 1 DAGs
[2023-08-26T17:52:36.127-0300] {logging_mixin.py:151} INFO - [2023-08-26T17:52:36.127-0300] {dag.py:3677} INFO - Setting next_dagrun for example_xcom to 2021-01-01T00:00:00+00:00, run_after=2021-01-01T00:00:00+00:00
[2023-08-26T17:52:36.133-0300] {processor.py:179} INFO - Processing /Users/luishmq/.pyenv/versions/3.8.13/envs/air_flow/lib/python3.8/site-packages/airflow/example_dags/example_xcom.py took 0.101 seconds
