[2023-08-26T17:26:31.589-0300] {processor.py:157} INFO - Started process (PID=24104) to work on /Users/luishmq/.pyenv/versions/3.8.13/envs/air_flow/lib/python3.8/site-packages/airflow/example_dags/example_short_circuit_operator.py
[2023-08-26T17:26:31.590-0300] {processor.py:829} INFO - Processing file /Users/luishmq/.pyenv/versions/3.8.13/envs/air_flow/lib/python3.8/site-packages/airflow/example_dags/example_short_circuit_operator.py for tasks to queue
[2023-08-26T17:26:31.590-0300] {logging_mixin.py:151} INFO - [2023-08-26T17:26:31.590-0300] {dagbag.py:539} INFO - Filling up the DagBag from /Users/luishmq/.pyenv/versions/3.8.13/envs/air_flow/lib/python3.8/site-packages/airflow/example_dags/example_short_circuit_operator.py
[2023-08-26T17:26:31.603-0300] {processor.py:839} INFO - DAG(s) dict_keys(['example_short_circuit_operator']) retrieved from /Users/luishmq/.pyenv/versions/3.8.13/envs/air_flow/lib/python3.8/site-packages/airflow/example_dags/example_short_circuit_operator.py
[2023-08-26T17:26:31.874-0300] {logging_mixin.py:151} INFO - [2023-08-26T17:26:31.873-0300] {manager.py:501} INFO - Created Permission View: can edit on DAG:example_short_circuit_operator
[2023-08-26T17:26:31.877-0300] {logging_mixin.py:151} INFO - [2023-08-26T17:26:31.877-0300] {manager.py:501} INFO - Created Permission View: can read on DAG:example_short_circuit_operator
[2023-08-26T17:26:31.879-0300] {logging_mixin.py:151} INFO - [2023-08-26T17:26:31.879-0300] {manager.py:501} INFO - Created Permission View: can delete on DAG:example_short_circuit_operator
[2023-08-26T17:26:31.883-0300] {logging_mixin.py:151} INFO - [2023-08-26T17:26:31.883-0300] {dag.py:2907} INFO - Sync 1 DAGs
[2023-08-26T17:26:31.887-0300] {logging_mixin.py:151} INFO - [2023-08-26T17:26:31.887-0300] {dag.py:2929} INFO - Creating ORM DAG for example_short_circuit_operator
[2023-08-26T17:26:31.890-0300] {logging_mixin.py:151} INFO - [2023-08-26T17:26:31.890-0300] {dag.py:3677} INFO - Setting next_dagrun for example_short_circuit_operator to 2023-08-25T20:26:31.890399+00:00, run_after=2023-08-26T20:26:31.890399+00:00
[2023-08-26T17:26:31.896-0300] {processor.py:179} INFO - Processing /Users/luishmq/.pyenv/versions/3.8.13/envs/air_flow/lib/python3.8/site-packages/airflow/example_dags/example_short_circuit_operator.py took 0.307 seconds
[2023-08-26T17:27:50.773-0300] {processor.py:157} INFO - Started process (PID=24284) to work on /Users/luishmq/.pyenv/versions/3.8.13/envs/air_flow/lib/python3.8/site-packages/airflow/example_dags/example_short_circuit_operator.py
[2023-08-26T17:27:50.774-0300] {processor.py:829} INFO - Processing file /Users/luishmq/.pyenv/versions/3.8.13/envs/air_flow/lib/python3.8/site-packages/airflow/example_dags/example_short_circuit_operator.py for tasks to queue
[2023-08-26T17:27:50.774-0300] {logging_mixin.py:151} INFO - [2023-08-26T17:27:50.774-0300] {dagbag.py:539} INFO - Filling up the DagBag from /Users/luishmq/.pyenv/versions/3.8.13/envs/air_flow/lib/python3.8/site-packages/airflow/example_dags/example_short_circuit_operator.py
[2023-08-26T17:27:50.787-0300] {processor.py:839} INFO - DAG(s) dict_keys(['example_short_circuit_operator']) retrieved from /Users/luishmq/.pyenv/versions/3.8.13/envs/air_flow/lib/python3.8/site-packages/airflow/example_dags/example_short_circuit_operator.py
[2023-08-26T17:27:50.857-0300] {logging_mixin.py:151} INFO - [2023-08-26T17:27:50.857-0300] {dag.py:2907} INFO - Sync 1 DAGs
[2023-08-26T17:27:50.863-0300] {logging_mixin.py:151} INFO - [2023-08-26T17:27:50.863-0300] {dag.py:3677} INFO - Setting next_dagrun for example_short_circuit_operator to 2023-08-25T20:27:50.863848+00:00, run_after=2023-08-26T20:27:50.863848+00:00
[2023-08-26T17:27:50.870-0300] {processor.py:179} INFO - Processing /Users/luishmq/.pyenv/versions/3.8.13/envs/air_flow/lib/python3.8/site-packages/airflow/example_dags/example_short_circuit_operator.py took 0.098 seconds
[2023-08-26T17:29:22.278-0300] {processor.py:157} INFO - Started process (PID=24490) to work on /Users/luishmq/.pyenv/versions/3.8.13/envs/air_flow/lib/python3.8/site-packages/airflow/example_dags/example_short_circuit_operator.py
[2023-08-26T17:29:22.279-0300] {processor.py:829} INFO - Processing file /Users/luishmq/.pyenv/versions/3.8.13/envs/air_flow/lib/python3.8/site-packages/airflow/example_dags/example_short_circuit_operator.py for tasks to queue
[2023-08-26T17:29:22.279-0300] {logging_mixin.py:151} INFO - [2023-08-26T17:29:22.279-0300] {dagbag.py:539} INFO - Filling up the DagBag from /Users/luishmq/.pyenv/versions/3.8.13/envs/air_flow/lib/python3.8/site-packages/airflow/example_dags/example_short_circuit_operator.py
[2023-08-26T17:29:22.293-0300] {processor.py:839} INFO - DAG(s) dict_keys(['example_short_circuit_operator']) retrieved from /Users/luishmq/.pyenv/versions/3.8.13/envs/air_flow/lib/python3.8/site-packages/airflow/example_dags/example_short_circuit_operator.py
[2023-08-26T17:29:22.366-0300] {logging_mixin.py:151} INFO - [2023-08-26T17:29:22.366-0300] {dag.py:2907} INFO - Sync 1 DAGs
[2023-08-26T17:29:22.372-0300] {logging_mixin.py:151} INFO - [2023-08-26T17:29:22.372-0300] {dag.py:3677} INFO - Setting next_dagrun for example_short_circuit_operator to 2023-08-25T20:29:22.372777+00:00, run_after=2023-08-26T20:29:22.372777+00:00
[2023-08-26T17:29:22.379-0300] {processor.py:179} INFO - Processing /Users/luishmq/.pyenv/versions/3.8.13/envs/air_flow/lib/python3.8/site-packages/airflow/example_dags/example_short_circuit_operator.py took 0.102 seconds
[2023-08-26T17:30:55.507-0300] {processor.py:157} INFO - Started process (PID=24735) to work on /Users/luishmq/.pyenv/versions/3.8.13/envs/air_flow/lib/python3.8/site-packages/airflow/example_dags/example_short_circuit_operator.py
[2023-08-26T17:30:55.509-0300] {processor.py:829} INFO - Processing file /Users/luishmq/.pyenv/versions/3.8.13/envs/air_flow/lib/python3.8/site-packages/airflow/example_dags/example_short_circuit_operator.py for tasks to queue
[2023-08-26T17:30:55.509-0300] {logging_mixin.py:151} INFO - [2023-08-26T17:30:55.509-0300] {dagbag.py:539} INFO - Filling up the DagBag from /Users/luishmq/.pyenv/versions/3.8.13/envs/air_flow/lib/python3.8/site-packages/airflow/example_dags/example_short_circuit_operator.py
[2023-08-26T17:30:55.522-0300] {processor.py:839} INFO - DAG(s) dict_keys(['example_short_circuit_operator']) retrieved from /Users/luishmq/.pyenv/versions/3.8.13/envs/air_flow/lib/python3.8/site-packages/airflow/example_dags/example_short_circuit_operator.py
[2023-08-26T17:30:55.593-0300] {logging_mixin.py:151} INFO - [2023-08-26T17:30:55.593-0300] {dag.py:2907} INFO - Sync 1 DAGs
[2023-08-26T17:30:55.600-0300] {logging_mixin.py:151} INFO - [2023-08-26T17:30:55.600-0300] {dag.py:3677} INFO - Setting next_dagrun for example_short_circuit_operator to 2023-08-25T20:30:55.600627+00:00, run_after=2023-08-26T20:30:55.600627+00:00
[2023-08-26T17:30:55.607-0300] {processor.py:179} INFO - Processing /Users/luishmq/.pyenv/versions/3.8.13/envs/air_flow/lib/python3.8/site-packages/airflow/example_dags/example_short_circuit_operator.py took 0.100 seconds
[2023-08-26T17:33:25.947-0300] {processor.py:157} INFO - Started process (PID=25267) to work on /Users/luishmq/.pyenv/versions/3.8.13/envs/air_flow/lib/python3.8/site-packages/airflow/example_dags/example_short_circuit_operator.py
[2023-08-26T17:33:25.948-0300] {processor.py:829} INFO - Processing file /Users/luishmq/.pyenv/versions/3.8.13/envs/air_flow/lib/python3.8/site-packages/airflow/example_dags/example_short_circuit_operator.py for tasks to queue
[2023-08-26T17:33:25.948-0300] {logging_mixin.py:151} INFO - [2023-08-26T17:33:25.948-0300] {dagbag.py:539} INFO - Filling up the DagBag from /Users/luishmq/.pyenv/versions/3.8.13/envs/air_flow/lib/python3.8/site-packages/airflow/example_dags/example_short_circuit_operator.py
[2023-08-26T17:33:25.961-0300] {processor.py:839} INFO - DAG(s) dict_keys(['example_short_circuit_operator']) retrieved from /Users/luishmq/.pyenv/versions/3.8.13/envs/air_flow/lib/python3.8/site-packages/airflow/example_dags/example_short_circuit_operator.py
[2023-08-26T17:33:26.031-0300] {logging_mixin.py:151} INFO - [2023-08-26T17:33:26.031-0300] {dag.py:2907} INFO - Sync 1 DAGs
[2023-08-26T17:33:26.039-0300] {logging_mixin.py:151} INFO - [2023-08-26T17:33:26.039-0300] {dag.py:3677} INFO - Setting next_dagrun for example_short_circuit_operator to 2023-08-25T20:33:26.039162+00:00, run_after=2023-08-26T20:33:26.039162+00:00
[2023-08-26T17:33:26.045-0300] {processor.py:179} INFO - Processing /Users/luishmq/.pyenv/versions/3.8.13/envs/air_flow/lib/python3.8/site-packages/airflow/example_dags/example_short_circuit_operator.py took 0.099 seconds
[2023-08-26T17:44:00.167-0300] {processor.py:157} INFO - Started process (PID=26309) to work on /Users/luishmq/.pyenv/versions/3.8.13/envs/air_flow/lib/python3.8/site-packages/airflow/example_dags/example_short_circuit_operator.py
[2023-08-26T17:44:00.168-0300] {processor.py:829} INFO - Processing file /Users/luishmq/.pyenv/versions/3.8.13/envs/air_flow/lib/python3.8/site-packages/airflow/example_dags/example_short_circuit_operator.py for tasks to queue
[2023-08-26T17:44:00.168-0300] {logging_mixin.py:151} INFO - [2023-08-26T17:44:00.168-0300] {dagbag.py:539} INFO - Filling up the DagBag from /Users/luishmq/.pyenv/versions/3.8.13/envs/air_flow/lib/python3.8/site-packages/airflow/example_dags/example_short_circuit_operator.py
[2023-08-26T17:44:00.180-0300] {processor.py:839} INFO - DAG(s) dict_keys(['example_short_circuit_operator']) retrieved from /Users/luishmq/.pyenv/versions/3.8.13/envs/air_flow/lib/python3.8/site-packages/airflow/example_dags/example_short_circuit_operator.py
[2023-08-26T17:44:00.252-0300] {logging_mixin.py:151} INFO - [2023-08-26T17:44:00.252-0300] {dag.py:2907} INFO - Sync 1 DAGs
[2023-08-26T17:44:00.259-0300] {logging_mixin.py:151} INFO - [2023-08-26T17:44:00.259-0300] {dag.py:3677} INFO - Setting next_dagrun for example_short_circuit_operator to 2023-08-25T20:44:00.259416+00:00, run_after=2023-08-26T20:44:00.259416+00:00
[2023-08-26T17:44:00.266-0300] {processor.py:179} INFO - Processing /Users/luishmq/.pyenv/versions/3.8.13/envs/air_flow/lib/python3.8/site-packages/airflow/example_dags/example_short_circuit_operator.py took 0.100 seconds
[2023-08-26T17:53:50.388-0300] {processor.py:157} INFO - Started process (PID=27814) to work on /Users/luishmq/.pyenv/versions/3.8.13/envs/air_flow/lib/python3.8/site-packages/airflow/example_dags/example_short_circuit_operator.py
[2023-08-26T17:53:50.390-0300] {processor.py:829} INFO - Processing file /Users/luishmq/.pyenv/versions/3.8.13/envs/air_flow/lib/python3.8/site-packages/airflow/example_dags/example_short_circuit_operator.py for tasks to queue
[2023-08-26T17:53:50.390-0300] {logging_mixin.py:151} INFO - [2023-08-26T17:53:50.390-0300] {dagbag.py:539} INFO - Filling up the DagBag from /Users/luishmq/.pyenv/versions/3.8.13/envs/air_flow/lib/python3.8/site-packages/airflow/example_dags/example_short_circuit_operator.py
[2023-08-26T17:53:50.402-0300] {processor.py:839} INFO - DAG(s) dict_keys(['example_short_circuit_operator']) retrieved from /Users/luishmq/.pyenv/versions/3.8.13/envs/air_flow/lib/python3.8/site-packages/airflow/example_dags/example_short_circuit_operator.py
[2023-08-26T17:53:50.473-0300] {logging_mixin.py:151} INFO - [2023-08-26T17:53:50.472-0300] {dag.py:2907} INFO - Sync 1 DAGs
[2023-08-26T17:53:50.479-0300] {logging_mixin.py:151} INFO - [2023-08-26T17:53:50.479-0300] {dag.py:3677} INFO - Setting next_dagrun for example_short_circuit_operator to 2023-08-25T20:53:50.479489+00:00, run_after=2023-08-26T20:53:50.479489+00:00
[2023-08-26T17:53:50.486-0300] {processor.py:179} INFO - Processing /Users/luishmq/.pyenv/versions/3.8.13/envs/air_flow/lib/python3.8/site-packages/airflow/example_dags/example_short_circuit_operator.py took 0.098 seconds
