[2023-08-26T17:26:14.574-0300] {processor.py:157} INFO - Started process (PID=24068) to work on /Users/luishmq/.pyenv/versions/3.8.13/envs/air_flow/lib/python3.8/site-packages/airflow/example_dags/example_xcomargs.py
[2023-08-26T17:26:14.574-0300] {processor.py:829} INFO - Processing file /Users/luishmq/.pyenv/versions/3.8.13/envs/air_flow/lib/python3.8/site-packages/airflow/example_dags/example_xcomargs.py for tasks to queue
[2023-08-26T17:26:14.574-0300] {logging_mixin.py:151} INFO - [2023-08-26T17:26:14.574-0300] {dagbag.py:539} INFO - Filling up the DagBag from /Users/luishmq/.pyenv/versions/3.8.13/envs/air_flow/lib/python3.8/site-packages/airflow/example_dags/example_xcomargs.py
[2023-08-26T17:26:14.594-0300] {processor.py:839} INFO - DAG(s) dict_keys(['example_xcom_args', 'example_xcom_args_with_operators']) retrieved from /Users/luishmq/.pyenv/versions/3.8.13/envs/air_flow/lib/python3.8/site-packages/airflow/example_dags/example_xcomargs.py
[2023-08-26T17:26:14.860-0300] {logging_mixin.py:151} INFO - [2023-08-26T17:26:14.860-0300] {manager.py:501} INFO - Created Permission View: can read on DAG:example_xcom_args
[2023-08-26T17:26:14.863-0300] {logging_mixin.py:151} INFO - [2023-08-26T17:26:14.863-0300] {manager.py:501} INFO - Created Permission View: can edit on DAG:example_xcom_args
[2023-08-26T17:26:14.865-0300] {logging_mixin.py:151} INFO - [2023-08-26T17:26:14.865-0300] {manager.py:501} INFO - Created Permission View: can delete on DAG:example_xcom_args
[2023-08-26T17:26:14.873-0300] {logging_mixin.py:151} INFO - [2023-08-26T17:26:14.873-0300] {manager.py:501} INFO - Created Permission View: can read on DAG:example_xcom_args_with_operators
[2023-08-26T17:26:14.875-0300] {logging_mixin.py:151} INFO - [2023-08-26T17:26:14.875-0300] {manager.py:501} INFO - Created Permission View: can edit on DAG:example_xcom_args_with_operators
[2023-08-26T17:26:14.877-0300] {logging_mixin.py:151} INFO - [2023-08-26T17:26:14.877-0300] {manager.py:501} INFO - Created Permission View: can delete on DAG:example_xcom_args_with_operators
[2023-08-26T17:26:14.879-0300] {logging_mixin.py:151} INFO - [2023-08-26T17:26:14.879-0300] {dag.py:2907} INFO - Sync 2 DAGs
[2023-08-26T17:26:14.883-0300] {logging_mixin.py:151} INFO - [2023-08-26T17:26:14.883-0300] {dag.py:2929} INFO - Creating ORM DAG for example_xcom_args_with_operators
[2023-08-26T17:26:14.883-0300] {logging_mixin.py:151} INFO - [2023-08-26T17:26:14.883-0300] {dag.py:2929} INFO - Creating ORM DAG for example_xcom_args
[2023-08-26T17:26:14.883-0300] {logging_mixin.py:151} INFO - [2023-08-26T17:26:14.883-0300] {dag.py:3677} INFO - Setting next_dagrun for example_xcom_args to None, run_after=None
[2023-08-26T17:26:14.883-0300] {logging_mixin.py:151} INFO - [2023-08-26T17:26:14.883-0300] {dag.py:3677} INFO - Setting next_dagrun for example_xcom_args_with_operators to None, run_after=None
[2023-08-26T17:26:14.889-0300] {processor.py:179} INFO - Processing /Users/luishmq/.pyenv/versions/3.8.13/envs/air_flow/lib/python3.8/site-packages/airflow/example_dags/example_xcomargs.py took 0.316 seconds
[2023-08-26T17:27:35.952-0300] {processor.py:157} INFO - Started process (PID=24250) to work on /Users/luishmq/.pyenv/versions/3.8.13/envs/air_flow/lib/python3.8/site-packages/airflow/example_dags/example_xcomargs.py
[2023-08-26T17:27:35.952-0300] {processor.py:829} INFO - Processing file /Users/luishmq/.pyenv/versions/3.8.13/envs/air_flow/lib/python3.8/site-packages/airflow/example_dags/example_xcomargs.py for tasks to queue
[2023-08-26T17:27:35.952-0300] {logging_mixin.py:151} INFO - [2023-08-26T17:27:35.952-0300] {dagbag.py:539} INFO - Filling up the DagBag from /Users/luishmq/.pyenv/versions/3.8.13/envs/air_flow/lib/python3.8/site-packages/airflow/example_dags/example_xcomargs.py
[2023-08-26T17:27:35.974-0300] {processor.py:839} INFO - DAG(s) dict_keys(['example_xcom_args', 'example_xcom_args_with_operators']) retrieved from /Users/luishmq/.pyenv/versions/3.8.13/envs/air_flow/lib/python3.8/site-packages/airflow/example_dags/example_xcomargs.py
[2023-08-26T17:27:36.045-0300] {logging_mixin.py:151} INFO - [2023-08-26T17:27:36.045-0300] {dag.py:2907} INFO - Sync 2 DAGs
[2023-08-26T17:27:36.049-0300] {logging_mixin.py:151} INFO - [2023-08-26T17:27:36.049-0300] {dag.py:3677} INFO - Setting next_dagrun for example_xcom_args to None, run_after=None
[2023-08-26T17:27:36.050-0300] {logging_mixin.py:151} INFO - [2023-08-26T17:27:36.050-0300] {dag.py:3677} INFO - Setting next_dagrun for example_xcom_args_with_operators to None, run_after=None
[2023-08-26T17:27:36.057-0300] {processor.py:179} INFO - Processing /Users/luishmq/.pyenv/versions/3.8.13/envs/air_flow/lib/python3.8/site-packages/airflow/example_dags/example_xcomargs.py took 0.105 seconds
[2023-08-26T17:28:21.614-0300] {processor.py:157} INFO - Started process (PID=24354) to work on /Users/luishmq/.pyenv/versions/3.8.13/envs/air_flow/lib/python3.8/site-packages/airflow/example_dags/example_xcomargs.py
[2023-08-26T17:28:21.616-0300] {processor.py:829} INFO - Processing file /Users/luishmq/.pyenv/versions/3.8.13/envs/air_flow/lib/python3.8/site-packages/airflow/example_dags/example_xcomargs.py for tasks to queue
[2023-08-26T17:28:21.616-0300] {logging_mixin.py:151} INFO - [2023-08-26T17:28:21.616-0300] {dagbag.py:539} INFO - Filling up the DagBag from /Users/luishmq/.pyenv/versions/3.8.13/envs/air_flow/lib/python3.8/site-packages/airflow/example_dags/example_xcomargs.py
[2023-08-26T17:28:21.635-0300] {processor.py:839} INFO - DAG(s) dict_keys(['example_xcom_args_with_operators', 'example_xcom_args']) retrieved from /Users/luishmq/.pyenv/versions/3.8.13/envs/air_flow/lib/python3.8/site-packages/airflow/example_dags/example_xcomargs.py
[2023-08-26T17:28:21.702-0300] {logging_mixin.py:151} INFO - [2023-08-26T17:28:21.702-0300] {dag.py:2907} INFO - Sync 2 DAGs
[2023-08-26T17:28:21.706-0300] {logging_mixin.py:151} INFO - [2023-08-26T17:28:21.706-0300] {dag.py:3677} INFO - Setting next_dagrun for example_xcom_args to None, run_after=None
[2023-08-26T17:28:21.707-0300] {logging_mixin.py:151} INFO - [2023-08-26T17:28:21.707-0300] {dag.py:3677} INFO - Setting next_dagrun for example_xcom_args_with_operators to None, run_after=None
[2023-08-26T17:28:21.714-0300] {processor.py:179} INFO - Processing /Users/luishmq/.pyenv/versions/3.8.13/envs/air_flow/lib/python3.8/site-packages/airflow/example_dags/example_xcomargs.py took 0.100 seconds
[2023-08-26T17:29:06.548-0300] {processor.py:157} INFO - Started process (PID=24453) to work on /Users/luishmq/.pyenv/versions/3.8.13/envs/air_flow/lib/python3.8/site-packages/airflow/example_dags/example_xcomargs.py
[2023-08-26T17:29:06.548-0300] {processor.py:829} INFO - Processing file /Users/luishmq/.pyenv/versions/3.8.13/envs/air_flow/lib/python3.8/site-packages/airflow/example_dags/example_xcomargs.py for tasks to queue
[2023-08-26T17:29:06.549-0300] {logging_mixin.py:151} INFO - [2023-08-26T17:29:06.548-0300] {dagbag.py:539} INFO - Filling up the DagBag from /Users/luishmq/.pyenv/versions/3.8.13/envs/air_flow/lib/python3.8/site-packages/airflow/example_dags/example_xcomargs.py
[2023-08-26T17:29:06.568-0300] {processor.py:839} INFO - DAG(s) dict_keys(['example_xcom_args', 'example_xcom_args_with_operators']) retrieved from /Users/luishmq/.pyenv/versions/3.8.13/envs/air_flow/lib/python3.8/site-packages/airflow/example_dags/example_xcomargs.py
[2023-08-26T17:29:06.636-0300] {logging_mixin.py:151} INFO - [2023-08-26T17:29:06.636-0300] {dag.py:2907} INFO - Sync 2 DAGs
[2023-08-26T17:29:06.641-0300] {logging_mixin.py:151} INFO - [2023-08-26T17:29:06.640-0300] {dag.py:3677} INFO - Setting next_dagrun for example_xcom_args to None, run_after=None
[2023-08-26T17:29:06.642-0300] {logging_mixin.py:151} INFO - [2023-08-26T17:29:06.642-0300] {dag.py:3677} INFO - Setting next_dagrun for example_xcom_args_with_operators to None, run_after=None
[2023-08-26T17:29:06.648-0300] {processor.py:179} INFO - Processing /Users/luishmq/.pyenv/versions/3.8.13/envs/air_flow/lib/python3.8/site-packages/airflow/example_dags/example_xcomargs.py took 0.100 seconds
[2023-08-26T17:29:53.063-0300] {processor.py:157} INFO - Started process (PID=24560) to work on /Users/luishmq/.pyenv/versions/3.8.13/envs/air_flow/lib/python3.8/site-packages/airflow/example_dags/example_xcomargs.py
[2023-08-26T17:29:53.063-0300] {processor.py:829} INFO - Processing file /Users/luishmq/.pyenv/versions/3.8.13/envs/air_flow/lib/python3.8/site-packages/airflow/example_dags/example_xcomargs.py for tasks to queue
[2023-08-26T17:29:53.064-0300] {logging_mixin.py:151} INFO - [2023-08-26T17:29:53.064-0300] {dagbag.py:539} INFO - Filling up the DagBag from /Users/luishmq/.pyenv/versions/3.8.13/envs/air_flow/lib/python3.8/site-packages/airflow/example_dags/example_xcomargs.py
[2023-08-26T17:29:53.085-0300] {processor.py:839} INFO - DAG(s) dict_keys(['example_xcom_args_with_operators', 'example_xcom_args']) retrieved from /Users/luishmq/.pyenv/versions/3.8.13/envs/air_flow/lib/python3.8/site-packages/airflow/example_dags/example_xcomargs.py
[2023-08-26T17:29:53.153-0300] {logging_mixin.py:151} INFO - [2023-08-26T17:29:53.153-0300] {dag.py:2907} INFO - Sync 2 DAGs
[2023-08-26T17:29:53.157-0300] {logging_mixin.py:151} INFO - [2023-08-26T17:29:53.157-0300] {dag.py:3677} INFO - Setting next_dagrun for example_xcom_args to None, run_after=None
[2023-08-26T17:29:53.158-0300] {logging_mixin.py:151} INFO - [2023-08-26T17:29:53.158-0300] {dag.py:3677} INFO - Setting next_dagrun for example_xcom_args_with_operators to None, run_after=None
[2023-08-26T17:29:53.164-0300] {processor.py:179} INFO - Processing /Users/luishmq/.pyenv/versions/3.8.13/envs/air_flow/lib/python3.8/site-packages/airflow/example_dags/example_xcomargs.py took 0.101 seconds
[2023-08-26T17:30:39.980-0300] {processor.py:157} INFO - Started process (PID=24662) to work on /Users/luishmq/.pyenv/versions/3.8.13/envs/air_flow/lib/python3.8/site-packages/airflow/example_dags/example_xcomargs.py
[2023-08-26T17:30:39.981-0300] {processor.py:829} INFO - Processing file /Users/luishmq/.pyenv/versions/3.8.13/envs/air_flow/lib/python3.8/site-packages/airflow/example_dags/example_xcomargs.py for tasks to queue
[2023-08-26T17:30:39.982-0300] {logging_mixin.py:151} INFO - [2023-08-26T17:30:39.982-0300] {dagbag.py:539} INFO - Filling up the DagBag from /Users/luishmq/.pyenv/versions/3.8.13/envs/air_flow/lib/python3.8/site-packages/airflow/example_dags/example_xcomargs.py
[2023-08-26T17:30:40.001-0300] {processor.py:839} INFO - DAG(s) dict_keys(['example_xcom_args_with_operators', 'example_xcom_args']) retrieved from /Users/luishmq/.pyenv/versions/3.8.13/envs/air_flow/lib/python3.8/site-packages/airflow/example_dags/example_xcomargs.py
[2023-08-26T17:30:40.071-0300] {logging_mixin.py:151} INFO - [2023-08-26T17:30:40.071-0300] {dag.py:2907} INFO - Sync 2 DAGs
[2023-08-26T17:30:40.075-0300] {logging_mixin.py:151} INFO - [2023-08-26T17:30:40.075-0300] {dag.py:3677} INFO - Setting next_dagrun for example_xcom_args to None, run_after=None
[2023-08-26T17:30:40.076-0300] {logging_mixin.py:151} INFO - [2023-08-26T17:30:40.076-0300] {dag.py:3677} INFO - Setting next_dagrun for example_xcom_args_with_operators to None, run_after=None
[2023-08-26T17:30:40.084-0300] {processor.py:179} INFO - Processing /Users/luishmq/.pyenv/versions/3.8.13/envs/air_flow/lib/python3.8/site-packages/airflow/example_dags/example_xcomargs.py took 0.104 seconds
[2023-08-26T17:31:44.000-0300] {processor.py:157} INFO - Started process (PID=25069) to work on /Users/luishmq/.pyenv/versions/3.8.13/envs/air_flow/lib/python3.8/site-packages/airflow/example_dags/example_xcomargs.py
[2023-08-26T17:31:44.000-0300] {processor.py:829} INFO - Processing file /Users/luishmq/.pyenv/versions/3.8.13/envs/air_flow/lib/python3.8/site-packages/airflow/example_dags/example_xcomargs.py for tasks to queue
[2023-08-26T17:31:44.001-0300] {logging_mixin.py:151} INFO - [2023-08-26T17:31:44.001-0300] {dagbag.py:539} INFO - Filling up the DagBag from /Users/luishmq/.pyenv/versions/3.8.13/envs/air_flow/lib/python3.8/site-packages/airflow/example_dags/example_xcomargs.py
[2023-08-26T17:31:44.022-0300] {processor.py:839} INFO - DAG(s) dict_keys(['example_xcom_args', 'example_xcom_args_with_operators']) retrieved from /Users/luishmq/.pyenv/versions/3.8.13/envs/air_flow/lib/python3.8/site-packages/airflow/example_dags/example_xcomargs.py
[2023-08-26T17:31:44.091-0300] {logging_mixin.py:151} INFO - [2023-08-26T17:31:44.091-0300] {dag.py:2907} INFO - Sync 2 DAGs
[2023-08-26T17:31:44.096-0300] {logging_mixin.py:151} INFO - [2023-08-26T17:31:44.095-0300] {dag.py:3677} INFO - Setting next_dagrun for example_xcom_args to None, run_after=None
[2023-08-26T17:31:44.097-0300] {logging_mixin.py:151} INFO - [2023-08-26T17:31:44.097-0300] {dag.py:3677} INFO - Setting next_dagrun for example_xcom_args_with_operators to None, run_after=None
[2023-08-26T17:31:44.104-0300] {processor.py:179} INFO - Processing /Users/luishmq/.pyenv/versions/3.8.13/envs/air_flow/lib/python3.8/site-packages/airflow/example_dags/example_xcomargs.py took 0.105 seconds
[2023-08-26T17:32:29.208-0300] {processor.py:157} INFO - Started process (PID=25172) to work on /Users/luishmq/.pyenv/versions/3.8.13/envs/air_flow/lib/python3.8/site-packages/airflow/example_dags/example_xcomargs.py
[2023-08-26T17:32:29.210-0300] {processor.py:829} INFO - Processing file /Users/luishmq/.pyenv/versions/3.8.13/envs/air_flow/lib/python3.8/site-packages/airflow/example_dags/example_xcomargs.py for tasks to queue
[2023-08-26T17:32:29.210-0300] {logging_mixin.py:151} INFO - [2023-08-26T17:32:29.210-0300] {dagbag.py:539} INFO - Filling up the DagBag from /Users/luishmq/.pyenv/versions/3.8.13/envs/air_flow/lib/python3.8/site-packages/airflow/example_dags/example_xcomargs.py
[2023-08-26T17:32:29.229-0300] {processor.py:839} INFO - DAG(s) dict_keys(['example_xcom_args_with_operators', 'example_xcom_args']) retrieved from /Users/luishmq/.pyenv/versions/3.8.13/envs/air_flow/lib/python3.8/site-packages/airflow/example_dags/example_xcomargs.py
[2023-08-26T17:32:29.297-0300] {logging_mixin.py:151} INFO - [2023-08-26T17:32:29.297-0300] {dag.py:2907} INFO - Sync 2 DAGs
[2023-08-26T17:32:29.302-0300] {logging_mixin.py:151} INFO - [2023-08-26T17:32:29.302-0300] {dag.py:3677} INFO - Setting next_dagrun for example_xcom_args to None, run_after=None
[2023-08-26T17:32:29.303-0300] {logging_mixin.py:151} INFO - [2023-08-26T17:32:29.303-0300] {dag.py:3677} INFO - Setting next_dagrun for example_xcom_args_with_operators to None, run_after=None
[2023-08-26T17:32:29.309-0300] {processor.py:179} INFO - Processing /Users/luishmq/.pyenv/versions/3.8.13/envs/air_flow/lib/python3.8/site-packages/airflow/example_dags/example_xcomargs.py took 0.101 seconds
[2023-08-26T17:42:35.389-0300] {processor.py:157} INFO - Started process (PID=26162) to work on /Users/luishmq/.pyenv/versions/3.8.13/envs/air_flow/lib/python3.8/site-packages/airflow/example_dags/example_xcomargs.py
[2023-08-26T17:42:35.389-0300] {processor.py:829} INFO - Processing file /Users/luishmq/.pyenv/versions/3.8.13/envs/air_flow/lib/python3.8/site-packages/airflow/example_dags/example_xcomargs.py for tasks to queue
[2023-08-26T17:42:35.390-0300] {logging_mixin.py:151} INFO - [2023-08-26T17:42:35.389-0300] {dagbag.py:539} INFO - Filling up the DagBag from /Users/luishmq/.pyenv/versions/3.8.13/envs/air_flow/lib/python3.8/site-packages/airflow/example_dags/example_xcomargs.py
[2023-08-26T17:42:35.410-0300] {processor.py:839} INFO - DAG(s) dict_keys(['example_xcom_args_with_operators', 'example_xcom_args']) retrieved from /Users/luishmq/.pyenv/versions/3.8.13/envs/air_flow/lib/python3.8/site-packages/airflow/example_dags/example_xcomargs.py
[2023-08-26T17:42:35.481-0300] {logging_mixin.py:151} INFO - [2023-08-26T17:42:35.481-0300] {dag.py:2907} INFO - Sync 2 DAGs
[2023-08-26T17:42:35.485-0300] {logging_mixin.py:151} INFO - [2023-08-26T17:42:35.485-0300] {dag.py:3677} INFO - Setting next_dagrun for example_xcom_args to None, run_after=None
[2023-08-26T17:42:35.486-0300] {logging_mixin.py:151} INFO - [2023-08-26T17:42:35.486-0300] {dag.py:3677} INFO - Setting next_dagrun for example_xcom_args_with_operators to None, run_after=None
[2023-08-26T17:42:35.493-0300] {processor.py:179} INFO - Processing /Users/luishmq/.pyenv/versions/3.8.13/envs/air_flow/lib/python3.8/site-packages/airflow/example_dags/example_xcomargs.py took 0.104 seconds
[2023-08-26T17:52:22.194-0300] {processor.py:157} INFO - Started process (PID=27668) to work on /Users/luishmq/.pyenv/versions/3.8.13/envs/air_flow/lib/python3.8/site-packages/airflow/example_dags/example_xcomargs.py
[2023-08-26T17:52:22.195-0300] {processor.py:829} INFO - Processing file /Users/luishmq/.pyenv/versions/3.8.13/envs/air_flow/lib/python3.8/site-packages/airflow/example_dags/example_xcomargs.py for tasks to queue
[2023-08-26T17:52:22.195-0300] {logging_mixin.py:151} INFO - [2023-08-26T17:52:22.195-0300] {dagbag.py:539} INFO - Filling up the DagBag from /Users/luishmq/.pyenv/versions/3.8.13/envs/air_flow/lib/python3.8/site-packages/airflow/example_dags/example_xcomargs.py
[2023-08-26T17:52:22.216-0300] {processor.py:839} INFO - DAG(s) dict_keys(['example_xcom_args', 'example_xcom_args_with_operators']) retrieved from /Users/luishmq/.pyenv/versions/3.8.13/envs/air_flow/lib/python3.8/site-packages/airflow/example_dags/example_xcomargs.py
[2023-08-26T17:52:22.286-0300] {logging_mixin.py:151} INFO - [2023-08-26T17:52:22.286-0300] {dag.py:2907} INFO - Sync 2 DAGs
[2023-08-26T17:52:22.290-0300] {logging_mixin.py:151} INFO - [2023-08-26T17:52:22.290-0300] {dag.py:3677} INFO - Setting next_dagrun for example_xcom_args to None, run_after=None
[2023-08-26T17:52:22.291-0300] {logging_mixin.py:151} INFO - [2023-08-26T17:52:22.291-0300] {dag.py:3677} INFO - Setting next_dagrun for example_xcom_args_with_operators to None, run_after=None
[2023-08-26T17:52:22.298-0300] {processor.py:179} INFO - Processing /Users/luishmq/.pyenv/versions/3.8.13/envs/air_flow/lib/python3.8/site-packages/airflow/example_dags/example_xcomargs.py took 0.104 seconds
