[2023-08-26T17:27:14.347-0300] {processor.py:157} INFO - Started process (PID=24195) to work on /Users/luishmq/.pyenv/versions/3.8.13/envs/air_flow/lib/python3.8/site-packages/airflow/example_dags/example_branch_operator.py
[2023-08-26T17:27:14.347-0300] {processor.py:829} INFO - Processing file /Users/luishmq/.pyenv/versions/3.8.13/envs/air_flow/lib/python3.8/site-packages/airflow/example_dags/example_branch_operator.py for tasks to queue
[2023-08-26T17:27:14.348-0300] {logging_mixin.py:151} INFO - [2023-08-26T17:27:14.348-0300] {dagbag.py:539} INFO - Filling up the DagBag from /Users/luishmq/.pyenv/versions/3.8.13/envs/air_flow/lib/python3.8/site-packages/airflow/example_dags/example_branch_operator.py
[2023-08-26T17:27:14.362-0300] {processor.py:839} INFO - DAG(s) dict_keys(['example_branch_operator']) retrieved from /Users/luishmq/.pyenv/versions/3.8.13/envs/air_flow/lib/python3.8/site-packages/airflow/example_dags/example_branch_operator.py
[2023-08-26T17:27:14.636-0300] {logging_mixin.py:151} INFO - [2023-08-26T17:27:14.636-0300] {manager.py:501} INFO - Created Permission View: can delete on DAG:example_branch_operator
[2023-08-26T17:27:14.639-0300] {logging_mixin.py:151} INFO - [2023-08-26T17:27:14.639-0300] {manager.py:501} INFO - Created Permission View: can read on DAG:example_branch_operator
[2023-08-26T17:27:14.642-0300] {logging_mixin.py:151} INFO - [2023-08-26T17:27:14.642-0300] {manager.py:501} INFO - Created Permission View: can edit on DAG:example_branch_operator
[2023-08-26T17:27:14.646-0300] {logging_mixin.py:151} INFO - [2023-08-26T17:27:14.646-0300] {dag.py:2907} INFO - Sync 1 DAGs
[2023-08-26T17:27:14.651-0300] {logging_mixin.py:151} INFO - [2023-08-26T17:27:14.650-0300] {dag.py:2929} INFO - Creating ORM DAG for example_branch_operator
[2023-08-26T17:27:14.654-0300] {logging_mixin.py:151} INFO - [2023-08-26T17:27:14.654-0300] {dag.py:3677} INFO - Setting next_dagrun for example_branch_operator to 2023-08-25T00:00:00+00:00, run_after=2023-08-26T00:00:00+00:00
[2023-08-26T17:27:14.660-0300] {processor.py:179} INFO - Processing /Users/luishmq/.pyenv/versions/3.8.13/envs/air_flow/lib/python3.8/site-packages/airflow/example_dags/example_branch_operator.py took 0.313 seconds
[2023-08-26T17:28:45.983-0300] {processor.py:157} INFO - Started process (PID=24406) to work on /Users/luishmq/.pyenv/versions/3.8.13/envs/air_flow/lib/python3.8/site-packages/airflow/example_dags/example_branch_operator.py
[2023-08-26T17:28:45.984-0300] {processor.py:829} INFO - Processing file /Users/luishmq/.pyenv/versions/3.8.13/envs/air_flow/lib/python3.8/site-packages/airflow/example_dags/example_branch_operator.py for tasks to queue
[2023-08-26T17:28:45.984-0300] {logging_mixin.py:151} INFO - [2023-08-26T17:28:45.984-0300] {dagbag.py:539} INFO - Filling up the DagBag from /Users/luishmq/.pyenv/versions/3.8.13/envs/air_flow/lib/python3.8/site-packages/airflow/example_dags/example_branch_operator.py
[2023-08-26T17:28:45.998-0300] {processor.py:839} INFO - DAG(s) dict_keys(['example_branch_operator']) retrieved from /Users/luishmq/.pyenv/versions/3.8.13/envs/air_flow/lib/python3.8/site-packages/airflow/example_dags/example_branch_operator.py
[2023-08-26T17:28:46.070-0300] {logging_mixin.py:151} INFO - [2023-08-26T17:28:46.069-0300] {dag.py:2907} INFO - Sync 1 DAGs
[2023-08-26T17:28:46.077-0300] {logging_mixin.py:151} INFO - [2023-08-26T17:28:46.077-0300] {dag.py:3677} INFO - Setting next_dagrun for example_branch_operator to 2023-08-25T00:00:00+00:00, run_after=2023-08-26T00:00:00+00:00
[2023-08-26T17:28:46.084-0300] {processor.py:179} INFO - Processing /Users/luishmq/.pyenv/versions/3.8.13/envs/air_flow/lib/python3.8/site-packages/airflow/example_dags/example_branch_operator.py took 0.101 seconds
[2023-08-26T17:30:16.172-0300] {processor.py:157} INFO - Started process (PID=24610) to work on /Users/luishmq/.pyenv/versions/3.8.13/envs/air_flow/lib/python3.8/site-packages/airflow/example_dags/example_branch_operator.py
[2023-08-26T17:30:16.173-0300] {processor.py:829} INFO - Processing file /Users/luishmq/.pyenv/versions/3.8.13/envs/air_flow/lib/python3.8/site-packages/airflow/example_dags/example_branch_operator.py for tasks to queue
[2023-08-26T17:30:16.173-0300] {logging_mixin.py:151} INFO - [2023-08-26T17:30:16.173-0300] {dagbag.py:539} INFO - Filling up the DagBag from /Users/luishmq/.pyenv/versions/3.8.13/envs/air_flow/lib/python3.8/site-packages/airflow/example_dags/example_branch_operator.py
[2023-08-26T17:30:16.187-0300] {processor.py:839} INFO - DAG(s) dict_keys(['example_branch_operator']) retrieved from /Users/luishmq/.pyenv/versions/3.8.13/envs/air_flow/lib/python3.8/site-packages/airflow/example_dags/example_branch_operator.py
[2023-08-26T17:30:16.256-0300] {logging_mixin.py:151} INFO - [2023-08-26T17:30:16.256-0300] {dag.py:2907} INFO - Sync 1 DAGs
[2023-08-26T17:30:16.263-0300] {logging_mixin.py:151} INFO - [2023-08-26T17:30:16.263-0300] {dag.py:3677} INFO - Setting next_dagrun for example_branch_operator to 2023-08-25T00:00:00+00:00, run_after=2023-08-26T00:00:00+00:00
[2023-08-26T17:30:16.270-0300] {processor.py:179} INFO - Processing /Users/luishmq/.pyenv/versions/3.8.13/envs/air_flow/lib/python3.8/site-packages/airflow/example_dags/example_branch_operator.py took 0.098 seconds
[2023-08-26T17:32:08.944-0300] {processor.py:157} INFO - Started process (PID=25124) to work on /Users/luishmq/.pyenv/versions/3.8.13/envs/air_flow/lib/python3.8/site-packages/airflow/example_dags/example_branch_operator.py
[2023-08-26T17:32:08.945-0300] {processor.py:829} INFO - Processing file /Users/luishmq/.pyenv/versions/3.8.13/envs/air_flow/lib/python3.8/site-packages/airflow/example_dags/example_branch_operator.py for tasks to queue
[2023-08-26T17:32:08.945-0300] {logging_mixin.py:151} INFO - [2023-08-26T17:32:08.945-0300] {dagbag.py:539} INFO - Filling up the DagBag from /Users/luishmq/.pyenv/versions/3.8.13/envs/air_flow/lib/python3.8/site-packages/airflow/example_dags/example_branch_operator.py
[2023-08-26T17:32:08.960-0300] {processor.py:839} INFO - DAG(s) dict_keys(['example_branch_operator']) retrieved from /Users/luishmq/.pyenv/versions/3.8.13/envs/air_flow/lib/python3.8/site-packages/airflow/example_dags/example_branch_operator.py
[2023-08-26T17:32:09.033-0300] {logging_mixin.py:151} INFO - [2023-08-26T17:32:09.033-0300] {dag.py:2907} INFO - Sync 1 DAGs
[2023-08-26T17:32:09.041-0300] {logging_mixin.py:151} INFO - [2023-08-26T17:32:09.041-0300] {dag.py:3677} INFO - Setting next_dagrun for example_branch_operator to 2023-08-25T00:00:00+00:00, run_after=2023-08-26T00:00:00+00:00
[2023-08-26T17:32:09.048-0300] {processor.py:179} INFO - Processing /Users/luishmq/.pyenv/versions/3.8.13/envs/air_flow/lib/python3.8/site-packages/airflow/example_dags/example_branch_operator.py took 0.105 seconds
[2023-08-26T17:47:16.317-0300] {processor.py:157} INFO - Started process (PID=26765) to work on /Users/luishmq/.pyenv/versions/3.8.13/envs/air_flow/lib/python3.8/site-packages/airflow/example_dags/example_branch_operator.py
[2023-08-26T17:47:16.318-0300] {processor.py:829} INFO - Processing file /Users/luishmq/.pyenv/versions/3.8.13/envs/air_flow/lib/python3.8/site-packages/airflow/example_dags/example_branch_operator.py for tasks to queue
[2023-08-26T17:47:16.319-0300] {logging_mixin.py:151} INFO - [2023-08-26T17:47:16.319-0300] {dagbag.py:539} INFO - Filling up the DagBag from /Users/luishmq/.pyenv/versions/3.8.13/envs/air_flow/lib/python3.8/site-packages/airflow/example_dags/example_branch_operator.py
[2023-08-26T17:47:16.333-0300] {processor.py:839} INFO - DAG(s) dict_keys(['example_branch_operator']) retrieved from /Users/luishmq/.pyenv/versions/3.8.13/envs/air_flow/lib/python3.8/site-packages/airflow/example_dags/example_branch_operator.py
[2023-08-26T17:47:16.403-0300] {logging_mixin.py:151} INFO - [2023-08-26T17:47:16.403-0300] {dag.py:2907} INFO - Sync 1 DAGs
[2023-08-26T17:47:16.410-0300] {logging_mixin.py:151} INFO - [2023-08-26T17:47:16.410-0300] {dag.py:3677} INFO - Setting next_dagrun for example_branch_operator to 2023-08-25T00:00:00+00:00, run_after=2023-08-26T00:00:00+00:00
[2023-08-26T17:47:16.417-0300] {processor.py:179} INFO - Processing /Users/luishmq/.pyenv/versions/3.8.13/envs/air_flow/lib/python3.8/site-packages/airflow/example_dags/example_branch_operator.py took 0.099 seconds
