[2023-08-26T17:27:12.374-0300] {processor.py:157} INFO - Started process (PID=24191) to work on /Users/luishmq/.pyenv/versions/3.8.13/envs/air_flow/lib/python3.8/site-packages/airflow/example_dags/example_branch_operator_decorator.py
[2023-08-26T17:27:12.374-0300] {processor.py:829} INFO - Processing file /Users/luishmq/.pyenv/versions/3.8.13/envs/air_flow/lib/python3.8/site-packages/airflow/example_dags/example_branch_operator_decorator.py for tasks to queue
[2023-08-26T17:27:12.374-0300] {logging_mixin.py:151} INFO - [2023-08-26T17:27:12.374-0300] {dagbag.py:539} INFO - Filling up the DagBag from /Users/luishmq/.pyenv/versions/3.8.13/envs/air_flow/lib/python3.8/site-packages/airflow/example_dags/example_branch_operator_decorator.py
[2023-08-26T17:27:12.395-0300] {processor.py:839} INFO - DAG(s) dict_keys(['example_branch_python_operator_decorator']) retrieved from /Users/luishmq/.pyenv/versions/3.8.13/envs/air_flow/lib/python3.8/site-packages/airflow/example_dags/example_branch_operator_decorator.py
[2023-08-26T17:27:12.662-0300] {logging_mixin.py:151} INFO - [2023-08-26T17:27:12.662-0300] {manager.py:501} INFO - Created Permission View: can delete on DAG:example_branch_python_operator_decorator
[2023-08-26T17:27:12.665-0300] {logging_mixin.py:151} INFO - [2023-08-26T17:27:12.665-0300] {manager.py:501} INFO - Created Permission View: can read on DAG:example_branch_python_operator_decorator
[2023-08-26T17:27:12.668-0300] {logging_mixin.py:151} INFO - [2023-08-26T17:27:12.668-0300] {manager.py:501} INFO - Created Permission View: can edit on DAG:example_branch_python_operator_decorator
[2023-08-26T17:27:12.671-0300] {logging_mixin.py:151} INFO - [2023-08-26T17:27:12.671-0300] {dag.py:2907} INFO - Sync 1 DAGs
[2023-08-26T17:27:12.675-0300] {logging_mixin.py:151} INFO - [2023-08-26T17:27:12.675-0300] {dag.py:2929} INFO - Creating ORM DAG for example_branch_python_operator_decorator
[2023-08-26T17:27:12.679-0300] {logging_mixin.py:151} INFO - [2023-08-26T17:27:12.679-0300] {dag.py:3677} INFO - Setting next_dagrun for example_branch_python_operator_decorator to 2023-08-25T00:00:00+00:00, run_after=2023-08-26T00:00:00+00:00
[2023-08-26T17:27:12.685-0300] {processor.py:179} INFO - Processing /Users/luishmq/.pyenv/versions/3.8.13/envs/air_flow/lib/python3.8/site-packages/airflow/example_dags/example_branch_operator_decorator.py took 0.311 seconds
[2023-08-26T17:28:44.262-0300] {processor.py:157} INFO - Started process (PID=24403) to work on /Users/luishmq/.pyenv/versions/3.8.13/envs/air_flow/lib/python3.8/site-packages/airflow/example_dags/example_branch_operator_decorator.py
[2023-08-26T17:28:44.262-0300] {processor.py:829} INFO - Processing file /Users/luishmq/.pyenv/versions/3.8.13/envs/air_flow/lib/python3.8/site-packages/airflow/example_dags/example_branch_operator_decorator.py for tasks to queue
[2023-08-26T17:28:44.262-0300] {logging_mixin.py:151} INFO - [2023-08-26T17:28:44.262-0300] {dagbag.py:539} INFO - Filling up the DagBag from /Users/luishmq/.pyenv/versions/3.8.13/envs/air_flow/lib/python3.8/site-packages/airflow/example_dags/example_branch_operator_decorator.py
[2023-08-26T17:28:44.284-0300] {processor.py:839} INFO - DAG(s) dict_keys(['example_branch_python_operator_decorator']) retrieved from /Users/luishmq/.pyenv/versions/3.8.13/envs/air_flow/lib/python3.8/site-packages/airflow/example_dags/example_branch_operator_decorator.py
[2023-08-26T17:28:44.353-0300] {logging_mixin.py:151} INFO - [2023-08-26T17:28:44.353-0300] {dag.py:2907} INFO - Sync 1 DAGs
[2023-08-26T17:28:44.360-0300] {logging_mixin.py:151} INFO - [2023-08-26T17:28:44.360-0300] {dag.py:3677} INFO - Setting next_dagrun for example_branch_python_operator_decorator to 2023-08-25T00:00:00+00:00, run_after=2023-08-26T00:00:00+00:00
[2023-08-26T17:28:44.367-0300] {processor.py:179} INFO - Processing /Users/luishmq/.pyenv/versions/3.8.13/envs/air_flow/lib/python3.8/site-packages/airflow/example_dags/example_branch_operator_decorator.py took 0.106 seconds
[2023-08-26T17:30:14.460-0300] {processor.py:157} INFO - Started process (PID=24607) to work on /Users/luishmq/.pyenv/versions/3.8.13/envs/air_flow/lib/python3.8/site-packages/airflow/example_dags/example_branch_operator_decorator.py
[2023-08-26T17:30:14.461-0300] {processor.py:829} INFO - Processing file /Users/luishmq/.pyenv/versions/3.8.13/envs/air_flow/lib/python3.8/site-packages/airflow/example_dags/example_branch_operator_decorator.py for tasks to queue
[2023-08-26T17:30:14.461-0300] {logging_mixin.py:151} INFO - [2023-08-26T17:30:14.461-0300] {dagbag.py:539} INFO - Filling up the DagBag from /Users/luishmq/.pyenv/versions/3.8.13/envs/air_flow/lib/python3.8/site-packages/airflow/example_dags/example_branch_operator_decorator.py
[2023-08-26T17:30:14.481-0300] {processor.py:839} INFO - DAG(s) dict_keys(['example_branch_python_operator_decorator']) retrieved from /Users/luishmq/.pyenv/versions/3.8.13/envs/air_flow/lib/python3.8/site-packages/airflow/example_dags/example_branch_operator_decorator.py
[2023-08-26T17:30:14.547-0300] {logging_mixin.py:151} INFO - [2023-08-26T17:30:14.547-0300] {dag.py:2907} INFO - Sync 1 DAGs
[2023-08-26T17:30:14.555-0300] {logging_mixin.py:151} INFO - [2023-08-26T17:30:14.554-0300] {dag.py:3677} INFO - Setting next_dagrun for example_branch_python_operator_decorator to 2023-08-25T00:00:00+00:00, run_after=2023-08-26T00:00:00+00:00
[2023-08-26T17:30:14.561-0300] {processor.py:179} INFO - Processing /Users/luishmq/.pyenv/versions/3.8.13/envs/air_flow/lib/python3.8/site-packages/airflow/example_dags/example_branch_operator_decorator.py took 0.102 seconds
[2023-08-26T17:32:07.149-0300] {processor.py:157} INFO - Started process (PID=25120) to work on /Users/luishmq/.pyenv/versions/3.8.13/envs/air_flow/lib/python3.8/site-packages/airflow/example_dags/example_branch_operator_decorator.py
[2023-08-26T17:32:07.151-0300] {processor.py:829} INFO - Processing file /Users/luishmq/.pyenv/versions/3.8.13/envs/air_flow/lib/python3.8/site-packages/airflow/example_dags/example_branch_operator_decorator.py for tasks to queue
[2023-08-26T17:32:07.151-0300] {logging_mixin.py:151} INFO - [2023-08-26T17:32:07.151-0300] {dagbag.py:539} INFO - Filling up the DagBag from /Users/luishmq/.pyenv/versions/3.8.13/envs/air_flow/lib/python3.8/site-packages/airflow/example_dags/example_branch_operator_decorator.py
[2023-08-26T17:32:07.174-0300] {processor.py:839} INFO - DAG(s) dict_keys(['example_branch_python_operator_decorator']) retrieved from /Users/luishmq/.pyenv/versions/3.8.13/envs/air_flow/lib/python3.8/site-packages/airflow/example_dags/example_branch_operator_decorator.py
[2023-08-26T17:32:07.254-0300] {logging_mixin.py:151} INFO - [2023-08-26T17:32:07.254-0300] {dag.py:2907} INFO - Sync 1 DAGs
[2023-08-26T17:32:07.262-0300] {logging_mixin.py:151} INFO - [2023-08-26T17:32:07.262-0300] {dag.py:3677} INFO - Setting next_dagrun for example_branch_python_operator_decorator to 2023-08-25T00:00:00+00:00, run_after=2023-08-26T00:00:00+00:00
[2023-08-26T17:32:07.269-0300] {processor.py:179} INFO - Processing /Users/luishmq/.pyenv/versions/3.8.13/envs/air_flow/lib/python3.8/site-packages/airflow/example_dags/example_branch_operator_decorator.py took 0.120 seconds
[2023-08-26T17:47:08.621-0300] {processor.py:157} INFO - Started process (PID=26697) to work on /Users/luishmq/.pyenv/versions/3.8.13/envs/air_flow/lib/python3.8/site-packages/airflow/example_dags/example_branch_operator_decorator.py
[2023-08-26T17:47:08.622-0300] {processor.py:829} INFO - Processing file /Users/luishmq/.pyenv/versions/3.8.13/envs/air_flow/lib/python3.8/site-packages/airflow/example_dags/example_branch_operator_decorator.py for tasks to queue
[2023-08-26T17:47:08.622-0300] {logging_mixin.py:151} INFO - [2023-08-26T17:47:08.622-0300] {dagbag.py:539} INFO - Filling up the DagBag from /Users/luishmq/.pyenv/versions/3.8.13/envs/air_flow/lib/python3.8/site-packages/airflow/example_dags/example_branch_operator_decorator.py
[2023-08-26T17:47:08.643-0300] {processor.py:839} INFO - DAG(s) dict_keys(['example_branch_python_operator_decorator']) retrieved from /Users/luishmq/.pyenv/versions/3.8.13/envs/air_flow/lib/python3.8/site-packages/airflow/example_dags/example_branch_operator_decorator.py
[2023-08-26T17:47:08.711-0300] {logging_mixin.py:151} INFO - [2023-08-26T17:47:08.711-0300] {dag.py:2907} INFO - Sync 1 DAGs
[2023-08-26T17:47:08.718-0300] {logging_mixin.py:151} INFO - [2023-08-26T17:47:08.718-0300] {dag.py:3677} INFO - Setting next_dagrun for example_branch_python_operator_decorator to 2023-08-25T00:00:00+00:00, run_after=2023-08-26T00:00:00+00:00
[2023-08-26T17:47:08.725-0300] {processor.py:179} INFO - Processing /Users/luishmq/.pyenv/versions/3.8.13/envs/air_flow/lib/python3.8/site-packages/airflow/example_dags/example_branch_operator_decorator.py took 0.104 seconds
