[2023-08-26T17:27:20.428-0300] {processor.py:157} INFO - Started process (PID=24211) to work on /Users/luishmq/.pyenv/versions/3.8.13/envs/air_flow/lib/python3.8/site-packages/airflow/example_dags/example_bash_operator.py
[2023-08-26T17:27:20.429-0300] {processor.py:829} INFO - Processing file /Users/luishmq/.pyenv/versions/3.8.13/envs/air_flow/lib/python3.8/site-packages/airflow/example_dags/example_bash_operator.py for tasks to queue
[2023-08-26T17:27:20.429-0300] {logging_mixin.py:151} INFO - [2023-08-26T17:27:20.429-0300] {dagbag.py:539} INFO - Filling up the DagBag from /Users/luishmq/.pyenv/versions/3.8.13/envs/air_flow/lib/python3.8/site-packages/airflow/example_dags/example_bash_operator.py
[2023-08-26T17:27:20.456-0300] {processor.py:839} INFO - DAG(s) dict_keys(['example_bash_operator']) retrieved from /Users/luishmq/.pyenv/versions/3.8.13/envs/air_flow/lib/python3.8/site-packages/airflow/example_dags/example_bash_operator.py
[2023-08-26T17:27:20.715-0300] {logging_mixin.py:151} INFO - [2023-08-26T17:27:20.715-0300] {manager.py:501} INFO - Created Permission View: can delete on DAG:example_bash_operator
[2023-08-26T17:27:20.718-0300] {logging_mixin.py:151} INFO - [2023-08-26T17:27:20.718-0300] {manager.py:501} INFO - Created Permission View: can read on DAG:example_bash_operator
[2023-08-26T17:27:20.720-0300] {logging_mixin.py:151} INFO - [2023-08-26T17:27:20.720-0300] {manager.py:501} INFO - Created Permission View: can edit on DAG:example_bash_operator
[2023-08-26T17:27:20.724-0300] {logging_mixin.py:151} INFO - [2023-08-26T17:27:20.724-0300] {dag.py:2907} INFO - Sync 1 DAGs
[2023-08-26T17:27:20.727-0300] {logging_mixin.py:151} INFO - [2023-08-26T17:27:20.727-0300] {dag.py:2929} INFO - Creating ORM DAG for example_bash_operator
[2023-08-26T17:27:20.731-0300] {logging_mixin.py:151} INFO - [2023-08-26T17:27:20.731-0300] {dag.py:3677} INFO - Setting next_dagrun for example_bash_operator to 2023-08-25T00:00:00+00:00, run_after=2023-08-26T00:00:00+00:00
[2023-08-26T17:27:20.737-0300] {processor.py:179} INFO - Processing /Users/luishmq/.pyenv/versions/3.8.13/envs/air_flow/lib/python3.8/site-packages/airflow/example_dags/example_bash_operator.py took 0.309 seconds
[2023-08-26T17:28:52.590-0300] {processor.py:157} INFO - Started process (PID=24420) to work on /Users/luishmq/.pyenv/versions/3.8.13/envs/air_flow/lib/python3.8/site-packages/airflow/example_dags/example_bash_operator.py
[2023-08-26T17:28:52.591-0300] {processor.py:829} INFO - Processing file /Users/luishmq/.pyenv/versions/3.8.13/envs/air_flow/lib/python3.8/site-packages/airflow/example_dags/example_bash_operator.py for tasks to queue
[2023-08-26T17:28:52.591-0300] {logging_mixin.py:151} INFO - [2023-08-26T17:28:52.591-0300] {dagbag.py:539} INFO - Filling up the DagBag from /Users/luishmq/.pyenv/versions/3.8.13/envs/air_flow/lib/python3.8/site-packages/airflow/example_dags/example_bash_operator.py
[2023-08-26T17:28:52.618-0300] {processor.py:839} INFO - DAG(s) dict_keys(['example_bash_operator']) retrieved from /Users/luishmq/.pyenv/versions/3.8.13/envs/air_flow/lib/python3.8/site-packages/airflow/example_dags/example_bash_operator.py
[2023-08-26T17:28:52.675-0300] {logging_mixin.py:151} INFO - [2023-08-26T17:28:52.675-0300] {dag.py:2907} INFO - Sync 1 DAGs
[2023-08-26T17:28:52.681-0300] {logging_mixin.py:151} INFO - [2023-08-26T17:28:52.681-0300] {dag.py:3677} INFO - Setting next_dagrun for example_bash_operator to 2023-08-25T00:00:00+00:00, run_after=2023-08-26T00:00:00+00:00
[2023-08-26T17:28:52.689-0300] {processor.py:179} INFO - Processing /Users/luishmq/.pyenv/versions/3.8.13/envs/air_flow/lib/python3.8/site-packages/airflow/example_dags/example_bash_operator.py took 0.099 seconds
[2023-08-26T17:30:23.098-0300] {processor.py:157} INFO - Started process (PID=24625) to work on /Users/luishmq/.pyenv/versions/3.8.13/envs/air_flow/lib/python3.8/site-packages/airflow/example_dags/example_bash_operator.py
[2023-08-26T17:30:23.099-0300] {processor.py:829} INFO - Processing file /Users/luishmq/.pyenv/versions/3.8.13/envs/air_flow/lib/python3.8/site-packages/airflow/example_dags/example_bash_operator.py for tasks to queue
[2023-08-26T17:30:23.099-0300] {logging_mixin.py:151} INFO - [2023-08-26T17:30:23.099-0300] {dagbag.py:539} INFO - Filling up the DagBag from /Users/luishmq/.pyenv/versions/3.8.13/envs/air_flow/lib/python3.8/site-packages/airflow/example_dags/example_bash_operator.py
[2023-08-26T17:30:23.127-0300] {processor.py:839} INFO - DAG(s) dict_keys(['example_bash_operator']) retrieved from /Users/luishmq/.pyenv/versions/3.8.13/envs/air_flow/lib/python3.8/site-packages/airflow/example_dags/example_bash_operator.py
[2023-08-26T17:30:23.184-0300] {logging_mixin.py:151} INFO - [2023-08-26T17:30:23.184-0300] {dag.py:2907} INFO - Sync 1 DAGs
[2023-08-26T17:30:23.191-0300] {logging_mixin.py:151} INFO - [2023-08-26T17:30:23.191-0300] {dag.py:3677} INFO - Setting next_dagrun for example_bash_operator to 2023-08-25T00:00:00+00:00, run_after=2023-08-26T00:00:00+00:00
[2023-08-26T17:30:23.198-0300] {processor.py:179} INFO - Processing /Users/luishmq/.pyenv/versions/3.8.13/envs/air_flow/lib/python3.8/site-packages/airflow/example_dags/example_bash_operator.py took 0.100 seconds
[2023-08-26T17:32:14.399-0300] {processor.py:157} INFO - Started process (PID=25138) to work on /Users/luishmq/.pyenv/versions/3.8.13/envs/air_flow/lib/python3.8/site-packages/airflow/example_dags/example_bash_operator.py
[2023-08-26T17:32:14.400-0300] {processor.py:829} INFO - Processing file /Users/luishmq/.pyenv/versions/3.8.13/envs/air_flow/lib/python3.8/site-packages/airflow/example_dags/example_bash_operator.py for tasks to queue
[2023-08-26T17:32:14.400-0300] {logging_mixin.py:151} INFO - [2023-08-26T17:32:14.400-0300] {dagbag.py:539} INFO - Filling up the DagBag from /Users/luishmq/.pyenv/versions/3.8.13/envs/air_flow/lib/python3.8/site-packages/airflow/example_dags/example_bash_operator.py
[2023-08-26T17:32:14.426-0300] {processor.py:839} INFO - DAG(s) dict_keys(['example_bash_operator']) retrieved from /Users/luishmq/.pyenv/versions/3.8.13/envs/air_flow/lib/python3.8/site-packages/airflow/example_dags/example_bash_operator.py
[2023-08-26T17:32:14.482-0300] {logging_mixin.py:151} INFO - [2023-08-26T17:32:14.481-0300] {dag.py:2907} INFO - Sync 1 DAGs
[2023-08-26T17:32:14.488-0300] {logging_mixin.py:151} INFO - [2023-08-26T17:32:14.488-0300] {dag.py:3677} INFO - Setting next_dagrun for example_bash_operator to 2023-08-25T00:00:00+00:00, run_after=2023-08-26T00:00:00+00:00
[2023-08-26T17:32:14.495-0300] {processor.py:179} INFO - Processing /Users/luishmq/.pyenv/versions/3.8.13/envs/air_flow/lib/python3.8/site-packages/airflow/example_dags/example_bash_operator.py took 0.097 seconds
[2023-08-26T17:47:29.108-0300] {processor.py:157} INFO - Started process (PID=27030) to work on /Users/luishmq/.pyenv/versions/3.8.13/envs/air_flow/lib/python3.8/site-packages/airflow/example_dags/example_bash_operator.py
[2023-08-26T17:47:29.110-0300] {processor.py:829} INFO - Processing file /Users/luishmq/.pyenv/versions/3.8.13/envs/air_flow/lib/python3.8/site-packages/airflow/example_dags/example_bash_operator.py for tasks to queue
[2023-08-26T17:47:29.110-0300] {logging_mixin.py:151} INFO - [2023-08-26T17:47:29.110-0300] {dagbag.py:539} INFO - Filling up the DagBag from /Users/luishmq/.pyenv/versions/3.8.13/envs/air_flow/lib/python3.8/site-packages/airflow/example_dags/example_bash_operator.py
[2023-08-26T17:47:29.136-0300] {processor.py:839} INFO - DAG(s) dict_keys(['example_bash_operator']) retrieved from /Users/luishmq/.pyenv/versions/3.8.13/envs/air_flow/lib/python3.8/site-packages/airflow/example_dags/example_bash_operator.py
[2023-08-26T17:47:29.192-0300] {logging_mixin.py:151} INFO - [2023-08-26T17:47:29.192-0300] {dag.py:2907} INFO - Sync 1 DAGs
[2023-08-26T17:47:29.199-0300] {logging_mixin.py:151} INFO - [2023-08-26T17:47:29.198-0300] {dag.py:3677} INFO - Setting next_dagrun for example_bash_operator to 2023-08-25T00:00:00+00:00, run_after=2023-08-26T00:00:00+00:00
[2023-08-26T17:47:29.206-0300] {processor.py:179} INFO - Processing /Users/luishmq/.pyenv/versions/3.8.13/envs/air_flow/lib/python3.8/site-packages/airflow/example_dags/example_bash_operator.py took 0.098 seconds
