[2023-08-26T17:26:32.544-0300] {processor.py:157} INFO - Started process (PID=24107) to work on /Users/luishmq/.pyenv/versions/3.8.13/envs/air_flow/lib/python3.8/site-packages/airflow/example_dags/example_short_circuit_decorator.py
[2023-08-26T17:26:32.544-0300] {processor.py:829} INFO - Processing file /Users/luishmq/.pyenv/versions/3.8.13/envs/air_flow/lib/python3.8/site-packages/airflow/example_dags/example_short_circuit_decorator.py for tasks to queue
[2023-08-26T17:26:32.544-0300] {logging_mixin.py:151} INFO - [2023-08-26T17:26:32.544-0300] {dagbag.py:539} INFO - Filling up the DagBag from /Users/luishmq/.pyenv/versions/3.8.13/envs/air_flow/lib/python3.8/site-packages/airflow/example_dags/example_short_circuit_decorator.py
[2023-08-26T17:26:32.564-0300] {processor.py:839} INFO - DAG(s) dict_keys(['example_short_circuit_decorator']) retrieved from /Users/luishmq/.pyenv/versions/3.8.13/envs/air_flow/lib/python3.8/site-packages/airflow/example_dags/example_short_circuit_decorator.py
[2023-08-26T17:26:32.832-0300] {logging_mixin.py:151} INFO - [2023-08-26T17:26:32.832-0300] {manager.py:501} INFO - Created Permission View: can delete on DAG:example_short_circuit_decorator
[2023-08-26T17:26:32.835-0300] {logging_mixin.py:151} INFO - [2023-08-26T17:26:32.835-0300] {manager.py:501} INFO - Created Permission View: can edit on DAG:example_short_circuit_decorator
[2023-08-26T17:26:32.837-0300] {logging_mixin.py:151} INFO - [2023-08-26T17:26:32.837-0300] {manager.py:501} INFO - Created Permission View: can read on DAG:example_short_circuit_decorator
[2023-08-26T17:26:32.841-0300] {logging_mixin.py:151} INFO - [2023-08-26T17:26:32.841-0300] {dag.py:2907} INFO - Sync 1 DAGs
[2023-08-26T17:26:32.845-0300] {logging_mixin.py:151} INFO - [2023-08-26T17:26:32.845-0300] {dag.py:2929} INFO - Creating ORM DAG for example_short_circuit_decorator
[2023-08-26T17:26:32.848-0300] {logging_mixin.py:151} INFO - [2023-08-26T17:26:32.848-0300] {dag.py:3677} INFO - Setting next_dagrun for example_short_circuit_decorator to 2023-08-25T20:26:32.848540+00:00, run_after=2023-08-26T20:26:32.848540+00:00
[2023-08-26T17:26:32.854-0300] {processor.py:179} INFO - Processing /Users/luishmq/.pyenv/versions/3.8.13/envs/air_flow/lib/python3.8/site-packages/airflow/example_dags/example_short_circuit_decorator.py took 0.311 seconds
[2023-08-26T17:27:52.491-0300] {processor.py:157} INFO - Started process (PID=24287) to work on /Users/luishmq/.pyenv/versions/3.8.13/envs/air_flow/lib/python3.8/site-packages/airflow/example_dags/example_short_circuit_decorator.py
[2023-08-26T17:27:52.492-0300] {processor.py:829} INFO - Processing file /Users/luishmq/.pyenv/versions/3.8.13/envs/air_flow/lib/python3.8/site-packages/airflow/example_dags/example_short_circuit_decorator.py for tasks to queue
[2023-08-26T17:27:52.492-0300] {logging_mixin.py:151} INFO - [2023-08-26T17:27:52.492-0300] {dagbag.py:539} INFO - Filling up the DagBag from /Users/luishmq/.pyenv/versions/3.8.13/envs/air_flow/lib/python3.8/site-packages/airflow/example_dags/example_short_circuit_decorator.py
[2023-08-26T17:27:52.512-0300] {processor.py:839} INFO - DAG(s) dict_keys(['example_short_circuit_decorator']) retrieved from /Users/luishmq/.pyenv/versions/3.8.13/envs/air_flow/lib/python3.8/site-packages/airflow/example_dags/example_short_circuit_decorator.py
[2023-08-26T17:27:52.578-0300] {logging_mixin.py:151} INFO - [2023-08-26T17:27:52.578-0300] {dag.py:2907} INFO - Sync 1 DAGs
[2023-08-26T17:27:52.585-0300] {logging_mixin.py:151} INFO - [2023-08-26T17:27:52.585-0300] {dag.py:3677} INFO - Setting next_dagrun for example_short_circuit_decorator to 2023-08-25T20:27:52.585430+00:00, run_after=2023-08-26T20:27:52.585430+00:00
[2023-08-26T17:27:52.592-0300] {processor.py:179} INFO - Processing /Users/luishmq/.pyenv/versions/3.8.13/envs/air_flow/lib/python3.8/site-packages/airflow/example_dags/example_short_circuit_decorator.py took 0.101 seconds
[2023-08-26T17:29:22.956-0300] {processor.py:157} INFO - Started process (PID=24493) to work on /Users/luishmq/.pyenv/versions/3.8.13/envs/air_flow/lib/python3.8/site-packages/airflow/example_dags/example_short_circuit_decorator.py
[2023-08-26T17:29:22.957-0300] {processor.py:829} INFO - Processing file /Users/luishmq/.pyenv/versions/3.8.13/envs/air_flow/lib/python3.8/site-packages/airflow/example_dags/example_short_circuit_decorator.py for tasks to queue
[2023-08-26T17:29:22.957-0300] {logging_mixin.py:151} INFO - [2023-08-26T17:29:22.957-0300] {dagbag.py:539} INFO - Filling up the DagBag from /Users/luishmq/.pyenv/versions/3.8.13/envs/air_flow/lib/python3.8/site-packages/airflow/example_dags/example_short_circuit_decorator.py
[2023-08-26T17:29:22.977-0300] {processor.py:839} INFO - DAG(s) dict_keys(['example_short_circuit_decorator']) retrieved from /Users/luishmq/.pyenv/versions/3.8.13/envs/air_flow/lib/python3.8/site-packages/airflow/example_dags/example_short_circuit_decorator.py
[2023-08-26T17:29:23.045-0300] {logging_mixin.py:151} INFO - [2023-08-26T17:29:23.045-0300] {dag.py:2907} INFO - Sync 1 DAGs
[2023-08-26T17:29:23.052-0300] {logging_mixin.py:151} INFO - [2023-08-26T17:29:23.051-0300] {dag.py:3677} INFO - Setting next_dagrun for example_short_circuit_decorator to 2023-08-25T20:29:23.051906+00:00, run_after=2023-08-26T20:29:23.051906+00:00
[2023-08-26T17:29:23.058-0300] {processor.py:179} INFO - Processing /Users/luishmq/.pyenv/versions/3.8.13/envs/air_flow/lib/python3.8/site-packages/airflow/example_dags/example_short_circuit_decorator.py took 0.102 seconds
[2023-08-26T17:30:57.230-0300] {processor.py:157} INFO - Started process (PID=24739) to work on /Users/luishmq/.pyenv/versions/3.8.13/envs/air_flow/lib/python3.8/site-packages/airflow/example_dags/example_short_circuit_decorator.py
[2023-08-26T17:30:57.231-0300] {processor.py:829} INFO - Processing file /Users/luishmq/.pyenv/versions/3.8.13/envs/air_flow/lib/python3.8/site-packages/airflow/example_dags/example_short_circuit_decorator.py for tasks to queue
[2023-08-26T17:30:57.231-0300] {logging_mixin.py:151} INFO - [2023-08-26T17:30:57.231-0300] {dagbag.py:539} INFO - Filling up the DagBag from /Users/luishmq/.pyenv/versions/3.8.13/envs/air_flow/lib/python3.8/site-packages/airflow/example_dags/example_short_circuit_decorator.py
[2023-08-26T17:30:57.253-0300] {processor.py:839} INFO - DAG(s) dict_keys(['example_short_circuit_decorator']) retrieved from /Users/luishmq/.pyenv/versions/3.8.13/envs/air_flow/lib/python3.8/site-packages/airflow/example_dags/example_short_circuit_decorator.py
[2023-08-26T17:30:57.327-0300] {logging_mixin.py:151} INFO - [2023-08-26T17:30:57.326-0300] {dag.py:2907} INFO - Sync 1 DAGs
[2023-08-26T17:30:57.333-0300] {logging_mixin.py:151} INFO - [2023-08-26T17:30:57.333-0300] {dag.py:3677} INFO - Setting next_dagrun for example_short_circuit_decorator to 2023-08-25T20:30:57.333694+00:00, run_after=2023-08-26T20:30:57.333694+00:00
[2023-08-26T17:30:57.341-0300] {processor.py:179} INFO - Processing /Users/luishmq/.pyenv/versions/3.8.13/envs/air_flow/lib/python3.8/site-packages/airflow/example_dags/example_short_circuit_decorator.py took 0.111 seconds
[2023-08-26T17:33:40.063-0300] {processor.py:157} INFO - Started process (PID=25290) to work on /Users/luishmq/.pyenv/versions/3.8.13/envs/air_flow/lib/python3.8/site-packages/airflow/example_dags/example_short_circuit_decorator.py
[2023-08-26T17:33:40.063-0300] {processor.py:829} INFO - Processing file /Users/luishmq/.pyenv/versions/3.8.13/envs/air_flow/lib/python3.8/site-packages/airflow/example_dags/example_short_circuit_decorator.py for tasks to queue
[2023-08-26T17:33:40.064-0300] {logging_mixin.py:151} INFO - [2023-08-26T17:33:40.064-0300] {dagbag.py:539} INFO - Filling up the DagBag from /Users/luishmq/.pyenv/versions/3.8.13/envs/air_flow/lib/python3.8/site-packages/airflow/example_dags/example_short_circuit_decorator.py
[2023-08-26T17:33:40.086-0300] {processor.py:839} INFO - DAG(s) dict_keys(['example_short_circuit_decorator']) retrieved from /Users/luishmq/.pyenv/versions/3.8.13/envs/air_flow/lib/python3.8/site-packages/airflow/example_dags/example_short_circuit_decorator.py
[2023-08-26T17:33:40.157-0300] {logging_mixin.py:151} INFO - [2023-08-26T17:33:40.157-0300] {dag.py:2907} INFO - Sync 1 DAGs
[2023-08-26T17:33:40.165-0300] {logging_mixin.py:151} INFO - [2023-08-26T17:33:40.165-0300] {dag.py:3677} INFO - Setting next_dagrun for example_short_circuit_decorator to 2023-08-25T20:33:40.164996+00:00, run_after=2023-08-26T20:33:40.164996+00:00
[2023-08-26T17:33:40.172-0300] {processor.py:179} INFO - Processing /Users/luishmq/.pyenv/versions/3.8.13/envs/air_flow/lib/python3.8/site-packages/airflow/example_dags/example_short_circuit_decorator.py took 0.109 seconds
[2023-08-26T17:44:01.740-0300] {processor.py:157} INFO - Started process (PID=26313) to work on /Users/luishmq/.pyenv/versions/3.8.13/envs/air_flow/lib/python3.8/site-packages/airflow/example_dags/example_short_circuit_decorator.py
[2023-08-26T17:44:01.741-0300] {processor.py:829} INFO - Processing file /Users/luishmq/.pyenv/versions/3.8.13/envs/air_flow/lib/python3.8/site-packages/airflow/example_dags/example_short_circuit_decorator.py for tasks to queue
[2023-08-26T17:44:01.741-0300] {logging_mixin.py:151} INFO - [2023-08-26T17:44:01.741-0300] {dagbag.py:539} INFO - Filling up the DagBag from /Users/luishmq/.pyenv/versions/3.8.13/envs/air_flow/lib/python3.8/site-packages/airflow/example_dags/example_short_circuit_decorator.py
[2023-08-26T17:44:01.761-0300] {processor.py:839} INFO - DAG(s) dict_keys(['example_short_circuit_decorator']) retrieved from /Users/luishmq/.pyenv/versions/3.8.13/envs/air_flow/lib/python3.8/site-packages/airflow/example_dags/example_short_circuit_decorator.py
[2023-08-26T17:44:01.827-0300] {logging_mixin.py:151} INFO - [2023-08-26T17:44:01.827-0300] {dag.py:2907} INFO - Sync 1 DAGs
[2023-08-26T17:44:01.834-0300] {logging_mixin.py:151} INFO - [2023-08-26T17:44:01.834-0300] {dag.py:3677} INFO - Setting next_dagrun for example_short_circuit_decorator to 2023-08-25T20:44:01.834312+00:00, run_after=2023-08-26T20:44:01.834312+00:00
[2023-08-26T17:44:01.841-0300] {processor.py:179} INFO - Processing /Users/luishmq/.pyenv/versions/3.8.13/envs/air_flow/lib/python3.8/site-packages/airflow/example_dags/example_short_circuit_decorator.py took 0.101 seconds
[2023-08-26T17:54:04.434-0300] {processor.py:157} INFO - Started process (PID=27838) to work on /Users/luishmq/.pyenv/versions/3.8.13/envs/air_flow/lib/python3.8/site-packages/airflow/example_dags/example_short_circuit_decorator.py
[2023-08-26T17:54:04.435-0300] {processor.py:829} INFO - Processing file /Users/luishmq/.pyenv/versions/3.8.13/envs/air_flow/lib/python3.8/site-packages/airflow/example_dags/example_short_circuit_decorator.py for tasks to queue
[2023-08-26T17:54:04.435-0300] {logging_mixin.py:151} INFO - [2023-08-26T17:54:04.435-0300] {dagbag.py:539} INFO - Filling up the DagBag from /Users/luishmq/.pyenv/versions/3.8.13/envs/air_flow/lib/python3.8/site-packages/airflow/example_dags/example_short_circuit_decorator.py
[2023-08-26T17:54:04.454-0300] {processor.py:839} INFO - DAG(s) dict_keys(['example_short_circuit_decorator']) retrieved from /Users/luishmq/.pyenv/versions/3.8.13/envs/air_flow/lib/python3.8/site-packages/airflow/example_dags/example_short_circuit_decorator.py
[2023-08-26T17:54:04.523-0300] {logging_mixin.py:151} INFO - [2023-08-26T17:54:04.523-0300] {dag.py:2907} INFO - Sync 1 DAGs
[2023-08-26T17:54:04.530-0300] {logging_mixin.py:151} INFO - [2023-08-26T17:54:04.530-0300] {dag.py:3677} INFO - Setting next_dagrun for example_short_circuit_decorator to 2023-08-25T20:54:04.529992+00:00, run_after=2023-08-26T20:54:04.529992+00:00
[2023-08-26T17:54:04.537-0300] {processor.py:179} INFO - Processing /Users/luishmq/.pyenv/versions/3.8.13/envs/air_flow/lib/python3.8/site-packages/airflow/example_dags/example_short_circuit_decorator.py took 0.103 seconds
