[2023-08-26T17:26:40.459-0300] {processor.py:157} INFO - Started process (PID=24123) to work on /Users/luishmq/.pyenv/versions/3.8.13/envs/air_flow/lib/python3.8/site-packages/airflow/example_dags/example_sensor_decorator.py
[2023-08-26T17:26:40.460-0300] {processor.py:829} INFO - Processing file /Users/luishmq/.pyenv/versions/3.8.13/envs/air_flow/lib/python3.8/site-packages/airflow/example_dags/example_sensor_decorator.py for tasks to queue
[2023-08-26T17:26:40.460-0300] {logging_mixin.py:151} INFO - [2023-08-26T17:26:40.460-0300] {dagbag.py:539} INFO - Filling up the DagBag from /Users/luishmq/.pyenv/versions/3.8.13/envs/air_flow/lib/python3.8/site-packages/airflow/example_dags/example_sensor_decorator.py
[2023-08-26T17:26:40.479-0300] {processor.py:839} INFO - DAG(s) dict_keys(['example_sensor_decorator']) retrieved from /Users/luishmq/.pyenv/versions/3.8.13/envs/air_flow/lib/python3.8/site-packages/airflow/example_dags/example_sensor_decorator.py
[2023-08-26T17:26:40.750-0300] {logging_mixin.py:151} INFO - [2023-08-26T17:26:40.750-0300] {manager.py:501} INFO - Created Permission View: can edit on DAG:example_sensor_decorator
[2023-08-26T17:26:40.753-0300] {logging_mixin.py:151} INFO - [2023-08-26T17:26:40.753-0300] {manager.py:501} INFO - Created Permission View: can read on DAG:example_sensor_decorator
[2023-08-26T17:26:40.755-0300] {logging_mixin.py:151} INFO - [2023-08-26T17:26:40.755-0300] {manager.py:501} INFO - Created Permission View: can delete on DAG:example_sensor_decorator
[2023-08-26T17:26:40.758-0300] {logging_mixin.py:151} INFO - [2023-08-26T17:26:40.758-0300] {dag.py:2907} INFO - Sync 1 DAGs
[2023-08-26T17:26:40.762-0300] {logging_mixin.py:151} INFO - [2023-08-26T17:26:40.762-0300] {dag.py:2929} INFO - Creating ORM DAG for example_sensor_decorator
[2023-08-26T17:26:40.763-0300] {logging_mixin.py:151} INFO - [2023-08-26T17:26:40.762-0300] {dag.py:3677} INFO - Setting next_dagrun for example_sensor_decorator to None, run_after=None
[2023-08-26T17:26:40.769-0300] {processor.py:179} INFO - Processing /Users/luishmq/.pyenv/versions/3.8.13/envs/air_flow/lib/python3.8/site-packages/airflow/example_dags/example_sensor_decorator.py took 0.309 seconds
[2023-08-26T17:27:58.532-0300] {processor.py:157} INFO - Started process (PID=24302) to work on /Users/luishmq/.pyenv/versions/3.8.13/envs/air_flow/lib/python3.8/site-packages/airflow/example_dags/example_sensor_decorator.py
[2023-08-26T17:27:58.533-0300] {processor.py:829} INFO - Processing file /Users/luishmq/.pyenv/versions/3.8.13/envs/air_flow/lib/python3.8/site-packages/airflow/example_dags/example_sensor_decorator.py for tasks to queue
[2023-08-26T17:27:58.533-0300] {logging_mixin.py:151} INFO - [2023-08-26T17:27:58.533-0300] {dagbag.py:539} INFO - Filling up the DagBag from /Users/luishmq/.pyenv/versions/3.8.13/envs/air_flow/lib/python3.8/site-packages/airflow/example_dags/example_sensor_decorator.py
[2023-08-26T17:27:58.554-0300] {processor.py:839} INFO - DAG(s) dict_keys(['example_sensor_decorator']) retrieved from /Users/luishmq/.pyenv/versions/3.8.13/envs/air_flow/lib/python3.8/site-packages/airflow/example_dags/example_sensor_decorator.py
[2023-08-26T17:27:58.626-0300] {logging_mixin.py:151} INFO - [2023-08-26T17:27:58.626-0300] {dag.py:2907} INFO - Sync 1 DAGs
[2023-08-26T17:27:58.629-0300] {logging_mixin.py:151} INFO - [2023-08-26T17:27:58.629-0300] {dag.py:3677} INFO - Setting next_dagrun for example_sensor_decorator to None, run_after=None
[2023-08-26T17:27:58.637-0300] {processor.py:179} INFO - Processing /Users/luishmq/.pyenv/versions/3.8.13/envs/air_flow/lib/python3.8/site-packages/airflow/example_dags/example_sensor_decorator.py took 0.105 seconds
[2023-08-26T17:29:29.819-0300] {processor.py:157} INFO - Started process (PID=24507) to work on /Users/luishmq/.pyenv/versions/3.8.13/envs/air_flow/lib/python3.8/site-packages/airflow/example_dags/example_sensor_decorator.py
[2023-08-26T17:29:29.820-0300] {processor.py:829} INFO - Processing file /Users/luishmq/.pyenv/versions/3.8.13/envs/air_flow/lib/python3.8/site-packages/airflow/example_dags/example_sensor_decorator.py for tasks to queue
[2023-08-26T17:29:29.820-0300] {logging_mixin.py:151} INFO - [2023-08-26T17:29:29.820-0300] {dagbag.py:539} INFO - Filling up the DagBag from /Users/luishmq/.pyenv/versions/3.8.13/envs/air_flow/lib/python3.8/site-packages/airflow/example_dags/example_sensor_decorator.py
[2023-08-26T17:29:29.839-0300] {processor.py:839} INFO - DAG(s) dict_keys(['example_sensor_decorator']) retrieved from /Users/luishmq/.pyenv/versions/3.8.13/envs/air_flow/lib/python3.8/site-packages/airflow/example_dags/example_sensor_decorator.py
[2023-08-26T17:29:29.908-0300] {logging_mixin.py:151} INFO - [2023-08-26T17:29:29.908-0300] {dag.py:2907} INFO - Sync 1 DAGs
[2023-08-26T17:29:29.912-0300] {logging_mixin.py:151} INFO - [2023-08-26T17:29:29.912-0300] {dag.py:3677} INFO - Setting next_dagrun for example_sensor_decorator to None, run_after=None
[2023-08-26T17:29:29.918-0300] {processor.py:179} INFO - Processing /Users/luishmq/.pyenv/versions/3.8.13/envs/air_flow/lib/python3.8/site-packages/airflow/example_dags/example_sensor_decorator.py took 0.100 seconds
[2023-08-26T17:31:02.950-0300] {processor.py:157} INFO - Started process (PID=24855) to work on /Users/luishmq/.pyenv/versions/3.8.13/envs/air_flow/lib/python3.8/site-packages/airflow/example_dags/example_sensor_decorator.py
[2023-08-26T17:31:02.950-0300] {processor.py:829} INFO - Processing file /Users/luishmq/.pyenv/versions/3.8.13/envs/air_flow/lib/python3.8/site-packages/airflow/example_dags/example_sensor_decorator.py for tasks to queue
[2023-08-26T17:31:02.950-0300] {logging_mixin.py:151} INFO - [2023-08-26T17:31:02.950-0300] {dagbag.py:539} INFO - Filling up the DagBag from /Users/luishmq/.pyenv/versions/3.8.13/envs/air_flow/lib/python3.8/site-packages/airflow/example_dags/example_sensor_decorator.py
[2023-08-26T17:31:02.969-0300] {processor.py:839} INFO - DAG(s) dict_keys(['example_sensor_decorator']) retrieved from /Users/luishmq/.pyenv/versions/3.8.13/envs/air_flow/lib/python3.8/site-packages/airflow/example_dags/example_sensor_decorator.py
[2023-08-26T17:31:03.040-0300] {logging_mixin.py:151} INFO - [2023-08-26T17:31:03.040-0300] {dag.py:2907} INFO - Sync 1 DAGs
[2023-08-26T17:31:03.043-0300] {logging_mixin.py:151} INFO - [2023-08-26T17:31:03.043-0300] {dag.py:3677} INFO - Setting next_dagrun for example_sensor_decorator to None, run_after=None
[2023-08-26T17:31:03.050-0300] {processor.py:179} INFO - Processing /Users/luishmq/.pyenv/versions/3.8.13/envs/air_flow/lib/python3.8/site-packages/airflow/example_dags/example_sensor_decorator.py took 0.101 seconds
[2023-08-26T17:34:54.958-0300] {processor.py:157} INFO - Started process (PID=25406) to work on /Users/luishmq/.pyenv/versions/3.8.13/envs/air_flow/lib/python3.8/site-packages/airflow/example_dags/example_sensor_decorator.py
[2023-08-26T17:34:54.958-0300] {processor.py:829} INFO - Processing file /Users/luishmq/.pyenv/versions/3.8.13/envs/air_flow/lib/python3.8/site-packages/airflow/example_dags/example_sensor_decorator.py for tasks to queue
[2023-08-26T17:34:54.958-0300] {logging_mixin.py:151} INFO - [2023-08-26T17:34:54.958-0300] {dagbag.py:539} INFO - Filling up the DagBag from /Users/luishmq/.pyenv/versions/3.8.13/envs/air_flow/lib/python3.8/site-packages/airflow/example_dags/example_sensor_decorator.py
[2023-08-26T17:34:54.978-0300] {processor.py:839} INFO - DAG(s) dict_keys(['example_sensor_decorator']) retrieved from /Users/luishmq/.pyenv/versions/3.8.13/envs/air_flow/lib/python3.8/site-packages/airflow/example_dags/example_sensor_decorator.py
[2023-08-26T17:34:55.052-0300] {logging_mixin.py:151} INFO - [2023-08-26T17:34:55.052-0300] {dag.py:2907} INFO - Sync 1 DAGs
[2023-08-26T17:34:55.056-0300] {logging_mixin.py:151} INFO - [2023-08-26T17:34:55.056-0300] {dag.py:3677} INFO - Setting next_dagrun for example_sensor_decorator to None, run_after=None
[2023-08-26T17:34:55.063-0300] {processor.py:179} INFO - Processing /Users/luishmq/.pyenv/versions/3.8.13/envs/air_flow/lib/python3.8/site-packages/airflow/example_dags/example_sensor_decorator.py took 0.105 seconds
[2023-08-26T17:44:33.231-0300] {processor.py:157} INFO - Started process (PID=26364) to work on /Users/luishmq/.pyenv/versions/3.8.13/envs/air_flow/lib/python3.8/site-packages/airflow/example_dags/example_sensor_decorator.py
[2023-08-26T17:44:33.232-0300] {processor.py:829} INFO - Processing file /Users/luishmq/.pyenv/versions/3.8.13/envs/air_flow/lib/python3.8/site-packages/airflow/example_dags/example_sensor_decorator.py for tasks to queue
[2023-08-26T17:44:33.232-0300] {logging_mixin.py:151} INFO - [2023-08-26T17:44:33.232-0300] {dagbag.py:539} INFO - Filling up the DagBag from /Users/luishmq/.pyenv/versions/3.8.13/envs/air_flow/lib/python3.8/site-packages/airflow/example_dags/example_sensor_decorator.py
[2023-08-26T17:44:33.252-0300] {processor.py:839} INFO - DAG(s) dict_keys(['example_sensor_decorator']) retrieved from /Users/luishmq/.pyenv/versions/3.8.13/envs/air_flow/lib/python3.8/site-packages/airflow/example_dags/example_sensor_decorator.py
[2023-08-26T17:44:33.321-0300] {logging_mixin.py:151} INFO - [2023-08-26T17:44:33.321-0300] {dag.py:2907} INFO - Sync 1 DAGs
[2023-08-26T17:44:33.325-0300] {logging_mixin.py:151} INFO - [2023-08-26T17:44:33.325-0300] {dag.py:3677} INFO - Setting next_dagrun for example_sensor_decorator to None, run_after=None
[2023-08-26T17:44:33.332-0300] {processor.py:179} INFO - Processing /Users/luishmq/.pyenv/versions/3.8.13/envs/air_flow/lib/python3.8/site-packages/airflow/example_dags/example_sensor_decorator.py took 0.102 seconds
[2023-08-26T17:54:34.878-0300] {processor.py:157} INFO - Started process (PID=27889) to work on /Users/luishmq/.pyenv/versions/3.8.13/envs/air_flow/lib/python3.8/site-packages/airflow/example_dags/example_sensor_decorator.py
[2023-08-26T17:54:34.879-0300] {processor.py:829} INFO - Processing file /Users/luishmq/.pyenv/versions/3.8.13/envs/air_flow/lib/python3.8/site-packages/airflow/example_dags/example_sensor_decorator.py for tasks to queue
[2023-08-26T17:54:34.879-0300] {logging_mixin.py:151} INFO - [2023-08-26T17:54:34.879-0300] {dagbag.py:539} INFO - Filling up the DagBag from /Users/luishmq/.pyenv/versions/3.8.13/envs/air_flow/lib/python3.8/site-packages/airflow/example_dags/example_sensor_decorator.py
[2023-08-26T17:54:34.898-0300] {processor.py:839} INFO - DAG(s) dict_keys(['example_sensor_decorator']) retrieved from /Users/luishmq/.pyenv/versions/3.8.13/envs/air_flow/lib/python3.8/site-packages/airflow/example_dags/example_sensor_decorator.py
[2023-08-26T17:54:34.968-0300] {logging_mixin.py:151} INFO - [2023-08-26T17:54:34.968-0300] {dag.py:2907} INFO - Sync 1 DAGs
[2023-08-26T17:54:34.972-0300] {logging_mixin.py:151} INFO - [2023-08-26T17:54:34.971-0300] {dag.py:3677} INFO - Setting next_dagrun for example_sensor_decorator to None, run_after=None
[2023-08-26T17:54:34.978-0300] {processor.py:179} INFO - Processing /Users/luishmq/.pyenv/versions/3.8.13/envs/air_flow/lib/python3.8/site-packages/airflow/example_dags/example_sensor_decorator.py took 0.100 seconds
