[2023-08-26T17:26:59.172-0300] {processor.py:157} INFO - Started process (PID=24165) to work on /Users/luishmq/.pyenv/versions/3.8.13/envs/air_flow/lib/python3.8/site-packages/airflow/example_dags/example_external_task_marker_dag.py
[2023-08-26T17:26:59.173-0300] {processor.py:829} INFO - Processing file /Users/luishmq/.pyenv/versions/3.8.13/envs/air_flow/lib/python3.8/site-packages/airflow/example_dags/example_external_task_marker_dag.py for tasks to queue
[2023-08-26T17:26:59.173-0300] {logging_mixin.py:151} INFO - [2023-08-26T17:26:59.173-0300] {dagbag.py:539} INFO - Filling up the DagBag from /Users/luishmq/.pyenv/versions/3.8.13/envs/air_flow/lib/python3.8/site-packages/airflow/example_dags/example_external_task_marker_dag.py
[2023-08-26T17:26:59.183-0300] {processor.py:839} INFO - DAG(s) dict_keys(['example_external_task_marker_child', 'example_external_task_marker_parent']) retrieved from /Users/luishmq/.pyenv/versions/3.8.13/envs/air_flow/lib/python3.8/site-packages/airflow/example_dags/example_external_task_marker_dag.py
[2023-08-26T17:26:59.467-0300] {logging_mixin.py:151} INFO - [2023-08-26T17:26:59.467-0300] {manager.py:501} INFO - Created Permission View: can delete on DAG:example_external_task_marker_child
[2023-08-26T17:26:59.470-0300] {logging_mixin.py:151} INFO - [2023-08-26T17:26:59.470-0300] {manager.py:501} INFO - Created Permission View: can read on DAG:example_external_task_marker_child
[2023-08-26T17:26:59.472-0300] {logging_mixin.py:151} INFO - [2023-08-26T17:26:59.472-0300] {manager.py:501} INFO - Created Permission View: can edit on DAG:example_external_task_marker_child
[2023-08-26T17:26:59.480-0300] {logging_mixin.py:151} INFO - [2023-08-26T17:26:59.480-0300] {manager.py:501} INFO - Created Permission View: can delete on DAG:example_external_task_marker_parent
[2023-08-26T17:26:59.482-0300] {logging_mixin.py:151} INFO - [2023-08-26T17:26:59.482-0300] {manager.py:501} INFO - Created Permission View: can read on DAG:example_external_task_marker_parent
[2023-08-26T17:26:59.483-0300] {logging_mixin.py:151} INFO - [2023-08-26T17:26:59.483-0300] {manager.py:501} INFO - Created Permission View: can edit on DAG:example_external_task_marker_parent
[2023-08-26T17:26:59.485-0300] {logging_mixin.py:151} INFO - [2023-08-26T17:26:59.485-0300] {dag.py:2907} INFO - Sync 2 DAGs
[2023-08-26T17:26:59.488-0300] {logging_mixin.py:151} INFO - [2023-08-26T17:26:59.488-0300] {dag.py:2929} INFO - Creating ORM DAG for example_external_task_marker_child
[2023-08-26T17:26:59.489-0300] {logging_mixin.py:151} INFO - [2023-08-26T17:26:59.489-0300] {dag.py:2929} INFO - Creating ORM DAG for example_external_task_marker_parent
[2023-08-26T17:26:59.489-0300] {logging_mixin.py:151} INFO - [2023-08-26T17:26:59.489-0300] {dag.py:3677} INFO - Setting next_dagrun for example_external_task_marker_child to None, run_after=None
[2023-08-26T17:26:59.489-0300] {logging_mixin.py:151} INFO - [2023-08-26T17:26:59.489-0300] {dag.py:3677} INFO - Setting next_dagrun for example_external_task_marker_parent to None, run_after=None
[2023-08-26T17:26:59.495-0300] {processor.py:179} INFO - Processing /Users/luishmq/.pyenv/versions/3.8.13/envs/air_flow/lib/python3.8/site-packages/airflow/example_dags/example_external_task_marker_dag.py took 0.323 seconds
[2023-08-26T17:28:31.703-0300] {processor.py:157} INFO - Started process (PID=24377) to work on /Users/luishmq/.pyenv/versions/3.8.13/envs/air_flow/lib/python3.8/site-packages/airflow/example_dags/example_external_task_marker_dag.py
[2023-08-26T17:28:31.704-0300] {processor.py:829} INFO - Processing file /Users/luishmq/.pyenv/versions/3.8.13/envs/air_flow/lib/python3.8/site-packages/airflow/example_dags/example_external_task_marker_dag.py for tasks to queue
[2023-08-26T17:28:31.704-0300] {logging_mixin.py:151} INFO - [2023-08-26T17:28:31.704-0300] {dagbag.py:539} INFO - Filling up the DagBag from /Users/luishmq/.pyenv/versions/3.8.13/envs/air_flow/lib/python3.8/site-packages/airflow/example_dags/example_external_task_marker_dag.py
[2023-08-26T17:28:31.713-0300] {processor.py:839} INFO - DAG(s) dict_keys(['example_external_task_marker_child', 'example_external_task_marker_parent']) retrieved from /Users/luishmq/.pyenv/versions/3.8.13/envs/air_flow/lib/python3.8/site-packages/airflow/example_dags/example_external_task_marker_dag.py
[2023-08-26T17:28:31.784-0300] {logging_mixin.py:151} INFO - [2023-08-26T17:28:31.784-0300] {dag.py:2907} INFO - Sync 2 DAGs
[2023-08-26T17:28:31.788-0300] {logging_mixin.py:151} INFO - [2023-08-26T17:28:31.788-0300] {dag.py:3677} INFO - Setting next_dagrun for example_external_task_marker_child to None, run_after=None
[2023-08-26T17:28:31.789-0300] {logging_mixin.py:151} INFO - [2023-08-26T17:28:31.789-0300] {dag.py:3677} INFO - Setting next_dagrun for example_external_task_marker_parent to None, run_after=None
[2023-08-26T17:28:31.795-0300] {processor.py:179} INFO - Processing /Users/luishmq/.pyenv/versions/3.8.13/envs/air_flow/lib/python3.8/site-packages/airflow/example_dags/example_external_task_marker_dag.py took 0.093 seconds
[2023-08-26T17:30:02.594-0300] {processor.py:157} INFO - Started process (PID=24582) to work on /Users/luishmq/.pyenv/versions/3.8.13/envs/air_flow/lib/python3.8/site-packages/airflow/example_dags/example_external_task_marker_dag.py
[2023-08-26T17:30:02.595-0300] {processor.py:829} INFO - Processing file /Users/luishmq/.pyenv/versions/3.8.13/envs/air_flow/lib/python3.8/site-packages/airflow/example_dags/example_external_task_marker_dag.py for tasks to queue
[2023-08-26T17:30:02.595-0300] {logging_mixin.py:151} INFO - [2023-08-26T17:30:02.595-0300] {dagbag.py:539} INFO - Filling up the DagBag from /Users/luishmq/.pyenv/versions/3.8.13/envs/air_flow/lib/python3.8/site-packages/airflow/example_dags/example_external_task_marker_dag.py
[2023-08-26T17:30:02.605-0300] {processor.py:839} INFO - DAG(s) dict_keys(['example_external_task_marker_child', 'example_external_task_marker_parent']) retrieved from /Users/luishmq/.pyenv/versions/3.8.13/envs/air_flow/lib/python3.8/site-packages/airflow/example_dags/example_external_task_marker_dag.py
[2023-08-26T17:30:02.682-0300] {logging_mixin.py:151} INFO - [2023-08-26T17:30:02.682-0300] {dag.py:2907} INFO - Sync 2 DAGs
[2023-08-26T17:30:02.686-0300] {logging_mixin.py:151} INFO - [2023-08-26T17:30:02.686-0300] {dag.py:3677} INFO - Setting next_dagrun for example_external_task_marker_child to None, run_after=None
[2023-08-26T17:30:02.688-0300] {logging_mixin.py:151} INFO - [2023-08-26T17:30:02.687-0300] {dag.py:3677} INFO - Setting next_dagrun for example_external_task_marker_parent to None, run_after=None
[2023-08-26T17:30:02.695-0300] {processor.py:179} INFO - Processing /Users/luishmq/.pyenv/versions/3.8.13/envs/air_flow/lib/python3.8/site-packages/airflow/example_dags/example_external_task_marker_dag.py took 0.101 seconds
[2023-08-26T17:31:56.111-0300] {processor.py:157} INFO - Started process (PID=25095) to work on /Users/luishmq/.pyenv/versions/3.8.13/envs/air_flow/lib/python3.8/site-packages/airflow/example_dags/example_external_task_marker_dag.py
[2023-08-26T17:31:56.113-0300] {processor.py:829} INFO - Processing file /Users/luishmq/.pyenv/versions/3.8.13/envs/air_flow/lib/python3.8/site-packages/airflow/example_dags/example_external_task_marker_dag.py for tasks to queue
[2023-08-26T17:31:56.113-0300] {logging_mixin.py:151} INFO - [2023-08-26T17:31:56.113-0300] {dagbag.py:539} INFO - Filling up the DagBag from /Users/luishmq/.pyenv/versions/3.8.13/envs/air_flow/lib/python3.8/site-packages/airflow/example_dags/example_external_task_marker_dag.py
[2023-08-26T17:31:56.122-0300] {processor.py:839} INFO - DAG(s) dict_keys(['example_external_task_marker_child', 'example_external_task_marker_parent']) retrieved from /Users/luishmq/.pyenv/versions/3.8.13/envs/air_flow/lib/python3.8/site-packages/airflow/example_dags/example_external_task_marker_dag.py
[2023-08-26T17:31:56.193-0300] {logging_mixin.py:151} INFO - [2023-08-26T17:31:56.193-0300] {dag.py:2907} INFO - Sync 2 DAGs
[2023-08-26T17:31:56.197-0300] {logging_mixin.py:151} INFO - [2023-08-26T17:31:56.197-0300] {dag.py:3677} INFO - Setting next_dagrun for example_external_task_marker_child to None, run_after=None
[2023-08-26T17:31:56.198-0300] {logging_mixin.py:151} INFO - [2023-08-26T17:31:56.198-0300] {dag.py:3677} INFO - Setting next_dagrun for example_external_task_marker_parent to None, run_after=None
[2023-08-26T17:31:56.204-0300] {processor.py:179} INFO - Processing /Users/luishmq/.pyenv/versions/3.8.13/envs/air_flow/lib/python3.8/site-packages/airflow/example_dags/example_external_task_marker_dag.py took 0.093 seconds
[2023-08-26T17:45:50.702-0300] {processor.py:157} INFO - Started process (PID=26492) to work on /Users/luishmq/.pyenv/versions/3.8.13/envs/air_flow/lib/python3.8/site-packages/airflow/example_dags/example_external_task_marker_dag.py
[2023-08-26T17:45:50.703-0300] {processor.py:829} INFO - Processing file /Users/luishmq/.pyenv/versions/3.8.13/envs/air_flow/lib/python3.8/site-packages/airflow/example_dags/example_external_task_marker_dag.py for tasks to queue
[2023-08-26T17:45:50.703-0300] {logging_mixin.py:151} INFO - [2023-08-26T17:45:50.703-0300] {dagbag.py:539} INFO - Filling up the DagBag from /Users/luishmq/.pyenv/versions/3.8.13/envs/air_flow/lib/python3.8/site-packages/airflow/example_dags/example_external_task_marker_dag.py
[2023-08-26T17:45:50.712-0300] {processor.py:839} INFO - DAG(s) dict_keys(['example_external_task_marker_parent', 'example_external_task_marker_child']) retrieved from /Users/luishmq/.pyenv/versions/3.8.13/envs/air_flow/lib/python3.8/site-packages/airflow/example_dags/example_external_task_marker_dag.py
[2023-08-26T17:45:50.788-0300] {logging_mixin.py:151} INFO - [2023-08-26T17:45:50.788-0300] {dag.py:2907} INFO - Sync 2 DAGs
[2023-08-26T17:45:50.792-0300] {logging_mixin.py:151} INFO - [2023-08-26T17:45:50.792-0300] {dag.py:3677} INFO - Setting next_dagrun for example_external_task_marker_child to None, run_after=None
[2023-08-26T17:45:50.794-0300] {logging_mixin.py:151} INFO - [2023-08-26T17:45:50.793-0300] {dag.py:3677} INFO - Setting next_dagrun for example_external_task_marker_parent to None, run_after=None
[2023-08-26T17:45:50.800-0300] {processor.py:179} INFO - Processing /Users/luishmq/.pyenv/versions/3.8.13/envs/air_flow/lib/python3.8/site-packages/airflow/example_dags/example_external_task_marker_dag.py took 0.098 seconds
