[2023-08-26T17:26:20.625-0300] {processor.py:157} INFO - Started process (PID=24082) to work on /Users/luishmq/.pyenv/versions/3.8.13/envs/air_flow/lib/python3.8/site-packages/airflow/example_dags/example_time_delta_sensor_async.py
[2023-08-26T17:26:20.626-0300] {processor.py:829} INFO - Processing file /Users/luishmq/.pyenv/versions/3.8.13/envs/air_flow/lib/python3.8/site-packages/airflow/example_dags/example_time_delta_sensor_async.py for tasks to queue
[2023-08-26T17:26:20.626-0300] {logging_mixin.py:151} INFO - [2023-08-26T17:26:20.626-0300] {dagbag.py:539} INFO - Filling up the DagBag from /Users/luishmq/.pyenv/versions/3.8.13/envs/air_flow/lib/python3.8/site-packages/airflow/example_dags/example_time_delta_sensor_async.py
[2023-08-26T17:26:20.634-0300] {processor.py:839} INFO - DAG(s) dict_keys(['example_time_delta_sensor_async']) retrieved from /Users/luishmq/.pyenv/versions/3.8.13/envs/air_flow/lib/python3.8/site-packages/airflow/example_dags/example_time_delta_sensor_async.py
[2023-08-26T17:26:20.921-0300] {logging_mixin.py:151} INFO - [2023-08-26T17:26:20.921-0300] {manager.py:501} INFO - Created Permission View: can delete on DAG:example_time_delta_sensor_async
[2023-08-26T17:26:20.925-0300] {logging_mixin.py:151} INFO - [2023-08-26T17:26:20.925-0300] {manager.py:501} INFO - Created Permission View: can edit on DAG:example_time_delta_sensor_async
[2023-08-26T17:26:20.928-0300] {logging_mixin.py:151} INFO - [2023-08-26T17:26:20.927-0300] {manager.py:501} INFO - Created Permission View: can read on DAG:example_time_delta_sensor_async
[2023-08-26T17:26:20.933-0300] {logging_mixin.py:151} INFO - [2023-08-26T17:26:20.933-0300] {dag.py:2907} INFO - Sync 1 DAGs
[2023-08-26T17:26:20.941-0300] {logging_mixin.py:151} INFO - [2023-08-26T17:26:20.941-0300] {dag.py:2929} INFO - Creating ORM DAG for example_time_delta_sensor_async
[2023-08-26T17:26:20.942-0300] {logging_mixin.py:151} INFO - [2023-08-26T17:26:20.941-0300] {dag.py:3677} INFO - Setting next_dagrun for example_time_delta_sensor_async to None, run_after=None
[2023-08-26T17:26:20.949-0300] {processor.py:179} INFO - Processing /Users/luishmq/.pyenv/versions/3.8.13/envs/air_flow/lib/python3.8/site-packages/airflow/example_dags/example_time_delta_sensor_async.py took 0.324 seconds
[2023-08-26T17:27:41.650-0300] {processor.py:157} INFO - Started process (PID=24263) to work on /Users/luishmq/.pyenv/versions/3.8.13/envs/air_flow/lib/python3.8/site-packages/airflow/example_dags/example_time_delta_sensor_async.py
[2023-08-26T17:27:41.652-0300] {processor.py:829} INFO - Processing file /Users/luishmq/.pyenv/versions/3.8.13/envs/air_flow/lib/python3.8/site-packages/airflow/example_dags/example_time_delta_sensor_async.py for tasks to queue
[2023-08-26T17:27:41.652-0300] {logging_mixin.py:151} INFO - [2023-08-26T17:27:41.652-0300] {dagbag.py:539} INFO - Filling up the DagBag from /Users/luishmq/.pyenv/versions/3.8.13/envs/air_flow/lib/python3.8/site-packages/airflow/example_dags/example_time_delta_sensor_async.py
[2023-08-26T17:27:41.660-0300] {processor.py:839} INFO - DAG(s) dict_keys(['example_time_delta_sensor_async']) retrieved from /Users/luishmq/.pyenv/versions/3.8.13/envs/air_flow/lib/python3.8/site-packages/airflow/example_dags/example_time_delta_sensor_async.py
[2023-08-26T17:27:41.732-0300] {logging_mixin.py:151} INFO - [2023-08-26T17:27:41.731-0300] {dag.py:2907} INFO - Sync 1 DAGs
[2023-08-26T17:27:41.735-0300] {logging_mixin.py:151} INFO - [2023-08-26T17:27:41.735-0300] {dag.py:3677} INFO - Setting next_dagrun for example_time_delta_sensor_async to None, run_after=None
[2023-08-26T17:27:41.743-0300] {processor.py:179} INFO - Processing /Users/luishmq/.pyenv/versions/3.8.13/envs/air_flow/lib/python3.8/site-packages/airflow/example_dags/example_time_delta_sensor_async.py took 0.092 seconds
[2023-08-26T17:29:12.293-0300] {processor.py:157} INFO - Started process (PID=24467) to work on /Users/luishmq/.pyenv/versions/3.8.13/envs/air_flow/lib/python3.8/site-packages/airflow/example_dags/example_time_delta_sensor_async.py
[2023-08-26T17:29:12.294-0300] {processor.py:829} INFO - Processing file /Users/luishmq/.pyenv/versions/3.8.13/envs/air_flow/lib/python3.8/site-packages/airflow/example_dags/example_time_delta_sensor_async.py for tasks to queue
[2023-08-26T17:29:12.294-0300] {logging_mixin.py:151} INFO - [2023-08-26T17:29:12.294-0300] {dagbag.py:539} INFO - Filling up the DagBag from /Users/luishmq/.pyenv/versions/3.8.13/envs/air_flow/lib/python3.8/site-packages/airflow/example_dags/example_time_delta_sensor_async.py
[2023-08-26T17:29:12.303-0300] {processor.py:839} INFO - DAG(s) dict_keys(['example_time_delta_sensor_async']) retrieved from /Users/luishmq/.pyenv/versions/3.8.13/envs/air_flow/lib/python3.8/site-packages/airflow/example_dags/example_time_delta_sensor_async.py
[2023-08-26T17:29:12.376-0300] {logging_mixin.py:151} INFO - [2023-08-26T17:29:12.375-0300] {dag.py:2907} INFO - Sync 1 DAGs
[2023-08-26T17:29:12.379-0300] {logging_mixin.py:151} INFO - [2023-08-26T17:29:12.379-0300] {dag.py:3677} INFO - Setting next_dagrun for example_time_delta_sensor_async to None, run_after=None
[2023-08-26T17:29:12.387-0300] {processor.py:179} INFO - Processing /Users/luishmq/.pyenv/versions/3.8.13/envs/air_flow/lib/python3.8/site-packages/airflow/example_dags/example_time_delta_sensor_async.py took 0.094 seconds
[2023-08-26T17:30:45.210-0300] {processor.py:157} INFO - Started process (PID=24673) to work on /Users/luishmq/.pyenv/versions/3.8.13/envs/air_flow/lib/python3.8/site-packages/airflow/example_dags/example_time_delta_sensor_async.py
[2023-08-26T17:30:45.211-0300] {processor.py:829} INFO - Processing file /Users/luishmq/.pyenv/versions/3.8.13/envs/air_flow/lib/python3.8/site-packages/airflow/example_dags/example_time_delta_sensor_async.py for tasks to queue
[2023-08-26T17:30:45.211-0300] {logging_mixin.py:151} INFO - [2023-08-26T17:30:45.211-0300] {dagbag.py:539} INFO - Filling up the DagBag from /Users/luishmq/.pyenv/versions/3.8.13/envs/air_flow/lib/python3.8/site-packages/airflow/example_dags/example_time_delta_sensor_async.py
[2023-08-26T17:30:45.219-0300] {processor.py:839} INFO - DAG(s) dict_keys(['example_time_delta_sensor_async']) retrieved from /Users/luishmq/.pyenv/versions/3.8.13/envs/air_flow/lib/python3.8/site-packages/airflow/example_dags/example_time_delta_sensor_async.py
[2023-08-26T17:30:45.291-0300] {logging_mixin.py:151} INFO - [2023-08-26T17:30:45.291-0300] {dag.py:2907} INFO - Sync 1 DAGs
[2023-08-26T17:30:45.295-0300] {logging_mixin.py:151} INFO - [2023-08-26T17:30:45.295-0300] {dag.py:3677} INFO - Setting next_dagrun for example_time_delta_sensor_async to None, run_after=None
[2023-08-26T17:30:45.303-0300] {processor.py:179} INFO - Processing /Users/luishmq/.pyenv/versions/3.8.13/envs/air_flow/lib/python3.8/site-packages/airflow/example_dags/example_time_delta_sensor_async.py took 0.093 seconds
[2023-08-26T17:32:32.661-0300] {processor.py:157} INFO - Started process (PID=25179) to work on /Users/luishmq/.pyenv/versions/3.8.13/envs/air_flow/lib/python3.8/site-packages/airflow/example_dags/example_time_delta_sensor_async.py
[2023-08-26T17:32:32.662-0300] {processor.py:829} INFO - Processing file /Users/luishmq/.pyenv/versions/3.8.13/envs/air_flow/lib/python3.8/site-packages/airflow/example_dags/example_time_delta_sensor_async.py for tasks to queue
[2023-08-26T17:32:32.663-0300] {logging_mixin.py:151} INFO - [2023-08-26T17:32:32.662-0300] {dagbag.py:539} INFO - Filling up the DagBag from /Users/luishmq/.pyenv/versions/3.8.13/envs/air_flow/lib/python3.8/site-packages/airflow/example_dags/example_time_delta_sensor_async.py
[2023-08-26T17:32:32.670-0300] {processor.py:839} INFO - DAG(s) dict_keys(['example_time_delta_sensor_async']) retrieved from /Users/luishmq/.pyenv/versions/3.8.13/envs/air_flow/lib/python3.8/site-packages/airflow/example_dags/example_time_delta_sensor_async.py
[2023-08-26T17:32:32.742-0300] {logging_mixin.py:151} INFO - [2023-08-26T17:32:32.742-0300] {dag.py:2907} INFO - Sync 1 DAGs
[2023-08-26T17:32:32.746-0300] {logging_mixin.py:151} INFO - [2023-08-26T17:32:32.746-0300] {dag.py:3677} INFO - Setting next_dagrun for example_time_delta_sensor_async to None, run_after=None
[2023-08-26T17:32:32.753-0300] {processor.py:179} INFO - Processing /Users/luishmq/.pyenv/versions/3.8.13/envs/air_flow/lib/python3.8/site-packages/airflow/example_dags/example_time_delta_sensor_async.py took 0.092 seconds
[2023-08-26T17:43:28.569-0300] {processor.py:157} INFO - Started process (PID=26249) to work on /Users/luishmq/.pyenv/versions/3.8.13/envs/air_flow/lib/python3.8/site-packages/airflow/example_dags/example_time_delta_sensor_async.py
[2023-08-26T17:43:28.570-0300] {processor.py:829} INFO - Processing file /Users/luishmq/.pyenv/versions/3.8.13/envs/air_flow/lib/python3.8/site-packages/airflow/example_dags/example_time_delta_sensor_async.py for tasks to queue
[2023-08-26T17:43:28.570-0300] {logging_mixin.py:151} INFO - [2023-08-26T17:43:28.570-0300] {dagbag.py:539} INFO - Filling up the DagBag from /Users/luishmq/.pyenv/versions/3.8.13/envs/air_flow/lib/python3.8/site-packages/airflow/example_dags/example_time_delta_sensor_async.py
[2023-08-26T17:43:28.579-0300] {processor.py:839} INFO - DAG(s) dict_keys(['example_time_delta_sensor_async']) retrieved from /Users/luishmq/.pyenv/versions/3.8.13/envs/air_flow/lib/python3.8/site-packages/airflow/example_dags/example_time_delta_sensor_async.py
[2023-08-26T17:43:28.666-0300] {logging_mixin.py:151} INFO - [2023-08-26T17:43:28.666-0300] {dag.py:2907} INFO - Sync 1 DAGs
[2023-08-26T17:43:28.670-0300] {logging_mixin.py:151} INFO - [2023-08-26T17:43:28.670-0300] {dag.py:3677} INFO - Setting next_dagrun for example_time_delta_sensor_async to None, run_after=None
[2023-08-26T17:43:28.677-0300] {processor.py:179} INFO - Processing /Users/luishmq/.pyenv/versions/3.8.13/envs/air_flow/lib/python3.8/site-packages/airflow/example_dags/example_time_delta_sensor_async.py took 0.108 seconds
[2023-08-26T17:52:58.659-0300] {processor.py:157} INFO - Started process (PID=27727) to work on /Users/luishmq/.pyenv/versions/3.8.13/envs/air_flow/lib/python3.8/site-packages/airflow/example_dags/example_time_delta_sensor_async.py
[2023-08-26T17:52:58.660-0300] {processor.py:829} INFO - Processing file /Users/luishmq/.pyenv/versions/3.8.13/envs/air_flow/lib/python3.8/site-packages/airflow/example_dags/example_time_delta_sensor_async.py for tasks to queue
[2023-08-26T17:52:58.660-0300] {logging_mixin.py:151} INFO - [2023-08-26T17:52:58.660-0300] {dagbag.py:539} INFO - Filling up the DagBag from /Users/luishmq/.pyenv/versions/3.8.13/envs/air_flow/lib/python3.8/site-packages/airflow/example_dags/example_time_delta_sensor_async.py
[2023-08-26T17:52:58.667-0300] {processor.py:839} INFO - DAG(s) dict_keys(['example_time_delta_sensor_async']) retrieved from /Users/luishmq/.pyenv/versions/3.8.13/envs/air_flow/lib/python3.8/site-packages/airflow/example_dags/example_time_delta_sensor_async.py
[2023-08-26T17:52:58.739-0300] {logging_mixin.py:151} INFO - [2023-08-26T17:52:58.739-0300] {dag.py:2907} INFO - Sync 1 DAGs
[2023-08-26T17:52:58.742-0300] {logging_mixin.py:151} INFO - [2023-08-26T17:52:58.742-0300] {dag.py:3677} INFO - Setting next_dagrun for example_time_delta_sensor_async to None, run_after=None
[2023-08-26T17:52:58.749-0300] {processor.py:179} INFO - Processing /Users/luishmq/.pyenv/versions/3.8.13/envs/air_flow/lib/python3.8/site-packages/airflow/example_dags/example_time_delta_sensor_async.py took 0.091 seconds
