[2023-08-26T17:26:13.617-0300] {processor.py:157} INFO - Started process (PID=24065) to work on /Users/luishmq/.pyenv/versions/3.8.13/envs/air_flow/lib/python3.8/site-packages/airflow/example_dags/tutorial.py
[2023-08-26T17:26:13.617-0300] {processor.py:829} INFO - Processing file /Users/luishmq/.pyenv/versions/3.8.13/envs/air_flow/lib/python3.8/site-packages/airflow/example_dags/tutorial.py for tasks to queue
[2023-08-26T17:26:13.617-0300] {logging_mixin.py:151} INFO - [2023-08-26T17:26:13.617-0300] {dagbag.py:539} INFO - Filling up the DagBag from /Users/luishmq/.pyenv/versions/3.8.13/envs/air_flow/lib/python3.8/site-packages/airflow/example_dags/tutorial.py
[2023-08-26T17:26:13.624-0300] {processor.py:839} INFO - DAG(s) dict_keys(['tutorial']) retrieved from /Users/luishmq/.pyenv/versions/3.8.13/envs/air_flow/lib/python3.8/site-packages/airflow/example_dags/tutorial.py
[2023-08-26T17:26:13.890-0300] {logging_mixin.py:151} INFO - [2023-08-26T17:26:13.890-0300] {manager.py:501} INFO - Created Permission View: can delete on DAG:tutorial
[2023-08-26T17:26:13.893-0300] {logging_mixin.py:151} INFO - [2023-08-26T17:26:13.893-0300] {manager.py:501} INFO - Created Permission View: can edit on DAG:tutorial
[2023-08-26T17:26:13.895-0300] {logging_mixin.py:151} INFO - [2023-08-26T17:26:13.895-0300] {manager.py:501} INFO - Created Permission View: can read on DAG:tutorial
[2023-08-26T17:26:13.899-0300] {logging_mixin.py:151} INFO - [2023-08-26T17:26:13.899-0300] {dag.py:2907} INFO - Sync 1 DAGs
[2023-08-26T17:26:13.902-0300] {logging_mixin.py:151} INFO - [2023-08-26T17:26:13.902-0300] {dag.py:2929} INFO - Creating ORM DAG for tutorial
[2023-08-26T17:26:13.905-0300] {logging_mixin.py:151} INFO - [2023-08-26T17:26:13.905-0300] {dag.py:3677} INFO - Setting next_dagrun for tutorial to 2023-08-25T20:26:13.905445+00:00, run_after=2023-08-26T20:26:13.905445+00:00
[2023-08-26T17:26:13.911-0300] {processor.py:179} INFO - Processing /Users/luishmq/.pyenv/versions/3.8.13/envs/air_flow/lib/python3.8/site-packages/airflow/example_dags/tutorial.py took 0.295 seconds
[2023-08-26T17:27:34.215-0300] {processor.py:157} INFO - Started process (PID=24245) to work on /Users/luishmq/.pyenv/versions/3.8.13/envs/air_flow/lib/python3.8/site-packages/airflow/example_dags/tutorial.py
[2023-08-26T17:27:34.216-0300] {processor.py:829} INFO - Processing file /Users/luishmq/.pyenv/versions/3.8.13/envs/air_flow/lib/python3.8/site-packages/airflow/example_dags/tutorial.py for tasks to queue
[2023-08-26T17:27:34.217-0300] {logging_mixin.py:151} INFO - [2023-08-26T17:27:34.217-0300] {dagbag.py:539} INFO - Filling up the DagBag from /Users/luishmq/.pyenv/versions/3.8.13/envs/air_flow/lib/python3.8/site-packages/airflow/example_dags/tutorial.py
[2023-08-26T17:27:34.225-0300] {processor.py:839} INFO - DAG(s) dict_keys(['tutorial']) retrieved from /Users/luishmq/.pyenv/versions/3.8.13/envs/air_flow/lib/python3.8/site-packages/airflow/example_dags/tutorial.py
[2023-08-26T17:27:34.297-0300] {logging_mixin.py:151} INFO - [2023-08-26T17:27:34.297-0300] {dag.py:2907} INFO - Sync 1 DAGs
[2023-08-26T17:27:34.305-0300] {logging_mixin.py:151} INFO - [2023-08-26T17:27:34.305-0300] {dag.py:3677} INFO - Setting next_dagrun for tutorial to 2023-08-25T20:27:34.305619+00:00, run_after=2023-08-26T20:27:34.305619+00:00
[2023-08-26T17:27:34.313-0300] {processor.py:179} INFO - Processing /Users/luishmq/.pyenv/versions/3.8.13/envs/air_flow/lib/python3.8/site-packages/airflow/example_dags/tutorial.py took 0.098 seconds
[2023-08-26T17:28:19.898-0300] {processor.py:157} INFO - Started process (PID=24351) to work on /Users/luishmq/.pyenv/versions/3.8.13/envs/air_flow/lib/python3.8/site-packages/airflow/example_dags/tutorial.py
[2023-08-26T17:28:19.899-0300] {processor.py:829} INFO - Processing file /Users/luishmq/.pyenv/versions/3.8.13/envs/air_flow/lib/python3.8/site-packages/airflow/example_dags/tutorial.py for tasks to queue
[2023-08-26T17:28:19.899-0300] {logging_mixin.py:151} INFO - [2023-08-26T17:28:19.899-0300] {dagbag.py:539} INFO - Filling up the DagBag from /Users/luishmq/.pyenv/versions/3.8.13/envs/air_flow/lib/python3.8/site-packages/airflow/example_dags/tutorial.py
[2023-08-26T17:28:19.907-0300] {processor.py:839} INFO - DAG(s) dict_keys(['tutorial']) retrieved from /Users/luishmq/.pyenv/versions/3.8.13/envs/air_flow/lib/python3.8/site-packages/airflow/example_dags/tutorial.py
[2023-08-26T17:28:19.978-0300] {logging_mixin.py:151} INFO - [2023-08-26T17:28:19.978-0300] {dag.py:2907} INFO - Sync 1 DAGs
[2023-08-26T17:28:19.985-0300] {logging_mixin.py:151} INFO - [2023-08-26T17:28:19.985-0300] {dag.py:3677} INFO - Setting next_dagrun for tutorial to 2023-08-25T20:28:19.985420+00:00, run_after=2023-08-26T20:28:19.985420+00:00
[2023-08-26T17:28:19.993-0300] {processor.py:179} INFO - Processing /Users/luishmq/.pyenv/versions/3.8.13/envs/air_flow/lib/python3.8/site-packages/airflow/example_dags/tutorial.py took 0.095 seconds
[2023-08-26T17:29:05.849-0300] {processor.py:157} INFO - Started process (PID=24451) to work on /Users/luishmq/.pyenv/versions/3.8.13/envs/air_flow/lib/python3.8/site-packages/airflow/example_dags/tutorial.py
[2023-08-26T17:29:05.850-0300] {processor.py:829} INFO - Processing file /Users/luishmq/.pyenv/versions/3.8.13/envs/air_flow/lib/python3.8/site-packages/airflow/example_dags/tutorial.py for tasks to queue
[2023-08-26T17:29:05.850-0300] {logging_mixin.py:151} INFO - [2023-08-26T17:29:05.850-0300] {dagbag.py:539} INFO - Filling up the DagBag from /Users/luishmq/.pyenv/versions/3.8.13/envs/air_flow/lib/python3.8/site-packages/airflow/example_dags/tutorial.py
[2023-08-26T17:29:05.858-0300] {processor.py:839} INFO - DAG(s) dict_keys(['tutorial']) retrieved from /Users/luishmq/.pyenv/versions/3.8.13/envs/air_flow/lib/python3.8/site-packages/airflow/example_dags/tutorial.py
[2023-08-26T17:29:05.926-0300] {logging_mixin.py:151} INFO - [2023-08-26T17:29:05.926-0300] {dag.py:2907} INFO - Sync 1 DAGs
[2023-08-26T17:29:05.933-0300] {logging_mixin.py:151} INFO - [2023-08-26T17:29:05.932-0300] {dag.py:3677} INFO - Setting next_dagrun for tutorial to 2023-08-25T20:29:05.932892+00:00, run_after=2023-08-26T20:29:05.932892+00:00
[2023-08-26T17:29:05.940-0300] {processor.py:179} INFO - Processing /Users/luishmq/.pyenv/versions/3.8.13/envs/air_flow/lib/python3.8/site-packages/airflow/example_dags/tutorial.py took 0.091 seconds
[2023-08-26T17:29:51.339-0300] {processor.py:157} INFO - Started process (PID=24556) to work on /Users/luishmq/.pyenv/versions/3.8.13/envs/air_flow/lib/python3.8/site-packages/airflow/example_dags/tutorial.py
[2023-08-26T17:29:51.340-0300] {processor.py:829} INFO - Processing file /Users/luishmq/.pyenv/versions/3.8.13/envs/air_flow/lib/python3.8/site-packages/airflow/example_dags/tutorial.py for tasks to queue
[2023-08-26T17:29:51.340-0300] {logging_mixin.py:151} INFO - [2023-08-26T17:29:51.340-0300] {dagbag.py:539} INFO - Filling up the DagBag from /Users/luishmq/.pyenv/versions/3.8.13/envs/air_flow/lib/python3.8/site-packages/airflow/example_dags/tutorial.py
[2023-08-26T17:29:51.347-0300] {processor.py:839} INFO - DAG(s) dict_keys(['tutorial']) retrieved from /Users/luishmq/.pyenv/versions/3.8.13/envs/air_flow/lib/python3.8/site-packages/airflow/example_dags/tutorial.py
[2023-08-26T17:29:51.416-0300] {logging_mixin.py:151} INFO - [2023-08-26T17:29:51.415-0300] {dag.py:2907} INFO - Sync 1 DAGs
[2023-08-26T17:29:51.422-0300] {logging_mixin.py:151} INFO - [2023-08-26T17:29:51.422-0300] {dag.py:3677} INFO - Setting next_dagrun for tutorial to 2023-08-25T20:29:51.422207+00:00, run_after=2023-08-26T20:29:51.422207+00:00
[2023-08-26T17:29:51.429-0300] {processor.py:179} INFO - Processing /Users/luishmq/.pyenv/versions/3.8.13/envs/air_flow/lib/python3.8/site-packages/airflow/example_dags/tutorial.py took 0.090 seconds
[2023-08-26T17:30:38.259-0300] {processor.py:157} INFO - Started process (PID=24658) to work on /Users/luishmq/.pyenv/versions/3.8.13/envs/air_flow/lib/python3.8/site-packages/airflow/example_dags/tutorial.py
[2023-08-26T17:30:38.260-0300] {processor.py:829} INFO - Processing file /Users/luishmq/.pyenv/versions/3.8.13/envs/air_flow/lib/python3.8/site-packages/airflow/example_dags/tutorial.py for tasks to queue
[2023-08-26T17:30:38.261-0300] {logging_mixin.py:151} INFO - [2023-08-26T17:30:38.261-0300] {dagbag.py:539} INFO - Filling up the DagBag from /Users/luishmq/.pyenv/versions/3.8.13/envs/air_flow/lib/python3.8/site-packages/airflow/example_dags/tutorial.py
[2023-08-26T17:30:38.268-0300] {processor.py:839} INFO - DAG(s) dict_keys(['tutorial']) retrieved from /Users/luishmq/.pyenv/versions/3.8.13/envs/air_flow/lib/python3.8/site-packages/airflow/example_dags/tutorial.py
[2023-08-26T17:30:38.338-0300] {logging_mixin.py:151} INFO - [2023-08-26T17:30:38.338-0300] {dag.py:2907} INFO - Sync 1 DAGs
[2023-08-26T17:30:38.344-0300] {logging_mixin.py:151} INFO - [2023-08-26T17:30:38.344-0300] {dag.py:3677} INFO - Setting next_dagrun for tutorial to 2023-08-25T20:30:38.344812+00:00, run_after=2023-08-26T20:30:38.344812+00:00
[2023-08-26T17:30:38.351-0300] {processor.py:179} INFO - Processing /Users/luishmq/.pyenv/versions/3.8.13/envs/air_flow/lib/python3.8/site-packages/airflow/example_dags/tutorial.py took 0.092 seconds
[2023-08-26T17:31:42.422-0300] {processor.py:157} INFO - Started process (PID=25066) to work on /Users/luishmq/.pyenv/versions/3.8.13/envs/air_flow/lib/python3.8/site-packages/airflow/example_dags/tutorial.py
[2023-08-26T17:31:42.423-0300] {processor.py:829} INFO - Processing file /Users/luishmq/.pyenv/versions/3.8.13/envs/air_flow/lib/python3.8/site-packages/airflow/example_dags/tutorial.py for tasks to queue
[2023-08-26T17:31:42.423-0300] {logging_mixin.py:151} INFO - [2023-08-26T17:31:42.423-0300] {dagbag.py:539} INFO - Filling up the DagBag from /Users/luishmq/.pyenv/versions/3.8.13/envs/air_flow/lib/python3.8/site-packages/airflow/example_dags/tutorial.py
[2023-08-26T17:31:42.431-0300] {processor.py:839} INFO - DAG(s) dict_keys(['tutorial']) retrieved from /Users/luishmq/.pyenv/versions/3.8.13/envs/air_flow/lib/python3.8/site-packages/airflow/example_dags/tutorial.py
[2023-08-26T17:31:42.501-0300] {logging_mixin.py:151} INFO - [2023-08-26T17:31:42.501-0300] {dag.py:2907} INFO - Sync 1 DAGs
[2023-08-26T17:31:42.507-0300] {logging_mixin.py:151} INFO - [2023-08-26T17:31:42.507-0300] {dag.py:3677} INFO - Setting next_dagrun for tutorial to 2023-08-25T20:31:42.507744+00:00, run_after=2023-08-26T20:31:42.507744+00:00
[2023-08-26T17:31:42.514-0300] {processor.py:179} INFO - Processing /Users/luishmq/.pyenv/versions/3.8.13/envs/air_flow/lib/python3.8/site-packages/airflow/example_dags/tutorial.py took 0.093 seconds
[2023-08-26T17:32:27.477-0300] {processor.py:157} INFO - Started process (PID=25168) to work on /Users/luishmq/.pyenv/versions/3.8.13/envs/air_flow/lib/python3.8/site-packages/airflow/example_dags/tutorial.py
[2023-08-26T17:32:27.478-0300] {processor.py:829} INFO - Processing file /Users/luishmq/.pyenv/versions/3.8.13/envs/air_flow/lib/python3.8/site-packages/airflow/example_dags/tutorial.py for tasks to queue
[2023-08-26T17:32:27.478-0300] {logging_mixin.py:151} INFO - [2023-08-26T17:32:27.478-0300] {dagbag.py:539} INFO - Filling up the DagBag from /Users/luishmq/.pyenv/versions/3.8.13/envs/air_flow/lib/python3.8/site-packages/airflow/example_dags/tutorial.py
[2023-08-26T17:32:27.485-0300] {processor.py:839} INFO - DAG(s) dict_keys(['tutorial']) retrieved from /Users/luishmq/.pyenv/versions/3.8.13/envs/air_flow/lib/python3.8/site-packages/airflow/example_dags/tutorial.py
[2023-08-26T17:32:27.554-0300] {logging_mixin.py:151} INFO - [2023-08-26T17:32:27.554-0300] {dag.py:2907} INFO - Sync 1 DAGs
[2023-08-26T17:32:27.560-0300] {logging_mixin.py:151} INFO - [2023-08-26T17:32:27.560-0300] {dag.py:3677} INFO - Setting next_dagrun for tutorial to 2023-08-25T20:32:27.560772+00:00, run_after=2023-08-26T20:32:27.560772+00:00
[2023-08-26T17:32:27.568-0300] {processor.py:179} INFO - Processing /Users/luishmq/.pyenv/versions/3.8.13/envs/air_flow/lib/python3.8/site-packages/airflow/example_dags/tutorial.py took 0.092 seconds
[2023-08-26T17:42:28.374-0300] {processor.py:157} INFO - Started process (PID=26151) to work on /Users/luishmq/.pyenv/versions/3.8.13/envs/air_flow/lib/python3.8/site-packages/airflow/example_dags/tutorial.py
[2023-08-26T17:42:28.375-0300] {processor.py:829} INFO - Processing file /Users/luishmq/.pyenv/versions/3.8.13/envs/air_flow/lib/python3.8/site-packages/airflow/example_dags/tutorial.py for tasks to queue
[2023-08-26T17:42:28.375-0300] {logging_mixin.py:151} INFO - [2023-08-26T17:42:28.375-0300] {dagbag.py:539} INFO - Filling up the DagBag from /Users/luishmq/.pyenv/versions/3.8.13/envs/air_flow/lib/python3.8/site-packages/airflow/example_dags/tutorial.py
[2023-08-26T17:42:28.384-0300] {processor.py:839} INFO - DAG(s) dict_keys(['tutorial']) retrieved from /Users/luishmq/.pyenv/versions/3.8.13/envs/air_flow/lib/python3.8/site-packages/airflow/example_dags/tutorial.py
[2023-08-26T17:42:28.459-0300] {logging_mixin.py:151} INFO - [2023-08-26T17:42:28.459-0300] {dag.py:2907} INFO - Sync 1 DAGs
[2023-08-26T17:42:28.466-0300] {logging_mixin.py:151} INFO - [2023-08-26T17:42:28.466-0300] {dag.py:3677} INFO - Setting next_dagrun for tutorial to 2023-08-25T20:42:28.466288+00:00, run_after=2023-08-26T20:42:28.466288+00:00
[2023-08-26T17:42:28.473-0300] {processor.py:179} INFO - Processing /Users/luishmq/.pyenv/versions/3.8.13/envs/air_flow/lib/python3.8/site-packages/airflow/example_dags/tutorial.py took 0.100 seconds
[2023-08-26T17:52:14.572-0300] {processor.py:157} INFO - Started process (PID=27654) to work on /Users/luishmq/.pyenv/versions/3.8.13/envs/air_flow/lib/python3.8/site-packages/airflow/example_dags/tutorial.py
[2023-08-26T17:52:14.573-0300] {processor.py:829} INFO - Processing file /Users/luishmq/.pyenv/versions/3.8.13/envs/air_flow/lib/python3.8/site-packages/airflow/example_dags/tutorial.py for tasks to queue
[2023-08-26T17:52:14.573-0300] {logging_mixin.py:151} INFO - [2023-08-26T17:52:14.573-0300] {dagbag.py:539} INFO - Filling up the DagBag from /Users/luishmq/.pyenv/versions/3.8.13/envs/air_flow/lib/python3.8/site-packages/airflow/example_dags/tutorial.py
[2023-08-26T17:52:14.581-0300] {processor.py:839} INFO - DAG(s) dict_keys(['tutorial']) retrieved from /Users/luishmq/.pyenv/versions/3.8.13/envs/air_flow/lib/python3.8/site-packages/airflow/example_dags/tutorial.py
[2023-08-26T17:52:14.650-0300] {logging_mixin.py:151} INFO - [2023-08-26T17:52:14.649-0300] {dag.py:2907} INFO - Sync 1 DAGs
[2023-08-26T17:52:14.656-0300] {logging_mixin.py:151} INFO - [2023-08-26T17:52:14.656-0300] {dag.py:3677} INFO - Setting next_dagrun for tutorial to 2023-08-25T20:52:14.656134+00:00, run_after=2023-08-26T20:52:14.656134+00:00
[2023-08-26T17:52:14.663-0300] {processor.py:179} INFO - Processing /Users/luishmq/.pyenv/versions/3.8.13/envs/air_flow/lib/python3.8/site-packages/airflow/example_dags/tutorial.py took 0.091 seconds
