[2023-08-26T17:26:09.627-0300] {processor.py:157} INFO - Started process (PID=24057) to work on /Users/luishmq/.pyenv/versions/3.8.13/envs/air_flow/lib/python3.8/site-packages/airflow/example_dags/tutorial_taskflow_api.py
[2023-08-26T17:26:09.627-0300] {processor.py:829} INFO - Processing file /Users/luishmq/.pyenv/versions/3.8.13/envs/air_flow/lib/python3.8/site-packages/airflow/example_dags/tutorial_taskflow_api.py for tasks to queue
[2023-08-26T17:26:09.627-0300] {logging_mixin.py:151} INFO - [2023-08-26T17:26:09.627-0300] {dagbag.py:539} INFO - Filling up the DagBag from /Users/luishmq/.pyenv/versions/3.8.13/envs/air_flow/lib/python3.8/site-packages/airflow/example_dags/tutorial_taskflow_api.py
[2023-08-26T17:26:09.648-0300] {processor.py:839} INFO - DAG(s) dict_keys(['tutorial_taskflow_api']) retrieved from /Users/luishmq/.pyenv/versions/3.8.13/envs/air_flow/lib/python3.8/site-packages/airflow/example_dags/tutorial_taskflow_api.py
[2023-08-26T17:26:09.966-0300] {logging_mixin.py:151} INFO - [2023-08-26T17:26:09.966-0300] {manager.py:501} INFO - Created Permission View: can edit on DAG:tutorial_taskflow_api
[2023-08-26T17:26:09.969-0300] {logging_mixin.py:151} INFO - [2023-08-26T17:26:09.969-0300] {manager.py:501} INFO - Created Permission View: can delete on DAG:tutorial_taskflow_api
[2023-08-26T17:26:09.971-0300] {logging_mixin.py:151} INFO - [2023-08-26T17:26:09.971-0300] {manager.py:501} INFO - Created Permission View: can read on DAG:tutorial_taskflow_api
[2023-08-26T17:26:09.979-0300] {logging_mixin.py:151} INFO - [2023-08-26T17:26:09.979-0300] {dag.py:2907} INFO - Sync 1 DAGs
[2023-08-26T17:26:09.983-0300] {logging_mixin.py:151} INFO - [2023-08-26T17:26:09.983-0300] {dag.py:2929} INFO - Creating ORM DAG for tutorial_taskflow_api
[2023-08-26T17:26:09.983-0300] {logging_mixin.py:151} INFO - [2023-08-26T17:26:09.983-0300] {dag.py:3677} INFO - Setting next_dagrun for tutorial_taskflow_api to None, run_after=None
[2023-08-26T17:26:09.990-0300] {processor.py:179} INFO - Processing /Users/luishmq/.pyenv/versions/3.8.13/envs/air_flow/lib/python3.8/site-packages/airflow/example_dags/tutorial_taskflow_api.py took 0.363 seconds
[2023-08-26T17:27:30.752-0300] {processor.py:157} INFO - Started process (PID=24238) to work on /Users/luishmq/.pyenv/versions/3.8.13/envs/air_flow/lib/python3.8/site-packages/airflow/example_dags/tutorial_taskflow_api.py
[2023-08-26T17:27:30.753-0300] {processor.py:829} INFO - Processing file /Users/luishmq/.pyenv/versions/3.8.13/envs/air_flow/lib/python3.8/site-packages/airflow/example_dags/tutorial_taskflow_api.py for tasks to queue
[2023-08-26T17:27:30.753-0300] {logging_mixin.py:151} INFO - [2023-08-26T17:27:30.753-0300] {dagbag.py:539} INFO - Filling up the DagBag from /Users/luishmq/.pyenv/versions/3.8.13/envs/air_flow/lib/python3.8/site-packages/airflow/example_dags/tutorial_taskflow_api.py
[2023-08-26T17:27:30.773-0300] {processor.py:839} INFO - DAG(s) dict_keys(['tutorial_taskflow_api']) retrieved from /Users/luishmq/.pyenv/versions/3.8.13/envs/air_flow/lib/python3.8/site-packages/airflow/example_dags/tutorial_taskflow_api.py
[2023-08-26T17:27:30.839-0300] {logging_mixin.py:151} INFO - [2023-08-26T17:27:30.839-0300] {dag.py:2907} INFO - Sync 1 DAGs
[2023-08-26T17:27:30.843-0300] {logging_mixin.py:151} INFO - [2023-08-26T17:27:30.843-0300] {dag.py:3677} INFO - Setting next_dagrun for tutorial_taskflow_api to None, run_after=None
[2023-08-26T17:27:30.850-0300] {processor.py:179} INFO - Processing /Users/luishmq/.pyenv/versions/3.8.13/envs/air_flow/lib/python3.8/site-packages/airflow/example_dags/tutorial_taskflow_api.py took 0.098 seconds
[2023-08-26T17:28:17.383-0300] {processor.py:157} INFO - Started process (PID=24343) to work on /Users/luishmq/.pyenv/versions/3.8.13/envs/air_flow/lib/python3.8/site-packages/airflow/example_dags/tutorial_taskflow_api.py
[2023-08-26T17:28:17.384-0300] {processor.py:829} INFO - Processing file /Users/luishmq/.pyenv/versions/3.8.13/envs/air_flow/lib/python3.8/site-packages/airflow/example_dags/tutorial_taskflow_api.py for tasks to queue
[2023-08-26T17:28:17.384-0300] {logging_mixin.py:151} INFO - [2023-08-26T17:28:17.384-0300] {dagbag.py:539} INFO - Filling up the DagBag from /Users/luishmq/.pyenv/versions/3.8.13/envs/air_flow/lib/python3.8/site-packages/airflow/example_dags/tutorial_taskflow_api.py
[2023-08-26T17:28:17.406-0300] {processor.py:839} INFO - DAG(s) dict_keys(['tutorial_taskflow_api']) retrieved from /Users/luishmq/.pyenv/versions/3.8.13/envs/air_flow/lib/python3.8/site-packages/airflow/example_dags/tutorial_taskflow_api.py
[2023-08-26T17:28:17.484-0300] {logging_mixin.py:151} INFO - [2023-08-26T17:28:17.484-0300] {dag.py:2907} INFO - Sync 1 DAGs
[2023-08-26T17:28:17.488-0300] {logging_mixin.py:151} INFO - [2023-08-26T17:28:17.488-0300] {dag.py:3677} INFO - Setting next_dagrun for tutorial_taskflow_api to None, run_after=None
[2023-08-26T17:28:17.495-0300] {processor.py:179} INFO - Processing /Users/luishmq/.pyenv/versions/3.8.13/envs/air_flow/lib/python3.8/site-packages/airflow/example_dags/tutorial_taskflow_api.py took 0.112 seconds
[2023-08-26T17:29:03.348-0300] {processor.py:157} INFO - Started process (PID=24444) to work on /Users/luishmq/.pyenv/versions/3.8.13/envs/air_flow/lib/python3.8/site-packages/airflow/example_dags/tutorial_taskflow_api.py
[2023-08-26T17:29:03.349-0300] {processor.py:829} INFO - Processing file /Users/luishmq/.pyenv/versions/3.8.13/envs/air_flow/lib/python3.8/site-packages/airflow/example_dags/tutorial_taskflow_api.py for tasks to queue
[2023-08-26T17:29:03.349-0300] {logging_mixin.py:151} INFO - [2023-08-26T17:29:03.349-0300] {dagbag.py:539} INFO - Filling up the DagBag from /Users/luishmq/.pyenv/versions/3.8.13/envs/air_flow/lib/python3.8/site-packages/airflow/example_dags/tutorial_taskflow_api.py
[2023-08-26T17:29:03.370-0300] {processor.py:839} INFO - DAG(s) dict_keys(['tutorial_taskflow_api']) retrieved from /Users/luishmq/.pyenv/versions/3.8.13/envs/air_flow/lib/python3.8/site-packages/airflow/example_dags/tutorial_taskflow_api.py
[2023-08-26T17:29:03.445-0300] {logging_mixin.py:151} INFO - [2023-08-26T17:29:03.445-0300] {dag.py:2907} INFO - Sync 1 DAGs
[2023-08-26T17:29:03.449-0300] {logging_mixin.py:151} INFO - [2023-08-26T17:29:03.449-0300] {dag.py:3677} INFO - Setting next_dagrun for tutorial_taskflow_api to None, run_after=None
[2023-08-26T17:29:03.455-0300] {processor.py:179} INFO - Processing /Users/luishmq/.pyenv/versions/3.8.13/envs/air_flow/lib/python3.8/site-packages/airflow/example_dags/tutorial_taskflow_api.py took 0.107 seconds
[2023-08-26T17:29:47.915-0300] {processor.py:157} INFO - Started process (PID=24549) to work on /Users/luishmq/.pyenv/versions/3.8.13/envs/air_flow/lib/python3.8/site-packages/airflow/example_dags/tutorial_taskflow_api.py
[2023-08-26T17:29:47.916-0300] {processor.py:829} INFO - Processing file /Users/luishmq/.pyenv/versions/3.8.13/envs/air_flow/lib/python3.8/site-packages/airflow/example_dags/tutorial_taskflow_api.py for tasks to queue
[2023-08-26T17:29:47.916-0300] {logging_mixin.py:151} INFO - [2023-08-26T17:29:47.916-0300] {dagbag.py:539} INFO - Filling up the DagBag from /Users/luishmq/.pyenv/versions/3.8.13/envs/air_flow/lib/python3.8/site-packages/airflow/example_dags/tutorial_taskflow_api.py
[2023-08-26T17:29:47.934-0300] {processor.py:839} INFO - DAG(s) dict_keys(['tutorial_taskflow_api']) retrieved from /Users/luishmq/.pyenv/versions/3.8.13/envs/air_flow/lib/python3.8/site-packages/airflow/example_dags/tutorial_taskflow_api.py
[2023-08-26T17:29:48.000-0300] {logging_mixin.py:151} INFO - [2023-08-26T17:29:48.000-0300] {dag.py:2907} INFO - Sync 1 DAGs
[2023-08-26T17:29:48.004-0300] {logging_mixin.py:151} INFO - [2023-08-26T17:29:48.004-0300] {dag.py:3677} INFO - Setting next_dagrun for tutorial_taskflow_api to None, run_after=None
[2023-08-26T17:29:48.011-0300] {processor.py:179} INFO - Processing /Users/luishmq/.pyenv/versions/3.8.13/envs/air_flow/lib/python3.8/site-packages/airflow/example_dags/tutorial_taskflow_api.py took 0.096 seconds
[2023-08-26T17:30:34.834-0300] {processor.py:157} INFO - Started process (PID=24650) to work on /Users/luishmq/.pyenv/versions/3.8.13/envs/air_flow/lib/python3.8/site-packages/airflow/example_dags/tutorial_taskflow_api.py
[2023-08-26T17:30:34.835-0300] {processor.py:829} INFO - Processing file /Users/luishmq/.pyenv/versions/3.8.13/envs/air_flow/lib/python3.8/site-packages/airflow/example_dags/tutorial_taskflow_api.py for tasks to queue
[2023-08-26T17:30:34.835-0300] {logging_mixin.py:151} INFO - [2023-08-26T17:30:34.835-0300] {dagbag.py:539} INFO - Filling up the DagBag from /Users/luishmq/.pyenv/versions/3.8.13/envs/air_flow/lib/python3.8/site-packages/airflow/example_dags/tutorial_taskflow_api.py
[2023-08-26T17:30:34.854-0300] {processor.py:839} INFO - DAG(s) dict_keys(['tutorial_taskflow_api']) retrieved from /Users/luishmq/.pyenv/versions/3.8.13/envs/air_flow/lib/python3.8/site-packages/airflow/example_dags/tutorial_taskflow_api.py
[2023-08-26T17:30:34.919-0300] {logging_mixin.py:151} INFO - [2023-08-26T17:30:34.919-0300] {dag.py:2907} INFO - Sync 1 DAGs
[2023-08-26T17:30:34.923-0300] {logging_mixin.py:151} INFO - [2023-08-26T17:30:34.923-0300] {dag.py:3677} INFO - Setting next_dagrun for tutorial_taskflow_api to None, run_after=None
[2023-08-26T17:30:34.930-0300] {processor.py:179} INFO - Processing /Users/luishmq/.pyenv/versions/3.8.13/envs/air_flow/lib/python3.8/site-packages/airflow/example_dags/tutorial_taskflow_api.py took 0.096 seconds
[2023-08-26T17:31:38.916-0300] {processor.py:157} INFO - Started process (PID=25059) to work on /Users/luishmq/.pyenv/versions/3.8.13/envs/air_flow/lib/python3.8/site-packages/airflow/example_dags/tutorial_taskflow_api.py
[2023-08-26T17:31:38.917-0300] {processor.py:829} INFO - Processing file /Users/luishmq/.pyenv/versions/3.8.13/envs/air_flow/lib/python3.8/site-packages/airflow/example_dags/tutorial_taskflow_api.py for tasks to queue
[2023-08-26T17:31:38.917-0300] {logging_mixin.py:151} INFO - [2023-08-26T17:31:38.917-0300] {dagbag.py:539} INFO - Filling up the DagBag from /Users/luishmq/.pyenv/versions/3.8.13/envs/air_flow/lib/python3.8/site-packages/airflow/example_dags/tutorial_taskflow_api.py
[2023-08-26T17:31:38.941-0300] {processor.py:839} INFO - DAG(s) dict_keys(['tutorial_taskflow_api']) retrieved from /Users/luishmq/.pyenv/versions/3.8.13/envs/air_flow/lib/python3.8/site-packages/airflow/example_dags/tutorial_taskflow_api.py
[2023-08-26T17:31:39.026-0300] {logging_mixin.py:151} INFO - [2023-08-26T17:31:39.026-0300] {dag.py:2907} INFO - Sync 1 DAGs
[2023-08-26T17:31:39.032-0300] {logging_mixin.py:151} INFO - [2023-08-26T17:31:39.032-0300] {dag.py:3677} INFO - Setting next_dagrun for tutorial_taskflow_api to None, run_after=None
[2023-08-26T17:31:39.040-0300] {processor.py:179} INFO - Processing /Users/luishmq/.pyenv/versions/3.8.13/envs/air_flow/lib/python3.8/site-packages/airflow/example_dags/tutorial_taskflow_api.py took 0.125 seconds
[2023-08-26T17:32:24.029-0300] {processor.py:157} INFO - Started process (PID=25161) to work on /Users/luishmq/.pyenv/versions/3.8.13/envs/air_flow/lib/python3.8/site-packages/airflow/example_dags/tutorial_taskflow_api.py
[2023-08-26T17:32:24.030-0300] {processor.py:829} INFO - Processing file /Users/luishmq/.pyenv/versions/3.8.13/envs/air_flow/lib/python3.8/site-packages/airflow/example_dags/tutorial_taskflow_api.py for tasks to queue
[2023-08-26T17:32:24.030-0300] {logging_mixin.py:151} INFO - [2023-08-26T17:32:24.030-0300] {dagbag.py:539} INFO - Filling up the DagBag from /Users/luishmq/.pyenv/versions/3.8.13/envs/air_flow/lib/python3.8/site-packages/airflow/example_dags/tutorial_taskflow_api.py
[2023-08-26T17:32:24.049-0300] {processor.py:839} INFO - DAG(s) dict_keys(['tutorial_taskflow_api']) retrieved from /Users/luishmq/.pyenv/versions/3.8.13/envs/air_flow/lib/python3.8/site-packages/airflow/example_dags/tutorial_taskflow_api.py
[2023-08-26T17:32:24.115-0300] {logging_mixin.py:151} INFO - [2023-08-26T17:32:24.115-0300] {dag.py:2907} INFO - Sync 1 DAGs
[2023-08-26T17:32:24.119-0300] {logging_mixin.py:151} INFO - [2023-08-26T17:32:24.119-0300] {dag.py:3677} INFO - Setting next_dagrun for tutorial_taskflow_api to None, run_after=None
[2023-08-26T17:32:24.126-0300] {processor.py:179} INFO - Processing /Users/luishmq/.pyenv/versions/3.8.13/envs/air_flow/lib/python3.8/site-packages/airflow/example_dags/tutorial_taskflow_api.py took 0.097 seconds
[2023-08-26T17:42:01.912-0300] {processor.py:157} INFO - Started process (PID=26109) to work on /Users/luishmq/.pyenv/versions/3.8.13/envs/air_flow/lib/python3.8/site-packages/airflow/example_dags/tutorial_taskflow_api.py
[2023-08-26T17:42:01.912-0300] {processor.py:829} INFO - Processing file /Users/luishmq/.pyenv/versions/3.8.13/envs/air_flow/lib/python3.8/site-packages/airflow/example_dags/tutorial_taskflow_api.py for tasks to queue
[2023-08-26T17:42:01.912-0300] {logging_mixin.py:151} INFO - [2023-08-26T17:42:01.912-0300] {dagbag.py:539} INFO - Filling up the DagBag from /Users/luishmq/.pyenv/versions/3.8.13/envs/air_flow/lib/python3.8/site-packages/airflow/example_dags/tutorial_taskflow_api.py
[2023-08-26T17:42:01.931-0300] {processor.py:839} INFO - DAG(s) dict_keys(['tutorial_taskflow_api']) retrieved from /Users/luishmq/.pyenv/versions/3.8.13/envs/air_flow/lib/python3.8/site-packages/airflow/example_dags/tutorial_taskflow_api.py
[2023-08-26T17:42:01.997-0300] {logging_mixin.py:151} INFO - [2023-08-26T17:42:01.997-0300] {dag.py:2907} INFO - Sync 1 DAGs
[2023-08-26T17:42:02.001-0300] {logging_mixin.py:151} INFO - [2023-08-26T17:42:02.001-0300] {dag.py:3677} INFO - Setting next_dagrun for tutorial_taskflow_api to None, run_after=None
[2023-08-26T17:42:02.007-0300] {processor.py:179} INFO - Processing /Users/luishmq/.pyenv/versions/3.8.13/envs/air_flow/lib/python3.8/site-packages/airflow/example_dags/tutorial_taskflow_api.py took 0.096 seconds
[2023-08-26T17:52:05.952-0300] {processor.py:157} INFO - Started process (PID=27639) to work on /Users/luishmq/.pyenv/versions/3.8.13/envs/air_flow/lib/python3.8/site-packages/airflow/example_dags/tutorial_taskflow_api.py
[2023-08-26T17:52:05.953-0300] {processor.py:829} INFO - Processing file /Users/luishmq/.pyenv/versions/3.8.13/envs/air_flow/lib/python3.8/site-packages/airflow/example_dags/tutorial_taskflow_api.py for tasks to queue
[2023-08-26T17:52:05.953-0300] {logging_mixin.py:151} INFO - [2023-08-26T17:52:05.953-0300] {dagbag.py:539} INFO - Filling up the DagBag from /Users/luishmq/.pyenv/versions/3.8.13/envs/air_flow/lib/python3.8/site-packages/airflow/example_dags/tutorial_taskflow_api.py
[2023-08-26T17:52:05.971-0300] {processor.py:839} INFO - DAG(s) dict_keys(['tutorial_taskflow_api']) retrieved from /Users/luishmq/.pyenv/versions/3.8.13/envs/air_flow/lib/python3.8/site-packages/airflow/example_dags/tutorial_taskflow_api.py
[2023-08-26T17:52:06.038-0300] {logging_mixin.py:151} INFO - [2023-08-26T17:52:06.038-0300] {dag.py:2907} INFO - Sync 1 DAGs
[2023-08-26T17:52:06.042-0300] {logging_mixin.py:151} INFO - [2023-08-26T17:52:06.042-0300] {dag.py:3677} INFO - Setting next_dagrun for tutorial_taskflow_api to None, run_after=None
[2023-08-26T17:52:06.048-0300] {processor.py:179} INFO - Processing /Users/luishmq/.pyenv/versions/3.8.13/envs/air_flow/lib/python3.8/site-packages/airflow/example_dags/tutorial_taskflow_api.py took 0.097 seconds
