[2023-08-26T17:26:06.274-0300] {processor.py:157} INFO - Started process (PID=24050) to work on /Users/luishmq/.pyenv/versions/3.8.13/envs/air_flow/lib/python3.8/site-packages/airflow/example_dags/plugins/event_listener.py
[2023-08-26T17:26:06.274-0300] {processor.py:829} INFO - Processing file /Users/luishmq/.pyenv/versions/3.8.13/envs/air_flow/lib/python3.8/site-packages/airflow/example_dags/plugins/event_listener.py for tasks to queue
[2023-08-26T17:26:06.275-0300] {logging_mixin.py:151} INFO - [2023-08-26T17:26:06.274-0300] {dagbag.py:539} INFO - Filling up the DagBag from /Users/luishmq/.pyenv/versions/3.8.13/envs/air_flow/lib/python3.8/site-packages/airflow/example_dags/plugins/event_listener.py
[2023-08-26T17:26:06.275-0300] {processor.py:841} WARNING - No viable dags retrieved from /Users/luishmq/.pyenv/versions/3.8.13/envs/air_flow/lib/python3.8/site-packages/airflow/example_dags/plugins/event_listener.py
[2023-08-26T17:26:06.324-0300] {processor.py:179} INFO - Processing /Users/luishmq/.pyenv/versions/3.8.13/envs/air_flow/lib/python3.8/site-packages/airflow/example_dags/plugins/event_listener.py took 0.050 seconds
[2023-08-26T17:27:28.117-0300] {processor.py:157} INFO - Started process (PID=24232) to work on /Users/luishmq/.pyenv/versions/3.8.13/envs/air_flow/lib/python3.8/site-packages/airflow/example_dags/plugins/event_listener.py
[2023-08-26T17:27:28.118-0300] {processor.py:829} INFO - Processing file /Users/luishmq/.pyenv/versions/3.8.13/envs/air_flow/lib/python3.8/site-packages/airflow/example_dags/plugins/event_listener.py for tasks to queue
[2023-08-26T17:27:28.118-0300] {logging_mixin.py:151} INFO - [2023-08-26T17:27:28.118-0300] {dagbag.py:539} INFO - Filling up the DagBag from /Users/luishmq/.pyenv/versions/3.8.13/envs/air_flow/lib/python3.8/site-packages/airflow/example_dags/plugins/event_listener.py
[2023-08-26T17:27:28.118-0300] {processor.py:841} WARNING - No viable dags retrieved from /Users/luishmq/.pyenv/versions/3.8.13/envs/air_flow/lib/python3.8/site-packages/airflow/example_dags/plugins/event_listener.py
[2023-08-26T17:27:28.171-0300] {processor.py:179} INFO - Processing /Users/luishmq/.pyenv/versions/3.8.13/envs/air_flow/lib/python3.8/site-packages/airflow/example_dags/plugins/event_listener.py took 0.054 seconds
[2023-08-26T17:28:13.952-0300] {processor.py:157} INFO - Started process (PID=24336) to work on /Users/luishmq/.pyenv/versions/3.8.13/envs/air_flow/lib/python3.8/site-packages/airflow/example_dags/plugins/event_listener.py
[2023-08-26T17:28:13.953-0300] {processor.py:829} INFO - Processing file /Users/luishmq/.pyenv/versions/3.8.13/envs/air_flow/lib/python3.8/site-packages/airflow/example_dags/plugins/event_listener.py for tasks to queue
[2023-08-26T17:28:13.953-0300] {logging_mixin.py:151} INFO - [2023-08-26T17:28:13.953-0300] {dagbag.py:539} INFO - Filling up the DagBag from /Users/luishmq/.pyenv/versions/3.8.13/envs/air_flow/lib/python3.8/site-packages/airflow/example_dags/plugins/event_listener.py
[2023-08-26T17:28:13.954-0300] {processor.py:841} WARNING - No viable dags retrieved from /Users/luishmq/.pyenv/versions/3.8.13/envs/air_flow/lib/python3.8/site-packages/airflow/example_dags/plugins/event_listener.py
[2023-08-26T17:28:14.002-0300] {processor.py:179} INFO - Processing /Users/luishmq/.pyenv/versions/3.8.13/envs/air_flow/lib/python3.8/site-packages/airflow/example_dags/plugins/event_listener.py took 0.050 seconds
[2023-08-26T17:29:00.202-0300] {processor.py:157} INFO - Started process (PID=24437) to work on /Users/luishmq/.pyenv/versions/3.8.13/envs/air_flow/lib/python3.8/site-packages/airflow/example_dags/plugins/event_listener.py
[2023-08-26T17:29:00.203-0300] {processor.py:829} INFO - Processing file /Users/luishmq/.pyenv/versions/3.8.13/envs/air_flow/lib/python3.8/site-packages/airflow/example_dags/plugins/event_listener.py for tasks to queue
[2023-08-26T17:29:00.203-0300] {logging_mixin.py:151} INFO - [2023-08-26T17:29:00.203-0300] {dagbag.py:539} INFO - Filling up the DagBag from /Users/luishmq/.pyenv/versions/3.8.13/envs/air_flow/lib/python3.8/site-packages/airflow/example_dags/plugins/event_listener.py
[2023-08-26T17:29:00.204-0300] {processor.py:841} WARNING - No viable dags retrieved from /Users/luishmq/.pyenv/versions/3.8.13/envs/air_flow/lib/python3.8/site-packages/airflow/example_dags/plugins/event_listener.py
[2023-08-26T17:29:00.259-0300] {processor.py:179} INFO - Processing /Users/luishmq/.pyenv/versions/3.8.13/envs/air_flow/lib/python3.8/site-packages/airflow/example_dags/plugins/event_listener.py took 0.057 seconds
[2023-08-26T17:29:44.581-0300] {processor.py:157} INFO - Started process (PID=24541) to work on /Users/luishmq/.pyenv/versions/3.8.13/envs/air_flow/lib/python3.8/site-packages/airflow/example_dags/plugins/event_listener.py
[2023-08-26T17:29:44.581-0300] {processor.py:829} INFO - Processing file /Users/luishmq/.pyenv/versions/3.8.13/envs/air_flow/lib/python3.8/site-packages/airflow/example_dags/plugins/event_listener.py for tasks to queue
[2023-08-26T17:29:44.581-0300] {logging_mixin.py:151} INFO - [2023-08-26T17:29:44.581-0300] {dagbag.py:539} INFO - Filling up the DagBag from /Users/luishmq/.pyenv/versions/3.8.13/envs/air_flow/lib/python3.8/site-packages/airflow/example_dags/plugins/event_listener.py
[2023-08-26T17:29:44.581-0300] {processor.py:841} WARNING - No viable dags retrieved from /Users/luishmq/.pyenv/versions/3.8.13/envs/air_flow/lib/python3.8/site-packages/airflow/example_dags/plugins/event_listener.py
[2023-08-26T17:29:44.631-0300] {processor.py:179} INFO - Processing /Users/luishmq/.pyenv/versions/3.8.13/envs/air_flow/lib/python3.8/site-packages/airflow/example_dags/plugins/event_listener.py took 0.051 seconds
[2023-08-26T17:30:31.482-0300] {processor.py:157} INFO - Started process (PID=24643) to work on /Users/luishmq/.pyenv/versions/3.8.13/envs/air_flow/lib/python3.8/site-packages/airflow/example_dags/plugins/event_listener.py
[2023-08-26T17:30:31.483-0300] {processor.py:829} INFO - Processing file /Users/luishmq/.pyenv/versions/3.8.13/envs/air_flow/lib/python3.8/site-packages/airflow/example_dags/plugins/event_listener.py for tasks to queue
[2023-08-26T17:30:31.483-0300] {logging_mixin.py:151} INFO - [2023-08-26T17:30:31.483-0300] {dagbag.py:539} INFO - Filling up the DagBag from /Users/luishmq/.pyenv/versions/3.8.13/envs/air_flow/lib/python3.8/site-packages/airflow/example_dags/plugins/event_listener.py
[2023-08-26T17:30:31.484-0300] {processor.py:841} WARNING - No viable dags retrieved from /Users/luishmq/.pyenv/versions/3.8.13/envs/air_flow/lib/python3.8/site-packages/airflow/example_dags/plugins/event_listener.py
[2023-08-26T17:30:31.532-0300] {processor.py:179} INFO - Processing /Users/luishmq/.pyenv/versions/3.8.13/envs/air_flow/lib/python3.8/site-packages/airflow/example_dags/plugins/event_listener.py took 0.050 seconds
[2023-08-26T17:31:35.405-0300] {processor.py:157} INFO - Started process (PID=25051) to work on /Users/luishmq/.pyenv/versions/3.8.13/envs/air_flow/lib/python3.8/site-packages/airflow/example_dags/plugins/event_listener.py
[2023-08-26T17:31:35.406-0300] {processor.py:829} INFO - Processing file /Users/luishmq/.pyenv/versions/3.8.13/envs/air_flow/lib/python3.8/site-packages/airflow/example_dags/plugins/event_listener.py for tasks to queue
[2023-08-26T17:31:35.406-0300] {logging_mixin.py:151} INFO - [2023-08-26T17:31:35.406-0300] {dagbag.py:539} INFO - Filling up the DagBag from /Users/luishmq/.pyenv/versions/3.8.13/envs/air_flow/lib/python3.8/site-packages/airflow/example_dags/plugins/event_listener.py
[2023-08-26T17:31:35.406-0300] {processor.py:841} WARNING - No viable dags retrieved from /Users/luishmq/.pyenv/versions/3.8.13/envs/air_flow/lib/python3.8/site-packages/airflow/example_dags/plugins/event_listener.py
[2023-08-26T17:31:35.455-0300] {processor.py:179} INFO - Processing /Users/luishmq/.pyenv/versions/3.8.13/envs/air_flow/lib/python3.8/site-packages/airflow/example_dags/plugins/event_listener.py took 0.050 seconds
[2023-08-26T17:32:20.961-0300] {processor.py:157} INFO - Started process (PID=25154) to work on /Users/luishmq/.pyenv/versions/3.8.13/envs/air_flow/lib/python3.8/site-packages/airflow/example_dags/plugins/event_listener.py
[2023-08-26T17:32:20.962-0300] {processor.py:829} INFO - Processing file /Users/luishmq/.pyenv/versions/3.8.13/envs/air_flow/lib/python3.8/site-packages/airflow/example_dags/plugins/event_listener.py for tasks to queue
[2023-08-26T17:32:20.963-0300] {logging_mixin.py:151} INFO - [2023-08-26T17:32:20.963-0300] {dagbag.py:539} INFO - Filling up the DagBag from /Users/luishmq/.pyenv/versions/3.8.13/envs/air_flow/lib/python3.8/site-packages/airflow/example_dags/plugins/event_listener.py
[2023-08-26T17:32:20.963-0300] {processor.py:841} WARNING - No viable dags retrieved from /Users/luishmq/.pyenv/versions/3.8.13/envs/air_flow/lib/python3.8/site-packages/airflow/example_dags/plugins/event_listener.py
[2023-08-26T17:32:21.011-0300] {processor.py:179} INFO - Processing /Users/luishmq/.pyenv/versions/3.8.13/envs/air_flow/lib/python3.8/site-packages/airflow/example_dags/plugins/event_listener.py took 0.051 seconds
[2023-08-26T17:40:58.010-0300] {processor.py:157} INFO - Started process (PID=25961) to work on /Users/luishmq/.pyenv/versions/3.8.13/envs/air_flow/lib/python3.8/site-packages/airflow/example_dags/plugins/event_listener.py
[2023-08-26T17:40:58.010-0300] {processor.py:829} INFO - Processing file /Users/luishmq/.pyenv/versions/3.8.13/envs/air_flow/lib/python3.8/site-packages/airflow/example_dags/plugins/event_listener.py for tasks to queue
[2023-08-26T17:40:58.011-0300] {logging_mixin.py:151} INFO - [2023-08-26T17:40:58.011-0300] {dagbag.py:539} INFO - Filling up the DagBag from /Users/luishmq/.pyenv/versions/3.8.13/envs/air_flow/lib/python3.8/site-packages/airflow/example_dags/plugins/event_listener.py
[2023-08-26T17:40:58.011-0300] {processor.py:841} WARNING - No viable dags retrieved from /Users/luishmq/.pyenv/versions/3.8.13/envs/air_flow/lib/python3.8/site-packages/airflow/example_dags/plugins/event_listener.py
[2023-08-26T17:40:58.060-0300] {processor.py:179} INFO - Processing /Users/luishmq/.pyenv/versions/3.8.13/envs/air_flow/lib/python3.8/site-packages/airflow/example_dags/plugins/event_listener.py took 0.051 seconds
[2023-08-26T17:48:47.210-0300] {processor.py:157} INFO - Started process (PID=27311) to work on /Users/luishmq/.pyenv/versions/3.8.13/envs/air_flow/lib/python3.8/site-packages/airflow/example_dags/plugins/event_listener.py
[2023-08-26T17:48:47.210-0300] {processor.py:829} INFO - Processing file /Users/luishmq/.pyenv/versions/3.8.13/envs/air_flow/lib/python3.8/site-packages/airflow/example_dags/plugins/event_listener.py for tasks to queue
[2023-08-26T17:48:47.210-0300] {logging_mixin.py:151} INFO - [2023-08-26T17:48:47.210-0300] {dagbag.py:539} INFO - Filling up the DagBag from /Users/luishmq/.pyenv/versions/3.8.13/envs/air_flow/lib/python3.8/site-packages/airflow/example_dags/plugins/event_listener.py
[2023-08-26T17:48:47.211-0300] {processor.py:841} WARNING - No viable dags retrieved from /Users/luishmq/.pyenv/versions/3.8.13/envs/air_flow/lib/python3.8/site-packages/airflow/example_dags/plugins/event_listener.py
[2023-08-26T17:48:47.265-0300] {processor.py:179} INFO - Processing /Users/luishmq/.pyenv/versions/3.8.13/envs/air_flow/lib/python3.8/site-packages/airflow/example_dags/plugins/event_listener.py took 0.055 seconds
[2023-08-26T17:51:38.084-0300] {processor.py:157} INFO - Started process (PID=27595) to work on /Users/luishmq/.pyenv/versions/3.8.13/envs/air_flow/lib/python3.8/site-packages/airflow/example_dags/plugins/event_listener.py
[2023-08-26T17:51:38.084-0300] {processor.py:829} INFO - Processing file /Users/luishmq/.pyenv/versions/3.8.13/envs/air_flow/lib/python3.8/site-packages/airflow/example_dags/plugins/event_listener.py for tasks to queue
[2023-08-26T17:51:38.085-0300] {logging_mixin.py:151} INFO - [2023-08-26T17:51:38.085-0300] {dagbag.py:539} INFO - Filling up the DagBag from /Users/luishmq/.pyenv/versions/3.8.13/envs/air_flow/lib/python3.8/site-packages/airflow/example_dags/plugins/event_listener.py
[2023-08-26T17:51:38.085-0300] {processor.py:841} WARNING - No viable dags retrieved from /Users/luishmq/.pyenv/versions/3.8.13/envs/air_flow/lib/python3.8/site-packages/airflow/example_dags/plugins/event_listener.py
[2023-08-26T17:51:38.135-0300] {processor.py:179} INFO - Processing /Users/luishmq/.pyenv/versions/3.8.13/envs/air_flow/lib/python3.8/site-packages/airflow/example_dags/plugins/event_listener.py took 0.052 seconds
