[2023-08-26T17:26:04.618-0300] {processor.py:157} INFO - Started process (PID=24047) to work on /Users/luishmq/.pyenv/versions/3.8.13/envs/air_flow/lib/python3.8/site-packages/airflow/example_dags/plugins/listener_plugin.py
[2023-08-26T17:26:04.619-0300] {processor.py:829} INFO - Processing file /Users/luishmq/.pyenv/versions/3.8.13/envs/air_flow/lib/python3.8/site-packages/airflow/example_dags/plugins/listener_plugin.py for tasks to queue
[2023-08-26T17:26:04.619-0300] {logging_mixin.py:151} INFO - [2023-08-26T17:26:04.619-0300] {dagbag.py:539} INFO - Filling up the DagBag from /Users/luishmq/.pyenv/versions/3.8.13/envs/air_flow/lib/python3.8/site-packages/airflow/example_dags/plugins/listener_plugin.py
[2023-08-26T17:26:04.620-0300] {processor.py:841} WARNING - No viable dags retrieved from /Users/luishmq/.pyenv/versions/3.8.13/envs/air_flow/lib/python3.8/site-packages/airflow/example_dags/plugins/listener_plugin.py
[2023-08-26T17:26:04.667-0300] {processor.py:179} INFO - Processing /Users/luishmq/.pyenv/versions/3.8.13/envs/air_flow/lib/python3.8/site-packages/airflow/example_dags/plugins/listener_plugin.py took 0.049 seconds
[2023-08-26T17:27:26.425-0300] {processor.py:157} INFO - Started process (PID=24228) to work on /Users/luishmq/.pyenv/versions/3.8.13/envs/air_flow/lib/python3.8/site-packages/airflow/example_dags/plugins/listener_plugin.py
[2023-08-26T17:27:26.426-0300] {processor.py:829} INFO - Processing file /Users/luishmq/.pyenv/versions/3.8.13/envs/air_flow/lib/python3.8/site-packages/airflow/example_dags/plugins/listener_plugin.py for tasks to queue
[2023-08-26T17:27:26.426-0300] {logging_mixin.py:151} INFO - [2023-08-26T17:27:26.426-0300] {dagbag.py:539} INFO - Filling up the DagBag from /Users/luishmq/.pyenv/versions/3.8.13/envs/air_flow/lib/python3.8/site-packages/airflow/example_dags/plugins/listener_plugin.py
[2023-08-26T17:27:26.428-0300] {processor.py:841} WARNING - No viable dags retrieved from /Users/luishmq/.pyenv/versions/3.8.13/envs/air_flow/lib/python3.8/site-packages/airflow/example_dags/plugins/listener_plugin.py
[2023-08-26T17:27:26.479-0300] {processor.py:179} INFO - Processing /Users/luishmq/.pyenv/versions/3.8.13/envs/air_flow/lib/python3.8/site-packages/airflow/example_dags/plugins/listener_plugin.py took 0.054 seconds
[2023-08-26T17:28:12.280-0300] {processor.py:157} INFO - Started process (PID=24333) to work on /Users/luishmq/.pyenv/versions/3.8.13/envs/air_flow/lib/python3.8/site-packages/airflow/example_dags/plugins/listener_plugin.py
[2023-08-26T17:28:12.281-0300] {processor.py:829} INFO - Processing file /Users/luishmq/.pyenv/versions/3.8.13/envs/air_flow/lib/python3.8/site-packages/airflow/example_dags/plugins/listener_plugin.py for tasks to queue
[2023-08-26T17:28:12.281-0300] {logging_mixin.py:151} INFO - [2023-08-26T17:28:12.281-0300] {dagbag.py:539} INFO - Filling up the DagBag from /Users/luishmq/.pyenv/versions/3.8.13/envs/air_flow/lib/python3.8/site-packages/airflow/example_dags/plugins/listener_plugin.py
[2023-08-26T17:28:12.283-0300] {processor.py:841} WARNING - No viable dags retrieved from /Users/luishmq/.pyenv/versions/3.8.13/envs/air_flow/lib/python3.8/site-packages/airflow/example_dags/plugins/listener_plugin.py
[2023-08-26T17:28:12.333-0300] {processor.py:179} INFO - Processing /Users/luishmq/.pyenv/versions/3.8.13/envs/air_flow/lib/python3.8/site-packages/airflow/example_dags/plugins/listener_plugin.py took 0.054 seconds
[2023-08-26T17:28:58.520-0300] {processor.py:157} INFO - Started process (PID=24434) to work on /Users/luishmq/.pyenv/versions/3.8.13/envs/air_flow/lib/python3.8/site-packages/airflow/example_dags/plugins/listener_plugin.py
[2023-08-26T17:28:58.521-0300] {processor.py:829} INFO - Processing file /Users/luishmq/.pyenv/versions/3.8.13/envs/air_flow/lib/python3.8/site-packages/airflow/example_dags/plugins/listener_plugin.py for tasks to queue
[2023-08-26T17:28:58.521-0300] {logging_mixin.py:151} INFO - [2023-08-26T17:28:58.521-0300] {dagbag.py:539} INFO - Filling up the DagBag from /Users/luishmq/.pyenv/versions/3.8.13/envs/air_flow/lib/python3.8/site-packages/airflow/example_dags/plugins/listener_plugin.py
[2023-08-26T17:28:58.523-0300] {processor.py:841} WARNING - No viable dags retrieved from /Users/luishmq/.pyenv/versions/3.8.13/envs/air_flow/lib/python3.8/site-packages/airflow/example_dags/plugins/listener_plugin.py
[2023-08-26T17:28:58.578-0300] {processor.py:179} INFO - Processing /Users/luishmq/.pyenv/versions/3.8.13/envs/air_flow/lib/python3.8/site-packages/airflow/example_dags/plugins/listener_plugin.py took 0.059 seconds
[2023-08-26T17:29:43.957-0300] {processor.py:157} INFO - Started process (PID=24538) to work on /Users/luishmq/.pyenv/versions/3.8.13/envs/air_flow/lib/python3.8/site-packages/airflow/example_dags/plugins/listener_plugin.py
[2023-08-26T17:29:43.957-0300] {processor.py:829} INFO - Processing file /Users/luishmq/.pyenv/versions/3.8.13/envs/air_flow/lib/python3.8/site-packages/airflow/example_dags/plugins/listener_plugin.py for tasks to queue
[2023-08-26T17:29:43.957-0300] {logging_mixin.py:151} INFO - [2023-08-26T17:29:43.957-0300] {dagbag.py:539} INFO - Filling up the DagBag from /Users/luishmq/.pyenv/versions/3.8.13/envs/air_flow/lib/python3.8/site-packages/airflow/example_dags/plugins/listener_plugin.py
[2023-08-26T17:29:43.958-0300] {processor.py:841} WARNING - No viable dags retrieved from /Users/luishmq/.pyenv/versions/3.8.13/envs/air_flow/lib/python3.8/site-packages/airflow/example_dags/plugins/listener_plugin.py
[2023-08-26T17:29:44.007-0300] {processor.py:179} INFO - Processing /Users/luishmq/.pyenv/versions/3.8.13/envs/air_flow/lib/python3.8/site-packages/airflow/example_dags/plugins/listener_plugin.py took 0.051 seconds
[2023-08-26T17:30:29.825-0300] {processor.py:157} INFO - Started process (PID=24639) to work on /Users/luishmq/.pyenv/versions/3.8.13/envs/air_flow/lib/python3.8/site-packages/airflow/example_dags/plugins/listener_plugin.py
[2023-08-26T17:30:29.826-0300] {processor.py:829} INFO - Processing file /Users/luishmq/.pyenv/versions/3.8.13/envs/air_flow/lib/python3.8/site-packages/airflow/example_dags/plugins/listener_plugin.py for tasks to queue
[2023-08-26T17:30:29.826-0300] {logging_mixin.py:151} INFO - [2023-08-26T17:30:29.826-0300] {dagbag.py:539} INFO - Filling up the DagBag from /Users/luishmq/.pyenv/versions/3.8.13/envs/air_flow/lib/python3.8/site-packages/airflow/example_dags/plugins/listener_plugin.py
[2023-08-26T17:30:29.828-0300] {processor.py:841} WARNING - No viable dags retrieved from /Users/luishmq/.pyenv/versions/3.8.13/envs/air_flow/lib/python3.8/site-packages/airflow/example_dags/plugins/listener_plugin.py
[2023-08-26T17:30:29.877-0300] {processor.py:179} INFO - Processing /Users/luishmq/.pyenv/versions/3.8.13/envs/air_flow/lib/python3.8/site-packages/airflow/example_dags/plugins/listener_plugin.py took 0.052 seconds
[2023-08-26T17:31:33.717-0300] {processor.py:157} INFO - Started process (PID=25048) to work on /Users/luishmq/.pyenv/versions/3.8.13/envs/air_flow/lib/python3.8/site-packages/airflow/example_dags/plugins/listener_plugin.py
[2023-08-26T17:31:33.718-0300] {processor.py:829} INFO - Processing file /Users/luishmq/.pyenv/versions/3.8.13/envs/air_flow/lib/python3.8/site-packages/airflow/example_dags/plugins/listener_plugin.py for tasks to queue
[2023-08-26T17:31:33.718-0300] {logging_mixin.py:151} INFO - [2023-08-26T17:31:33.718-0300] {dagbag.py:539} INFO - Filling up the DagBag from /Users/luishmq/.pyenv/versions/3.8.13/envs/air_flow/lib/python3.8/site-packages/airflow/example_dags/plugins/listener_plugin.py
[2023-08-26T17:31:33.720-0300] {processor.py:841} WARNING - No viable dags retrieved from /Users/luishmq/.pyenv/versions/3.8.13/envs/air_flow/lib/python3.8/site-packages/airflow/example_dags/plugins/listener_plugin.py
[2023-08-26T17:31:33.770-0300] {processor.py:179} INFO - Processing /Users/luishmq/.pyenv/versions/3.8.13/envs/air_flow/lib/python3.8/site-packages/airflow/example_dags/plugins/listener_plugin.py took 0.053 seconds
[2023-08-26T17:32:20.295-0300] {processor.py:157} INFO - Started process (PID=25151) to work on /Users/luishmq/.pyenv/versions/3.8.13/envs/air_flow/lib/python3.8/site-packages/airflow/example_dags/plugins/listener_plugin.py
[2023-08-26T17:32:20.297-0300] {processor.py:829} INFO - Processing file /Users/luishmq/.pyenv/versions/3.8.13/envs/air_flow/lib/python3.8/site-packages/airflow/example_dags/plugins/listener_plugin.py for tasks to queue
[2023-08-26T17:32:20.297-0300] {logging_mixin.py:151} INFO - [2023-08-26T17:32:20.297-0300] {dagbag.py:539} INFO - Filling up the DagBag from /Users/luishmq/.pyenv/versions/3.8.13/envs/air_flow/lib/python3.8/site-packages/airflow/example_dags/plugins/listener_plugin.py
[2023-08-26T17:32:20.298-0300] {processor.py:841} WARNING - No viable dags retrieved from /Users/luishmq/.pyenv/versions/3.8.13/envs/air_flow/lib/python3.8/site-packages/airflow/example_dags/plugins/listener_plugin.py
[2023-08-26T17:32:20.350-0300] {processor.py:179} INFO - Processing /Users/luishmq/.pyenv/versions/3.8.13/envs/air_flow/lib/python3.8/site-packages/airflow/example_dags/plugins/listener_plugin.py took 0.055 seconds
[2023-08-26T17:40:19.820-0300] {processor.py:157} INFO - Started process (PID=25904) to work on /Users/luishmq/.pyenv/versions/3.8.13/envs/air_flow/lib/python3.8/site-packages/airflow/example_dags/plugins/listener_plugin.py
[2023-08-26T17:40:19.820-0300] {processor.py:829} INFO - Processing file /Users/luishmq/.pyenv/versions/3.8.13/envs/air_flow/lib/python3.8/site-packages/airflow/example_dags/plugins/listener_plugin.py for tasks to queue
[2023-08-26T17:40:19.821-0300] {logging_mixin.py:151} INFO - [2023-08-26T17:40:19.821-0300] {dagbag.py:539} INFO - Filling up the DagBag from /Users/luishmq/.pyenv/versions/3.8.13/envs/air_flow/lib/python3.8/site-packages/airflow/example_dags/plugins/listener_plugin.py
[2023-08-26T17:40:19.823-0300] {processor.py:841} WARNING - No viable dags retrieved from /Users/luishmq/.pyenv/versions/3.8.13/envs/air_flow/lib/python3.8/site-packages/airflow/example_dags/plugins/listener_plugin.py
[2023-08-26T17:40:19.871-0300] {processor.py:179} INFO - Processing /Users/luishmq/.pyenv/versions/3.8.13/envs/air_flow/lib/python3.8/site-packages/airflow/example_dags/plugins/listener_plugin.py took 0.052 seconds
[2023-08-26T17:48:25.602-0300] {processor.py:157} INFO - Started process (PID=27199) to work on /Users/luishmq/.pyenv/versions/3.8.13/envs/air_flow/lib/python3.8/site-packages/airflow/example_dags/plugins/listener_plugin.py
[2023-08-26T17:48:25.603-0300] {processor.py:829} INFO - Processing file /Users/luishmq/.pyenv/versions/3.8.13/envs/air_flow/lib/python3.8/site-packages/airflow/example_dags/plugins/listener_plugin.py for tasks to queue
[2023-08-26T17:48:25.603-0300] {logging_mixin.py:151} INFO - [2023-08-26T17:48:25.603-0300] {dagbag.py:539} INFO - Filling up the DagBag from /Users/luishmq/.pyenv/versions/3.8.13/envs/air_flow/lib/python3.8/site-packages/airflow/example_dags/plugins/listener_plugin.py
[2023-08-26T17:48:25.604-0300] {processor.py:841} WARNING - No viable dags retrieved from /Users/luishmq/.pyenv/versions/3.8.13/envs/air_flow/lib/python3.8/site-packages/airflow/example_dags/plugins/listener_plugin.py
[2023-08-26T17:48:25.653-0300] {processor.py:179} INFO - Processing /Users/luishmq/.pyenv/versions/3.8.13/envs/air_flow/lib/python3.8/site-packages/airflow/example_dags/plugins/listener_plugin.py took 0.052 seconds
[2023-08-26T17:51:30.268-0300] {processor.py:157} INFO - Started process (PID=27580) to work on /Users/luishmq/.pyenv/versions/3.8.13/envs/air_flow/lib/python3.8/site-packages/airflow/example_dags/plugins/listener_plugin.py
[2023-08-26T17:51:30.269-0300] {processor.py:829} INFO - Processing file /Users/luishmq/.pyenv/versions/3.8.13/envs/air_flow/lib/python3.8/site-packages/airflow/example_dags/plugins/listener_plugin.py for tasks to queue
[2023-08-26T17:51:30.269-0300] {logging_mixin.py:151} INFO - [2023-08-26T17:51:30.269-0300] {dagbag.py:539} INFO - Filling up the DagBag from /Users/luishmq/.pyenv/versions/3.8.13/envs/air_flow/lib/python3.8/site-packages/airflow/example_dags/plugins/listener_plugin.py
[2023-08-26T17:51:30.270-0300] {processor.py:841} WARNING - No viable dags retrieved from /Users/luishmq/.pyenv/versions/3.8.13/envs/air_flow/lib/python3.8/site-packages/airflow/example_dags/plugins/listener_plugin.py
[2023-08-26T17:51:30.324-0300] {processor.py:179} INFO - Processing /Users/luishmq/.pyenv/versions/3.8.13/envs/air_flow/lib/python3.8/site-packages/airflow/example_dags/plugins/listener_plugin.py took 0.056 seconds
