[2023-08-26T17:26:03.437-0300] {processor.py:157} INFO - Started process (PID=24043) to work on /Users/luishmq/.pyenv/versions/3.8.13/envs/air_flow/lib/python3.8/site-packages/airflow/example_dags/plugins/workday.py
[2023-08-26T17:26:03.437-0300] {processor.py:829} INFO - Processing file /Users/luishmq/.pyenv/versions/3.8.13/envs/air_flow/lib/python3.8/site-packages/airflow/example_dags/plugins/workday.py for tasks to queue
[2023-08-26T17:26:03.438-0300] {logging_mixin.py:151} INFO - [2023-08-26T17:26:03.437-0300] {dagbag.py:539} INFO - Filling up the DagBag from /Users/luishmq/.pyenv/versions/3.8.13/envs/air_flow/lib/python3.8/site-packages/airflow/example_dags/plugins/workday.py
[2023-08-26T17:26:03.438-0300] {logging_mixin.py:151} INFO - [2023-08-26T17:26:03.438-0300] {workday.py:36} WARNING - Could not import pandas. Holidays will not be considered.
[2023-08-26T17:26:03.438-0300] {processor.py:841} WARNING - No viable dags retrieved from /Users/luishmq/.pyenv/versions/3.8.13/envs/air_flow/lib/python3.8/site-packages/airflow/example_dags/plugins/workday.py
[2023-08-26T17:26:03.486-0300] {processor.py:179} INFO - Processing /Users/luishmq/.pyenv/versions/3.8.13/envs/air_flow/lib/python3.8/site-packages/airflow/example_dags/plugins/workday.py took 0.049 seconds
[2023-08-26T17:27:25.055-0300] {processor.py:157} INFO - Started process (PID=24223) to work on /Users/luishmq/.pyenv/versions/3.8.13/envs/air_flow/lib/python3.8/site-packages/airflow/example_dags/plugins/workday.py
[2023-08-26T17:27:25.056-0300] {processor.py:829} INFO - Processing file /Users/luishmq/.pyenv/versions/3.8.13/envs/air_flow/lib/python3.8/site-packages/airflow/example_dags/plugins/workday.py for tasks to queue
[2023-08-26T17:27:25.056-0300] {logging_mixin.py:151} INFO - [2023-08-26T17:27:25.056-0300] {dagbag.py:539} INFO - Filling up the DagBag from /Users/luishmq/.pyenv/versions/3.8.13/envs/air_flow/lib/python3.8/site-packages/airflow/example_dags/plugins/workday.py
[2023-08-26T17:27:25.057-0300] {logging_mixin.py:151} INFO - [2023-08-26T17:27:25.057-0300] {workday.py:36} WARNING - Could not import pandas. Holidays will not be considered.
[2023-08-26T17:27:25.057-0300] {processor.py:841} WARNING - No viable dags retrieved from /Users/luishmq/.pyenv/versions/3.8.13/envs/air_flow/lib/python3.8/site-packages/airflow/example_dags/plugins/workday.py
[2023-08-26T17:27:25.108-0300] {processor.py:179} INFO - Processing /Users/luishmq/.pyenv/versions/3.8.13/envs/air_flow/lib/python3.8/site-packages/airflow/example_dags/plugins/workday.py took 0.053 seconds
[2023-08-26T17:28:10.945-0300] {processor.py:157} INFO - Started process (PID=24329) to work on /Users/luishmq/.pyenv/versions/3.8.13/envs/air_flow/lib/python3.8/site-packages/airflow/example_dags/plugins/workday.py
[2023-08-26T17:28:10.946-0300] {processor.py:829} INFO - Processing file /Users/luishmq/.pyenv/versions/3.8.13/envs/air_flow/lib/python3.8/site-packages/airflow/example_dags/plugins/workday.py for tasks to queue
[2023-08-26T17:28:10.946-0300] {logging_mixin.py:151} INFO - [2023-08-26T17:28:10.946-0300] {dagbag.py:539} INFO - Filling up the DagBag from /Users/luishmq/.pyenv/versions/3.8.13/envs/air_flow/lib/python3.8/site-packages/airflow/example_dags/plugins/workday.py
[2023-08-26T17:28:10.947-0300] {logging_mixin.py:151} INFO - [2023-08-26T17:28:10.947-0300] {workday.py:36} WARNING - Could not import pandas. Holidays will not be considered.
[2023-08-26T17:28:10.947-0300] {processor.py:841} WARNING - No viable dags retrieved from /Users/luishmq/.pyenv/versions/3.8.13/envs/air_flow/lib/python3.8/site-packages/airflow/example_dags/plugins/workday.py
[2023-08-26T17:28:10.997-0300] {processor.py:179} INFO - Processing /Users/luishmq/.pyenv/versions/3.8.13/envs/air_flow/lib/python3.8/site-packages/airflow/example_dags/plugins/workday.py took 0.053 seconds
[2023-08-26T17:28:56.848-0300] {processor.py:157} INFO - Started process (PID=24430) to work on /Users/luishmq/.pyenv/versions/3.8.13/envs/air_flow/lib/python3.8/site-packages/airflow/example_dags/plugins/workday.py
[2023-08-26T17:28:56.849-0300] {processor.py:829} INFO - Processing file /Users/luishmq/.pyenv/versions/3.8.13/envs/air_flow/lib/python3.8/site-packages/airflow/example_dags/plugins/workday.py for tasks to queue
[2023-08-26T17:28:56.850-0300] {logging_mixin.py:151} INFO - [2023-08-26T17:28:56.850-0300] {dagbag.py:539} INFO - Filling up the DagBag from /Users/luishmq/.pyenv/versions/3.8.13/envs/air_flow/lib/python3.8/site-packages/airflow/example_dags/plugins/workday.py
[2023-08-26T17:28:56.851-0300] {logging_mixin.py:151} INFO - [2023-08-26T17:28:56.850-0300] {workday.py:36} WARNING - Could not import pandas. Holidays will not be considered.
[2023-08-26T17:28:56.851-0300] {processor.py:841} WARNING - No viable dags retrieved from /Users/luishmq/.pyenv/versions/3.8.13/envs/air_flow/lib/python3.8/site-packages/airflow/example_dags/plugins/workday.py
[2023-08-26T17:28:56.901-0300] {processor.py:179} INFO - Processing /Users/luishmq/.pyenv/versions/3.8.13/envs/air_flow/lib/python3.8/site-packages/airflow/example_dags/plugins/workday.py took 0.053 seconds
[2023-08-26T17:29:42.357-0300] {processor.py:157} INFO - Started process (PID=24535) to work on /Users/luishmq/.pyenv/versions/3.8.13/envs/air_flow/lib/python3.8/site-packages/airflow/example_dags/plugins/workday.py
[2023-08-26T17:29:42.358-0300] {processor.py:829} INFO - Processing file /Users/luishmq/.pyenv/versions/3.8.13/envs/air_flow/lib/python3.8/site-packages/airflow/example_dags/plugins/workday.py for tasks to queue
[2023-08-26T17:29:42.358-0300] {logging_mixin.py:151} INFO - [2023-08-26T17:29:42.358-0300] {dagbag.py:539} INFO - Filling up the DagBag from /Users/luishmq/.pyenv/versions/3.8.13/envs/air_flow/lib/python3.8/site-packages/airflow/example_dags/plugins/workday.py
[2023-08-26T17:29:42.359-0300] {logging_mixin.py:151} INFO - [2023-08-26T17:29:42.359-0300] {workday.py:36} WARNING - Could not import pandas. Holidays will not be considered.
[2023-08-26T17:29:42.359-0300] {processor.py:841} WARNING - No viable dags retrieved from /Users/luishmq/.pyenv/versions/3.8.13/envs/air_flow/lib/python3.8/site-packages/airflow/example_dags/plugins/workday.py
[2023-08-26T17:29:42.412-0300] {processor.py:179} INFO - Processing /Users/luishmq/.pyenv/versions/3.8.13/envs/air_flow/lib/python3.8/site-packages/airflow/example_dags/plugins/workday.py took 0.055 seconds
[2023-08-26T17:30:28.156-0300] {processor.py:157} INFO - Started process (PID=24636) to work on /Users/luishmq/.pyenv/versions/3.8.13/envs/air_flow/lib/python3.8/site-packages/airflow/example_dags/plugins/workday.py
[2023-08-26T17:30:28.157-0300] {processor.py:829} INFO - Processing file /Users/luishmq/.pyenv/versions/3.8.13/envs/air_flow/lib/python3.8/site-packages/airflow/example_dags/plugins/workday.py for tasks to queue
[2023-08-26T17:30:28.157-0300] {logging_mixin.py:151} INFO - [2023-08-26T17:30:28.157-0300] {dagbag.py:539} INFO - Filling up the DagBag from /Users/luishmq/.pyenv/versions/3.8.13/envs/air_flow/lib/python3.8/site-packages/airflow/example_dags/plugins/workday.py
[2023-08-26T17:30:28.158-0300] {logging_mixin.py:151} INFO - [2023-08-26T17:30:28.158-0300] {workday.py:36} WARNING - Could not import pandas. Holidays will not be considered.
[2023-08-26T17:30:28.158-0300] {processor.py:841} WARNING - No viable dags retrieved from /Users/luishmq/.pyenv/versions/3.8.13/envs/air_flow/lib/python3.8/site-packages/airflow/example_dags/plugins/workday.py
[2023-08-26T17:30:28.207-0300] {processor.py:179} INFO - Processing /Users/luishmq/.pyenv/versions/3.8.13/envs/air_flow/lib/python3.8/site-packages/airflow/example_dags/plugins/workday.py took 0.051 seconds
[2023-08-26T17:31:31.785-0300] {processor.py:157} INFO - Started process (PID=25044) to work on /Users/luishmq/.pyenv/versions/3.8.13/envs/air_flow/lib/python3.8/site-packages/airflow/example_dags/plugins/workday.py
[2023-08-26T17:31:31.786-0300] {processor.py:829} INFO - Processing file /Users/luishmq/.pyenv/versions/3.8.13/envs/air_flow/lib/python3.8/site-packages/airflow/example_dags/plugins/workday.py for tasks to queue
[2023-08-26T17:31:31.786-0300] {logging_mixin.py:151} INFO - [2023-08-26T17:31:31.786-0300] {dagbag.py:539} INFO - Filling up the DagBag from /Users/luishmq/.pyenv/versions/3.8.13/envs/air_flow/lib/python3.8/site-packages/airflow/example_dags/plugins/workday.py
[2023-08-26T17:31:31.973-0300] {processor.py:841} WARNING - No viable dags retrieved from /Users/luishmq/.pyenv/versions/3.8.13/envs/air_flow/lib/python3.8/site-packages/airflow/example_dags/plugins/workday.py
[2023-08-26T17:31:32.078-0300] {processor.py:179} INFO - Processing /Users/luishmq/.pyenv/versions/3.8.13/envs/air_flow/lib/python3.8/site-packages/airflow/example_dags/plugins/workday.py took 0.293 seconds
[2023-08-26T17:32:18.348-0300] {processor.py:157} INFO - Started process (PID=25147) to work on /Users/luishmq/.pyenv/versions/3.8.13/envs/air_flow/lib/python3.8/site-packages/airflow/example_dags/plugins/workday.py
[2023-08-26T17:32:18.349-0300] {processor.py:829} INFO - Processing file /Users/luishmq/.pyenv/versions/3.8.13/envs/air_flow/lib/python3.8/site-packages/airflow/example_dags/plugins/workday.py for tasks to queue
[2023-08-26T17:32:18.349-0300] {logging_mixin.py:151} INFO - [2023-08-26T17:32:18.349-0300] {dagbag.py:539} INFO - Filling up the DagBag from /Users/luishmq/.pyenv/versions/3.8.13/envs/air_flow/lib/python3.8/site-packages/airflow/example_dags/plugins/workday.py
[2023-08-26T17:32:18.552-0300] {processor.py:841} WARNING - No viable dags retrieved from /Users/luishmq/.pyenv/versions/3.8.13/envs/air_flow/lib/python3.8/site-packages/airflow/example_dags/plugins/workday.py
[2023-08-26T17:32:18.652-0300] {processor.py:179} INFO - Processing /Users/luishmq/.pyenv/versions/3.8.13/envs/air_flow/lib/python3.8/site-packages/airflow/example_dags/plugins/workday.py took 0.305 seconds
[2023-08-26T17:39:41.286-0300] {processor.py:157} INFO - Started process (PID=25848) to work on /Users/luishmq/.pyenv/versions/3.8.13/envs/air_flow/lib/python3.8/site-packages/airflow/example_dags/plugins/workday.py
[2023-08-26T17:39:41.287-0300] {processor.py:829} INFO - Processing file /Users/luishmq/.pyenv/versions/3.8.13/envs/air_flow/lib/python3.8/site-packages/airflow/example_dags/plugins/workday.py for tasks to queue
[2023-08-26T17:39:41.287-0300] {logging_mixin.py:151} INFO - [2023-08-26T17:39:41.287-0300] {dagbag.py:539} INFO - Filling up the DagBag from /Users/luishmq/.pyenv/versions/3.8.13/envs/air_flow/lib/python3.8/site-packages/airflow/example_dags/plugins/workday.py
[2023-08-26T17:39:41.538-0300] {processor.py:841} WARNING - No viable dags retrieved from /Users/luishmq/.pyenv/versions/3.8.13/envs/air_flow/lib/python3.8/site-packages/airflow/example_dags/plugins/workday.py
[2023-08-26T17:39:41.630-0300] {processor.py:179} INFO - Processing /Users/luishmq/.pyenv/versions/3.8.13/envs/air_flow/lib/python3.8/site-packages/airflow/example_dags/plugins/workday.py took 0.344 seconds
[2023-08-26T17:48:05.006-0300] {processor.py:157} INFO - Started process (PID=27089) to work on /Users/luishmq/.pyenv/versions/3.8.13/envs/air_flow/lib/python3.8/site-packages/airflow/example_dags/plugins/workday.py
[2023-08-26T17:48:05.006-0300] {processor.py:829} INFO - Processing file /Users/luishmq/.pyenv/versions/3.8.13/envs/air_flow/lib/python3.8/site-packages/airflow/example_dags/plugins/workday.py for tasks to queue
[2023-08-26T17:48:05.006-0300] {logging_mixin.py:151} INFO - [2023-08-26T17:48:05.006-0300] {dagbag.py:539} INFO - Filling up the DagBag from /Users/luishmq/.pyenv/versions/3.8.13/envs/air_flow/lib/python3.8/site-packages/airflow/example_dags/plugins/workday.py
[2023-08-26T17:48:05.208-0300] {processor.py:841} WARNING - No viable dags retrieved from /Users/luishmq/.pyenv/versions/3.8.13/envs/air_flow/lib/python3.8/site-packages/airflow/example_dags/plugins/workday.py
[2023-08-26T17:48:05.326-0300] {processor.py:179} INFO - Processing /Users/luishmq/.pyenv/versions/3.8.13/envs/air_flow/lib/python3.8/site-packages/airflow/example_dags/plugins/workday.py took 0.320 seconds
[2023-08-26T17:51:28.252-0300] {processor.py:157} INFO - Started process (PID=27576) to work on /Users/luishmq/.pyenv/versions/3.8.13/envs/air_flow/lib/python3.8/site-packages/airflow/example_dags/plugins/workday.py
[2023-08-26T17:51:28.253-0300] {processor.py:829} INFO - Processing file /Users/luishmq/.pyenv/versions/3.8.13/envs/air_flow/lib/python3.8/site-packages/airflow/example_dags/plugins/workday.py for tasks to queue
[2023-08-26T17:51:28.253-0300] {logging_mixin.py:151} INFO - [2023-08-26T17:51:28.253-0300] {dagbag.py:539} INFO - Filling up the DagBag from /Users/luishmq/.pyenv/versions/3.8.13/envs/air_flow/lib/python3.8/site-packages/airflow/example_dags/plugins/workday.py
[2023-08-26T17:51:28.471-0300] {processor.py:841} WARNING - No viable dags retrieved from /Users/luishmq/.pyenv/versions/3.8.13/envs/air_flow/lib/python3.8/site-packages/airflow/example_dags/plugins/workday.py
[2023-08-26T17:51:28.564-0300] {processor.py:179} INFO - Processing /Users/luishmq/.pyenv/versions/3.8.13/envs/air_flow/lib/python3.8/site-packages/airflow/example_dags/plugins/workday.py took 0.313 seconds
